[2022-03-28 13:54:20,919] {processor.py:162} INFO - Started process (PID=347) to work on /home/airflow/.local/lib/python3.6/site-packages/airflow/example_dags/example_task_group_decorator.py
[2022-03-28 13:54:20,919] {processor.py:613} INFO - Processing file /home/airflow/.local/lib/python3.6/site-packages/airflow/example_dags/example_task_group_decorator.py for tasks to queue
[2022-03-28 13:54:20,920] {logging_mixin.py:109} INFO - [2022-03-28 13:54:20,920] {dagbag.py:496} INFO - Filling up the DagBag from /home/airflow/.local/lib/python3.6/site-packages/airflow/example_dags/example_task_group_decorator.py
[2022-03-28 13:54:20,945] {processor.py:623} INFO - DAG(s) dict_keys(['example_task_group_decorator']) retrieved from /home/airflow/.local/lib/python3.6/site-packages/airflow/example_dags/example_task_group_decorator.py
[2022-03-28 13:54:22,811] {logging_mixin.py:109} INFO - [2022-03-28 13:54:22,810] {dag.py:1833} INFO - Sync 1 DAGs
[2022-03-28 13:54:22,822] {logging_mixin.py:109} INFO - [2022-03-28 13:54:22,820] {dag.py:1852} INFO - Creating ORM DAG for example_task_group_decorator
[2022-03-28 13:54:22,827] {logging_mixin.py:109} INFO - [2022-03-28 13:54:22,827] {dag.py:2306} INFO - Setting next_dagrun for example_task_group_decorator to 2022-03-26 00:00:00+00:00
[2022-03-28 13:54:22,837] {processor.py:170} INFO - Processing /home/airflow/.local/lib/python3.6/site-packages/airflow/example_dags/example_task_group_decorator.py took 1.920 seconds
[2022-03-28 13:54:52,884] {processor.py:162} INFO - Started process (PID=499) to work on /home/airflow/.local/lib/python3.6/site-packages/airflow/example_dags/example_task_group_decorator.py
[2022-03-28 13:54:52,885] {processor.py:613} INFO - Processing file /home/airflow/.local/lib/python3.6/site-packages/airflow/example_dags/example_task_group_decorator.py for tasks to queue
[2022-03-28 13:54:52,886] {logging_mixin.py:109} INFO - [2022-03-28 13:54:52,886] {dagbag.py:496} INFO - Filling up the DagBag from /home/airflow/.local/lib/python3.6/site-packages/airflow/example_dags/example_task_group_decorator.py
[2022-03-28 13:54:52,901] {processor.py:623} INFO - DAG(s) dict_keys(['example_task_group_decorator']) retrieved from /home/airflow/.local/lib/python3.6/site-packages/airflow/example_dags/example_task_group_decorator.py
[2022-03-28 13:54:53,045] {logging_mixin.py:109} INFO - [2022-03-28 13:54:53,045] {dag.py:1833} INFO - Sync 1 DAGs
[2022-03-28 13:54:53,054] {logging_mixin.py:109} INFO - [2022-03-28 13:54:53,054] {dag.py:2306} INFO - Setting next_dagrun for example_task_group_decorator to 2022-03-26 00:00:00+00:00
[2022-03-28 13:54:53,062] {processor.py:170} INFO - Processing /home/airflow/.local/lib/python3.6/site-packages/airflow/example_dags/example_task_group_decorator.py took 0.179 seconds
[2022-03-28 13:55:23,075] {processor.py:162} INFO - Started process (PID=560) to work on /home/airflow/.local/lib/python3.6/site-packages/airflow/example_dags/example_task_group_decorator.py
[2022-03-28 13:55:23,075] {processor.py:613} INFO - Processing file /home/airflow/.local/lib/python3.6/site-packages/airflow/example_dags/example_task_group_decorator.py for tasks to queue
[2022-03-28 13:55:23,076] {logging_mixin.py:109} INFO - [2022-03-28 13:55:23,076] {dagbag.py:496} INFO - Filling up the DagBag from /home/airflow/.local/lib/python3.6/site-packages/airflow/example_dags/example_task_group_decorator.py
[2022-03-28 13:55:23,092] {processor.py:623} INFO - DAG(s) dict_keys(['example_task_group_decorator']) retrieved from /home/airflow/.local/lib/python3.6/site-packages/airflow/example_dags/example_task_group_decorator.py
[2022-03-28 13:55:23,231] {logging_mixin.py:109} INFO - [2022-03-28 13:55:23,231] {dag.py:1833} INFO - Sync 1 DAGs
[2022-03-28 13:55:23,241] {logging_mixin.py:109} INFO - [2022-03-28 13:55:23,241] {dag.py:2306} INFO - Setting next_dagrun for example_task_group_decorator to 2022-03-26 00:00:00+00:00
[2022-03-28 13:55:23,249] {processor.py:170} INFO - Processing /home/airflow/.local/lib/python3.6/site-packages/airflow/example_dags/example_task_group_decorator.py took 0.176 seconds
[2022-03-28 13:55:54,157] {processor.py:162} INFO - Started process (PID=612) to work on /home/airflow/.local/lib/python3.6/site-packages/airflow/example_dags/example_task_group_decorator.py
[2022-03-28 13:55:54,158] {processor.py:613} INFO - Processing file /home/airflow/.local/lib/python3.6/site-packages/airflow/example_dags/example_task_group_decorator.py for tasks to queue
[2022-03-28 13:55:54,158] {logging_mixin.py:109} INFO - [2022-03-28 13:55:54,158] {dagbag.py:496} INFO - Filling up the DagBag from /home/airflow/.local/lib/python3.6/site-packages/airflow/example_dags/example_task_group_decorator.py
[2022-03-28 13:55:54,174] {processor.py:623} INFO - DAG(s) dict_keys(['example_task_group_decorator']) retrieved from /home/airflow/.local/lib/python3.6/site-packages/airflow/example_dags/example_task_group_decorator.py
[2022-03-28 13:55:54,313] {logging_mixin.py:109} INFO - [2022-03-28 13:55:54,312] {dag.py:1833} INFO - Sync 1 DAGs
[2022-03-28 13:55:54,321] {logging_mixin.py:109} INFO - [2022-03-28 13:55:54,321] {dag.py:2306} INFO - Setting next_dagrun for example_task_group_decorator to 2022-03-26 00:00:00+00:00
[2022-03-28 13:55:54,329] {processor.py:170} INFO - Processing /home/airflow/.local/lib/python3.6/site-packages/airflow/example_dags/example_task_group_decorator.py took 0.173 seconds
[2022-03-28 13:56:24,391] {processor.py:162} INFO - Started process (PID=675) to work on /home/airflow/.local/lib/python3.6/site-packages/airflow/example_dags/example_task_group_decorator.py
[2022-03-28 13:56:24,392] {processor.py:613} INFO - Processing file /home/airflow/.local/lib/python3.6/site-packages/airflow/example_dags/example_task_group_decorator.py for tasks to queue
[2022-03-28 13:56:24,392] {logging_mixin.py:109} INFO - [2022-03-28 13:56:24,392] {dagbag.py:496} INFO - Filling up the DagBag from /home/airflow/.local/lib/python3.6/site-packages/airflow/example_dags/example_task_group_decorator.py
[2022-03-28 13:56:24,413] {processor.py:623} INFO - DAG(s) dict_keys(['example_task_group_decorator']) retrieved from /home/airflow/.local/lib/python3.6/site-packages/airflow/example_dags/example_task_group_decorator.py
[2022-03-28 13:56:24,568] {logging_mixin.py:109} INFO - [2022-03-28 13:56:24,568] {dag.py:1833} INFO - Sync 1 DAGs
[2022-03-28 13:56:24,578] {logging_mixin.py:109} INFO - [2022-03-28 13:56:24,578] {dag.py:2306} INFO - Setting next_dagrun for example_task_group_decorator to 2022-03-26 00:00:00+00:00
[2022-03-28 13:56:24,586] {processor.py:170} INFO - Processing /home/airflow/.local/lib/python3.6/site-packages/airflow/example_dags/example_task_group_decorator.py took 0.197 seconds
[2022-03-28 13:56:54,644] {processor.py:162} INFO - Started process (PID=736) to work on /home/airflow/.local/lib/python3.6/site-packages/airflow/example_dags/example_task_group_decorator.py
[2022-03-28 13:56:54,645] {processor.py:613} INFO - Processing file /home/airflow/.local/lib/python3.6/site-packages/airflow/example_dags/example_task_group_decorator.py for tasks to queue
[2022-03-28 13:56:54,645] {logging_mixin.py:109} INFO - [2022-03-28 13:56:54,645] {dagbag.py:496} INFO - Filling up the DagBag from /home/airflow/.local/lib/python3.6/site-packages/airflow/example_dags/example_task_group_decorator.py
[2022-03-28 13:56:54,665] {processor.py:623} INFO - DAG(s) dict_keys(['example_task_group_decorator']) retrieved from /home/airflow/.local/lib/python3.6/site-packages/airflow/example_dags/example_task_group_decorator.py
[2022-03-28 13:56:54,815] {logging_mixin.py:109} INFO - [2022-03-28 13:56:54,815] {dag.py:1833} INFO - Sync 1 DAGs
[2022-03-28 13:56:54,826] {logging_mixin.py:109} INFO - [2022-03-28 13:56:54,825] {dag.py:2306} INFO - Setting next_dagrun for example_task_group_decorator to 2022-03-26 00:00:00+00:00
[2022-03-28 13:56:54,834] {processor.py:170} INFO - Processing /home/airflow/.local/lib/python3.6/site-packages/airflow/example_dags/example_task_group_decorator.py took 0.191 seconds
[2022-03-28 13:57:25,470] {processor.py:162} INFO - Started process (PID=787) to work on /home/airflow/.local/lib/python3.6/site-packages/airflow/example_dags/example_task_group_decorator.py
[2022-03-28 13:57:25,470] {processor.py:613} INFO - Processing file /home/airflow/.local/lib/python3.6/site-packages/airflow/example_dags/example_task_group_decorator.py for tasks to queue
[2022-03-28 13:57:25,471] {logging_mixin.py:109} INFO - [2022-03-28 13:57:25,471] {dagbag.py:496} INFO - Filling up the DagBag from /home/airflow/.local/lib/python3.6/site-packages/airflow/example_dags/example_task_group_decorator.py
[2022-03-28 13:57:25,488] {processor.py:623} INFO - DAG(s) dict_keys(['example_task_group_decorator']) retrieved from /home/airflow/.local/lib/python3.6/site-packages/airflow/example_dags/example_task_group_decorator.py
[2022-03-28 13:57:25,631] {logging_mixin.py:109} INFO - [2022-03-28 13:57:25,631] {dag.py:1833} INFO - Sync 1 DAGs
[2022-03-28 13:57:25,640] {logging_mixin.py:109} INFO - [2022-03-28 13:57:25,639] {dag.py:2306} INFO - Setting next_dagrun for example_task_group_decorator to 2022-03-26 00:00:00+00:00
[2022-03-28 13:57:25,647] {processor.py:170} INFO - Processing /home/airflow/.local/lib/python3.6/site-packages/airflow/example_dags/example_task_group_decorator.py took 0.179 seconds
[2022-03-28 13:57:56,271] {processor.py:162} INFO - Started process (PID=851) to work on /home/airflow/.local/lib/python3.6/site-packages/airflow/example_dags/example_task_group_decorator.py
[2022-03-28 13:57:56,272] {processor.py:613} INFO - Processing file /home/airflow/.local/lib/python3.6/site-packages/airflow/example_dags/example_task_group_decorator.py for tasks to queue
[2022-03-28 13:57:56,272] {logging_mixin.py:109} INFO - [2022-03-28 13:57:56,272] {dagbag.py:496} INFO - Filling up the DagBag from /home/airflow/.local/lib/python3.6/site-packages/airflow/example_dags/example_task_group_decorator.py
[2022-03-28 13:57:56,289] {processor.py:623} INFO - DAG(s) dict_keys(['example_task_group_decorator']) retrieved from /home/airflow/.local/lib/python3.6/site-packages/airflow/example_dags/example_task_group_decorator.py
[2022-03-28 13:57:56,437] {logging_mixin.py:109} INFO - [2022-03-28 13:57:56,436] {dag.py:1833} INFO - Sync 1 DAGs
[2022-03-28 13:57:56,446] {logging_mixin.py:109} INFO - [2022-03-28 13:57:56,446] {dag.py:2306} INFO - Setting next_dagrun for example_task_group_decorator to 2022-03-26 00:00:00+00:00
[2022-03-28 13:57:56,453] {processor.py:170} INFO - Processing /home/airflow/.local/lib/python3.6/site-packages/airflow/example_dags/example_task_group_decorator.py took 0.184 seconds
[2022-03-28 13:58:26,513] {processor.py:162} INFO - Started process (PID=903) to work on /home/airflow/.local/lib/python3.6/site-packages/airflow/example_dags/example_task_group_decorator.py
[2022-03-28 13:58:26,513] {processor.py:613} INFO - Processing file /home/airflow/.local/lib/python3.6/site-packages/airflow/example_dags/example_task_group_decorator.py for tasks to queue
[2022-03-28 13:58:26,514] {logging_mixin.py:109} INFO - [2022-03-28 13:58:26,514] {dagbag.py:496} INFO - Filling up the DagBag from /home/airflow/.local/lib/python3.6/site-packages/airflow/example_dags/example_task_group_decorator.py
[2022-03-28 13:58:26,532] {processor.py:623} INFO - DAG(s) dict_keys(['example_task_group_decorator']) retrieved from /home/airflow/.local/lib/python3.6/site-packages/airflow/example_dags/example_task_group_decorator.py
[2022-03-28 13:58:26,681] {logging_mixin.py:109} INFO - [2022-03-28 13:58:26,681] {dag.py:1833} INFO - Sync 1 DAGs
[2022-03-28 13:58:26,690] {logging_mixin.py:109} INFO - [2022-03-28 13:58:26,690] {dag.py:2306} INFO - Setting next_dagrun for example_task_group_decorator to 2022-03-26 00:00:00+00:00
[2022-03-28 13:58:26,698] {processor.py:170} INFO - Processing /home/airflow/.local/lib/python3.6/site-packages/airflow/example_dags/example_task_group_decorator.py took 0.187 seconds
[2022-03-28 13:58:57,518] {processor.py:162} INFO - Started process (PID=966) to work on /home/airflow/.local/lib/python3.6/site-packages/airflow/example_dags/example_task_group_decorator.py
[2022-03-28 13:58:57,518] {processor.py:613} INFO - Processing file /home/airflow/.local/lib/python3.6/site-packages/airflow/example_dags/example_task_group_decorator.py for tasks to queue
[2022-03-28 13:58:57,519] {logging_mixin.py:109} INFO - [2022-03-28 13:58:57,519] {dagbag.py:496} INFO - Filling up the DagBag from /home/airflow/.local/lib/python3.6/site-packages/airflow/example_dags/example_task_group_decorator.py
[2022-03-28 13:58:57,534] {processor.py:623} INFO - DAG(s) dict_keys(['example_task_group_decorator']) retrieved from /home/airflow/.local/lib/python3.6/site-packages/airflow/example_dags/example_task_group_decorator.py
[2022-03-28 13:58:57,677] {logging_mixin.py:109} INFO - [2022-03-28 13:58:57,677] {dag.py:1833} INFO - Sync 1 DAGs
[2022-03-28 13:58:57,685] {logging_mixin.py:109} INFO - [2022-03-28 13:58:57,685] {dag.py:2306} INFO - Setting next_dagrun for example_task_group_decorator to 2022-03-26 00:00:00+00:00
[2022-03-28 13:58:57,693] {processor.py:170} INFO - Processing /home/airflow/.local/lib/python3.6/site-packages/airflow/example_dags/example_task_group_decorator.py took 0.177 seconds
[2022-03-28 13:59:27,728] {processor.py:162} INFO - Started process (PID=1027) to work on /home/airflow/.local/lib/python3.6/site-packages/airflow/example_dags/example_task_group_decorator.py
[2022-03-28 13:59:27,728] {processor.py:613} INFO - Processing file /home/airflow/.local/lib/python3.6/site-packages/airflow/example_dags/example_task_group_decorator.py for tasks to queue
[2022-03-28 13:59:27,729] {logging_mixin.py:109} INFO - [2022-03-28 13:59:27,728] {dagbag.py:496} INFO - Filling up the DagBag from /home/airflow/.local/lib/python3.6/site-packages/airflow/example_dags/example_task_group_decorator.py
[2022-03-28 13:59:27,745] {processor.py:623} INFO - DAG(s) dict_keys(['example_task_group_decorator']) retrieved from /home/airflow/.local/lib/python3.6/site-packages/airflow/example_dags/example_task_group_decorator.py
[2022-03-28 13:59:27,892] {logging_mixin.py:109} INFO - [2022-03-28 13:59:27,892] {dag.py:1833} INFO - Sync 1 DAGs
[2022-03-28 13:59:27,901] {logging_mixin.py:109} INFO - [2022-03-28 13:59:27,901] {dag.py:2306} INFO - Setting next_dagrun for example_task_group_decorator to 2022-03-26 00:00:00+00:00
[2022-03-28 13:59:27,909] {processor.py:170} INFO - Processing /home/airflow/.local/lib/python3.6/site-packages/airflow/example_dags/example_task_group_decorator.py took 0.183 seconds
[2022-03-28 13:59:58,879] {processor.py:162} INFO - Started process (PID=1081) to work on /home/airflow/.local/lib/python3.6/site-packages/airflow/example_dags/example_task_group_decorator.py
[2022-03-28 13:59:58,879] {processor.py:613} INFO - Processing file /home/airflow/.local/lib/python3.6/site-packages/airflow/example_dags/example_task_group_decorator.py for tasks to queue
[2022-03-28 13:59:58,879] {logging_mixin.py:109} INFO - [2022-03-28 13:59:58,879] {dagbag.py:496} INFO - Filling up the DagBag from /home/airflow/.local/lib/python3.6/site-packages/airflow/example_dags/example_task_group_decorator.py
[2022-03-28 13:59:58,896] {processor.py:623} INFO - DAG(s) dict_keys(['example_task_group_decorator']) retrieved from /home/airflow/.local/lib/python3.6/site-packages/airflow/example_dags/example_task_group_decorator.py
[2022-03-28 13:59:59,037] {logging_mixin.py:109} INFO - [2022-03-28 13:59:59,037] {dag.py:1833} INFO - Sync 1 DAGs
[2022-03-28 13:59:59,047] {logging_mixin.py:109} INFO - [2022-03-28 13:59:59,047] {dag.py:2306} INFO - Setting next_dagrun for example_task_group_decorator to 2022-03-26 00:00:00+00:00
[2022-03-28 13:59:59,055] {processor.py:170} INFO - Processing /home/airflow/.local/lib/python3.6/site-packages/airflow/example_dags/example_task_group_decorator.py took 0.178 seconds
[2022-03-28 14:00:29,973] {processor.py:162} INFO - Started process (PID=1145) to work on /home/airflow/.local/lib/python3.6/site-packages/airflow/example_dags/example_task_group_decorator.py
[2022-03-28 14:00:29,974] {processor.py:613} INFO - Processing file /home/airflow/.local/lib/python3.6/site-packages/airflow/example_dags/example_task_group_decorator.py for tasks to queue
[2022-03-28 14:00:29,974] {logging_mixin.py:109} INFO - [2022-03-28 14:00:29,974] {dagbag.py:496} INFO - Filling up the DagBag from /home/airflow/.local/lib/python3.6/site-packages/airflow/example_dags/example_task_group_decorator.py
[2022-03-28 14:00:29,990] {processor.py:623} INFO - DAG(s) dict_keys(['example_task_group_decorator']) retrieved from /home/airflow/.local/lib/python3.6/site-packages/airflow/example_dags/example_task_group_decorator.py
[2022-03-28 14:00:30,137] {logging_mixin.py:109} INFO - [2022-03-28 14:00:30,137] {dag.py:1833} INFO - Sync 1 DAGs
[2022-03-28 14:00:30,146] {logging_mixin.py:109} INFO - [2022-03-28 14:00:30,146] {dag.py:2306} INFO - Setting next_dagrun for example_task_group_decorator to 2022-03-26 00:00:00+00:00
[2022-03-28 14:00:30,154] {processor.py:170} INFO - Processing /home/airflow/.local/lib/python3.6/site-packages/airflow/example_dags/example_task_group_decorator.py took 0.183 seconds
[2022-03-28 14:01:00,207] {processor.py:162} INFO - Started process (PID=1198) to work on /home/airflow/.local/lib/python3.6/site-packages/airflow/example_dags/example_task_group_decorator.py
[2022-03-28 14:01:00,207] {processor.py:613} INFO - Processing file /home/airflow/.local/lib/python3.6/site-packages/airflow/example_dags/example_task_group_decorator.py for tasks to queue
[2022-03-28 14:01:00,208] {logging_mixin.py:109} INFO - [2022-03-28 14:01:00,208] {dagbag.py:496} INFO - Filling up the DagBag from /home/airflow/.local/lib/python3.6/site-packages/airflow/example_dags/example_task_group_decorator.py
[2022-03-28 14:01:00,225] {processor.py:623} INFO - DAG(s) dict_keys(['example_task_group_decorator']) retrieved from /home/airflow/.local/lib/python3.6/site-packages/airflow/example_dags/example_task_group_decorator.py
[2022-03-28 14:01:00,376] {logging_mixin.py:109} INFO - [2022-03-28 14:01:00,376] {dag.py:1833} INFO - Sync 1 DAGs
[2022-03-28 14:01:00,388] {logging_mixin.py:109} INFO - [2022-03-28 14:01:00,388] {dag.py:2306} INFO - Setting next_dagrun for example_task_group_decorator to 2022-03-26 00:00:00+00:00
[2022-03-28 14:01:00,396] {processor.py:170} INFO - Processing /home/airflow/.local/lib/python3.6/site-packages/airflow/example_dags/example_task_group_decorator.py took 0.191 seconds
[2022-03-28 14:01:31,305] {processor.py:162} INFO - Started process (PID=1261) to work on /home/airflow/.local/lib/python3.6/site-packages/airflow/example_dags/example_task_group_decorator.py
[2022-03-28 14:01:31,306] {processor.py:613} INFO - Processing file /home/airflow/.local/lib/python3.6/site-packages/airflow/example_dags/example_task_group_decorator.py for tasks to queue
[2022-03-28 14:01:31,306] {logging_mixin.py:109} INFO - [2022-03-28 14:01:31,306] {dagbag.py:496} INFO - Filling up the DagBag from /home/airflow/.local/lib/python3.6/site-packages/airflow/example_dags/example_task_group_decorator.py
[2022-03-28 14:01:31,322] {processor.py:623} INFO - DAG(s) dict_keys(['example_task_group_decorator']) retrieved from /home/airflow/.local/lib/python3.6/site-packages/airflow/example_dags/example_task_group_decorator.py
[2022-03-28 14:01:31,488] {logging_mixin.py:109} INFO - [2022-03-28 14:01:31,488] {dag.py:1833} INFO - Sync 1 DAGs
[2022-03-28 14:01:31,497] {logging_mixin.py:109} INFO - [2022-03-28 14:01:31,496] {dag.py:2306} INFO - Setting next_dagrun for example_task_group_decorator to 2022-03-26 00:00:00+00:00
[2022-03-28 14:01:31,504] {processor.py:170} INFO - Processing /home/airflow/.local/lib/python3.6/site-packages/airflow/example_dags/example_task_group_decorator.py took 0.200 seconds
[2022-03-28 14:02:02,354] {processor.py:162} INFO - Started process (PID=1323) to work on /home/airflow/.local/lib/python3.6/site-packages/airflow/example_dags/example_task_group_decorator.py
[2022-03-28 14:02:02,355] {processor.py:613} INFO - Processing file /home/airflow/.local/lib/python3.6/site-packages/airflow/example_dags/example_task_group_decorator.py for tasks to queue
[2022-03-28 14:02:02,355] {logging_mixin.py:109} INFO - [2022-03-28 14:02:02,355] {dagbag.py:496} INFO - Filling up the DagBag from /home/airflow/.local/lib/python3.6/site-packages/airflow/example_dags/example_task_group_decorator.py
[2022-03-28 14:02:02,371] {processor.py:623} INFO - DAG(s) dict_keys(['example_task_group_decorator']) retrieved from /home/airflow/.local/lib/python3.6/site-packages/airflow/example_dags/example_task_group_decorator.py
[2022-03-28 14:02:02,515] {logging_mixin.py:109} INFO - [2022-03-28 14:02:02,514] {dag.py:1833} INFO - Sync 1 DAGs
[2022-03-28 14:02:02,523] {logging_mixin.py:109} INFO - [2022-03-28 14:02:02,523] {dag.py:2306} INFO - Setting next_dagrun for example_task_group_decorator to 2022-03-26 00:00:00+00:00
[2022-03-28 14:02:02,532] {processor.py:170} INFO - Processing /home/airflow/.local/lib/python3.6/site-packages/airflow/example_dags/example_task_group_decorator.py took 0.179 seconds
[2022-03-28 14:02:32,578] {processor.py:162} INFO - Started process (PID=1375) to work on /home/airflow/.local/lib/python3.6/site-packages/airflow/example_dags/example_task_group_decorator.py
[2022-03-28 14:02:32,579] {processor.py:613} INFO - Processing file /home/airflow/.local/lib/python3.6/site-packages/airflow/example_dags/example_task_group_decorator.py for tasks to queue
[2022-03-28 14:02:32,579] {logging_mixin.py:109} INFO - [2022-03-28 14:02:32,579] {dagbag.py:496} INFO - Filling up the DagBag from /home/airflow/.local/lib/python3.6/site-packages/airflow/example_dags/example_task_group_decorator.py
[2022-03-28 14:02:32,597] {processor.py:623} INFO - DAG(s) dict_keys(['example_task_group_decorator']) retrieved from /home/airflow/.local/lib/python3.6/site-packages/airflow/example_dags/example_task_group_decorator.py
[2022-03-28 14:02:32,748] {logging_mixin.py:109} INFO - [2022-03-28 14:02:32,748] {dag.py:1833} INFO - Sync 1 DAGs
[2022-03-28 14:02:32,759] {logging_mixin.py:109} INFO - [2022-03-28 14:02:32,759] {dag.py:2306} INFO - Setting next_dagrun for example_task_group_decorator to 2022-03-26 00:00:00+00:00
[2022-03-28 14:02:32,768] {processor.py:170} INFO - Processing /home/airflow/.local/lib/python3.6/site-packages/airflow/example_dags/example_task_group_decorator.py took 0.191 seconds
[2022-03-28 14:03:03,409] {processor.py:162} INFO - Started process (PID=1438) to work on /home/airflow/.local/lib/python3.6/site-packages/airflow/example_dags/example_task_group_decorator.py
[2022-03-28 14:03:03,409] {processor.py:613} INFO - Processing file /home/airflow/.local/lib/python3.6/site-packages/airflow/example_dags/example_task_group_decorator.py for tasks to queue
[2022-03-28 14:03:03,410] {logging_mixin.py:109} INFO - [2022-03-28 14:03:03,410] {dagbag.py:496} INFO - Filling up the DagBag from /home/airflow/.local/lib/python3.6/site-packages/airflow/example_dags/example_task_group_decorator.py
[2022-03-28 14:03:03,428] {processor.py:623} INFO - DAG(s) dict_keys(['example_task_group_decorator']) retrieved from /home/airflow/.local/lib/python3.6/site-packages/airflow/example_dags/example_task_group_decorator.py
[2022-03-28 14:03:03,573] {logging_mixin.py:109} INFO - [2022-03-28 14:03:03,573] {dag.py:1833} INFO - Sync 1 DAGs
[2022-03-28 14:03:03,582] {logging_mixin.py:109} INFO - [2022-03-28 14:03:03,582] {dag.py:2306} INFO - Setting next_dagrun for example_task_group_decorator to 2022-03-26 00:00:00+00:00
[2022-03-28 14:03:03,590] {processor.py:170} INFO - Processing /home/airflow/.local/lib/python3.6/site-packages/airflow/example_dags/example_task_group_decorator.py took 0.184 seconds
[2022-03-28 14:03:34,335] {processor.py:162} INFO - Started process (PID=1490) to work on /home/airflow/.local/lib/python3.6/site-packages/airflow/example_dags/example_task_group_decorator.py
[2022-03-28 14:03:34,336] {processor.py:613} INFO - Processing file /home/airflow/.local/lib/python3.6/site-packages/airflow/example_dags/example_task_group_decorator.py for tasks to queue
[2022-03-28 14:03:34,336] {logging_mixin.py:109} INFO - [2022-03-28 14:03:34,336] {dagbag.py:496} INFO - Filling up the DagBag from /home/airflow/.local/lib/python3.6/site-packages/airflow/example_dags/example_task_group_decorator.py
[2022-03-28 14:03:34,359] {processor.py:623} INFO - DAG(s) dict_keys(['example_task_group_decorator']) retrieved from /home/airflow/.local/lib/python3.6/site-packages/airflow/example_dags/example_task_group_decorator.py
[2022-03-28 14:03:34,566] {logging_mixin.py:109} INFO - [2022-03-28 14:03:34,565] {dag.py:1833} INFO - Sync 1 DAGs
[2022-03-28 14:03:34,576] {logging_mixin.py:109} INFO - [2022-03-28 14:03:34,576] {dag.py:2306} INFO - Setting next_dagrun for example_task_group_decorator to 2022-03-26 00:00:00+00:00
[2022-03-28 14:03:34,584] {processor.py:170} INFO - Processing /home/airflow/.local/lib/python3.6/site-packages/airflow/example_dags/example_task_group_decorator.py took 0.253 seconds
[2022-03-28 14:04:04,612] {processor.py:162} INFO - Started process (PID=1554) to work on /home/airflow/.local/lib/python3.6/site-packages/airflow/example_dags/example_task_group_decorator.py
[2022-03-28 14:04:04,613] {processor.py:613} INFO - Processing file /home/airflow/.local/lib/python3.6/site-packages/airflow/example_dags/example_task_group_decorator.py for tasks to queue
[2022-03-28 14:04:04,613] {logging_mixin.py:109} INFO - [2022-03-28 14:04:04,613] {dagbag.py:496} INFO - Filling up the DagBag from /home/airflow/.local/lib/python3.6/site-packages/airflow/example_dags/example_task_group_decorator.py
[2022-03-28 14:04:04,631] {processor.py:623} INFO - DAG(s) dict_keys(['example_task_group_decorator']) retrieved from /home/airflow/.local/lib/python3.6/site-packages/airflow/example_dags/example_task_group_decorator.py
[2022-03-28 14:04:04,773] {logging_mixin.py:109} INFO - [2022-03-28 14:04:04,773] {dag.py:1833} INFO - Sync 1 DAGs
[2022-03-28 14:04:04,786] {logging_mixin.py:109} INFO - [2022-03-28 14:04:04,786] {dag.py:2306} INFO - Setting next_dagrun for example_task_group_decorator to 2022-03-26 00:00:00+00:00
[2022-03-28 14:04:04,795] {processor.py:170} INFO - Processing /home/airflow/.local/lib/python3.6/site-packages/airflow/example_dags/example_task_group_decorator.py took 0.184 seconds
[2022-03-28 14:04:35,746] {processor.py:162} INFO - Started process (PID=1616) to work on /home/airflow/.local/lib/python3.6/site-packages/airflow/example_dags/example_task_group_decorator.py
[2022-03-28 14:04:35,747] {processor.py:613} INFO - Processing file /home/airflow/.local/lib/python3.6/site-packages/airflow/example_dags/example_task_group_decorator.py for tasks to queue
[2022-03-28 14:04:35,747] {logging_mixin.py:109} INFO - [2022-03-28 14:04:35,747] {dagbag.py:496} INFO - Filling up the DagBag from /home/airflow/.local/lib/python3.6/site-packages/airflow/example_dags/example_task_group_decorator.py
[2022-03-28 14:04:35,762] {processor.py:623} INFO - DAG(s) dict_keys(['example_task_group_decorator']) retrieved from /home/airflow/.local/lib/python3.6/site-packages/airflow/example_dags/example_task_group_decorator.py
[2022-03-28 14:04:35,914] {logging_mixin.py:109} INFO - [2022-03-28 14:04:35,914] {dag.py:1833} INFO - Sync 1 DAGs
[2022-03-28 14:04:35,923] {logging_mixin.py:109} INFO - [2022-03-28 14:04:35,923] {dag.py:2306} INFO - Setting next_dagrun for example_task_group_decorator to 2022-03-26 00:00:00+00:00
[2022-03-28 14:04:35,932] {processor.py:170} INFO - Processing /home/airflow/.local/lib/python3.6/site-packages/airflow/example_dags/example_task_group_decorator.py took 0.188 seconds
[2022-03-28 14:05:06,872] {processor.py:162} INFO - Started process (PID=1670) to work on /home/airflow/.local/lib/python3.6/site-packages/airflow/example_dags/example_task_group_decorator.py
[2022-03-28 14:05:06,872] {processor.py:613} INFO - Processing file /home/airflow/.local/lib/python3.6/site-packages/airflow/example_dags/example_task_group_decorator.py for tasks to queue
[2022-03-28 14:05:06,873] {logging_mixin.py:109} INFO - [2022-03-28 14:05:06,873] {dagbag.py:496} INFO - Filling up the DagBag from /home/airflow/.local/lib/python3.6/site-packages/airflow/example_dags/example_task_group_decorator.py
[2022-03-28 14:05:06,889] {processor.py:623} INFO - DAG(s) dict_keys(['example_task_group_decorator']) retrieved from /home/airflow/.local/lib/python3.6/site-packages/airflow/example_dags/example_task_group_decorator.py
[2022-03-28 14:05:07,027] {logging_mixin.py:109} INFO - [2022-03-28 14:05:07,027] {dag.py:1833} INFO - Sync 1 DAGs
[2022-03-28 14:05:07,037] {logging_mixin.py:109} INFO - [2022-03-28 14:05:07,036] {dag.py:2306} INFO - Setting next_dagrun for example_task_group_decorator to 2022-03-26 00:00:00+00:00
[2022-03-28 14:05:07,044] {processor.py:170} INFO - Processing /home/airflow/.local/lib/python3.6/site-packages/airflow/example_dags/example_task_group_decorator.py took 0.174 seconds
[2022-03-28 14:05:37,962] {processor.py:162} INFO - Started process (PID=1732) to work on /home/airflow/.local/lib/python3.6/site-packages/airflow/example_dags/example_task_group_decorator.py
[2022-03-28 14:05:37,962] {processor.py:613} INFO - Processing file /home/airflow/.local/lib/python3.6/site-packages/airflow/example_dags/example_task_group_decorator.py for tasks to queue
[2022-03-28 14:05:37,963] {logging_mixin.py:109} INFO - [2022-03-28 14:05:37,962] {dagbag.py:496} INFO - Filling up the DagBag from /home/airflow/.local/lib/python3.6/site-packages/airflow/example_dags/example_task_group_decorator.py
[2022-03-28 14:05:37,982] {processor.py:623} INFO - DAG(s) dict_keys(['example_task_group_decorator']) retrieved from /home/airflow/.local/lib/python3.6/site-packages/airflow/example_dags/example_task_group_decorator.py
[2022-03-28 14:05:38,168] {logging_mixin.py:109} INFO - [2022-03-28 14:05:38,168] {dag.py:1833} INFO - Sync 1 DAGs
[2022-03-28 14:05:38,178] {logging_mixin.py:109} INFO - [2022-03-28 14:05:38,178] {dag.py:2306} INFO - Setting next_dagrun for example_task_group_decorator to 2022-03-26 00:00:00+00:00
[2022-03-28 14:05:38,187] {processor.py:170} INFO - Processing /home/airflow/.local/lib/python3.6/site-packages/airflow/example_dags/example_task_group_decorator.py took 0.227 seconds
[2022-03-28 14:06:08,668] {processor.py:162} INFO - Started process (PID=1794) to work on /home/airflow/.local/lib/python3.6/site-packages/airflow/example_dags/example_task_group_decorator.py
[2022-03-28 14:06:08,669] {processor.py:613} INFO - Processing file /home/airflow/.local/lib/python3.6/site-packages/airflow/example_dags/example_task_group_decorator.py for tasks to queue
[2022-03-28 14:06:08,669] {logging_mixin.py:109} INFO - [2022-03-28 14:06:08,669] {dagbag.py:496} INFO - Filling up the DagBag from /home/airflow/.local/lib/python3.6/site-packages/airflow/example_dags/example_task_group_decorator.py
[2022-03-28 14:06:08,685] {processor.py:623} INFO - DAG(s) dict_keys(['example_task_group_decorator']) retrieved from /home/airflow/.local/lib/python3.6/site-packages/airflow/example_dags/example_task_group_decorator.py
[2022-03-28 14:06:08,834] {logging_mixin.py:109} INFO - [2022-03-28 14:06:08,834] {dag.py:1833} INFO - Sync 1 DAGs
[2022-03-28 14:06:08,845] {logging_mixin.py:109} INFO - [2022-03-28 14:06:08,845] {dag.py:2306} INFO - Setting next_dagrun for example_task_group_decorator to 2022-03-26 00:00:00+00:00
[2022-03-28 14:06:08,856] {processor.py:170} INFO - Processing /home/airflow/.local/lib/python3.6/site-packages/airflow/example_dags/example_task_group_decorator.py took 0.190 seconds
[2022-03-28 14:06:39,390] {processor.py:162} INFO - Started process (PID=1846) to work on /home/airflow/.local/lib/python3.6/site-packages/airflow/example_dags/example_task_group_decorator.py
[2022-03-28 14:06:39,391] {processor.py:613} INFO - Processing file /home/airflow/.local/lib/python3.6/site-packages/airflow/example_dags/example_task_group_decorator.py for tasks to queue
[2022-03-28 14:06:39,391] {logging_mixin.py:109} INFO - [2022-03-28 14:06:39,391] {dagbag.py:496} INFO - Filling up the DagBag from /home/airflow/.local/lib/python3.6/site-packages/airflow/example_dags/example_task_group_decorator.py
[2022-03-28 14:06:39,408] {processor.py:623} INFO - DAG(s) dict_keys(['example_task_group_decorator']) retrieved from /home/airflow/.local/lib/python3.6/site-packages/airflow/example_dags/example_task_group_decorator.py
[2022-03-28 14:06:39,562] {logging_mixin.py:109} INFO - [2022-03-28 14:06:39,562] {dag.py:1833} INFO - Sync 1 DAGs
[2022-03-28 14:06:39,572] {logging_mixin.py:109} INFO - [2022-03-28 14:06:39,572] {dag.py:2306} INFO - Setting next_dagrun for example_task_group_decorator to 2022-03-26 00:00:00+00:00
[2022-03-28 14:06:39,581] {processor.py:170} INFO - Processing /home/airflow/.local/lib/python3.6/site-packages/airflow/example_dags/example_task_group_decorator.py took 0.192 seconds
[2022-03-28 14:07:10,098] {processor.py:162} INFO - Started process (PID=1909) to work on /home/airflow/.local/lib/python3.6/site-packages/airflow/example_dags/example_task_group_decorator.py
[2022-03-28 14:07:10,098] {processor.py:613} INFO - Processing file /home/airflow/.local/lib/python3.6/site-packages/airflow/example_dags/example_task_group_decorator.py for tasks to queue
[2022-03-28 14:07:10,099] {logging_mixin.py:109} INFO - [2022-03-28 14:07:10,099] {dagbag.py:496} INFO - Filling up the DagBag from /home/airflow/.local/lib/python3.6/site-packages/airflow/example_dags/example_task_group_decorator.py
[2022-03-28 14:07:10,114] {processor.py:623} INFO - DAG(s) dict_keys(['example_task_group_decorator']) retrieved from /home/airflow/.local/lib/python3.6/site-packages/airflow/example_dags/example_task_group_decorator.py
[2022-03-28 14:07:10,130] {logging_mixin.py:109} INFO - [2022-03-28 14:07:10,130] {dag.py:1833} INFO - Sync 1 DAGs
[2022-03-28 14:07:10,140] {logging_mixin.py:109} INFO - [2022-03-28 14:07:10,140] {dag.py:2306} INFO - Setting next_dagrun for example_task_group_decorator to 2022-03-26 00:00:00+00:00
[2022-03-28 14:07:10,146] {processor.py:170} INFO - Processing /home/airflow/.local/lib/python3.6/site-packages/airflow/example_dags/example_task_group_decorator.py took 0.050 seconds
