[2022-03-28 13:54:09,717] {processor.py:162} INFO - Started process (PID=185) to work on /home/airflow/.local/lib/python3.6/site-packages/airflow/example_dags/example_skip_dag.py
[2022-03-28 13:54:09,718] {processor.py:613} INFO - Processing file /home/airflow/.local/lib/python3.6/site-packages/airflow/example_dags/example_skip_dag.py for tasks to queue
[2022-03-28 13:54:09,718] {logging_mixin.py:109} INFO - [2022-03-28 13:54:09,718] {dagbag.py:496} INFO - Filling up the DagBag from /home/airflow/.local/lib/python3.6/site-packages/airflow/example_dags/example_skip_dag.py
[2022-03-28 13:54:09,726] {processor.py:623} INFO - DAG(s) dict_keys(['example_skip_dag']) retrieved from /home/airflow/.local/lib/python3.6/site-packages/airflow/example_dags/example_skip_dag.py
[2022-03-28 13:54:11,592] {logging_mixin.py:109} INFO - [2022-03-28 13:54:11,591] {dag.py:1833} INFO - Sync 1 DAGs
[2022-03-28 13:54:11,600] {logging_mixin.py:109} INFO - [2022-03-28 13:54:11,599] {dag.py:1852} INFO - Creating ORM DAG for example_skip_dag
[2022-03-28 13:54:11,604] {logging_mixin.py:109} INFO - [2022-03-28 13:54:11,604] {dag.py:2306} INFO - Setting next_dagrun for example_skip_dag to 2022-03-26 00:00:00+00:00
[2022-03-28 13:54:11,613] {processor.py:170} INFO - Processing /home/airflow/.local/lib/python3.6/site-packages/airflow/example_dags/example_skip_dag.py took 1.898 seconds
[2022-03-28 13:54:41,632] {processor.py:162} INFO - Started process (PID=476) to work on /home/airflow/.local/lib/python3.6/site-packages/airflow/example_dags/example_skip_dag.py
[2022-03-28 13:54:41,633] {processor.py:613} INFO - Processing file /home/airflow/.local/lib/python3.6/site-packages/airflow/example_dags/example_skip_dag.py for tasks to queue
[2022-03-28 13:54:41,633] {logging_mixin.py:109} INFO - [2022-03-28 13:54:41,633] {dagbag.py:496} INFO - Filling up the DagBag from /home/airflow/.local/lib/python3.6/site-packages/airflow/example_dags/example_skip_dag.py
[2022-03-28 13:54:41,640] {processor.py:623} INFO - DAG(s) dict_keys(['example_skip_dag']) retrieved from /home/airflow/.local/lib/python3.6/site-packages/airflow/example_dags/example_skip_dag.py
[2022-03-28 13:54:41,654] {logging_mixin.py:109} INFO - [2022-03-28 13:54:41,654] {dag.py:1833} INFO - Sync 1 DAGs
[2022-03-28 13:54:41,664] {logging_mixin.py:109} INFO - [2022-03-28 13:54:41,663] {dag.py:2306} INFO - Setting next_dagrun for example_skip_dag to 2022-03-26 00:00:00+00:00
[2022-03-28 13:54:41,671] {processor.py:170} INFO - Processing /home/airflow/.local/lib/python3.6/site-packages/airflow/example_dags/example_skip_dag.py took 0.039 seconds
[2022-03-28 13:55:11,716] {processor.py:162} INFO - Started process (PID=538) to work on /home/airflow/.local/lib/python3.6/site-packages/airflow/example_dags/example_skip_dag.py
[2022-03-28 13:55:11,716] {processor.py:613} INFO - Processing file /home/airflow/.local/lib/python3.6/site-packages/airflow/example_dags/example_skip_dag.py for tasks to queue
[2022-03-28 13:55:11,717] {logging_mixin.py:109} INFO - [2022-03-28 13:55:11,717] {dagbag.py:496} INFO - Filling up the DagBag from /home/airflow/.local/lib/python3.6/site-packages/airflow/example_dags/example_skip_dag.py
[2022-03-28 13:55:11,723] {processor.py:623} INFO - DAG(s) dict_keys(['example_skip_dag']) retrieved from /home/airflow/.local/lib/python3.6/site-packages/airflow/example_dags/example_skip_dag.py
[2022-03-28 13:55:11,736] {logging_mixin.py:109} INFO - [2022-03-28 13:55:11,736] {dag.py:1833} INFO - Sync 1 DAGs
[2022-03-28 13:55:11,746] {logging_mixin.py:109} INFO - [2022-03-28 13:55:11,746] {dag.py:2306} INFO - Setting next_dagrun for example_skip_dag to 2022-03-26 00:00:00+00:00
[2022-03-28 13:55:11,754] {processor.py:170} INFO - Processing /home/airflow/.local/lib/python3.6/site-packages/airflow/example_dags/example_skip_dag.py took 0.039 seconds
[2022-03-28 13:55:41,868] {processor.py:162} INFO - Started process (PID=589) to work on /home/airflow/.local/lib/python3.6/site-packages/airflow/example_dags/example_skip_dag.py
[2022-03-28 13:55:41,869] {processor.py:613} INFO - Processing file /home/airflow/.local/lib/python3.6/site-packages/airflow/example_dags/example_skip_dag.py for tasks to queue
[2022-03-28 13:55:41,869] {logging_mixin.py:109} INFO - [2022-03-28 13:55:41,869] {dagbag.py:496} INFO - Filling up the DagBag from /home/airflow/.local/lib/python3.6/site-packages/airflow/example_dags/example_skip_dag.py
[2022-03-28 13:55:41,875] {processor.py:623} INFO - DAG(s) dict_keys(['example_skip_dag']) retrieved from /home/airflow/.local/lib/python3.6/site-packages/airflow/example_dags/example_skip_dag.py
[2022-03-28 13:55:41,890] {logging_mixin.py:109} INFO - [2022-03-28 13:55:41,890] {dag.py:1833} INFO - Sync 1 DAGs
[2022-03-28 13:55:41,901] {logging_mixin.py:109} INFO - [2022-03-28 13:55:41,901] {dag.py:2306} INFO - Setting next_dagrun for example_skip_dag to 2022-03-26 00:00:00+00:00
[2022-03-28 13:55:41,908] {processor.py:170} INFO - Processing /home/airflow/.local/lib/python3.6/site-packages/airflow/example_dags/example_skip_dag.py took 0.041 seconds
[2022-03-28 13:56:11,988] {processor.py:162} INFO - Started process (PID=653) to work on /home/airflow/.local/lib/python3.6/site-packages/airflow/example_dags/example_skip_dag.py
[2022-03-28 13:56:11,989] {processor.py:613} INFO - Processing file /home/airflow/.local/lib/python3.6/site-packages/airflow/example_dags/example_skip_dag.py for tasks to queue
[2022-03-28 13:56:11,990] {logging_mixin.py:109} INFO - [2022-03-28 13:56:11,989] {dagbag.py:496} INFO - Filling up the DagBag from /home/airflow/.local/lib/python3.6/site-packages/airflow/example_dags/example_skip_dag.py
[2022-03-28 13:56:11,998] {processor.py:623} INFO - DAG(s) dict_keys(['example_skip_dag']) retrieved from /home/airflow/.local/lib/python3.6/site-packages/airflow/example_dags/example_skip_dag.py
[2022-03-28 13:56:12,020] {logging_mixin.py:109} INFO - [2022-03-28 13:56:12,019] {dag.py:1833} INFO - Sync 1 DAGs
[2022-03-28 13:56:12,035] {logging_mixin.py:109} INFO - [2022-03-28 13:56:12,035] {dag.py:2306} INFO - Setting next_dagrun for example_skip_dag to 2022-03-26 00:00:00+00:00
[2022-03-28 13:56:12,046] {processor.py:170} INFO - Processing /home/airflow/.local/lib/python3.6/site-packages/airflow/example_dags/example_skip_dag.py took 0.060 seconds
[2022-03-28 13:56:42,062] {processor.py:162} INFO - Started process (PID=704) to work on /home/airflow/.local/lib/python3.6/site-packages/airflow/example_dags/example_skip_dag.py
[2022-03-28 13:56:42,062] {processor.py:613} INFO - Processing file /home/airflow/.local/lib/python3.6/site-packages/airflow/example_dags/example_skip_dag.py for tasks to queue
[2022-03-28 13:56:42,063] {logging_mixin.py:109} INFO - [2022-03-28 13:56:42,062] {dagbag.py:496} INFO - Filling up the DagBag from /home/airflow/.local/lib/python3.6/site-packages/airflow/example_dags/example_skip_dag.py
[2022-03-28 13:56:42,069] {processor.py:623} INFO - DAG(s) dict_keys(['example_skip_dag']) retrieved from /home/airflow/.local/lib/python3.6/site-packages/airflow/example_dags/example_skip_dag.py
[2022-03-28 13:56:42,082] {logging_mixin.py:109} INFO - [2022-03-28 13:56:42,082] {dag.py:1833} INFO - Sync 1 DAGs
[2022-03-28 13:56:42,092] {logging_mixin.py:109} INFO - [2022-03-28 13:56:42,092] {dag.py:2306} INFO - Setting next_dagrun for example_skip_dag to 2022-03-26 00:00:00+00:00
[2022-03-28 13:56:42,098] {processor.py:170} INFO - Processing /home/airflow/.local/lib/python3.6/site-packages/airflow/example_dags/example_skip_dag.py took 0.038 seconds
[2022-03-28 13:57:12,127] {processor.py:162} INFO - Started process (PID=765) to work on /home/airflow/.local/lib/python3.6/site-packages/airflow/example_dags/example_skip_dag.py
[2022-03-28 13:57:12,128] {processor.py:613} INFO - Processing file /home/airflow/.local/lib/python3.6/site-packages/airflow/example_dags/example_skip_dag.py for tasks to queue
[2022-03-28 13:57:12,128] {logging_mixin.py:109} INFO - [2022-03-28 13:57:12,128] {dagbag.py:496} INFO - Filling up the DagBag from /home/airflow/.local/lib/python3.6/site-packages/airflow/example_dags/example_skip_dag.py
[2022-03-28 13:57:12,135] {processor.py:623} INFO - DAG(s) dict_keys(['example_skip_dag']) retrieved from /home/airflow/.local/lib/python3.6/site-packages/airflow/example_dags/example_skip_dag.py
[2022-03-28 13:57:12,150] {logging_mixin.py:109} INFO - [2022-03-28 13:57:12,150] {dag.py:1833} INFO - Sync 1 DAGs
[2022-03-28 13:57:12,160] {logging_mixin.py:109} INFO - [2022-03-28 13:57:12,160] {dag.py:2306} INFO - Setting next_dagrun for example_skip_dag to 2022-03-26 00:00:00+00:00
[2022-03-28 13:57:12,168] {processor.py:170} INFO - Processing /home/airflow/.local/lib/python3.6/site-packages/airflow/example_dags/example_skip_dag.py took 0.042 seconds
[2022-03-28 13:57:42,976] {processor.py:162} INFO - Started process (PID=828) to work on /home/airflow/.local/lib/python3.6/site-packages/airflow/example_dags/example_skip_dag.py
[2022-03-28 13:57:42,977] {processor.py:613} INFO - Processing file /home/airflow/.local/lib/python3.6/site-packages/airflow/example_dags/example_skip_dag.py for tasks to queue
[2022-03-28 13:57:42,977] {logging_mixin.py:109} INFO - [2022-03-28 13:57:42,977] {dagbag.py:496} INFO - Filling up the DagBag from /home/airflow/.local/lib/python3.6/site-packages/airflow/example_dags/example_skip_dag.py
[2022-03-28 13:57:42,983] {processor.py:623} INFO - DAG(s) dict_keys(['example_skip_dag']) retrieved from /home/airflow/.local/lib/python3.6/site-packages/airflow/example_dags/example_skip_dag.py
[2022-03-28 13:57:42,997] {logging_mixin.py:109} INFO - [2022-03-28 13:57:42,997] {dag.py:1833} INFO - Sync 1 DAGs
[2022-03-28 13:57:43,007] {logging_mixin.py:109} INFO - [2022-03-28 13:57:43,006] {dag.py:2306} INFO - Setting next_dagrun for example_skip_dag to 2022-03-26 00:00:00+00:00
[2022-03-28 13:57:43,013] {processor.py:170} INFO - Processing /home/airflow/.local/lib/python3.6/site-packages/airflow/example_dags/example_skip_dag.py took 0.039 seconds
[2022-03-28 13:58:13,073] {processor.py:162} INFO - Started process (PID=880) to work on /home/airflow/.local/lib/python3.6/site-packages/airflow/example_dags/example_skip_dag.py
[2022-03-28 13:58:13,074] {processor.py:613} INFO - Processing file /home/airflow/.local/lib/python3.6/site-packages/airflow/example_dags/example_skip_dag.py for tasks to queue
[2022-03-28 13:58:13,074] {logging_mixin.py:109} INFO - [2022-03-28 13:58:13,074] {dagbag.py:496} INFO - Filling up the DagBag from /home/airflow/.local/lib/python3.6/site-packages/airflow/example_dags/example_skip_dag.py
[2022-03-28 13:58:13,081] {processor.py:623} INFO - DAG(s) dict_keys(['example_skip_dag']) retrieved from /home/airflow/.local/lib/python3.6/site-packages/airflow/example_dags/example_skip_dag.py
[2022-03-28 13:58:13,094] {logging_mixin.py:109} INFO - [2022-03-28 13:58:13,094] {dag.py:1833} INFO - Sync 1 DAGs
[2022-03-28 13:58:13,103] {logging_mixin.py:109} INFO - [2022-03-28 13:58:13,103] {dag.py:2306} INFO - Setting next_dagrun for example_skip_dag to 2022-03-26 00:00:00+00:00
[2022-03-28 13:58:13,110] {processor.py:170} INFO - Processing /home/airflow/.local/lib/python3.6/site-packages/airflow/example_dags/example_skip_dag.py took 0.038 seconds
[2022-03-28 13:58:43,134] {processor.py:162} INFO - Started process (PID=942) to work on /home/airflow/.local/lib/python3.6/site-packages/airflow/example_dags/example_skip_dag.py
[2022-03-28 13:58:43,135] {processor.py:613} INFO - Processing file /home/airflow/.local/lib/python3.6/site-packages/airflow/example_dags/example_skip_dag.py for tasks to queue
[2022-03-28 13:58:43,135] {logging_mixin.py:109} INFO - [2022-03-28 13:58:43,135] {dagbag.py:496} INFO - Filling up the DagBag from /home/airflow/.local/lib/python3.6/site-packages/airflow/example_dags/example_skip_dag.py
[2022-03-28 13:58:43,142] {processor.py:623} INFO - DAG(s) dict_keys(['example_skip_dag']) retrieved from /home/airflow/.local/lib/python3.6/site-packages/airflow/example_dags/example_skip_dag.py
[2022-03-28 13:58:43,155] {logging_mixin.py:109} INFO - [2022-03-28 13:58:43,155] {dag.py:1833} INFO - Sync 1 DAGs
[2022-03-28 13:58:43,164] {logging_mixin.py:109} INFO - [2022-03-28 13:58:43,164] {dag.py:2306} INFO - Setting next_dagrun for example_skip_dag to 2022-03-26 00:00:00+00:00
[2022-03-28 13:58:43,172] {processor.py:170} INFO - Processing /home/airflow/.local/lib/python3.6/site-packages/airflow/example_dags/example_skip_dag.py took 0.039 seconds
[2022-03-28 13:59:13,207] {processor.py:162} INFO - Started process (PID=994) to work on /home/airflow/.local/lib/python3.6/site-packages/airflow/example_dags/example_skip_dag.py
[2022-03-28 13:59:13,208] {processor.py:613} INFO - Processing file /home/airflow/.local/lib/python3.6/site-packages/airflow/example_dags/example_skip_dag.py for tasks to queue
[2022-03-28 13:59:13,208] {logging_mixin.py:109} INFO - [2022-03-28 13:59:13,208] {dagbag.py:496} INFO - Filling up the DagBag from /home/airflow/.local/lib/python3.6/site-packages/airflow/example_dags/example_skip_dag.py
[2022-03-28 13:59:13,215] {processor.py:623} INFO - DAG(s) dict_keys(['example_skip_dag']) retrieved from /home/airflow/.local/lib/python3.6/site-packages/airflow/example_dags/example_skip_dag.py
[2022-03-28 13:59:13,230] {logging_mixin.py:109} INFO - [2022-03-28 13:59:13,230] {dag.py:1833} INFO - Sync 1 DAGs
[2022-03-28 13:59:13,240] {logging_mixin.py:109} INFO - [2022-03-28 13:59:13,240] {dag.py:2306} INFO - Setting next_dagrun for example_skip_dag to 2022-03-26 00:00:00+00:00
[2022-03-28 13:59:13,248] {processor.py:170} INFO - Processing /home/airflow/.local/lib/python3.6/site-packages/airflow/example_dags/example_skip_dag.py took 0.042 seconds
[2022-03-28 13:59:43,400] {processor.py:162} INFO - Started process (PID=1056) to work on /home/airflow/.local/lib/python3.6/site-packages/airflow/example_dags/example_skip_dag.py
[2022-03-28 13:59:43,401] {processor.py:613} INFO - Processing file /home/airflow/.local/lib/python3.6/site-packages/airflow/example_dags/example_skip_dag.py for tasks to queue
[2022-03-28 13:59:43,401] {logging_mixin.py:109} INFO - [2022-03-28 13:59:43,401] {dagbag.py:496} INFO - Filling up the DagBag from /home/airflow/.local/lib/python3.6/site-packages/airflow/example_dags/example_skip_dag.py
[2022-03-28 13:59:43,409] {processor.py:623} INFO - DAG(s) dict_keys(['example_skip_dag']) retrieved from /home/airflow/.local/lib/python3.6/site-packages/airflow/example_dags/example_skip_dag.py
[2022-03-28 13:59:43,424] {logging_mixin.py:109} INFO - [2022-03-28 13:59:43,424] {dag.py:1833} INFO - Sync 1 DAGs
[2022-03-28 13:59:43,435] {logging_mixin.py:109} INFO - [2022-03-28 13:59:43,435] {dag.py:2306} INFO - Setting next_dagrun for example_skip_dag to 2022-03-26 00:00:00+00:00
[2022-03-28 13:59:43,444] {processor.py:170} INFO - Processing /home/airflow/.local/lib/python3.6/site-packages/airflow/example_dags/example_skip_dag.py took 0.046 seconds
[2022-03-28 14:00:13,515] {processor.py:162} INFO - Started process (PID=1107) to work on /home/airflow/.local/lib/python3.6/site-packages/airflow/example_dags/example_skip_dag.py
[2022-03-28 14:00:13,516] {processor.py:613} INFO - Processing file /home/airflow/.local/lib/python3.6/site-packages/airflow/example_dags/example_skip_dag.py for tasks to queue
[2022-03-28 14:00:13,516] {logging_mixin.py:109} INFO - [2022-03-28 14:00:13,516] {dagbag.py:496} INFO - Filling up the DagBag from /home/airflow/.local/lib/python3.6/site-packages/airflow/example_dags/example_skip_dag.py
[2022-03-28 14:00:13,522] {processor.py:623} INFO - DAG(s) dict_keys(['example_skip_dag']) retrieved from /home/airflow/.local/lib/python3.6/site-packages/airflow/example_dags/example_skip_dag.py
[2022-03-28 14:00:13,539] {logging_mixin.py:109} INFO - [2022-03-28 14:00:13,539] {dag.py:1833} INFO - Sync 1 DAGs
[2022-03-28 14:00:13,550] {logging_mixin.py:109} INFO - [2022-03-28 14:00:13,550] {dag.py:2306} INFO - Setting next_dagrun for example_skip_dag to 2022-03-26 00:00:00+00:00
[2022-03-28 14:00:13,558] {processor.py:170} INFO - Processing /home/airflow/.local/lib/python3.6/site-packages/airflow/example_dags/example_skip_dag.py took 0.044 seconds
[2022-03-28 14:00:43,625] {processor.py:162} INFO - Started process (PID=1170) to work on /home/airflow/.local/lib/python3.6/site-packages/airflow/example_dags/example_skip_dag.py
[2022-03-28 14:00:43,626] {processor.py:613} INFO - Processing file /home/airflow/.local/lib/python3.6/site-packages/airflow/example_dags/example_skip_dag.py for tasks to queue
[2022-03-28 14:00:43,626] {logging_mixin.py:109} INFO - [2022-03-28 14:00:43,626] {dagbag.py:496} INFO - Filling up the DagBag from /home/airflow/.local/lib/python3.6/site-packages/airflow/example_dags/example_skip_dag.py
[2022-03-28 14:00:43,633] {processor.py:623} INFO - DAG(s) dict_keys(['example_skip_dag']) retrieved from /home/airflow/.local/lib/python3.6/site-packages/airflow/example_dags/example_skip_dag.py
[2022-03-28 14:00:43,646] {logging_mixin.py:109} INFO - [2022-03-28 14:00:43,646] {dag.py:1833} INFO - Sync 1 DAGs
[2022-03-28 14:00:43,656] {logging_mixin.py:109} INFO - [2022-03-28 14:00:43,656] {dag.py:2306} INFO - Setting next_dagrun for example_skip_dag to 2022-03-26 00:00:00+00:00
[2022-03-28 14:00:43,662] {processor.py:170} INFO - Processing /home/airflow/.local/lib/python3.6/site-packages/airflow/example_dags/example_skip_dag.py took 0.039 seconds
[2022-03-28 14:01:13,698] {processor.py:162} INFO - Started process (PID=1230) to work on /home/airflow/.local/lib/python3.6/site-packages/airflow/example_dags/example_skip_dag.py
[2022-03-28 14:01:13,699] {processor.py:613} INFO - Processing file /home/airflow/.local/lib/python3.6/site-packages/airflow/example_dags/example_skip_dag.py for tasks to queue
[2022-03-28 14:01:13,699] {logging_mixin.py:109} INFO - [2022-03-28 14:01:13,699] {dagbag.py:496} INFO - Filling up the DagBag from /home/airflow/.local/lib/python3.6/site-packages/airflow/example_dags/example_skip_dag.py
[2022-03-28 14:01:13,705] {processor.py:623} INFO - DAG(s) dict_keys(['example_skip_dag']) retrieved from /home/airflow/.local/lib/python3.6/site-packages/airflow/example_dags/example_skip_dag.py
[2022-03-28 14:01:13,720] {logging_mixin.py:109} INFO - [2022-03-28 14:01:13,720] {dag.py:1833} INFO - Sync 1 DAGs
[2022-03-28 14:01:13,730] {logging_mixin.py:109} INFO - [2022-03-28 14:01:13,730] {dag.py:2306} INFO - Setting next_dagrun for example_skip_dag to 2022-03-26 00:00:00+00:00
[2022-03-28 14:01:13,738] {processor.py:170} INFO - Processing /home/airflow/.local/lib/python3.6/site-packages/airflow/example_dags/example_skip_dag.py took 0.041 seconds
[2022-03-28 14:01:43,926] {processor.py:162} INFO - Started process (PID=1284) to work on /home/airflow/.local/lib/python3.6/site-packages/airflow/example_dags/example_skip_dag.py
[2022-03-28 14:01:43,927] {processor.py:613} INFO - Processing file /home/airflow/.local/lib/python3.6/site-packages/airflow/example_dags/example_skip_dag.py for tasks to queue
[2022-03-28 14:01:43,927] {logging_mixin.py:109} INFO - [2022-03-28 14:01:43,927] {dagbag.py:496} INFO - Filling up the DagBag from /home/airflow/.local/lib/python3.6/site-packages/airflow/example_dags/example_skip_dag.py
[2022-03-28 14:01:43,934] {processor.py:623} INFO - DAG(s) dict_keys(['example_skip_dag']) retrieved from /home/airflow/.local/lib/python3.6/site-packages/airflow/example_dags/example_skip_dag.py
[2022-03-28 14:01:43,947] {logging_mixin.py:109} INFO - [2022-03-28 14:01:43,947] {dag.py:1833} INFO - Sync 1 DAGs
[2022-03-28 14:01:43,957] {logging_mixin.py:109} INFO - [2022-03-28 14:01:43,956] {dag.py:2306} INFO - Setting next_dagrun for example_skip_dag to 2022-03-26 00:00:00+00:00
[2022-03-28 14:01:43,963] {processor.py:170} INFO - Processing /home/airflow/.local/lib/python3.6/site-packages/airflow/example_dags/example_skip_dag.py took 0.039 seconds
[2022-03-28 14:02:14,051] {processor.py:162} INFO - Started process (PID=1346) to work on /home/airflow/.local/lib/python3.6/site-packages/airflow/example_dags/example_skip_dag.py
[2022-03-28 14:02:14,052] {processor.py:613} INFO - Processing file /home/airflow/.local/lib/python3.6/site-packages/airflow/example_dags/example_skip_dag.py for tasks to queue
[2022-03-28 14:02:14,052] {logging_mixin.py:109} INFO - [2022-03-28 14:02:14,052] {dagbag.py:496} INFO - Filling up the DagBag from /home/airflow/.local/lib/python3.6/site-packages/airflow/example_dags/example_skip_dag.py
[2022-03-28 14:02:14,058] {processor.py:623} INFO - DAG(s) dict_keys(['example_skip_dag']) retrieved from /home/airflow/.local/lib/python3.6/site-packages/airflow/example_dags/example_skip_dag.py
[2022-03-28 14:02:14,072] {logging_mixin.py:109} INFO - [2022-03-28 14:02:14,072] {dag.py:1833} INFO - Sync 1 DAGs
[2022-03-28 14:02:14,081] {logging_mixin.py:109} INFO - [2022-03-28 14:02:14,081] {dag.py:2306} INFO - Setting next_dagrun for example_skip_dag to 2022-03-26 00:00:00+00:00
[2022-03-28 14:02:14,087] {processor.py:170} INFO - Processing /home/airflow/.local/lib/python3.6/site-packages/airflow/example_dags/example_skip_dag.py took 0.038 seconds
[2022-03-28 14:02:44,912] {processor.py:162} INFO - Started process (PID=1398) to work on /home/airflow/.local/lib/python3.6/site-packages/airflow/example_dags/example_skip_dag.py
[2022-03-28 14:02:44,913] {processor.py:613} INFO - Processing file /home/airflow/.local/lib/python3.6/site-packages/airflow/example_dags/example_skip_dag.py for tasks to queue
[2022-03-28 14:02:44,913] {logging_mixin.py:109} INFO - [2022-03-28 14:02:44,913] {dagbag.py:496} INFO - Filling up the DagBag from /home/airflow/.local/lib/python3.6/site-packages/airflow/example_dags/example_skip_dag.py
[2022-03-28 14:02:44,920] {processor.py:623} INFO - DAG(s) dict_keys(['example_skip_dag']) retrieved from /home/airflow/.local/lib/python3.6/site-packages/airflow/example_dags/example_skip_dag.py
[2022-03-28 14:02:44,936] {logging_mixin.py:109} INFO - [2022-03-28 14:02:44,936] {dag.py:1833} INFO - Sync 1 DAGs
[2022-03-28 14:02:44,946] {logging_mixin.py:109} INFO - [2022-03-28 14:02:44,946] {dag.py:2306} INFO - Setting next_dagrun for example_skip_dag to 2022-03-26 00:00:00+00:00
[2022-03-28 14:02:44,953] {processor.py:170} INFO - Processing /home/airflow/.local/lib/python3.6/site-packages/airflow/example_dags/example_skip_dag.py took 0.042 seconds
[2022-03-28 14:03:15,749] {processor.py:162} INFO - Started process (PID=1461) to work on /home/airflow/.local/lib/python3.6/site-packages/airflow/example_dags/example_skip_dag.py
[2022-03-28 14:03:15,750] {processor.py:613} INFO - Processing file /home/airflow/.local/lib/python3.6/site-packages/airflow/example_dags/example_skip_dag.py for tasks to queue
[2022-03-28 14:03:15,750] {logging_mixin.py:109} INFO - [2022-03-28 14:03:15,750] {dagbag.py:496} INFO - Filling up the DagBag from /home/airflow/.local/lib/python3.6/site-packages/airflow/example_dags/example_skip_dag.py
[2022-03-28 14:03:15,756] {processor.py:623} INFO - DAG(s) dict_keys(['example_skip_dag']) retrieved from /home/airflow/.local/lib/python3.6/site-packages/airflow/example_dags/example_skip_dag.py
[2022-03-28 14:03:15,771] {logging_mixin.py:109} INFO - [2022-03-28 14:03:15,770] {dag.py:1833} INFO - Sync 1 DAGs
[2022-03-28 14:03:15,779] {logging_mixin.py:109} INFO - [2022-03-28 14:03:15,779] {dag.py:2306} INFO - Setting next_dagrun for example_skip_dag to 2022-03-26 00:00:00+00:00
[2022-03-28 14:03:15,786] {processor.py:170} INFO - Processing /home/airflow/.local/lib/python3.6/site-packages/airflow/example_dags/example_skip_dag.py took 0.039 seconds
[2022-03-28 14:03:45,851] {processor.py:162} INFO - Started process (PID=1513) to work on /home/airflow/.local/lib/python3.6/site-packages/airflow/example_dags/example_skip_dag.py
[2022-03-28 14:03:45,852] {processor.py:613} INFO - Processing file /home/airflow/.local/lib/python3.6/site-packages/airflow/example_dags/example_skip_dag.py for tasks to queue
[2022-03-28 14:03:45,853] {logging_mixin.py:109} INFO - [2022-03-28 14:03:45,853] {dagbag.py:496} INFO - Filling up the DagBag from /home/airflow/.local/lib/python3.6/site-packages/airflow/example_dags/example_skip_dag.py
[2022-03-28 14:03:45,859] {processor.py:623} INFO - DAG(s) dict_keys(['example_skip_dag']) retrieved from /home/airflow/.local/lib/python3.6/site-packages/airflow/example_dags/example_skip_dag.py
[2022-03-28 14:03:45,873] {logging_mixin.py:109} INFO - [2022-03-28 14:03:45,872] {dag.py:1833} INFO - Sync 1 DAGs
[2022-03-28 14:03:45,882] {logging_mixin.py:109} INFO - [2022-03-28 14:03:45,882] {dag.py:2306} INFO - Setting next_dagrun for example_skip_dag to 2022-03-26 00:00:00+00:00
[2022-03-28 14:03:45,888] {processor.py:170} INFO - Processing /home/airflow/.local/lib/python3.6/site-packages/airflow/example_dags/example_skip_dag.py took 0.038 seconds
[2022-03-28 14:04:16,069] {processor.py:162} INFO - Started process (PID=1575) to work on /home/airflow/.local/lib/python3.6/site-packages/airflow/example_dags/example_skip_dag.py
[2022-03-28 14:04:16,069] {processor.py:613} INFO - Processing file /home/airflow/.local/lib/python3.6/site-packages/airflow/example_dags/example_skip_dag.py for tasks to queue
[2022-03-28 14:04:16,070] {logging_mixin.py:109} INFO - [2022-03-28 14:04:16,070] {dagbag.py:496} INFO - Filling up the DagBag from /home/airflow/.local/lib/python3.6/site-packages/airflow/example_dags/example_skip_dag.py
[2022-03-28 14:04:16,076] {processor.py:623} INFO - DAG(s) dict_keys(['example_skip_dag']) retrieved from /home/airflow/.local/lib/python3.6/site-packages/airflow/example_dags/example_skip_dag.py
[2022-03-28 14:04:16,089] {logging_mixin.py:109} INFO - [2022-03-28 14:04:16,089] {dag.py:1833} INFO - Sync 1 DAGs
[2022-03-28 14:04:16,100] {logging_mixin.py:109} INFO - [2022-03-28 14:04:16,100] {dag.py:2306} INFO - Setting next_dagrun for example_skip_dag to 2022-03-26 00:00:00+00:00
[2022-03-28 14:04:16,108] {processor.py:170} INFO - Processing /home/airflow/.local/lib/python3.6/site-packages/airflow/example_dags/example_skip_dag.py took 0.040 seconds
[2022-03-28 14:04:46,201] {processor.py:162} INFO - Started process (PID=1635) to work on /home/airflow/.local/lib/python3.6/site-packages/airflow/example_dags/example_skip_dag.py
[2022-03-28 14:04:46,202] {processor.py:613} INFO - Processing file /home/airflow/.local/lib/python3.6/site-packages/airflow/example_dags/example_skip_dag.py for tasks to queue
[2022-03-28 14:04:46,202] {logging_mixin.py:109} INFO - [2022-03-28 14:04:46,202] {dagbag.py:496} INFO - Filling up the DagBag from /home/airflow/.local/lib/python3.6/site-packages/airflow/example_dags/example_skip_dag.py
[2022-03-28 14:04:46,209] {processor.py:623} INFO - DAG(s) dict_keys(['example_skip_dag']) retrieved from /home/airflow/.local/lib/python3.6/site-packages/airflow/example_dags/example_skip_dag.py
[2022-03-28 14:04:46,225] {logging_mixin.py:109} INFO - [2022-03-28 14:04:46,225] {dag.py:1833} INFO - Sync 1 DAGs
[2022-03-28 14:04:46,237] {logging_mixin.py:109} INFO - [2022-03-28 14:04:46,236] {dag.py:2306} INFO - Setting next_dagrun for example_skip_dag to 2022-03-26 00:00:00+00:00
[2022-03-28 14:04:46,244] {processor.py:170} INFO - Processing /home/airflow/.local/lib/python3.6/site-packages/airflow/example_dags/example_skip_dag.py took 0.046 seconds
[2022-03-28 14:05:17,081] {processor.py:162} INFO - Started process (PID=1688) to work on /home/airflow/.local/lib/python3.6/site-packages/airflow/example_dags/example_skip_dag.py
[2022-03-28 14:05:17,081] {processor.py:613} INFO - Processing file /home/airflow/.local/lib/python3.6/site-packages/airflow/example_dags/example_skip_dag.py for tasks to queue
[2022-03-28 14:05:17,082] {logging_mixin.py:109} INFO - [2022-03-28 14:05:17,082] {dagbag.py:496} INFO - Filling up the DagBag from /home/airflow/.local/lib/python3.6/site-packages/airflow/example_dags/example_skip_dag.py
[2022-03-28 14:05:17,088] {processor.py:623} INFO - DAG(s) dict_keys(['example_skip_dag']) retrieved from /home/airflow/.local/lib/python3.6/site-packages/airflow/example_dags/example_skip_dag.py
[2022-03-28 14:05:17,104] {logging_mixin.py:109} INFO - [2022-03-28 14:05:17,104] {dag.py:1833} INFO - Sync 1 DAGs
[2022-03-28 14:05:17,113] {logging_mixin.py:109} INFO - [2022-03-28 14:05:17,113] {dag.py:2306} INFO - Setting next_dagrun for example_skip_dag to 2022-03-26 00:00:00+00:00
[2022-03-28 14:05:17,120] {processor.py:170} INFO - Processing /home/airflow/.local/lib/python3.6/site-packages/airflow/example_dags/example_skip_dag.py took 0.041 seconds
[2022-03-28 14:05:47,148] {processor.py:162} INFO - Started process (PID=1751) to work on /home/airflow/.local/lib/python3.6/site-packages/airflow/example_dags/example_skip_dag.py
[2022-03-28 14:05:47,149] {processor.py:613} INFO - Processing file /home/airflow/.local/lib/python3.6/site-packages/airflow/example_dags/example_skip_dag.py for tasks to queue
[2022-03-28 14:05:47,149] {logging_mixin.py:109} INFO - [2022-03-28 14:05:47,149] {dagbag.py:496} INFO - Filling up the DagBag from /home/airflow/.local/lib/python3.6/site-packages/airflow/example_dags/example_skip_dag.py
[2022-03-28 14:05:47,156] {processor.py:623} INFO - DAG(s) dict_keys(['example_skip_dag']) retrieved from /home/airflow/.local/lib/python3.6/site-packages/airflow/example_dags/example_skip_dag.py
[2022-03-28 14:05:47,170] {logging_mixin.py:109} INFO - [2022-03-28 14:05:47,170] {dag.py:1833} INFO - Sync 1 DAGs
[2022-03-28 14:05:47,179] {logging_mixin.py:109} INFO - [2022-03-28 14:05:47,179] {dag.py:2306} INFO - Setting next_dagrun for example_skip_dag to 2022-03-26 00:00:00+00:00
[2022-03-28 14:05:47,185] {processor.py:170} INFO - Processing /home/airflow/.local/lib/python3.6/site-packages/airflow/example_dags/example_skip_dag.py took 0.039 seconds
[2022-03-28 14:06:17,853] {processor.py:162} INFO - Started process (PID=1803) to work on /home/airflow/.local/lib/python3.6/site-packages/airflow/example_dags/example_skip_dag.py
[2022-03-28 14:06:17,854] {processor.py:613} INFO - Processing file /home/airflow/.local/lib/python3.6/site-packages/airflow/example_dags/example_skip_dag.py for tasks to queue
[2022-03-28 14:06:17,854] {logging_mixin.py:109} INFO - [2022-03-28 14:06:17,854] {dagbag.py:496} INFO - Filling up the DagBag from /home/airflow/.local/lib/python3.6/site-packages/airflow/example_dags/example_skip_dag.py
[2022-03-28 14:06:17,860] {processor.py:623} INFO - DAG(s) dict_keys(['example_skip_dag']) retrieved from /home/airflow/.local/lib/python3.6/site-packages/airflow/example_dags/example_skip_dag.py
[2022-03-28 14:06:17,874] {logging_mixin.py:109} INFO - [2022-03-28 14:06:17,874] {dag.py:1833} INFO - Sync 1 DAGs
[2022-03-28 14:06:17,885] {logging_mixin.py:109} INFO - [2022-03-28 14:06:17,885] {dag.py:2306} INFO - Setting next_dagrun for example_skip_dag to 2022-03-26 00:00:00+00:00
[2022-03-28 14:06:17,891] {processor.py:170} INFO - Processing /home/airflow/.local/lib/python3.6/site-packages/airflow/example_dags/example_skip_dag.py took 0.040 seconds
[2022-03-28 14:06:48,588] {processor.py:162} INFO - Started process (PID=1864) to work on /home/airflow/.local/lib/python3.6/site-packages/airflow/example_dags/example_skip_dag.py
[2022-03-28 14:06:48,588] {processor.py:613} INFO - Processing file /home/airflow/.local/lib/python3.6/site-packages/airflow/example_dags/example_skip_dag.py for tasks to queue
[2022-03-28 14:06:48,589] {logging_mixin.py:109} INFO - [2022-03-28 14:06:48,589] {dagbag.py:496} INFO - Filling up the DagBag from /home/airflow/.local/lib/python3.6/site-packages/airflow/example_dags/example_skip_dag.py
[2022-03-28 14:06:48,595] {processor.py:623} INFO - DAG(s) dict_keys(['example_skip_dag']) retrieved from /home/airflow/.local/lib/python3.6/site-packages/airflow/example_dags/example_skip_dag.py
[2022-03-28 14:06:48,610] {logging_mixin.py:109} INFO - [2022-03-28 14:06:48,610] {dag.py:1833} INFO - Sync 1 DAGs
[2022-03-28 14:06:48,622] {logging_mixin.py:109} INFO - [2022-03-28 14:06:48,622] {dag.py:2306} INFO - Setting next_dagrun for example_skip_dag to 2022-03-26 00:00:00+00:00
[2022-03-28 14:06:48,628] {processor.py:170} INFO - Processing /home/airflow/.local/lib/python3.6/site-packages/airflow/example_dags/example_skip_dag.py took 0.042 seconds
