[2022-03-28 13:53:59,996] {processor.py:162} INFO - Started process (PID=72) to work on /home/airflow/.local/lib/python3.6/site-packages/airflow/example_dags/example_kubernetes_executor.py
[2022-03-28 13:53:59,997] {processor.py:613} INFO - Processing file /home/airflow/.local/lib/python3.6/site-packages/airflow/example_dags/example_kubernetes_executor.py for tasks to queue
[2022-03-28 13:53:59,998] {logging_mixin.py:109} INFO - [2022-03-28 13:53:59,997] {dagbag.py:496} INFO - Filling up the DagBag from /home/airflow/.local/lib/python3.6/site-packages/airflow/example_dags/example_kubernetes_executor.py
[2022-03-28 13:54:00,008] {processor.py:623} INFO - DAG(s) dict_keys(['example_kubernetes_executor']) retrieved from /home/airflow/.local/lib/python3.6/site-packages/airflow/example_dags/example_kubernetes_executor.py
[2022-03-28 13:54:03,700] {logging_mixin.py:109} INFO - [2022-03-28 13:54:03,699] {dag.py:1833} INFO - Sync 1 DAGs
[2022-03-28 13:54:03,714] {logging_mixin.py:109} INFO - [2022-03-28 13:54:03,712] {dag.py:1852} INFO - Creating ORM DAG for example_kubernetes_executor
[2022-03-28 13:54:03,719] {logging_mixin.py:109} INFO - [2022-03-28 13:54:03,719] {dag.py:2306} INFO - Setting next_dagrun for example_kubernetes_executor to None
[2022-03-28 13:54:03,732] {processor.py:170} INFO - Processing /home/airflow/.local/lib/python3.6/site-packages/airflow/example_dags/example_kubernetes_executor.py took 3.737 seconds
[2022-03-28 13:54:34,444] {processor.py:162} INFO - Started process (PID=469) to work on /home/airflow/.local/lib/python3.6/site-packages/airflow/example_dags/example_kubernetes_executor.py
[2022-03-28 13:54:34,445] {processor.py:613} INFO - Processing file /home/airflow/.local/lib/python3.6/site-packages/airflow/example_dags/example_kubernetes_executor.py for tasks to queue
[2022-03-28 13:54:34,445] {logging_mixin.py:109} INFO - [2022-03-28 13:54:34,445] {dagbag.py:496} INFO - Filling up the DagBag from /home/airflow/.local/lib/python3.6/site-packages/airflow/example_dags/example_kubernetes_executor.py
[2022-03-28 13:54:34,459] {processor.py:623} INFO - DAG(s) dict_keys(['example_kubernetes_executor']) retrieved from /home/airflow/.local/lib/python3.6/site-packages/airflow/example_dags/example_kubernetes_executor.py
[2022-03-28 13:54:34,483] {logging_mixin.py:109} INFO - [2022-03-28 13:54:34,483] {dag.py:1833} INFO - Sync 1 DAGs
[2022-03-28 13:54:34,503] {logging_mixin.py:109} INFO - [2022-03-28 13:54:34,502] {dag.py:2306} INFO - Setting next_dagrun for example_kubernetes_executor to None
[2022-03-28 13:54:34,513] {processor.py:170} INFO - Processing /home/airflow/.local/lib/python3.6/site-packages/airflow/example_dags/example_kubernetes_executor.py took 0.072 seconds
[2022-03-28 13:55:05,486] {processor.py:162} INFO - Started process (PID=521) to work on /home/airflow/.local/lib/python3.6/site-packages/airflow/example_dags/example_kubernetes_executor.py
[2022-03-28 13:55:05,487] {processor.py:613} INFO - Processing file /home/airflow/.local/lib/python3.6/site-packages/airflow/example_dags/example_kubernetes_executor.py for tasks to queue
[2022-03-28 13:55:05,488] {logging_mixin.py:109} INFO - [2022-03-28 13:55:05,487] {dagbag.py:496} INFO - Filling up the DagBag from /home/airflow/.local/lib/python3.6/site-packages/airflow/example_dags/example_kubernetes_executor.py
[2022-03-28 13:55:05,497] {processor.py:623} INFO - DAG(s) dict_keys(['example_kubernetes_executor']) retrieved from /home/airflow/.local/lib/python3.6/site-packages/airflow/example_dags/example_kubernetes_executor.py
[2022-03-28 13:55:05,511] {logging_mixin.py:109} INFO - [2022-03-28 13:55:05,511] {dag.py:1833} INFO - Sync 1 DAGs
[2022-03-28 13:55:05,521] {logging_mixin.py:109} INFO - [2022-03-28 13:55:05,521] {dag.py:2306} INFO - Setting next_dagrun for example_kubernetes_executor to None
[2022-03-28 13:55:05,529] {processor.py:170} INFO - Processing /home/airflow/.local/lib/python3.6/site-packages/airflow/example_dags/example_kubernetes_executor.py took 0.044 seconds
[2022-03-28 13:55:35,699] {processor.py:162} INFO - Started process (PID=582) to work on /home/airflow/.local/lib/python3.6/site-packages/airflow/example_dags/example_kubernetes_executor.py
[2022-03-28 13:55:35,700] {processor.py:613} INFO - Processing file /home/airflow/.local/lib/python3.6/site-packages/airflow/example_dags/example_kubernetes_executor.py for tasks to queue
[2022-03-28 13:55:35,700] {logging_mixin.py:109} INFO - [2022-03-28 13:55:35,700] {dagbag.py:496} INFO - Filling up the DagBag from /home/airflow/.local/lib/python3.6/site-packages/airflow/example_dags/example_kubernetes_executor.py
[2022-03-28 13:55:35,707] {processor.py:623} INFO - DAG(s) dict_keys(['example_kubernetes_executor']) retrieved from /home/airflow/.local/lib/python3.6/site-packages/airflow/example_dags/example_kubernetes_executor.py
[2022-03-28 13:55:35,720] {logging_mixin.py:109} INFO - [2022-03-28 13:55:35,720] {dag.py:1833} INFO - Sync 1 DAGs
[2022-03-28 13:55:35,730] {logging_mixin.py:109} INFO - [2022-03-28 13:55:35,730] {dag.py:2306} INFO - Setting next_dagrun for example_kubernetes_executor to None
[2022-03-28 13:55:35,737] {processor.py:170} INFO - Processing /home/airflow/.local/lib/python3.6/site-packages/airflow/example_dags/example_kubernetes_executor.py took 0.040 seconds
[2022-03-28 13:56:06,588] {processor.py:162} INFO - Started process (PID=635) to work on /home/airflow/.local/lib/python3.6/site-packages/airflow/example_dags/example_kubernetes_executor.py
[2022-03-28 13:56:06,589] {processor.py:613} INFO - Processing file /home/airflow/.local/lib/python3.6/site-packages/airflow/example_dags/example_kubernetes_executor.py for tasks to queue
[2022-03-28 13:56:06,589] {logging_mixin.py:109} INFO - [2022-03-28 13:56:06,589] {dagbag.py:496} INFO - Filling up the DagBag from /home/airflow/.local/lib/python3.6/site-packages/airflow/example_dags/example_kubernetes_executor.py
[2022-03-28 13:56:06,596] {processor.py:623} INFO - DAG(s) dict_keys(['example_kubernetes_executor']) retrieved from /home/airflow/.local/lib/python3.6/site-packages/airflow/example_dags/example_kubernetes_executor.py
[2022-03-28 13:56:06,609] {logging_mixin.py:109} INFO - [2022-03-28 13:56:06,609] {dag.py:1833} INFO - Sync 1 DAGs
[2022-03-28 13:56:06,619] {logging_mixin.py:109} INFO - [2022-03-28 13:56:06,618] {dag.py:2306} INFO - Setting next_dagrun for example_kubernetes_executor to None
[2022-03-28 13:56:06,627] {processor.py:170} INFO - Processing /home/airflow/.local/lib/python3.6/site-packages/airflow/example_dags/example_kubernetes_executor.py took 0.041 seconds
[2022-03-28 13:56:36,794] {processor.py:162} INFO - Started process (PID=697) to work on /home/airflow/.local/lib/python3.6/site-packages/airflow/example_dags/example_kubernetes_executor.py
[2022-03-28 13:56:36,794] {processor.py:613} INFO - Processing file /home/airflow/.local/lib/python3.6/site-packages/airflow/example_dags/example_kubernetes_executor.py for tasks to queue
[2022-03-28 13:56:36,795] {logging_mixin.py:109} INFO - [2022-03-28 13:56:36,795] {dagbag.py:496} INFO - Filling up the DagBag from /home/airflow/.local/lib/python3.6/site-packages/airflow/example_dags/example_kubernetes_executor.py
[2022-03-28 13:56:36,802] {processor.py:623} INFO - DAG(s) dict_keys(['example_kubernetes_executor']) retrieved from /home/airflow/.local/lib/python3.6/site-packages/airflow/example_dags/example_kubernetes_executor.py
[2022-03-28 13:56:36,816] {logging_mixin.py:109} INFO - [2022-03-28 13:56:36,816] {dag.py:1833} INFO - Sync 1 DAGs
[2022-03-28 13:56:36,826] {logging_mixin.py:109} INFO - [2022-03-28 13:56:36,826] {dag.py:2306} INFO - Setting next_dagrun for example_kubernetes_executor to None
[2022-03-28 13:56:36,834] {processor.py:170} INFO - Processing /home/airflow/.local/lib/python3.6/site-packages/airflow/example_dags/example_kubernetes_executor.py took 0.042 seconds
[2022-03-28 13:57:06,866] {processor.py:162} INFO - Started process (PID=758) to work on /home/airflow/.local/lib/python3.6/site-packages/airflow/example_dags/example_kubernetes_executor.py
[2022-03-28 13:57:06,867] {processor.py:613} INFO - Processing file /home/airflow/.local/lib/python3.6/site-packages/airflow/example_dags/example_kubernetes_executor.py for tasks to queue
[2022-03-28 13:57:06,867] {logging_mixin.py:109} INFO - [2022-03-28 13:57:06,867] {dagbag.py:496} INFO - Filling up the DagBag from /home/airflow/.local/lib/python3.6/site-packages/airflow/example_dags/example_kubernetes_executor.py
[2022-03-28 13:57:06,875] {processor.py:623} INFO - DAG(s) dict_keys(['example_kubernetes_executor']) retrieved from /home/airflow/.local/lib/python3.6/site-packages/airflow/example_dags/example_kubernetes_executor.py
[2022-03-28 13:57:06,890] {logging_mixin.py:109} INFO - [2022-03-28 13:57:06,890] {dag.py:1833} INFO - Sync 1 DAGs
[2022-03-28 13:57:06,900] {logging_mixin.py:109} INFO - [2022-03-28 13:57:06,900] {dag.py:2306} INFO - Setting next_dagrun for example_kubernetes_executor to None
[2022-03-28 13:57:06,908] {processor.py:170} INFO - Processing /home/airflow/.local/lib/python3.6/site-packages/airflow/example_dags/example_kubernetes_executor.py took 0.043 seconds
[2022-03-28 13:57:37,707] {processor.py:162} INFO - Started process (PID=810) to work on /home/airflow/.local/lib/python3.6/site-packages/airflow/example_dags/example_kubernetes_executor.py
[2022-03-28 13:57:37,708] {processor.py:613} INFO - Processing file /home/airflow/.local/lib/python3.6/site-packages/airflow/example_dags/example_kubernetes_executor.py for tasks to queue
[2022-03-28 13:57:37,709] {logging_mixin.py:109} INFO - [2022-03-28 13:57:37,708] {dagbag.py:496} INFO - Filling up the DagBag from /home/airflow/.local/lib/python3.6/site-packages/airflow/example_dags/example_kubernetes_executor.py
[2022-03-28 13:57:37,716] {processor.py:623} INFO - DAG(s) dict_keys(['example_kubernetes_executor']) retrieved from /home/airflow/.local/lib/python3.6/site-packages/airflow/example_dags/example_kubernetes_executor.py
[2022-03-28 13:57:37,731] {logging_mixin.py:109} INFO - [2022-03-28 13:57:37,731] {dag.py:1833} INFO - Sync 1 DAGs
[2022-03-28 13:57:37,741] {logging_mixin.py:109} INFO - [2022-03-28 13:57:37,741] {dag.py:2306} INFO - Setting next_dagrun for example_kubernetes_executor to None
[2022-03-28 13:57:37,750] {processor.py:170} INFO - Processing /home/airflow/.local/lib/python3.6/site-packages/airflow/example_dags/example_kubernetes_executor.py took 0.045 seconds
[2022-03-28 13:58:07,769] {processor.py:162} INFO - Started process (PID=873) to work on /home/airflow/.local/lib/python3.6/site-packages/airflow/example_dags/example_kubernetes_executor.py
[2022-03-28 13:58:07,770] {processor.py:613} INFO - Processing file /home/airflow/.local/lib/python3.6/site-packages/airflow/example_dags/example_kubernetes_executor.py for tasks to queue
[2022-03-28 13:58:07,770] {logging_mixin.py:109} INFO - [2022-03-28 13:58:07,770] {dagbag.py:496} INFO - Filling up the DagBag from /home/airflow/.local/lib/python3.6/site-packages/airflow/example_dags/example_kubernetes_executor.py
[2022-03-28 13:58:07,777] {processor.py:623} INFO - DAG(s) dict_keys(['example_kubernetes_executor']) retrieved from /home/airflow/.local/lib/python3.6/site-packages/airflow/example_dags/example_kubernetes_executor.py
[2022-03-28 13:58:07,792] {logging_mixin.py:109} INFO - [2022-03-28 13:58:07,792] {dag.py:1833} INFO - Sync 1 DAGs
[2022-03-28 13:58:07,801] {logging_mixin.py:109} INFO - [2022-03-28 13:58:07,801] {dag.py:2306} INFO - Setting next_dagrun for example_kubernetes_executor to None
[2022-03-28 13:58:07,811] {processor.py:170} INFO - Processing /home/airflow/.local/lib/python3.6/site-packages/airflow/example_dags/example_kubernetes_executor.py took 0.044 seconds
[2022-03-28 13:58:37,934] {processor.py:162} INFO - Started process (PID=924) to work on /home/airflow/.local/lib/python3.6/site-packages/airflow/example_dags/example_kubernetes_executor.py
[2022-03-28 13:58:37,935] {processor.py:613} INFO - Processing file /home/airflow/.local/lib/python3.6/site-packages/airflow/example_dags/example_kubernetes_executor.py for tasks to queue
[2022-03-28 13:58:37,935] {logging_mixin.py:109} INFO - [2022-03-28 13:58:37,935] {dagbag.py:496} INFO - Filling up the DagBag from /home/airflow/.local/lib/python3.6/site-packages/airflow/example_dags/example_kubernetes_executor.py
[2022-03-28 13:58:37,943] {processor.py:623} INFO - DAG(s) dict_keys(['example_kubernetes_executor']) retrieved from /home/airflow/.local/lib/python3.6/site-packages/airflow/example_dags/example_kubernetes_executor.py
[2022-03-28 13:58:37,957] {logging_mixin.py:109} INFO - [2022-03-28 13:58:37,956] {dag.py:1833} INFO - Sync 1 DAGs
[2022-03-28 13:58:37,966] {logging_mixin.py:109} INFO - [2022-03-28 13:58:37,966] {dag.py:2306} INFO - Setting next_dagrun for example_kubernetes_executor to None
[2022-03-28 13:58:37,975] {processor.py:170} INFO - Processing /home/airflow/.local/lib/python3.6/site-packages/airflow/example_dags/example_kubernetes_executor.py took 0.043 seconds
[2022-03-28 13:59:08,005] {processor.py:162} INFO - Started process (PID=987) to work on /home/airflow/.local/lib/python3.6/site-packages/airflow/example_dags/example_kubernetes_executor.py
[2022-03-28 13:59:08,006] {processor.py:613} INFO - Processing file /home/airflow/.local/lib/python3.6/site-packages/airflow/example_dags/example_kubernetes_executor.py for tasks to queue
[2022-03-28 13:59:08,006] {logging_mixin.py:109} INFO - [2022-03-28 13:59:08,006] {dagbag.py:496} INFO - Filling up the DagBag from /home/airflow/.local/lib/python3.6/site-packages/airflow/example_dags/example_kubernetes_executor.py
[2022-03-28 13:59:08,013] {processor.py:623} INFO - DAG(s) dict_keys(['example_kubernetes_executor']) retrieved from /home/airflow/.local/lib/python3.6/site-packages/airflow/example_dags/example_kubernetes_executor.py
[2022-03-28 13:59:08,027] {logging_mixin.py:109} INFO - [2022-03-28 13:59:08,027] {dag.py:1833} INFO - Sync 1 DAGs
[2022-03-28 13:59:08,036] {logging_mixin.py:109} INFO - [2022-03-28 13:59:08,036] {dag.py:2306} INFO - Setting next_dagrun for example_kubernetes_executor to None
[2022-03-28 13:59:08,044] {processor.py:170} INFO - Processing /home/airflow/.local/lib/python3.6/site-packages/airflow/example_dags/example_kubernetes_executor.py took 0.040 seconds
[2022-03-28 13:59:38,121] {processor.py:162} INFO - Started process (PID=1039) to work on /home/airflow/.local/lib/python3.6/site-packages/airflow/example_dags/example_kubernetes_executor.py
[2022-03-28 13:59:38,122] {processor.py:613} INFO - Processing file /home/airflow/.local/lib/python3.6/site-packages/airflow/example_dags/example_kubernetes_executor.py for tasks to queue
[2022-03-28 13:59:38,122] {logging_mixin.py:109} INFO - [2022-03-28 13:59:38,122] {dagbag.py:496} INFO - Filling up the DagBag from /home/airflow/.local/lib/python3.6/site-packages/airflow/example_dags/example_kubernetes_executor.py
[2022-03-28 13:59:38,130] {processor.py:623} INFO - DAG(s) dict_keys(['example_kubernetes_executor']) retrieved from /home/airflow/.local/lib/python3.6/site-packages/airflow/example_dags/example_kubernetes_executor.py
[2022-03-28 13:59:38,143] {logging_mixin.py:109} INFO - [2022-03-28 13:59:38,142] {dag.py:1833} INFO - Sync 1 DAGs
[2022-03-28 13:59:38,152] {logging_mixin.py:109} INFO - [2022-03-28 13:59:38,152] {dag.py:2306} INFO - Setting next_dagrun for example_kubernetes_executor to None
[2022-03-28 13:59:38,160] {processor.py:170} INFO - Processing /home/airflow/.local/lib/python3.6/site-packages/airflow/example_dags/example_kubernetes_executor.py took 0.041 seconds
[2022-03-28 14:00:08,316] {processor.py:162} INFO - Started process (PID=1101) to work on /home/airflow/.local/lib/python3.6/site-packages/airflow/example_dags/example_kubernetes_executor.py
[2022-03-28 14:00:08,318] {processor.py:613} INFO - Processing file /home/airflow/.local/lib/python3.6/site-packages/airflow/example_dags/example_kubernetes_executor.py for tasks to queue
[2022-03-28 14:00:08,318] {logging_mixin.py:109} INFO - [2022-03-28 14:00:08,318] {dagbag.py:496} INFO - Filling up the DagBag from /home/airflow/.local/lib/python3.6/site-packages/airflow/example_dags/example_kubernetes_executor.py
[2022-03-28 14:00:08,330] {processor.py:623} INFO - DAG(s) dict_keys(['example_kubernetes_executor']) retrieved from /home/airflow/.local/lib/python3.6/site-packages/airflow/example_dags/example_kubernetes_executor.py
[2022-03-28 14:00:08,348] {logging_mixin.py:109} INFO - [2022-03-28 14:00:08,348] {dag.py:1833} INFO - Sync 1 DAGs
[2022-03-28 14:00:08,359] {logging_mixin.py:109} INFO - [2022-03-28 14:00:08,359] {dag.py:2306} INFO - Setting next_dagrun for example_kubernetes_executor to None
[2022-03-28 14:00:08,382] {processor.py:170} INFO - Processing /home/airflow/.local/lib/python3.6/site-packages/airflow/example_dags/example_kubernetes_executor.py took 0.068 seconds
[2022-03-28 14:00:39,191] {processor.py:162} INFO - Started process (PID=1163) to work on /home/airflow/.local/lib/python3.6/site-packages/airflow/example_dags/example_kubernetes_executor.py
[2022-03-28 14:00:39,192] {processor.py:613} INFO - Processing file /home/airflow/.local/lib/python3.6/site-packages/airflow/example_dags/example_kubernetes_executor.py for tasks to queue
[2022-03-28 14:00:39,193] {logging_mixin.py:109} INFO - [2022-03-28 14:00:39,193] {dagbag.py:496} INFO - Filling up the DagBag from /home/airflow/.local/lib/python3.6/site-packages/airflow/example_dags/example_kubernetes_executor.py
[2022-03-28 14:00:39,203] {processor.py:623} INFO - DAG(s) dict_keys(['example_kubernetes_executor']) retrieved from /home/airflow/.local/lib/python3.6/site-packages/airflow/example_dags/example_kubernetes_executor.py
[2022-03-28 14:00:39,216] {logging_mixin.py:109} INFO - [2022-03-28 14:00:39,216] {dag.py:1833} INFO - Sync 1 DAGs
[2022-03-28 14:00:39,226] {logging_mixin.py:109} INFO - [2022-03-28 14:00:39,225] {dag.py:2306} INFO - Setting next_dagrun for example_kubernetes_executor to None
[2022-03-28 14:00:39,234] {processor.py:170} INFO - Processing /home/airflow/.local/lib/python3.6/site-packages/airflow/example_dags/example_kubernetes_executor.py took 0.044 seconds
[2022-03-28 14:01:09,324] {processor.py:162} INFO - Started process (PID=1215) to work on /home/airflow/.local/lib/python3.6/site-packages/airflow/example_dags/example_kubernetes_executor.py
[2022-03-28 14:01:09,324] {processor.py:613} INFO - Processing file /home/airflow/.local/lib/python3.6/site-packages/airflow/example_dags/example_kubernetes_executor.py for tasks to queue
[2022-03-28 14:01:09,325] {logging_mixin.py:109} INFO - [2022-03-28 14:01:09,325] {dagbag.py:496} INFO - Filling up the DagBag from /home/airflow/.local/lib/python3.6/site-packages/airflow/example_dags/example_kubernetes_executor.py
[2022-03-28 14:01:09,332] {processor.py:623} INFO - DAG(s) dict_keys(['example_kubernetes_executor']) retrieved from /home/airflow/.local/lib/python3.6/site-packages/airflow/example_dags/example_kubernetes_executor.py
[2022-03-28 14:01:09,346] {logging_mixin.py:109} INFO - [2022-03-28 14:01:09,346] {dag.py:1833} INFO - Sync 1 DAGs
[2022-03-28 14:01:09,358] {logging_mixin.py:109} INFO - [2022-03-28 14:01:09,358] {dag.py:2306} INFO - Setting next_dagrun for example_kubernetes_executor to None
[2022-03-28 14:01:09,366] {processor.py:170} INFO - Processing /home/airflow/.local/lib/python3.6/site-packages/airflow/example_dags/example_kubernetes_executor.py took 0.044 seconds
[2022-03-28 14:01:39,508] {processor.py:162} INFO - Started process (PID=1277) to work on /home/airflow/.local/lib/python3.6/site-packages/airflow/example_dags/example_kubernetes_executor.py
[2022-03-28 14:01:39,508] {processor.py:613} INFO - Processing file /home/airflow/.local/lib/python3.6/site-packages/airflow/example_dags/example_kubernetes_executor.py for tasks to queue
[2022-03-28 14:01:39,509] {logging_mixin.py:109} INFO - [2022-03-28 14:01:39,509] {dagbag.py:496} INFO - Filling up the DagBag from /home/airflow/.local/lib/python3.6/site-packages/airflow/example_dags/example_kubernetes_executor.py
[2022-03-28 14:01:39,516] {processor.py:623} INFO - DAG(s) dict_keys(['example_kubernetes_executor']) retrieved from /home/airflow/.local/lib/python3.6/site-packages/airflow/example_dags/example_kubernetes_executor.py
[2022-03-28 14:01:39,530] {logging_mixin.py:109} INFO - [2022-03-28 14:01:39,530] {dag.py:1833} INFO - Sync 1 DAGs
[2022-03-28 14:01:39,539] {logging_mixin.py:109} INFO - [2022-03-28 14:01:39,539] {dag.py:2306} INFO - Setting next_dagrun for example_kubernetes_executor to None
[2022-03-28 14:01:39,546] {processor.py:170} INFO - Processing /home/airflow/.local/lib/python3.6/site-packages/airflow/example_dags/example_kubernetes_executor.py took 0.040 seconds
[2022-03-28 14:02:09,638] {processor.py:162} INFO - Started process (PID=1329) to work on /home/airflow/.local/lib/python3.6/site-packages/airflow/example_dags/example_kubernetes_executor.py
[2022-03-28 14:02:09,639] {processor.py:613} INFO - Processing file /home/airflow/.local/lib/python3.6/site-packages/airflow/example_dags/example_kubernetes_executor.py for tasks to queue
[2022-03-28 14:02:09,639] {logging_mixin.py:109} INFO - [2022-03-28 14:02:09,639] {dagbag.py:496} INFO - Filling up the DagBag from /home/airflow/.local/lib/python3.6/site-packages/airflow/example_dags/example_kubernetes_executor.py
[2022-03-28 14:02:09,646] {processor.py:623} INFO - DAG(s) dict_keys(['example_kubernetes_executor']) retrieved from /home/airflow/.local/lib/python3.6/site-packages/airflow/example_dags/example_kubernetes_executor.py
[2022-03-28 14:02:09,659] {logging_mixin.py:109} INFO - [2022-03-28 14:02:09,659] {dag.py:1833} INFO - Sync 1 DAGs
[2022-03-28 14:02:09,669] {logging_mixin.py:109} INFO - [2022-03-28 14:02:09,669] {dag.py:2306} INFO - Setting next_dagrun for example_kubernetes_executor to None
[2022-03-28 14:02:09,677] {processor.py:170} INFO - Processing /home/airflow/.local/lib/python3.6/site-packages/airflow/example_dags/example_kubernetes_executor.py took 0.040 seconds
[2022-03-28 14:02:39,728] {processor.py:162} INFO - Started process (PID=1391) to work on /home/airflow/.local/lib/python3.6/site-packages/airflow/example_dags/example_kubernetes_executor.py
[2022-03-28 14:02:39,728] {processor.py:613} INFO - Processing file /home/airflow/.local/lib/python3.6/site-packages/airflow/example_dags/example_kubernetes_executor.py for tasks to queue
[2022-03-28 14:02:39,729] {logging_mixin.py:109} INFO - [2022-03-28 14:02:39,729] {dagbag.py:496} INFO - Filling up the DagBag from /home/airflow/.local/lib/python3.6/site-packages/airflow/example_dags/example_kubernetes_executor.py
[2022-03-28 14:02:39,736] {processor.py:623} INFO - DAG(s) dict_keys(['example_kubernetes_executor']) retrieved from /home/airflow/.local/lib/python3.6/site-packages/airflow/example_dags/example_kubernetes_executor.py
[2022-03-28 14:02:39,750] {logging_mixin.py:109} INFO - [2022-03-28 14:02:39,750] {dag.py:1833} INFO - Sync 1 DAGs
[2022-03-28 14:02:39,760] {logging_mixin.py:109} INFO - [2022-03-28 14:02:39,760] {dag.py:2306} INFO - Setting next_dagrun for example_kubernetes_executor to None
[2022-03-28 14:02:39,769] {processor.py:170} INFO - Processing /home/airflow/.local/lib/python3.6/site-packages/airflow/example_dags/example_kubernetes_executor.py took 0.043 seconds
[2022-03-28 14:03:10,563] {processor.py:162} INFO - Started process (PID=1444) to work on /home/airflow/.local/lib/python3.6/site-packages/airflow/example_dags/example_kubernetes_executor.py
[2022-03-28 14:03:10,564] {processor.py:613} INFO - Processing file /home/airflow/.local/lib/python3.6/site-packages/airflow/example_dags/example_kubernetes_executor.py for tasks to queue
[2022-03-28 14:03:10,564] {logging_mixin.py:109} INFO - [2022-03-28 14:03:10,564] {dagbag.py:496} INFO - Filling up the DagBag from /home/airflow/.local/lib/python3.6/site-packages/airflow/example_dags/example_kubernetes_executor.py
[2022-03-28 14:03:10,572] {processor.py:623} INFO - DAG(s) dict_keys(['example_kubernetes_executor']) retrieved from /home/airflow/.local/lib/python3.6/site-packages/airflow/example_dags/example_kubernetes_executor.py
[2022-03-28 14:03:10,587] {logging_mixin.py:109} INFO - [2022-03-28 14:03:10,587] {dag.py:1833} INFO - Sync 1 DAGs
[2022-03-28 14:03:10,597] {logging_mixin.py:109} INFO - [2022-03-28 14:03:10,597] {dag.py:2306} INFO - Setting next_dagrun for example_kubernetes_executor to None
[2022-03-28 14:03:10,605] {processor.py:170} INFO - Processing /home/airflow/.local/lib/python3.6/site-packages/airflow/example_dags/example_kubernetes_executor.py took 0.044 seconds
[2022-03-28 14:03:40,671] {processor.py:162} INFO - Started process (PID=1506) to work on /home/airflow/.local/lib/python3.6/site-packages/airflow/example_dags/example_kubernetes_executor.py
[2022-03-28 14:03:40,671] {processor.py:613} INFO - Processing file /home/airflow/.local/lib/python3.6/site-packages/airflow/example_dags/example_kubernetes_executor.py for tasks to queue
[2022-03-28 14:03:40,672] {logging_mixin.py:109} INFO - [2022-03-28 14:03:40,672] {dagbag.py:496} INFO - Filling up the DagBag from /home/airflow/.local/lib/python3.6/site-packages/airflow/example_dags/example_kubernetes_executor.py
[2022-03-28 14:03:40,678] {processor.py:623} INFO - DAG(s) dict_keys(['example_kubernetes_executor']) retrieved from /home/airflow/.local/lib/python3.6/site-packages/airflow/example_dags/example_kubernetes_executor.py
[2022-03-28 14:03:40,691] {logging_mixin.py:109} INFO - [2022-03-28 14:03:40,691] {dag.py:1833} INFO - Sync 1 DAGs
[2022-03-28 14:03:40,700] {logging_mixin.py:109} INFO - [2022-03-28 14:03:40,700] {dag.py:2306} INFO - Setting next_dagrun for example_kubernetes_executor to None
[2022-03-28 14:03:40,709] {processor.py:170} INFO - Processing /home/airflow/.local/lib/python3.6/site-packages/airflow/example_dags/example_kubernetes_executor.py took 0.040 seconds
[2022-03-28 14:04:10,876] {processor.py:162} INFO - Started process (PID=1567) to work on /home/airflow/.local/lib/python3.6/site-packages/airflow/example_dags/example_kubernetes_executor.py
[2022-03-28 14:04:10,876] {processor.py:613} INFO - Processing file /home/airflow/.local/lib/python3.6/site-packages/airflow/example_dags/example_kubernetes_executor.py for tasks to queue
[2022-03-28 14:04:10,876] {logging_mixin.py:109} INFO - [2022-03-28 14:04:10,876] {dagbag.py:496} INFO - Filling up the DagBag from /home/airflow/.local/lib/python3.6/site-packages/airflow/example_dags/example_kubernetes_executor.py
[2022-03-28 14:04:10,884] {processor.py:623} INFO - DAG(s) dict_keys(['example_kubernetes_executor']) retrieved from /home/airflow/.local/lib/python3.6/site-packages/airflow/example_dags/example_kubernetes_executor.py
[2022-03-28 14:04:10,897] {logging_mixin.py:109} INFO - [2022-03-28 14:04:10,897] {dag.py:1833} INFO - Sync 1 DAGs
[2022-03-28 14:04:10,908] {logging_mixin.py:109} INFO - [2022-03-28 14:04:10,908] {dag.py:2306} INFO - Setting next_dagrun for example_kubernetes_executor to None
[2022-03-28 14:04:10,916] {processor.py:170} INFO - Processing /home/airflow/.local/lib/python3.6/site-packages/airflow/example_dags/example_kubernetes_executor.py took 0.041 seconds
[2022-03-28 14:04:41,030] {processor.py:162} INFO - Started process (PID=1620) to work on /home/airflow/.local/lib/python3.6/site-packages/airflow/example_dags/example_kubernetes_executor.py
[2022-03-28 14:04:41,031] {processor.py:613} INFO - Processing file /home/airflow/.local/lib/python3.6/site-packages/airflow/example_dags/example_kubernetes_executor.py for tasks to queue
[2022-03-28 14:04:41,031] {logging_mixin.py:109} INFO - [2022-03-28 14:04:41,031] {dagbag.py:496} INFO - Filling up the DagBag from /home/airflow/.local/lib/python3.6/site-packages/airflow/example_dags/example_kubernetes_executor.py
[2022-03-28 14:04:41,038] {processor.py:623} INFO - DAG(s) dict_keys(['example_kubernetes_executor']) retrieved from /home/airflow/.local/lib/python3.6/site-packages/airflow/example_dags/example_kubernetes_executor.py
[2022-03-28 14:04:41,051] {logging_mixin.py:109} INFO - [2022-03-28 14:04:41,051] {dag.py:1833} INFO - Sync 1 DAGs
[2022-03-28 14:04:41,060] {logging_mixin.py:109} INFO - [2022-03-28 14:04:41,060] {dag.py:2306} INFO - Setting next_dagrun for example_kubernetes_executor to None
[2022-03-28 14:04:41,068] {processor.py:170} INFO - Processing /home/airflow/.local/lib/python3.6/site-packages/airflow/example_dags/example_kubernetes_executor.py took 0.039 seconds
[2022-03-28 14:05:11,897] {processor.py:162} INFO - Started process (PID=1682) to work on /home/airflow/.local/lib/python3.6/site-packages/airflow/example_dags/example_kubernetes_executor.py
[2022-03-28 14:05:11,898] {processor.py:613} INFO - Processing file /home/airflow/.local/lib/python3.6/site-packages/airflow/example_dags/example_kubernetes_executor.py for tasks to queue
[2022-03-28 14:05:11,898] {logging_mixin.py:109} INFO - [2022-03-28 14:05:11,898] {dagbag.py:496} INFO - Filling up the DagBag from /home/airflow/.local/lib/python3.6/site-packages/airflow/example_dags/example_kubernetes_executor.py
[2022-03-28 14:05:11,905] {processor.py:623} INFO - DAG(s) dict_keys(['example_kubernetes_executor']) retrieved from /home/airflow/.local/lib/python3.6/site-packages/airflow/example_dags/example_kubernetes_executor.py
[2022-03-28 14:05:11,920] {logging_mixin.py:109} INFO - [2022-03-28 14:05:11,920] {dag.py:1833} INFO - Sync 1 DAGs
[2022-03-28 14:05:11,929] {logging_mixin.py:109} INFO - [2022-03-28 14:05:11,929] {dag.py:2306} INFO - Setting next_dagrun for example_kubernetes_executor to None
[2022-03-28 14:05:11,936] {processor.py:170} INFO - Processing /home/airflow/.local/lib/python3.6/site-packages/airflow/example_dags/example_kubernetes_executor.py took 0.041 seconds
[2022-03-28 14:05:41,982] {processor.py:162} INFO - Started process (PID=1734) to work on /home/airflow/.local/lib/python3.6/site-packages/airflow/example_dags/example_kubernetes_executor.py
[2022-03-28 14:05:41,983] {processor.py:613} INFO - Processing file /home/airflow/.local/lib/python3.6/site-packages/airflow/example_dags/example_kubernetes_executor.py for tasks to queue
[2022-03-28 14:05:41,984] {logging_mixin.py:109} INFO - [2022-03-28 14:05:41,984] {dagbag.py:496} INFO - Filling up the DagBag from /home/airflow/.local/lib/python3.6/site-packages/airflow/example_dags/example_kubernetes_executor.py
[2022-03-28 14:05:41,991] {processor.py:623} INFO - DAG(s) dict_keys(['example_kubernetes_executor']) retrieved from /home/airflow/.local/lib/python3.6/site-packages/airflow/example_dags/example_kubernetes_executor.py
[2022-03-28 14:05:42,005] {logging_mixin.py:109} INFO - [2022-03-28 14:05:42,005] {dag.py:1833} INFO - Sync 1 DAGs
[2022-03-28 14:05:42,015] {logging_mixin.py:109} INFO - [2022-03-28 14:05:42,015] {dag.py:2306} INFO - Setting next_dagrun for example_kubernetes_executor to None
[2022-03-28 14:05:42,022] {processor.py:170} INFO - Processing /home/airflow/.local/lib/python3.6/site-packages/airflow/example_dags/example_kubernetes_executor.py took 0.041 seconds
[2022-03-28 14:06:12,690] {processor.py:162} INFO - Started process (PID=1797) to work on /home/airflow/.local/lib/python3.6/site-packages/airflow/example_dags/example_kubernetes_executor.py
[2022-03-28 14:06:12,690] {processor.py:613} INFO - Processing file /home/airflow/.local/lib/python3.6/site-packages/airflow/example_dags/example_kubernetes_executor.py for tasks to queue
[2022-03-28 14:06:12,691] {logging_mixin.py:109} INFO - [2022-03-28 14:06:12,691] {dagbag.py:496} INFO - Filling up the DagBag from /home/airflow/.local/lib/python3.6/site-packages/airflow/example_dags/example_kubernetes_executor.py
[2022-03-28 14:06:12,697] {processor.py:623} INFO - DAG(s) dict_keys(['example_kubernetes_executor']) retrieved from /home/airflow/.local/lib/python3.6/site-packages/airflow/example_dags/example_kubernetes_executor.py
[2022-03-28 14:06:12,710] {logging_mixin.py:109} INFO - [2022-03-28 14:06:12,710] {dag.py:1833} INFO - Sync 1 DAGs
[2022-03-28 14:06:12,719] {logging_mixin.py:109} INFO - [2022-03-28 14:06:12,719] {dag.py:2306} INFO - Setting next_dagrun for example_kubernetes_executor to None
[2022-03-28 14:06:12,727] {processor.py:170} INFO - Processing /home/airflow/.local/lib/python3.6/site-packages/airflow/example_dags/example_kubernetes_executor.py took 0.039 seconds
[2022-03-28 14:06:43,411] {processor.py:162} INFO - Started process (PID=1855) to work on /home/airflow/.local/lib/python3.6/site-packages/airflow/example_dags/example_kubernetes_executor.py
[2022-03-28 14:06:43,411] {processor.py:613} INFO - Processing file /home/airflow/.local/lib/python3.6/site-packages/airflow/example_dags/example_kubernetes_executor.py for tasks to queue
[2022-03-28 14:06:43,412] {logging_mixin.py:109} INFO - [2022-03-28 14:06:43,412] {dagbag.py:496} INFO - Filling up the DagBag from /home/airflow/.local/lib/python3.6/site-packages/airflow/example_dags/example_kubernetes_executor.py
[2022-03-28 14:06:43,419] {processor.py:623} INFO - DAG(s) dict_keys(['example_kubernetes_executor']) retrieved from /home/airflow/.local/lib/python3.6/site-packages/airflow/example_dags/example_kubernetes_executor.py
[2022-03-28 14:06:43,438] {logging_mixin.py:109} INFO - [2022-03-28 14:06:43,438] {dag.py:1833} INFO - Sync 1 DAGs
[2022-03-28 14:06:43,449] {logging_mixin.py:109} INFO - [2022-03-28 14:06:43,448] {dag.py:2306} INFO - Setting next_dagrun for example_kubernetes_executor to None
[2022-03-28 14:06:43,460] {processor.py:170} INFO - Processing /home/airflow/.local/lib/python3.6/site-packages/airflow/example_dags/example_kubernetes_executor.py took 0.051 seconds
[2022-03-28 14:07:14,120] {processor.py:162} INFO - Started process (PID=1911) to work on /home/airflow/.local/lib/python3.6/site-packages/airflow/example_dags/example_kubernetes_executor.py
[2022-03-28 14:07:14,120] {processor.py:613} INFO - Processing file /home/airflow/.local/lib/python3.6/site-packages/airflow/example_dags/example_kubernetes_executor.py for tasks to queue
[2022-03-28 14:07:14,121] {logging_mixin.py:109} INFO - [2022-03-28 14:07:14,120] {dagbag.py:496} INFO - Filling up the DagBag from /home/airflow/.local/lib/python3.6/site-packages/airflow/example_dags/example_kubernetes_executor.py
[2022-03-28 14:07:14,127] {processor.py:623} INFO - DAG(s) dict_keys(['example_kubernetes_executor']) retrieved from /home/airflow/.local/lib/python3.6/site-packages/airflow/example_dags/example_kubernetes_executor.py
[2022-03-28 14:07:14,142] {logging_mixin.py:109} INFO - [2022-03-28 14:07:14,142] {dag.py:1833} INFO - Sync 1 DAGs
[2022-03-28 14:07:14,155] {logging_mixin.py:109} INFO - [2022-03-28 14:07:14,155] {dag.py:2306} INFO - Setting next_dagrun for example_kubernetes_executor to None
[2022-03-28 14:07:14,163] {processor.py:170} INFO - Processing /home/airflow/.local/lib/python3.6/site-packages/airflow/example_dags/example_kubernetes_executor.py took 0.046 seconds
