[2022-03-28 13:54:26,549] {processor.py:162} INFO - Started process (PID=429) to work on /home/airflow/.local/lib/python3.6/site-packages/airflow/example_dags/example_external_task_marker_dag.py
[2022-03-28 13:54:26,550] {processor.py:613} INFO - Processing file /home/airflow/.local/lib/python3.6/site-packages/airflow/example_dags/example_external_task_marker_dag.py for tasks to queue
[2022-03-28 13:54:26,550] {logging_mixin.py:109} INFO - [2022-03-28 13:54:26,550] {dagbag.py:496} INFO - Filling up the DagBag from /home/airflow/.local/lib/python3.6/site-packages/airflow/example_dags/example_external_task_marker_dag.py
[2022-03-28 13:54:26,559] {processor.py:623} INFO - DAG(s) dict_keys(['example_external_task_marker_parent', 'example_external_task_marker_child']) retrieved from /home/airflow/.local/lib/python3.6/site-packages/airflow/example_dags/example_external_task_marker_dag.py
[2022-03-28 13:54:28,272] {logging_mixin.py:109} INFO - [2022-03-28 13:54:28,272] {dag.py:1833} INFO - Sync 2 DAGs
[2022-03-28 13:54:28,280] {logging_mixin.py:109} INFO - [2022-03-28 13:54:28,279] {dag.py:1852} INFO - Creating ORM DAG for example_external_task_marker_child
[2022-03-28 13:54:28,280] {logging_mixin.py:109} INFO - [2022-03-28 13:54:28,280] {dag.py:1852} INFO - Creating ORM DAG for example_external_task_marker_parent
[2022-03-28 13:54:28,284] {logging_mixin.py:109} INFO - [2022-03-28 13:54:28,283] {dag.py:2306} INFO - Setting next_dagrun for example_external_task_marker_child to None
[2022-03-28 13:54:28,284] {logging_mixin.py:109} INFO - [2022-03-28 13:54:28,284] {dag.py:2306} INFO - Setting next_dagrun for example_external_task_marker_parent to None
[2022-03-28 13:54:28,295] {processor.py:170} INFO - Processing /home/airflow/.local/lib/python3.6/site-packages/airflow/example_dags/example_external_task_marker_dag.py took 1.747 seconds
[2022-03-28 13:54:59,214] {processor.py:162} INFO - Started process (PID=515) to work on /home/airflow/.local/lib/python3.6/site-packages/airflow/example_dags/example_external_task_marker_dag.py
[2022-03-28 13:54:59,214] {processor.py:613} INFO - Processing file /home/airflow/.local/lib/python3.6/site-packages/airflow/example_dags/example_external_task_marker_dag.py for tasks to queue
[2022-03-28 13:54:59,215] {logging_mixin.py:109} INFO - [2022-03-28 13:54:59,215] {dagbag.py:496} INFO - Filling up the DagBag from /home/airflow/.local/lib/python3.6/site-packages/airflow/example_dags/example_external_task_marker_dag.py
[2022-03-28 13:54:59,222] {processor.py:623} INFO - DAG(s) dict_keys(['example_external_task_marker_parent', 'example_external_task_marker_child']) retrieved from /home/airflow/.local/lib/python3.6/site-packages/airflow/example_dags/example_external_task_marker_dag.py
[2022-03-28 13:54:59,240] {logging_mixin.py:109} INFO - [2022-03-28 13:54:59,240] {dag.py:1833} INFO - Sync 2 DAGs
[2022-03-28 13:54:59,251] {logging_mixin.py:109} INFO - [2022-03-28 13:54:59,251] {dag.py:2306} INFO - Setting next_dagrun for example_external_task_marker_child to None
[2022-03-28 13:54:59,252] {logging_mixin.py:109} INFO - [2022-03-28 13:54:59,252] {dag.py:2306} INFO - Setting next_dagrun for example_external_task_marker_parent to None
[2022-03-28 13:54:59,260] {processor.py:170} INFO - Processing /home/airflow/.local/lib/python3.6/site-packages/airflow/example_dags/example_external_task_marker_dag.py took 0.048 seconds
[2022-03-28 13:55:29,383] {processor.py:162} INFO - Started process (PID=566) to work on /home/airflow/.local/lib/python3.6/site-packages/airflow/example_dags/example_external_task_marker_dag.py
[2022-03-28 13:55:29,384] {processor.py:613} INFO - Processing file /home/airflow/.local/lib/python3.6/site-packages/airflow/example_dags/example_external_task_marker_dag.py for tasks to queue
[2022-03-28 13:55:29,384] {logging_mixin.py:109} INFO - [2022-03-28 13:55:29,384] {dagbag.py:496} INFO - Filling up the DagBag from /home/airflow/.local/lib/python3.6/site-packages/airflow/example_dags/example_external_task_marker_dag.py
[2022-03-28 13:55:29,394] {processor.py:623} INFO - DAG(s) dict_keys(['example_external_task_marker_parent', 'example_external_task_marker_child']) retrieved from /home/airflow/.local/lib/python3.6/site-packages/airflow/example_dags/example_external_task_marker_dag.py
[2022-03-28 13:55:29,410] {logging_mixin.py:109} INFO - [2022-03-28 13:55:29,410] {dag.py:1833} INFO - Sync 2 DAGs
[2022-03-28 13:55:29,424] {logging_mixin.py:109} INFO - [2022-03-28 13:55:29,424] {dag.py:2306} INFO - Setting next_dagrun for example_external_task_marker_child to None
[2022-03-28 13:55:29,425] {logging_mixin.py:109} INFO - [2022-03-28 13:55:29,425] {dag.py:2306} INFO - Setting next_dagrun for example_external_task_marker_parent to None
[2022-03-28 13:55:29,432] {processor.py:170} INFO - Processing /home/airflow/.local/lib/python3.6/site-packages/airflow/example_dags/example_external_task_marker_dag.py took 0.051 seconds
[2022-03-28 13:55:59,469] {processor.py:162} INFO - Started process (PID=629) to work on /home/airflow/.local/lib/python3.6/site-packages/airflow/example_dags/example_external_task_marker_dag.py
[2022-03-28 13:55:59,470] {processor.py:613} INFO - Processing file /home/airflow/.local/lib/python3.6/site-packages/airflow/example_dags/example_external_task_marker_dag.py for tasks to queue
[2022-03-28 13:55:59,470] {logging_mixin.py:109} INFO - [2022-03-28 13:55:59,470] {dagbag.py:496} INFO - Filling up the DagBag from /home/airflow/.local/lib/python3.6/site-packages/airflow/example_dags/example_external_task_marker_dag.py
[2022-03-28 13:55:59,478] {processor.py:623} INFO - DAG(s) dict_keys(['example_external_task_marker_parent', 'example_external_task_marker_child']) retrieved from /home/airflow/.local/lib/python3.6/site-packages/airflow/example_dags/example_external_task_marker_dag.py
[2022-03-28 13:55:59,493] {logging_mixin.py:109} INFO - [2022-03-28 13:55:59,493] {dag.py:1833} INFO - Sync 2 DAGs
[2022-03-28 13:55:59,502] {logging_mixin.py:109} INFO - [2022-03-28 13:55:59,502] {dag.py:2306} INFO - Setting next_dagrun for example_external_task_marker_child to None
[2022-03-28 13:55:59,503] {logging_mixin.py:109} INFO - [2022-03-28 13:55:59,503] {dag.py:2306} INFO - Setting next_dagrun for example_external_task_marker_parent to None
[2022-03-28 13:55:59,510] {processor.py:170} INFO - Processing /home/airflow/.local/lib/python3.6/site-packages/airflow/example_dags/example_external_task_marker_dag.py took 0.042 seconds
[2022-03-28 13:56:29,675] {processor.py:162} INFO - Started process (PID=681) to work on /home/airflow/.local/lib/python3.6/site-packages/airflow/example_dags/example_external_task_marker_dag.py
[2022-03-28 13:56:29,675] {processor.py:613} INFO - Processing file /home/airflow/.local/lib/python3.6/site-packages/airflow/example_dags/example_external_task_marker_dag.py for tasks to queue
[2022-03-28 13:56:29,676] {logging_mixin.py:109} INFO - [2022-03-28 13:56:29,676] {dagbag.py:496} INFO - Filling up the DagBag from /home/airflow/.local/lib/python3.6/site-packages/airflow/example_dags/example_external_task_marker_dag.py
[2022-03-28 13:56:29,683] {processor.py:623} INFO - DAG(s) dict_keys(['example_external_task_marker_parent', 'example_external_task_marker_child']) retrieved from /home/airflow/.local/lib/python3.6/site-packages/airflow/example_dags/example_external_task_marker_dag.py
[2022-03-28 13:56:29,698] {logging_mixin.py:109} INFO - [2022-03-28 13:56:29,698] {dag.py:1833} INFO - Sync 2 DAGs
[2022-03-28 13:56:29,707] {logging_mixin.py:109} INFO - [2022-03-28 13:56:29,707] {dag.py:2306} INFO - Setting next_dagrun for example_external_task_marker_child to None
[2022-03-28 13:56:29,708] {logging_mixin.py:109} INFO - [2022-03-28 13:56:29,708] {dag.py:2306} INFO - Setting next_dagrun for example_external_task_marker_parent to None
[2022-03-28 13:56:29,715] {processor.py:170} INFO - Processing /home/airflow/.local/lib/python3.6/site-packages/airflow/example_dags/example_external_task_marker_dag.py took 0.042 seconds
[2022-03-28 13:56:59,765] {processor.py:162} INFO - Started process (PID=742) to work on /home/airflow/.local/lib/python3.6/site-packages/airflow/example_dags/example_external_task_marker_dag.py
[2022-03-28 13:56:59,766] {processor.py:613} INFO - Processing file /home/airflow/.local/lib/python3.6/site-packages/airflow/example_dags/example_external_task_marker_dag.py for tasks to queue
[2022-03-28 13:56:59,766] {logging_mixin.py:109} INFO - [2022-03-28 13:56:59,766] {dagbag.py:496} INFO - Filling up the DagBag from /home/airflow/.local/lib/python3.6/site-packages/airflow/example_dags/example_external_task_marker_dag.py
[2022-03-28 13:56:59,774] {processor.py:623} INFO - DAG(s) dict_keys(['example_external_task_marker_parent', 'example_external_task_marker_child']) retrieved from /home/airflow/.local/lib/python3.6/site-packages/airflow/example_dags/example_external_task_marker_dag.py
[2022-03-28 13:56:59,789] {logging_mixin.py:109} INFO - [2022-03-28 13:56:59,789] {dag.py:1833} INFO - Sync 2 DAGs
[2022-03-28 13:56:59,799] {logging_mixin.py:109} INFO - [2022-03-28 13:56:59,799] {dag.py:2306} INFO - Setting next_dagrun for example_external_task_marker_child to None
[2022-03-28 13:56:59,799] {logging_mixin.py:109} INFO - [2022-03-28 13:56:59,799] {dag.py:2306} INFO - Setting next_dagrun for example_external_task_marker_parent to None
[2022-03-28 13:56:59,806] {processor.py:170} INFO - Processing /home/airflow/.local/lib/python3.6/site-packages/airflow/example_dags/example_external_task_marker_dag.py took 0.043 seconds
[2022-03-28 13:57:30,600] {processor.py:162} INFO - Started process (PID=804) to work on /home/airflow/.local/lib/python3.6/site-packages/airflow/example_dags/example_external_task_marker_dag.py
[2022-03-28 13:57:30,600] {processor.py:613} INFO - Processing file /home/airflow/.local/lib/python3.6/site-packages/airflow/example_dags/example_external_task_marker_dag.py for tasks to queue
[2022-03-28 13:57:30,601] {logging_mixin.py:109} INFO - [2022-03-28 13:57:30,601] {dagbag.py:496} INFO - Filling up the DagBag from /home/airflow/.local/lib/python3.6/site-packages/airflow/example_dags/example_external_task_marker_dag.py
[2022-03-28 13:57:30,610] {processor.py:623} INFO - DAG(s) dict_keys(['example_external_task_marker_parent', 'example_external_task_marker_child']) retrieved from /home/airflow/.local/lib/python3.6/site-packages/airflow/example_dags/example_external_task_marker_dag.py
[2022-03-28 13:57:30,626] {logging_mixin.py:109} INFO - [2022-03-28 13:57:30,626] {dag.py:1833} INFO - Sync 2 DAGs
[2022-03-28 13:57:30,636] {logging_mixin.py:109} INFO - [2022-03-28 13:57:30,636] {dag.py:2306} INFO - Setting next_dagrun for example_external_task_marker_child to None
[2022-03-28 13:57:30,636] {logging_mixin.py:109} INFO - [2022-03-28 13:57:30,636] {dag.py:2306} INFO - Setting next_dagrun for example_external_task_marker_parent to None
[2022-03-28 13:57:30,644] {processor.py:170} INFO - Processing /home/airflow/.local/lib/python3.6/site-packages/airflow/example_dags/example_external_task_marker_dag.py took 0.046 seconds
[2022-03-28 13:58:01,465] {processor.py:162} INFO - Started process (PID=857) to work on /home/airflow/.local/lib/python3.6/site-packages/airflow/example_dags/example_external_task_marker_dag.py
[2022-03-28 13:58:01,466] {processor.py:613} INFO - Processing file /home/airflow/.local/lib/python3.6/site-packages/airflow/example_dags/example_external_task_marker_dag.py for tasks to queue
[2022-03-28 13:58:01,467] {logging_mixin.py:109} INFO - [2022-03-28 13:58:01,467] {dagbag.py:496} INFO - Filling up the DagBag from /home/airflow/.local/lib/python3.6/site-packages/airflow/example_dags/example_external_task_marker_dag.py
[2022-03-28 13:58:01,477] {processor.py:623} INFO - DAG(s) dict_keys(['example_external_task_marker_parent', 'example_external_task_marker_child']) retrieved from /home/airflow/.local/lib/python3.6/site-packages/airflow/example_dags/example_external_task_marker_dag.py
[2022-03-28 13:58:01,496] {logging_mixin.py:109} INFO - [2022-03-28 13:58:01,496] {dag.py:1833} INFO - Sync 2 DAGs
[2022-03-28 13:58:01,507] {logging_mixin.py:109} INFO - [2022-03-28 13:58:01,507] {dag.py:2306} INFO - Setting next_dagrun for example_external_task_marker_child to None
[2022-03-28 13:58:01,508] {logging_mixin.py:109} INFO - [2022-03-28 13:58:01,508] {dag.py:2306} INFO - Setting next_dagrun for example_external_task_marker_parent to None
[2022-03-28 13:58:01,515] {processor.py:170} INFO - Processing /home/airflow/.local/lib/python3.6/site-packages/airflow/example_dags/example_external_task_marker_dag.py took 0.052 seconds
[2022-03-28 13:58:31,639] {processor.py:162} INFO - Started process (PID=918) to work on /home/airflow/.local/lib/python3.6/site-packages/airflow/example_dags/example_external_task_marker_dag.py
[2022-03-28 13:58:31,640] {processor.py:613} INFO - Processing file /home/airflow/.local/lib/python3.6/site-packages/airflow/example_dags/example_external_task_marker_dag.py for tasks to queue
[2022-03-28 13:58:31,641] {logging_mixin.py:109} INFO - [2022-03-28 13:58:31,640] {dagbag.py:496} INFO - Filling up the DagBag from /home/airflow/.local/lib/python3.6/site-packages/airflow/example_dags/example_external_task_marker_dag.py
[2022-03-28 13:58:31,650] {processor.py:623} INFO - DAG(s) dict_keys(['example_external_task_marker_parent', 'example_external_task_marker_child']) retrieved from /home/airflow/.local/lib/python3.6/site-packages/airflow/example_dags/example_external_task_marker_dag.py
[2022-03-28 13:58:31,669] {logging_mixin.py:109} INFO - [2022-03-28 13:58:31,668] {dag.py:1833} INFO - Sync 2 DAGs
[2022-03-28 13:58:31,681] {logging_mixin.py:109} INFO - [2022-03-28 13:58:31,680] {dag.py:2306} INFO - Setting next_dagrun for example_external_task_marker_child to None
[2022-03-28 13:58:31,681] {logging_mixin.py:109} INFO - [2022-03-28 13:58:31,681] {dag.py:2306} INFO - Setting next_dagrun for example_external_task_marker_parent to None
[2022-03-28 13:58:31,690] {processor.py:170} INFO - Processing /home/airflow/.local/lib/python3.6/site-packages/airflow/example_dags/example_external_task_marker_dag.py took 0.052 seconds
[2022-03-28 13:59:01,720] {processor.py:162} INFO - Started process (PID=971) to work on /home/airflow/.local/lib/python3.6/site-packages/airflow/example_dags/example_external_task_marker_dag.py
[2022-03-28 13:59:01,721] {processor.py:613} INFO - Processing file /home/airflow/.local/lib/python3.6/site-packages/airflow/example_dags/example_external_task_marker_dag.py for tasks to queue
[2022-03-28 13:59:01,721] {logging_mixin.py:109} INFO - [2022-03-28 13:59:01,721] {dagbag.py:496} INFO - Filling up the DagBag from /home/airflow/.local/lib/python3.6/site-packages/airflow/example_dags/example_external_task_marker_dag.py
[2022-03-28 13:59:01,728] {processor.py:623} INFO - DAG(s) dict_keys(['example_external_task_marker_parent', 'example_external_task_marker_child']) retrieved from /home/airflow/.local/lib/python3.6/site-packages/airflow/example_dags/example_external_task_marker_dag.py
[2022-03-28 13:59:01,744] {logging_mixin.py:109} INFO - [2022-03-28 13:59:01,744] {dag.py:1833} INFO - Sync 2 DAGs
[2022-03-28 13:59:01,753] {logging_mixin.py:109} INFO - [2022-03-28 13:59:01,753] {dag.py:2306} INFO - Setting next_dagrun for example_external_task_marker_child to None
[2022-03-28 13:59:01,754] {logging_mixin.py:109} INFO - [2022-03-28 13:59:01,754] {dag.py:2306} INFO - Setting next_dagrun for example_external_task_marker_parent to None
[2022-03-28 13:59:01,762] {processor.py:170} INFO - Processing /home/airflow/.local/lib/python3.6/site-packages/airflow/example_dags/example_external_task_marker_dag.py took 0.043 seconds
[2022-03-28 13:59:31,853] {processor.py:162} INFO - Started process (PID=1033) to work on /home/airflow/.local/lib/python3.6/site-packages/airflow/example_dags/example_external_task_marker_dag.py
[2022-03-28 13:59:31,854] {processor.py:613} INFO - Processing file /home/airflow/.local/lib/python3.6/site-packages/airflow/example_dags/example_external_task_marker_dag.py for tasks to queue
[2022-03-28 13:59:31,854] {logging_mixin.py:109} INFO - [2022-03-28 13:59:31,854] {dagbag.py:496} INFO - Filling up the DagBag from /home/airflow/.local/lib/python3.6/site-packages/airflow/example_dags/example_external_task_marker_dag.py
[2022-03-28 13:59:31,861] {processor.py:623} INFO - DAG(s) dict_keys(['example_external_task_marker_parent', 'example_external_task_marker_child']) retrieved from /home/airflow/.local/lib/python3.6/site-packages/airflow/example_dags/example_external_task_marker_dag.py
[2022-03-28 13:59:31,879] {logging_mixin.py:109} INFO - [2022-03-28 13:59:31,879] {dag.py:1833} INFO - Sync 2 DAGs
[2022-03-28 13:59:31,890] {logging_mixin.py:109} INFO - [2022-03-28 13:59:31,890] {dag.py:2306} INFO - Setting next_dagrun for example_external_task_marker_child to None
[2022-03-28 13:59:31,891] {logging_mixin.py:109} INFO - [2022-03-28 13:59:31,891] {dag.py:2306} INFO - Setting next_dagrun for example_external_task_marker_parent to None
[2022-03-28 13:59:31,900] {processor.py:170} INFO - Processing /home/airflow/.local/lib/python3.6/site-packages/airflow/example_dags/example_external_task_marker_dag.py took 0.049 seconds
[2022-03-28 14:00:01,939] {processor.py:162} INFO - Started process (PID=1084) to work on /home/airflow/.local/lib/python3.6/site-packages/airflow/example_dags/example_external_task_marker_dag.py
[2022-03-28 14:00:01,940] {processor.py:613} INFO - Processing file /home/airflow/.local/lib/python3.6/site-packages/airflow/example_dags/example_external_task_marker_dag.py for tasks to queue
[2022-03-28 14:00:01,940] {logging_mixin.py:109} INFO - [2022-03-28 14:00:01,940] {dagbag.py:496} INFO - Filling up the DagBag from /home/airflow/.local/lib/python3.6/site-packages/airflow/example_dags/example_external_task_marker_dag.py
[2022-03-28 14:00:01,948] {processor.py:623} INFO - DAG(s) dict_keys(['example_external_task_marker_parent', 'example_external_task_marker_child']) retrieved from /home/airflow/.local/lib/python3.6/site-packages/airflow/example_dags/example_external_task_marker_dag.py
[2022-03-28 14:00:01,964] {logging_mixin.py:109} INFO - [2022-03-28 14:00:01,964] {dag.py:1833} INFO - Sync 2 DAGs
[2022-03-28 14:00:01,974] {logging_mixin.py:109} INFO - [2022-03-28 14:00:01,974] {dag.py:2306} INFO - Setting next_dagrun for example_external_task_marker_child to None
[2022-03-28 14:00:01,974] {logging_mixin.py:109} INFO - [2022-03-28 14:00:01,974] {dag.py:2306} INFO - Setting next_dagrun for example_external_task_marker_parent to None
[2022-03-28 14:00:01,982] {processor.py:170} INFO - Processing /home/airflow/.local/lib/python3.6/site-packages/airflow/example_dags/example_external_task_marker_dag.py took 0.044 seconds
[2022-03-28 14:00:32,092] {processor.py:162} INFO - Started process (PID=1148) to work on /home/airflow/.local/lib/python3.6/site-packages/airflow/example_dags/example_external_task_marker_dag.py
[2022-03-28 14:00:32,093] {processor.py:613} INFO - Processing file /home/airflow/.local/lib/python3.6/site-packages/airflow/example_dags/example_external_task_marker_dag.py for tasks to queue
[2022-03-28 14:00:32,094] {logging_mixin.py:109} INFO - [2022-03-28 14:00:32,093] {dagbag.py:496} INFO - Filling up the DagBag from /home/airflow/.local/lib/python3.6/site-packages/airflow/example_dags/example_external_task_marker_dag.py
[2022-03-28 14:00:32,101] {processor.py:623} INFO - DAG(s) dict_keys(['example_external_task_marker_parent', 'example_external_task_marker_child']) retrieved from /home/airflow/.local/lib/python3.6/site-packages/airflow/example_dags/example_external_task_marker_dag.py
[2022-03-28 14:00:32,117] {logging_mixin.py:109} INFO - [2022-03-28 14:00:32,117] {dag.py:1833} INFO - Sync 2 DAGs
[2022-03-28 14:00:32,128] {logging_mixin.py:109} INFO - [2022-03-28 14:00:32,127] {dag.py:2306} INFO - Setting next_dagrun for example_external_task_marker_child to None
[2022-03-28 14:00:32,128] {logging_mixin.py:109} INFO - [2022-03-28 14:00:32,128] {dag.py:2306} INFO - Setting next_dagrun for example_external_task_marker_parent to None
[2022-03-28 14:00:32,135] {processor.py:170} INFO - Processing /home/airflow/.local/lib/python3.6/site-packages/airflow/example_dags/example_external_task_marker_dag.py took 0.044 seconds
[2022-03-28 14:01:02,231] {processor.py:162} INFO - Started process (PID=1209) to work on /home/airflow/.local/lib/python3.6/site-packages/airflow/example_dags/example_external_task_marker_dag.py
[2022-03-28 14:01:02,231] {processor.py:613} INFO - Processing file /home/airflow/.local/lib/python3.6/site-packages/airflow/example_dags/example_external_task_marker_dag.py for tasks to queue
[2022-03-28 14:01:02,232] {logging_mixin.py:109} INFO - [2022-03-28 14:01:02,232] {dagbag.py:496} INFO - Filling up the DagBag from /home/airflow/.local/lib/python3.6/site-packages/airflow/example_dags/example_external_task_marker_dag.py
[2022-03-28 14:01:02,239] {processor.py:623} INFO - DAG(s) dict_keys(['example_external_task_marker_parent', 'example_external_task_marker_child']) retrieved from /home/airflow/.local/lib/python3.6/site-packages/airflow/example_dags/example_external_task_marker_dag.py
[2022-03-28 14:01:02,255] {logging_mixin.py:109} INFO - [2022-03-28 14:01:02,255] {dag.py:1833} INFO - Sync 2 DAGs
[2022-03-28 14:01:02,266] {logging_mixin.py:109} INFO - [2022-03-28 14:01:02,266] {dag.py:2306} INFO - Setting next_dagrun for example_external_task_marker_child to None
[2022-03-28 14:01:02,266] {logging_mixin.py:109} INFO - [2022-03-28 14:01:02,266] {dag.py:2306} INFO - Setting next_dagrun for example_external_task_marker_parent to None
[2022-03-28 14:01:02,274] {processor.py:170} INFO - Processing /home/airflow/.local/lib/python3.6/site-packages/airflow/example_dags/example_external_task_marker_dag.py took 0.046 seconds
[2022-03-28 14:01:32,383] {processor.py:162} INFO - Started process (PID=1262) to work on /home/airflow/.local/lib/python3.6/site-packages/airflow/example_dags/example_external_task_marker_dag.py
[2022-03-28 14:01:32,384] {processor.py:613} INFO - Processing file /home/airflow/.local/lib/python3.6/site-packages/airflow/example_dags/example_external_task_marker_dag.py for tasks to queue
[2022-03-28 14:01:32,384] {logging_mixin.py:109} INFO - [2022-03-28 14:01:32,384] {dagbag.py:496} INFO - Filling up the DagBag from /home/airflow/.local/lib/python3.6/site-packages/airflow/example_dags/example_external_task_marker_dag.py
[2022-03-28 14:01:32,394] {processor.py:623} INFO - DAG(s) dict_keys(['example_external_task_marker_parent', 'example_external_task_marker_child']) retrieved from /home/airflow/.local/lib/python3.6/site-packages/airflow/example_dags/example_external_task_marker_dag.py
[2022-03-28 14:01:32,415] {logging_mixin.py:109} INFO - [2022-03-28 14:01:32,415] {dag.py:1833} INFO - Sync 2 DAGs
[2022-03-28 14:01:32,433] {logging_mixin.py:109} INFO - [2022-03-28 14:01:32,433] {dag.py:2306} INFO - Setting next_dagrun for example_external_task_marker_child to None
[2022-03-28 14:01:32,434] {logging_mixin.py:109} INFO - [2022-03-28 14:01:32,434] {dag.py:2306} INFO - Setting next_dagrun for example_external_task_marker_parent to None
[2022-03-28 14:01:32,444] {processor.py:170} INFO - Processing /home/airflow/.local/lib/python3.6/site-packages/airflow/example_dags/example_external_task_marker_dag.py took 0.063 seconds
[2022-03-28 14:02:02,540] {processor.py:162} INFO - Started process (PID=1324) to work on /home/airflow/.local/lib/python3.6/site-packages/airflow/example_dags/example_external_task_marker_dag.py
[2022-03-28 14:02:02,541] {processor.py:613} INFO - Processing file /home/airflow/.local/lib/python3.6/site-packages/airflow/example_dags/example_external_task_marker_dag.py for tasks to queue
[2022-03-28 14:02:02,541] {logging_mixin.py:109} INFO - [2022-03-28 14:02:02,541] {dagbag.py:496} INFO - Filling up the DagBag from /home/airflow/.local/lib/python3.6/site-packages/airflow/example_dags/example_external_task_marker_dag.py
[2022-03-28 14:02:02,549] {processor.py:623} INFO - DAG(s) dict_keys(['example_external_task_marker_parent', 'example_external_task_marker_child']) retrieved from /home/airflow/.local/lib/python3.6/site-packages/airflow/example_dags/example_external_task_marker_dag.py
[2022-03-28 14:02:02,564] {logging_mixin.py:109} INFO - [2022-03-28 14:02:02,564] {dag.py:1833} INFO - Sync 2 DAGs
[2022-03-28 14:02:02,574] {logging_mixin.py:109} INFO - [2022-03-28 14:02:02,574] {dag.py:2306} INFO - Setting next_dagrun for example_external_task_marker_child to None
[2022-03-28 14:02:02,574] {logging_mixin.py:109} INFO - [2022-03-28 14:02:02,574] {dag.py:2306} INFO - Setting next_dagrun for example_external_task_marker_parent to None
[2022-03-28 14:02:02,581] {processor.py:170} INFO - Processing /home/airflow/.local/lib/python3.6/site-packages/airflow/example_dags/example_external_task_marker_dag.py took 0.042 seconds
[2022-03-28 14:02:32,602] {processor.py:162} INFO - Started process (PID=1377) to work on /home/airflow/.local/lib/python3.6/site-packages/airflow/example_dags/example_external_task_marker_dag.py
[2022-03-28 14:02:32,602] {processor.py:613} INFO - Processing file /home/airflow/.local/lib/python3.6/site-packages/airflow/example_dags/example_external_task_marker_dag.py for tasks to queue
[2022-03-28 14:02:32,603] {logging_mixin.py:109} INFO - [2022-03-28 14:02:32,603] {dagbag.py:496} INFO - Filling up the DagBag from /home/airflow/.local/lib/python3.6/site-packages/airflow/example_dags/example_external_task_marker_dag.py
[2022-03-28 14:02:32,610] {processor.py:623} INFO - DAG(s) dict_keys(['example_external_task_marker_parent', 'example_external_task_marker_child']) retrieved from /home/airflow/.local/lib/python3.6/site-packages/airflow/example_dags/example_external_task_marker_dag.py
[2022-03-28 14:02:32,627] {logging_mixin.py:109} INFO - [2022-03-28 14:02:32,627] {dag.py:1833} INFO - Sync 2 DAGs
[2022-03-28 14:02:32,638] {logging_mixin.py:109} INFO - [2022-03-28 14:02:32,638] {dag.py:2306} INFO - Setting next_dagrun for example_external_task_marker_child to None
[2022-03-28 14:02:32,638] {logging_mixin.py:109} INFO - [2022-03-28 14:02:32,638] {dag.py:2306} INFO - Setting next_dagrun for example_external_task_marker_parent to None
[2022-03-28 14:02:32,647] {processor.py:170} INFO - Processing /home/airflow/.local/lib/python3.6/site-packages/airflow/example_dags/example_external_task_marker_dag.py took 0.047 seconds
[2022-03-28 14:03:03,411] {processor.py:162} INFO - Started process (PID=1439) to work on /home/airflow/.local/lib/python3.6/site-packages/airflow/example_dags/example_external_task_marker_dag.py
[2022-03-28 14:03:03,412] {processor.py:613} INFO - Processing file /home/airflow/.local/lib/python3.6/site-packages/airflow/example_dags/example_external_task_marker_dag.py for tasks to queue
[2022-03-28 14:03:03,412] {logging_mixin.py:109} INFO - [2022-03-28 14:03:03,412] {dagbag.py:496} INFO - Filling up the DagBag from /home/airflow/.local/lib/python3.6/site-packages/airflow/example_dags/example_external_task_marker_dag.py
[2022-03-28 14:03:03,419] {processor.py:623} INFO - DAG(s) dict_keys(['example_external_task_marker_parent', 'example_external_task_marker_child']) retrieved from /home/airflow/.local/lib/python3.6/site-packages/airflow/example_dags/example_external_task_marker_dag.py
[2022-03-28 14:03:03,436] {logging_mixin.py:109} INFO - [2022-03-28 14:03:03,436] {dag.py:1833} INFO - Sync 2 DAGs
[2022-03-28 14:03:03,449] {logging_mixin.py:109} INFO - [2022-03-28 14:03:03,449] {dag.py:2306} INFO - Setting next_dagrun for example_external_task_marker_child to None
[2022-03-28 14:03:03,450] {logging_mixin.py:109} INFO - [2022-03-28 14:03:03,450] {dag.py:2306} INFO - Setting next_dagrun for example_external_task_marker_parent to None
[2022-03-28 14:03:03,458] {processor.py:170} INFO - Processing /home/airflow/.local/lib/python3.6/site-packages/airflow/example_dags/example_external_task_marker_dag.py took 0.048 seconds
[2022-03-28 14:03:34,336] {processor.py:162} INFO - Started process (PID=1491) to work on /home/airflow/.local/lib/python3.6/site-packages/airflow/example_dags/example_external_task_marker_dag.py
[2022-03-28 14:03:34,337] {processor.py:613} INFO - Processing file /home/airflow/.local/lib/python3.6/site-packages/airflow/example_dags/example_external_task_marker_dag.py for tasks to queue
[2022-03-28 14:03:34,338] {logging_mixin.py:109} INFO - [2022-03-28 14:03:34,338] {dagbag.py:496} INFO - Filling up the DagBag from /home/airflow/.local/lib/python3.6/site-packages/airflow/example_dags/example_external_task_marker_dag.py
[2022-03-28 14:03:34,349] {processor.py:623} INFO - DAG(s) dict_keys(['example_external_task_marker_parent', 'example_external_task_marker_child']) retrieved from /home/airflow/.local/lib/python3.6/site-packages/airflow/example_dags/example_external_task_marker_dag.py
[2022-03-28 14:03:34,412] {logging_mixin.py:109} INFO - [2022-03-28 14:03:34,411] {dag.py:1833} INFO - Sync 2 DAGs
[2022-03-28 14:03:34,429] {logging_mixin.py:109} INFO - [2022-03-28 14:03:34,429] {dag.py:2306} INFO - Setting next_dagrun for example_external_task_marker_child to None
[2022-03-28 14:03:34,430] {logging_mixin.py:109} INFO - [2022-03-28 14:03:34,430] {dag.py:2306} INFO - Setting next_dagrun for example_external_task_marker_parent to None
[2022-03-28 14:03:34,444] {processor.py:170} INFO - Processing /home/airflow/.local/lib/python3.6/site-packages/airflow/example_dags/example_external_task_marker_dag.py took 0.110 seconds
[2022-03-28 14:04:04,591] {processor.py:162} INFO - Started process (PID=1552) to work on /home/airflow/.local/lib/python3.6/site-packages/airflow/example_dags/example_external_task_marker_dag.py
[2022-03-28 14:04:04,591] {processor.py:613} INFO - Processing file /home/airflow/.local/lib/python3.6/site-packages/airflow/example_dags/example_external_task_marker_dag.py for tasks to queue
[2022-03-28 14:04:04,592] {logging_mixin.py:109} INFO - [2022-03-28 14:04:04,592] {dagbag.py:496} INFO - Filling up the DagBag from /home/airflow/.local/lib/python3.6/site-packages/airflow/example_dags/example_external_task_marker_dag.py
[2022-03-28 14:04:04,600] {processor.py:623} INFO - DAG(s) dict_keys(['example_external_task_marker_parent', 'example_external_task_marker_child']) retrieved from /home/airflow/.local/lib/python3.6/site-packages/airflow/example_dags/example_external_task_marker_dag.py
[2022-03-28 14:04:04,615] {logging_mixin.py:109} INFO - [2022-03-28 14:04:04,615] {dag.py:1833} INFO - Sync 2 DAGs
[2022-03-28 14:04:04,625] {logging_mixin.py:109} INFO - [2022-03-28 14:04:04,625] {dag.py:2306} INFO - Setting next_dagrun for example_external_task_marker_child to None
[2022-03-28 14:04:04,626] {logging_mixin.py:109} INFO - [2022-03-28 14:04:04,626] {dag.py:2306} INFO - Setting next_dagrun for example_external_task_marker_parent to None
[2022-03-28 14:04:04,633] {processor.py:170} INFO - Processing /home/airflow/.local/lib/python3.6/site-packages/airflow/example_dags/example_external_task_marker_dag.py took 0.044 seconds
[2022-03-28 14:04:34,721] {processor.py:162} INFO - Started process (PID=1614) to work on /home/airflow/.local/lib/python3.6/site-packages/airflow/example_dags/example_external_task_marker_dag.py
[2022-03-28 14:04:34,722] {processor.py:613} INFO - Processing file /home/airflow/.local/lib/python3.6/site-packages/airflow/example_dags/example_external_task_marker_dag.py for tasks to queue
[2022-03-28 14:04:34,722] {logging_mixin.py:109} INFO - [2022-03-28 14:04:34,722] {dagbag.py:496} INFO - Filling up the DagBag from /home/airflow/.local/lib/python3.6/site-packages/airflow/example_dags/example_external_task_marker_dag.py
[2022-03-28 14:04:34,729] {processor.py:623} INFO - DAG(s) dict_keys(['example_external_task_marker_parent', 'example_external_task_marker_child']) retrieved from /home/airflow/.local/lib/python3.6/site-packages/airflow/example_dags/example_external_task_marker_dag.py
[2022-03-28 14:04:34,745] {logging_mixin.py:109} INFO - [2022-03-28 14:04:34,745] {dag.py:1833} INFO - Sync 2 DAGs
[2022-03-28 14:04:34,755] {logging_mixin.py:109} INFO - [2022-03-28 14:04:34,755] {dag.py:2306} INFO - Setting next_dagrun for example_external_task_marker_child to None
[2022-03-28 14:04:34,756] {logging_mixin.py:109} INFO - [2022-03-28 14:04:34,756] {dag.py:2306} INFO - Setting next_dagrun for example_external_task_marker_parent to None
[2022-03-28 14:04:34,762] {processor.py:170} INFO - Processing /home/airflow/.local/lib/python3.6/site-packages/airflow/example_dags/example_external_task_marker_dag.py took 0.043 seconds
[2022-03-28 14:05:04,793] {processor.py:162} INFO - Started process (PID=1666) to work on /home/airflow/.local/lib/python3.6/site-packages/airflow/example_dags/example_external_task_marker_dag.py
[2022-03-28 14:05:04,793] {processor.py:613} INFO - Processing file /home/airflow/.local/lib/python3.6/site-packages/airflow/example_dags/example_external_task_marker_dag.py for tasks to queue
[2022-03-28 14:05:04,794] {logging_mixin.py:109} INFO - [2022-03-28 14:05:04,794] {dagbag.py:496} INFO - Filling up the DagBag from /home/airflow/.local/lib/python3.6/site-packages/airflow/example_dags/example_external_task_marker_dag.py
[2022-03-28 14:05:04,801] {processor.py:623} INFO - DAG(s) dict_keys(['example_external_task_marker_parent', 'example_external_task_marker_child']) retrieved from /home/airflow/.local/lib/python3.6/site-packages/airflow/example_dags/example_external_task_marker_dag.py
[2022-03-28 14:05:04,816] {logging_mixin.py:109} INFO - [2022-03-28 14:05:04,816] {dag.py:1833} INFO - Sync 2 DAGs
[2022-03-28 14:05:04,826] {logging_mixin.py:109} INFO - [2022-03-28 14:05:04,826] {dag.py:2306} INFO - Setting next_dagrun for example_external_task_marker_child to None
[2022-03-28 14:05:04,827] {logging_mixin.py:109} INFO - [2022-03-28 14:05:04,827] {dag.py:2306} INFO - Setting next_dagrun for example_external_task_marker_parent to None
[2022-03-28 14:05:04,834] {processor.py:170} INFO - Processing /home/airflow/.local/lib/python3.6/site-packages/airflow/example_dags/example_external_task_marker_dag.py took 0.043 seconds
[2022-03-28 14:05:34,852] {processor.py:162} INFO - Started process (PID=1729) to work on /home/airflow/.local/lib/python3.6/site-packages/airflow/example_dags/example_external_task_marker_dag.py
[2022-03-28 14:05:34,853] {processor.py:613} INFO - Processing file /home/airflow/.local/lib/python3.6/site-packages/airflow/example_dags/example_external_task_marker_dag.py for tasks to queue
[2022-03-28 14:05:34,853] {logging_mixin.py:109} INFO - [2022-03-28 14:05:34,853] {dagbag.py:496} INFO - Filling up the DagBag from /home/airflow/.local/lib/python3.6/site-packages/airflow/example_dags/example_external_task_marker_dag.py
[2022-03-28 14:05:34,860] {processor.py:623} INFO - DAG(s) dict_keys(['example_external_task_marker_parent', 'example_external_task_marker_child']) retrieved from /home/airflow/.local/lib/python3.6/site-packages/airflow/example_dags/example_external_task_marker_dag.py
[2022-03-28 14:05:34,876] {logging_mixin.py:109} INFO - [2022-03-28 14:05:34,876] {dag.py:1833} INFO - Sync 2 DAGs
[2022-03-28 14:05:34,887] {logging_mixin.py:109} INFO - [2022-03-28 14:05:34,887] {dag.py:2306} INFO - Setting next_dagrun for example_external_task_marker_child to None
[2022-03-28 14:05:34,888] {logging_mixin.py:109} INFO - [2022-03-28 14:05:34,888] {dag.py:2306} INFO - Setting next_dagrun for example_external_task_marker_parent to None
[2022-03-28 14:05:34,895] {processor.py:170} INFO - Processing /home/airflow/.local/lib/python3.6/site-packages/airflow/example_dags/example_external_task_marker_dag.py took 0.044 seconds
[2022-03-28 14:06:05,540] {processor.py:162} INFO - Started process (PID=1780) to work on /home/airflow/.local/lib/python3.6/site-packages/airflow/example_dags/example_external_task_marker_dag.py
[2022-03-28 14:06:05,541] {processor.py:613} INFO - Processing file /home/airflow/.local/lib/python3.6/site-packages/airflow/example_dags/example_external_task_marker_dag.py for tasks to queue
[2022-03-28 14:06:05,542] {logging_mixin.py:109} INFO - [2022-03-28 14:06:05,542] {dagbag.py:496} INFO - Filling up the DagBag from /home/airflow/.local/lib/python3.6/site-packages/airflow/example_dags/example_external_task_marker_dag.py
[2022-03-28 14:06:05,550] {processor.py:623} INFO - DAG(s) dict_keys(['example_external_task_marker_parent', 'example_external_task_marker_child']) retrieved from /home/airflow/.local/lib/python3.6/site-packages/airflow/example_dags/example_external_task_marker_dag.py
[2022-03-28 14:06:05,566] {logging_mixin.py:109} INFO - [2022-03-28 14:06:05,566] {dag.py:1833} INFO - Sync 2 DAGs
[2022-03-28 14:06:05,575] {logging_mixin.py:109} INFO - [2022-03-28 14:06:05,575] {dag.py:2306} INFO - Setting next_dagrun for example_external_task_marker_child to None
[2022-03-28 14:06:05,576] {logging_mixin.py:109} INFO - [2022-03-28 14:06:05,576] {dag.py:2306} INFO - Setting next_dagrun for example_external_task_marker_parent to None
[2022-03-28 14:06:05,583] {processor.py:170} INFO - Processing /home/airflow/.local/lib/python3.6/site-packages/airflow/example_dags/example_external_task_marker_dag.py took 0.044 seconds
[2022-03-28 14:06:36,239] {processor.py:162} INFO - Started process (PID=1842) to work on /home/airflow/.local/lib/python3.6/site-packages/airflow/example_dags/example_external_task_marker_dag.py
[2022-03-28 14:06:36,239] {processor.py:613} INFO - Processing file /home/airflow/.local/lib/python3.6/site-packages/airflow/example_dags/example_external_task_marker_dag.py for tasks to queue
[2022-03-28 14:06:36,240] {logging_mixin.py:109} INFO - [2022-03-28 14:06:36,240] {dagbag.py:496} INFO - Filling up the DagBag from /home/airflow/.local/lib/python3.6/site-packages/airflow/example_dags/example_external_task_marker_dag.py
[2022-03-28 14:06:36,247] {processor.py:623} INFO - DAG(s) dict_keys(['example_external_task_marker_parent', 'example_external_task_marker_child']) retrieved from /home/airflow/.local/lib/python3.6/site-packages/airflow/example_dags/example_external_task_marker_dag.py
[2022-03-28 14:06:36,265] {logging_mixin.py:109} INFO - [2022-03-28 14:06:36,265] {dag.py:1833} INFO - Sync 2 DAGs
[2022-03-28 14:06:36,277] {logging_mixin.py:109} INFO - [2022-03-28 14:06:36,277] {dag.py:2306} INFO - Setting next_dagrun for example_external_task_marker_child to None
[2022-03-28 14:06:36,277] {logging_mixin.py:109} INFO - [2022-03-28 14:06:36,277] {dag.py:2306} INFO - Setting next_dagrun for example_external_task_marker_parent to None
[2022-03-28 14:06:36,286] {processor.py:170} INFO - Processing /home/airflow/.local/lib/python3.6/site-packages/airflow/example_dags/example_external_task_marker_dag.py took 0.048 seconds
[2022-03-28 14:07:06,976] {processor.py:162} INFO - Started process (PID=1902) to work on /home/airflow/.local/lib/python3.6/site-packages/airflow/example_dags/example_external_task_marker_dag.py
[2022-03-28 14:07:06,976] {processor.py:613} INFO - Processing file /home/airflow/.local/lib/python3.6/site-packages/airflow/example_dags/example_external_task_marker_dag.py for tasks to queue
[2022-03-28 14:07:06,977] {logging_mixin.py:109} INFO - [2022-03-28 14:07:06,976] {dagbag.py:496} INFO - Filling up the DagBag from /home/airflow/.local/lib/python3.6/site-packages/airflow/example_dags/example_external_task_marker_dag.py
[2022-03-28 14:07:06,986] {processor.py:623} INFO - DAG(s) dict_keys(['example_external_task_marker_parent', 'example_external_task_marker_child']) retrieved from /home/airflow/.local/lib/python3.6/site-packages/airflow/example_dags/example_external_task_marker_dag.py
[2022-03-28 14:07:07,005] {logging_mixin.py:109} INFO - [2022-03-28 14:07:07,004] {dag.py:1833} INFO - Sync 2 DAGs
[2022-03-28 14:07:07,018] {logging_mixin.py:109} INFO - [2022-03-28 14:07:07,018] {dag.py:2306} INFO - Setting next_dagrun for example_external_task_marker_child to None
[2022-03-28 14:07:07,019] {logging_mixin.py:109} INFO - [2022-03-28 14:07:07,018] {dag.py:2306} INFO - Setting next_dagrun for example_external_task_marker_parent to None
[2022-03-28 14:07:07,029] {processor.py:170} INFO - Processing /home/airflow/.local/lib/python3.6/site-packages/airflow/example_dags/example_external_task_marker_dag.py took 0.055 seconds
