[2022-03-28 13:54:18,982] {processor.py:162} INFO - Started process (PID=315) to work on /home/airflow/.local/lib/python3.6/site-packages/airflow/example_dags/example_bash_operator.py
[2022-03-28 13:54:18,983] {processor.py:613} INFO - Processing file /home/airflow/.local/lib/python3.6/site-packages/airflow/example_dags/example_bash_operator.py for tasks to queue
[2022-03-28 13:54:18,983] {logging_mixin.py:109} INFO - [2022-03-28 13:54:18,983] {dagbag.py:496} INFO - Filling up the DagBag from /home/airflow/.local/lib/python3.6/site-packages/airflow/example_dags/example_bash_operator.py
[2022-03-28 13:54:18,993] {processor.py:623} INFO - DAG(s) dict_keys(['example_bash_operator']) retrieved from /home/airflow/.local/lib/python3.6/site-packages/airflow/example_dags/example_bash_operator.py
[2022-03-28 13:54:20,851] {logging_mixin.py:109} INFO - [2022-03-28 13:54:20,850] {dag.py:1833} INFO - Sync 1 DAGs
[2022-03-28 13:54:20,860] {logging_mixin.py:109} INFO - [2022-03-28 13:54:20,859] {dag.py:1852} INFO - Creating ORM DAG for example_bash_operator
[2022-03-28 13:54:20,868] {logging_mixin.py:109} INFO - [2022-03-28 13:54:20,867] {dag.py:2306} INFO - Setting next_dagrun for example_bash_operator to 2022-03-26 00:00:00+00:00
[2022-03-28 13:54:20,876] {processor.py:170} INFO - Processing /home/airflow/.local/lib/python3.6/site-packages/airflow/example_dags/example_bash_operator.py took 1.896 seconds
[2022-03-28 13:54:51,828] {processor.py:162} INFO - Started process (PID=497) to work on /home/airflow/.local/lib/python3.6/site-packages/airflow/example_dags/example_bash_operator.py
[2022-03-28 13:54:51,829] {processor.py:613} INFO - Processing file /home/airflow/.local/lib/python3.6/site-packages/airflow/example_dags/example_bash_operator.py for tasks to queue
[2022-03-28 13:54:51,829] {logging_mixin.py:109} INFO - [2022-03-28 13:54:51,829] {dagbag.py:496} INFO - Filling up the DagBag from /home/airflow/.local/lib/python3.6/site-packages/airflow/example_dags/example_bash_operator.py
[2022-03-28 13:54:51,838] {processor.py:623} INFO - DAG(s) dict_keys(['example_bash_operator']) retrieved from /home/airflow/.local/lib/python3.6/site-packages/airflow/example_dags/example_bash_operator.py
[2022-03-28 13:54:51,853] {logging_mixin.py:109} INFO - [2022-03-28 13:54:51,853] {dag.py:1833} INFO - Sync 1 DAGs
[2022-03-28 13:54:51,867] {logging_mixin.py:109} INFO - [2022-03-28 13:54:51,867] {dag.py:2306} INFO - Setting next_dagrun for example_bash_operator to 2022-03-26 00:00:00+00:00
[2022-03-28 13:54:51,875] {processor.py:170} INFO - Processing /home/airflow/.local/lib/python3.6/site-packages/airflow/example_dags/example_bash_operator.py took 0.048 seconds
[2022-03-28 13:55:22,069] {processor.py:162} INFO - Started process (PID=558) to work on /home/airflow/.local/lib/python3.6/site-packages/airflow/example_dags/example_bash_operator.py
[2022-03-28 13:55:22,070] {processor.py:613} INFO - Processing file /home/airflow/.local/lib/python3.6/site-packages/airflow/example_dags/example_bash_operator.py for tasks to queue
[2022-03-28 13:55:22,070] {logging_mixin.py:109} INFO - [2022-03-28 13:55:22,070] {dagbag.py:496} INFO - Filling up the DagBag from /home/airflow/.local/lib/python3.6/site-packages/airflow/example_dags/example_bash_operator.py
[2022-03-28 13:55:22,079] {processor.py:623} INFO - DAG(s) dict_keys(['example_bash_operator']) retrieved from /home/airflow/.local/lib/python3.6/site-packages/airflow/example_dags/example_bash_operator.py
[2022-03-28 13:55:22,092] {logging_mixin.py:109} INFO - [2022-03-28 13:55:22,092] {dag.py:1833} INFO - Sync 1 DAGs
[2022-03-28 13:55:22,104] {logging_mixin.py:109} INFO - [2022-03-28 13:55:22,104] {dag.py:2306} INFO - Setting next_dagrun for example_bash_operator to 2022-03-26 00:00:00+00:00
[2022-03-28 13:55:22,112] {processor.py:170} INFO - Processing /home/airflow/.local/lib/python3.6/site-packages/airflow/example_dags/example_bash_operator.py took 0.045 seconds
[2022-03-28 13:55:52,149] {processor.py:162} INFO - Started process (PID=610) to work on /home/airflow/.local/lib/python3.6/site-packages/airflow/example_dags/example_bash_operator.py
[2022-03-28 13:55:52,149] {processor.py:613} INFO - Processing file /home/airflow/.local/lib/python3.6/site-packages/airflow/example_dags/example_bash_operator.py for tasks to queue
[2022-03-28 13:55:52,149] {logging_mixin.py:109} INFO - [2022-03-28 13:55:52,149] {dagbag.py:496} INFO - Filling up the DagBag from /home/airflow/.local/lib/python3.6/site-packages/airflow/example_dags/example_bash_operator.py
[2022-03-28 13:55:52,158] {processor.py:623} INFO - DAG(s) dict_keys(['example_bash_operator']) retrieved from /home/airflow/.local/lib/python3.6/site-packages/airflow/example_dags/example_bash_operator.py
[2022-03-28 13:55:52,173] {logging_mixin.py:109} INFO - [2022-03-28 13:55:52,172] {dag.py:1833} INFO - Sync 1 DAGs
[2022-03-28 13:55:52,184] {logging_mixin.py:109} INFO - [2022-03-28 13:55:52,184] {dag.py:2306} INFO - Setting next_dagrun for example_bash_operator to 2022-03-26 00:00:00+00:00
[2022-03-28 13:55:52,191] {processor.py:170} INFO - Processing /home/airflow/.local/lib/python3.6/site-packages/airflow/example_dags/example_bash_operator.py took 0.044 seconds
[2022-03-28 13:56:22,324] {processor.py:162} INFO - Started process (PID=673) to work on /home/airflow/.local/lib/python3.6/site-packages/airflow/example_dags/example_bash_operator.py
[2022-03-28 13:56:22,325] {processor.py:613} INFO - Processing file /home/airflow/.local/lib/python3.6/site-packages/airflow/example_dags/example_bash_operator.py for tasks to queue
[2022-03-28 13:56:22,325] {logging_mixin.py:109} INFO - [2022-03-28 13:56:22,325] {dagbag.py:496} INFO - Filling up the DagBag from /home/airflow/.local/lib/python3.6/site-packages/airflow/example_dags/example_bash_operator.py
[2022-03-28 13:56:22,338] {processor.py:623} INFO - DAG(s) dict_keys(['example_bash_operator']) retrieved from /home/airflow/.local/lib/python3.6/site-packages/airflow/example_dags/example_bash_operator.py
[2022-03-28 13:56:22,354] {logging_mixin.py:109} INFO - [2022-03-28 13:56:22,354] {dag.py:1833} INFO - Sync 1 DAGs
[2022-03-28 13:56:22,368] {logging_mixin.py:109} INFO - [2022-03-28 13:56:22,368] {dag.py:2306} INFO - Setting next_dagrun for example_bash_operator to 2022-03-26 00:00:00+00:00
[2022-03-28 13:56:22,377] {processor.py:170} INFO - Processing /home/airflow/.local/lib/python3.6/site-packages/airflow/example_dags/example_bash_operator.py took 0.056 seconds
[2022-03-28 13:56:52,528] {processor.py:162} INFO - Started process (PID=724) to work on /home/airflow/.local/lib/python3.6/site-packages/airflow/example_dags/example_bash_operator.py
[2022-03-28 13:56:52,529] {processor.py:613} INFO - Processing file /home/airflow/.local/lib/python3.6/site-packages/airflow/example_dags/example_bash_operator.py for tasks to queue
[2022-03-28 13:56:52,529] {logging_mixin.py:109} INFO - [2022-03-28 13:56:52,529] {dagbag.py:496} INFO - Filling up the DagBag from /home/airflow/.local/lib/python3.6/site-packages/airflow/example_dags/example_bash_operator.py
[2022-03-28 13:56:52,537] {processor.py:623} INFO - DAG(s) dict_keys(['example_bash_operator']) retrieved from /home/airflow/.local/lib/python3.6/site-packages/airflow/example_dags/example_bash_operator.py
[2022-03-28 13:56:52,551] {logging_mixin.py:109} INFO - [2022-03-28 13:56:52,551] {dag.py:1833} INFO - Sync 1 DAGs
[2022-03-28 13:56:52,564] {logging_mixin.py:109} INFO - [2022-03-28 13:56:52,564] {dag.py:2306} INFO - Setting next_dagrun for example_bash_operator to 2022-03-26 00:00:00+00:00
[2022-03-28 13:56:52,573] {processor.py:170} INFO - Processing /home/airflow/.local/lib/python3.6/site-packages/airflow/example_dags/example_bash_operator.py took 0.047 seconds
[2022-03-28 13:57:23,419] {processor.py:162} INFO - Started process (PID=785) to work on /home/airflow/.local/lib/python3.6/site-packages/airflow/example_dags/example_bash_operator.py
[2022-03-28 13:57:23,420] {processor.py:613} INFO - Processing file /home/airflow/.local/lib/python3.6/site-packages/airflow/example_dags/example_bash_operator.py for tasks to queue
[2022-03-28 13:57:23,420] {logging_mixin.py:109} INFO - [2022-03-28 13:57:23,420] {dagbag.py:496} INFO - Filling up the DagBag from /home/airflow/.local/lib/python3.6/site-packages/airflow/example_dags/example_bash_operator.py
[2022-03-28 13:57:23,429] {processor.py:623} INFO - DAG(s) dict_keys(['example_bash_operator']) retrieved from /home/airflow/.local/lib/python3.6/site-packages/airflow/example_dags/example_bash_operator.py
[2022-03-28 13:57:23,442] {logging_mixin.py:109} INFO - [2022-03-28 13:57:23,442] {dag.py:1833} INFO - Sync 1 DAGs
[2022-03-28 13:57:23,453] {logging_mixin.py:109} INFO - [2022-03-28 13:57:23,453] {dag.py:2306} INFO - Setting next_dagrun for example_bash_operator to 2022-03-26 00:00:00+00:00
[2022-03-28 13:57:23,461] {processor.py:170} INFO - Processing /home/airflow/.local/lib/python3.6/site-packages/airflow/example_dags/example_bash_operator.py took 0.044 seconds
[2022-03-28 13:57:54,213] {processor.py:162} INFO - Started process (PID=849) to work on /home/airflow/.local/lib/python3.6/site-packages/airflow/example_dags/example_bash_operator.py
[2022-03-28 13:57:54,214] {processor.py:613} INFO - Processing file /home/airflow/.local/lib/python3.6/site-packages/airflow/example_dags/example_bash_operator.py for tasks to queue
[2022-03-28 13:57:54,214] {logging_mixin.py:109} INFO - [2022-03-28 13:57:54,214] {dagbag.py:496} INFO - Filling up the DagBag from /home/airflow/.local/lib/python3.6/site-packages/airflow/example_dags/example_bash_operator.py
[2022-03-28 13:57:54,227] {processor.py:623} INFO - DAG(s) dict_keys(['example_bash_operator']) retrieved from /home/airflow/.local/lib/python3.6/site-packages/airflow/example_dags/example_bash_operator.py
[2022-03-28 13:57:54,242] {logging_mixin.py:109} INFO - [2022-03-28 13:57:54,242] {dag.py:1833} INFO - Sync 1 DAGs
[2022-03-28 13:57:54,253] {logging_mixin.py:109} INFO - [2022-03-28 13:57:54,253] {dag.py:2306} INFO - Setting next_dagrun for example_bash_operator to 2022-03-26 00:00:00+00:00
[2022-03-28 13:57:54,261] {processor.py:170} INFO - Processing /home/airflow/.local/lib/python3.6/site-packages/airflow/example_dags/example_bash_operator.py took 0.050 seconds
[2022-03-28 13:58:24,348] {processor.py:162} INFO - Started process (PID=900) to work on /home/airflow/.local/lib/python3.6/site-packages/airflow/example_dags/example_bash_operator.py
[2022-03-28 13:58:24,348] {processor.py:613} INFO - Processing file /home/airflow/.local/lib/python3.6/site-packages/airflow/example_dags/example_bash_operator.py for tasks to queue
[2022-03-28 13:58:24,349] {logging_mixin.py:109} INFO - [2022-03-28 13:58:24,349] {dagbag.py:496} INFO - Filling up the DagBag from /home/airflow/.local/lib/python3.6/site-packages/airflow/example_dags/example_bash_operator.py
[2022-03-28 13:58:24,360] {processor.py:623} INFO - DAG(s) dict_keys(['example_bash_operator']) retrieved from /home/airflow/.local/lib/python3.6/site-packages/airflow/example_dags/example_bash_operator.py
[2022-03-28 13:58:24,374] {logging_mixin.py:109} INFO - [2022-03-28 13:58:24,374] {dag.py:1833} INFO - Sync 1 DAGs
[2022-03-28 13:58:24,385] {logging_mixin.py:109} INFO - [2022-03-28 13:58:24,385] {dag.py:2306} INFO - Setting next_dagrun for example_bash_operator to 2022-03-26 00:00:00+00:00
[2022-03-28 13:58:24,392] {processor.py:170} INFO - Processing /home/airflow/.local/lib/python3.6/site-packages/airflow/example_dags/example_bash_operator.py took 0.046 seconds
[2022-03-28 13:58:54,406] {processor.py:162} INFO - Started process (PID=962) to work on /home/airflow/.local/lib/python3.6/site-packages/airflow/example_dags/example_bash_operator.py
[2022-03-28 13:58:54,407] {processor.py:613} INFO - Processing file /home/airflow/.local/lib/python3.6/site-packages/airflow/example_dags/example_bash_operator.py for tasks to queue
[2022-03-28 13:58:54,407] {logging_mixin.py:109} INFO - [2022-03-28 13:58:54,407] {dagbag.py:496} INFO - Filling up the DagBag from /home/airflow/.local/lib/python3.6/site-packages/airflow/example_dags/example_bash_operator.py
[2022-03-28 13:58:54,416] {processor.py:623} INFO - DAG(s) dict_keys(['example_bash_operator']) retrieved from /home/airflow/.local/lib/python3.6/site-packages/airflow/example_dags/example_bash_operator.py
[2022-03-28 13:58:54,431] {logging_mixin.py:109} INFO - [2022-03-28 13:58:54,431] {dag.py:1833} INFO - Sync 1 DAGs
[2022-03-28 13:58:54,444] {logging_mixin.py:109} INFO - [2022-03-28 13:58:54,444] {dag.py:2306} INFO - Setting next_dagrun for example_bash_operator to 2022-03-26 00:00:00+00:00
[2022-03-28 13:58:54,451] {processor.py:170} INFO - Processing /home/airflow/.local/lib/python3.6/site-packages/airflow/example_dags/example_bash_operator.py took 0.047 seconds
[2022-03-28 13:59:24,611] {processor.py:162} INFO - Started process (PID=1013) to work on /home/airflow/.local/lib/python3.6/site-packages/airflow/example_dags/example_bash_operator.py
[2022-03-28 13:59:24,611] {processor.py:613} INFO - Processing file /home/airflow/.local/lib/python3.6/site-packages/airflow/example_dags/example_bash_operator.py for tasks to queue
[2022-03-28 13:59:24,612] {logging_mixin.py:109} INFO - [2022-03-28 13:59:24,612] {dagbag.py:496} INFO - Filling up the DagBag from /home/airflow/.local/lib/python3.6/site-packages/airflow/example_dags/example_bash_operator.py
[2022-03-28 13:59:24,621] {processor.py:623} INFO - DAG(s) dict_keys(['example_bash_operator']) retrieved from /home/airflow/.local/lib/python3.6/site-packages/airflow/example_dags/example_bash_operator.py
[2022-03-28 13:59:24,635] {logging_mixin.py:109} INFO - [2022-03-28 13:59:24,635] {dag.py:1833} INFO - Sync 1 DAGs
[2022-03-28 13:59:24,646] {logging_mixin.py:109} INFO - [2022-03-28 13:59:24,646] {dag.py:2306} INFO - Setting next_dagrun for example_bash_operator to 2022-03-26 00:00:00+00:00
[2022-03-28 13:59:24,653] {processor.py:170} INFO - Processing /home/airflow/.local/lib/python3.6/site-packages/airflow/example_dags/example_bash_operator.py took 0.044 seconds
[2022-03-28 13:59:54,734] {processor.py:162} INFO - Started process (PID=1075) to work on /home/airflow/.local/lib/python3.6/site-packages/airflow/example_dags/example_bash_operator.py
[2022-03-28 13:59:54,735] {processor.py:613} INFO - Processing file /home/airflow/.local/lib/python3.6/site-packages/airflow/example_dags/example_bash_operator.py for tasks to queue
[2022-03-28 13:59:54,735] {logging_mixin.py:109} INFO - [2022-03-28 13:59:54,735] {dagbag.py:496} INFO - Filling up the DagBag from /home/airflow/.local/lib/python3.6/site-packages/airflow/example_dags/example_bash_operator.py
[2022-03-28 13:59:54,746] {processor.py:623} INFO - DAG(s) dict_keys(['example_bash_operator']) retrieved from /home/airflow/.local/lib/python3.6/site-packages/airflow/example_dags/example_bash_operator.py
[2022-03-28 13:59:54,761] {logging_mixin.py:109} INFO - [2022-03-28 13:59:54,760] {dag.py:1833} INFO - Sync 1 DAGs
[2022-03-28 13:59:54,773] {logging_mixin.py:109} INFO - [2022-03-28 13:59:54,773] {dag.py:2306} INFO - Setting next_dagrun for example_bash_operator to 2022-03-26 00:00:00+00:00
[2022-03-28 13:59:54,781] {processor.py:170} INFO - Processing /home/airflow/.local/lib/python3.6/site-packages/airflow/example_dags/example_bash_operator.py took 0.048 seconds
[2022-03-28 14:00:24,888] {processor.py:162} INFO - Started process (PID=1128) to work on /home/airflow/.local/lib/python3.6/site-packages/airflow/example_dags/example_bash_operator.py
[2022-03-28 14:00:24,889] {processor.py:613} INFO - Processing file /home/airflow/.local/lib/python3.6/site-packages/airflow/example_dags/example_bash_operator.py for tasks to queue
[2022-03-28 14:00:24,889] {logging_mixin.py:109} INFO - [2022-03-28 14:00:24,889] {dagbag.py:496} INFO - Filling up the DagBag from /home/airflow/.local/lib/python3.6/site-packages/airflow/example_dags/example_bash_operator.py
[2022-03-28 14:00:24,898] {processor.py:623} INFO - DAG(s) dict_keys(['example_bash_operator']) retrieved from /home/airflow/.local/lib/python3.6/site-packages/airflow/example_dags/example_bash_operator.py
[2022-03-28 14:00:24,912] {logging_mixin.py:109} INFO - [2022-03-28 14:00:24,912] {dag.py:1833} INFO - Sync 1 DAGs
[2022-03-28 14:00:24,923] {logging_mixin.py:109} INFO - [2022-03-28 14:00:24,923] {dag.py:2306} INFO - Setting next_dagrun for example_bash_operator to 2022-03-26 00:00:00+00:00
[2022-03-28 14:00:24,932] {processor.py:170} INFO - Processing /home/airflow/.local/lib/python3.6/site-packages/airflow/example_dags/example_bash_operator.py took 0.045 seconds
[2022-03-28 14:00:55,935] {processor.py:162} INFO - Started process (PID=1190) to work on /home/airflow/.local/lib/python3.6/site-packages/airflow/example_dags/example_bash_operator.py
[2022-03-28 14:00:55,936] {processor.py:613} INFO - Processing file /home/airflow/.local/lib/python3.6/site-packages/airflow/example_dags/example_bash_operator.py for tasks to queue
[2022-03-28 14:00:55,936] {logging_mixin.py:109} INFO - [2022-03-28 14:00:55,936] {dagbag.py:496} INFO - Filling up the DagBag from /home/airflow/.local/lib/python3.6/site-packages/airflow/example_dags/example_bash_operator.py
[2022-03-28 14:00:55,946] {processor.py:623} INFO - DAG(s) dict_keys(['example_bash_operator']) retrieved from /home/airflow/.local/lib/python3.6/site-packages/airflow/example_dags/example_bash_operator.py
[2022-03-28 14:00:55,962] {logging_mixin.py:109} INFO - [2022-03-28 14:00:55,962] {dag.py:1833} INFO - Sync 1 DAGs
[2022-03-28 14:00:55,975] {logging_mixin.py:109} INFO - [2022-03-28 14:00:55,975] {dag.py:2306} INFO - Setting next_dagrun for example_bash_operator to 2022-03-26 00:00:00+00:00
[2022-03-28 14:00:55,985] {processor.py:170} INFO - Processing /home/airflow/.local/lib/python3.6/site-packages/airflow/example_dags/example_bash_operator.py took 0.051 seconds
[2022-03-28 14:01:26,052] {processor.py:162} INFO - Started process (PID=1253) to work on /home/airflow/.local/lib/python3.6/site-packages/airflow/example_dags/example_bash_operator.py
[2022-03-28 14:01:26,053] {processor.py:613} INFO - Processing file /home/airflow/.local/lib/python3.6/site-packages/airflow/example_dags/example_bash_operator.py for tasks to queue
[2022-03-28 14:01:26,053] {logging_mixin.py:109} INFO - [2022-03-28 14:01:26,053] {dagbag.py:496} INFO - Filling up the DagBag from /home/airflow/.local/lib/python3.6/site-packages/airflow/example_dags/example_bash_operator.py
[2022-03-28 14:01:26,063] {processor.py:623} INFO - DAG(s) dict_keys(['example_bash_operator']) retrieved from /home/airflow/.local/lib/python3.6/site-packages/airflow/example_dags/example_bash_operator.py
[2022-03-28 14:01:26,077] {logging_mixin.py:109} INFO - [2022-03-28 14:01:26,077] {dag.py:1833} INFO - Sync 1 DAGs
[2022-03-28 14:01:26,092] {logging_mixin.py:109} INFO - [2022-03-28 14:01:26,092] {dag.py:2306} INFO - Setting next_dagrun for example_bash_operator to 2022-03-26 00:00:00+00:00
[2022-03-28 14:01:26,100] {processor.py:170} INFO - Processing /home/airflow/.local/lib/python3.6/site-packages/airflow/example_dags/example_bash_operator.py took 0.049 seconds
[2022-03-28 14:01:56,181] {processor.py:162} INFO - Started process (PID=1305) to work on /home/airflow/.local/lib/python3.6/site-packages/airflow/example_dags/example_bash_operator.py
[2022-03-28 14:01:56,181] {processor.py:613} INFO - Processing file /home/airflow/.local/lib/python3.6/site-packages/airflow/example_dags/example_bash_operator.py for tasks to queue
[2022-03-28 14:01:56,182] {logging_mixin.py:109} INFO - [2022-03-28 14:01:56,182] {dagbag.py:496} INFO - Filling up the DagBag from /home/airflow/.local/lib/python3.6/site-packages/airflow/example_dags/example_bash_operator.py
[2022-03-28 14:01:56,190] {processor.py:623} INFO - DAG(s) dict_keys(['example_bash_operator']) retrieved from /home/airflow/.local/lib/python3.6/site-packages/airflow/example_dags/example_bash_operator.py
[2022-03-28 14:01:56,204] {logging_mixin.py:109} INFO - [2022-03-28 14:01:56,204] {dag.py:1833} INFO - Sync 1 DAGs
[2022-03-28 14:01:56,215] {logging_mixin.py:109} INFO - [2022-03-28 14:01:56,215] {dag.py:2306} INFO - Setting next_dagrun for example_bash_operator to 2022-03-26 00:00:00+00:00
[2022-03-28 14:01:56,224] {processor.py:170} INFO - Processing /home/airflow/.local/lib/python3.6/site-packages/airflow/example_dags/example_bash_operator.py took 0.045 seconds
[2022-03-28 14:02:26,352] {processor.py:162} INFO - Started process (PID=1367) to work on /home/airflow/.local/lib/python3.6/site-packages/airflow/example_dags/example_bash_operator.py
[2022-03-28 14:02:26,353] {processor.py:613} INFO - Processing file /home/airflow/.local/lib/python3.6/site-packages/airflow/example_dags/example_bash_operator.py for tasks to queue
[2022-03-28 14:02:26,353] {logging_mixin.py:109} INFO - [2022-03-28 14:02:26,353] {dagbag.py:496} INFO - Filling up the DagBag from /home/airflow/.local/lib/python3.6/site-packages/airflow/example_dags/example_bash_operator.py
[2022-03-28 14:02:26,362] {processor.py:623} INFO - DAG(s) dict_keys(['example_bash_operator']) retrieved from /home/airflow/.local/lib/python3.6/site-packages/airflow/example_dags/example_bash_operator.py
[2022-03-28 14:02:26,376] {logging_mixin.py:109} INFO - [2022-03-28 14:02:26,376] {dag.py:1833} INFO - Sync 1 DAGs
[2022-03-28 14:02:26,389] {logging_mixin.py:109} INFO - [2022-03-28 14:02:26,388] {dag.py:2306} INFO - Setting next_dagrun for example_bash_operator to 2022-03-26 00:00:00+00:00
[2022-03-28 14:02:26,397] {processor.py:170} INFO - Processing /home/airflow/.local/lib/python3.6/site-packages/airflow/example_dags/example_bash_operator.py took 0.047 seconds
[2022-03-28 14:02:57,217] {processor.py:162} INFO - Started process (PID=1419) to work on /home/airflow/.local/lib/python3.6/site-packages/airflow/example_dags/example_bash_operator.py
[2022-03-28 14:02:57,218] {processor.py:613} INFO - Processing file /home/airflow/.local/lib/python3.6/site-packages/airflow/example_dags/example_bash_operator.py for tasks to queue
[2022-03-28 14:02:57,218] {logging_mixin.py:109} INFO - [2022-03-28 14:02:57,218] {dagbag.py:496} INFO - Filling up the DagBag from /home/airflow/.local/lib/python3.6/site-packages/airflow/example_dags/example_bash_operator.py
[2022-03-28 14:02:57,227] {processor.py:623} INFO - DAG(s) dict_keys(['example_bash_operator']) retrieved from /home/airflow/.local/lib/python3.6/site-packages/airflow/example_dags/example_bash_operator.py
[2022-03-28 14:02:57,241] {logging_mixin.py:109} INFO - [2022-03-28 14:02:57,241] {dag.py:1833} INFO - Sync 1 DAGs
[2022-03-28 14:02:57,253] {logging_mixin.py:109} INFO - [2022-03-28 14:02:57,252] {dag.py:2306} INFO - Setting next_dagrun for example_bash_operator to 2022-03-26 00:00:00+00:00
[2022-03-28 14:02:57,261] {processor.py:170} INFO - Processing /home/airflow/.local/lib/python3.6/site-packages/airflow/example_dags/example_bash_operator.py took 0.045 seconds
[2022-03-28 14:03:28,199] {processor.py:162} INFO - Started process (PID=1482) to work on /home/airflow/.local/lib/python3.6/site-packages/airflow/example_dags/example_bash_operator.py
[2022-03-28 14:03:28,200] {processor.py:613} INFO - Processing file /home/airflow/.local/lib/python3.6/site-packages/airflow/example_dags/example_bash_operator.py for tasks to queue
[2022-03-28 14:03:28,200] {logging_mixin.py:109} INFO - [2022-03-28 14:03:28,200] {dagbag.py:496} INFO - Filling up the DagBag from /home/airflow/.local/lib/python3.6/site-packages/airflow/example_dags/example_bash_operator.py
[2022-03-28 14:03:28,213] {processor.py:623} INFO - DAG(s) dict_keys(['example_bash_operator']) retrieved from /home/airflow/.local/lib/python3.6/site-packages/airflow/example_dags/example_bash_operator.py
[2022-03-28 14:03:28,236] {logging_mixin.py:109} INFO - [2022-03-28 14:03:28,236] {dag.py:1833} INFO - Sync 1 DAGs
[2022-03-28 14:03:28,255] {logging_mixin.py:109} INFO - [2022-03-28 14:03:28,255] {dag.py:2306} INFO - Setting next_dagrun for example_bash_operator to 2022-03-26 00:00:00+00:00
[2022-03-28 14:03:28,266] {processor.py:170} INFO - Processing /home/airflow/.local/lib/python3.6/site-packages/airflow/example_dags/example_bash_operator.py took 0.070 seconds
[2022-03-28 14:03:58,401] {processor.py:162} INFO - Started process (PID=1533) to work on /home/airflow/.local/lib/python3.6/site-packages/airflow/example_dags/example_bash_operator.py
[2022-03-28 14:03:58,402] {processor.py:613} INFO - Processing file /home/airflow/.local/lib/python3.6/site-packages/airflow/example_dags/example_bash_operator.py for tasks to queue
[2022-03-28 14:03:58,402] {logging_mixin.py:109} INFO - [2022-03-28 14:03:58,402] {dagbag.py:496} INFO - Filling up the DagBag from /home/airflow/.local/lib/python3.6/site-packages/airflow/example_dags/example_bash_operator.py
[2022-03-28 14:03:58,413] {processor.py:623} INFO - DAG(s) dict_keys(['example_bash_operator']) retrieved from /home/airflow/.local/lib/python3.6/site-packages/airflow/example_dags/example_bash_operator.py
[2022-03-28 14:03:58,426] {logging_mixin.py:109} INFO - [2022-03-28 14:03:58,426] {dag.py:1833} INFO - Sync 1 DAGs
[2022-03-28 14:03:58,438] {logging_mixin.py:109} INFO - [2022-03-28 14:03:58,438] {dag.py:2306} INFO - Setting next_dagrun for example_bash_operator to 2022-03-26 00:00:00+00:00
[2022-03-28 14:03:58,445] {processor.py:170} INFO - Processing /home/airflow/.local/lib/python3.6/site-packages/airflow/example_dags/example_bash_operator.py took 0.045 seconds
[2022-03-28 14:04:28,489] {processor.py:162} INFO - Started process (PID=1595) to work on /home/airflow/.local/lib/python3.6/site-packages/airflow/example_dags/example_bash_operator.py
[2022-03-28 14:04:28,489] {processor.py:613} INFO - Processing file /home/airflow/.local/lib/python3.6/site-packages/airflow/example_dags/example_bash_operator.py for tasks to queue
[2022-03-28 14:04:28,490] {logging_mixin.py:109} INFO - [2022-03-28 14:04:28,490] {dagbag.py:496} INFO - Filling up the DagBag from /home/airflow/.local/lib/python3.6/site-packages/airflow/example_dags/example_bash_operator.py
[2022-03-28 14:04:28,498] {processor.py:623} INFO - DAG(s) dict_keys(['example_bash_operator']) retrieved from /home/airflow/.local/lib/python3.6/site-packages/airflow/example_dags/example_bash_operator.py
[2022-03-28 14:04:28,516] {logging_mixin.py:109} INFO - [2022-03-28 14:04:28,516] {dag.py:1833} INFO - Sync 1 DAGs
[2022-03-28 14:04:28,529] {logging_mixin.py:109} INFO - [2022-03-28 14:04:28,529] {dag.py:2306} INFO - Setting next_dagrun for example_bash_operator to 2022-03-26 00:00:00+00:00
[2022-03-28 14:04:28,538] {processor.py:170} INFO - Processing /home/airflow/.local/lib/python3.6/site-packages/airflow/example_dags/example_bash_operator.py took 0.051 seconds
[2022-03-28 14:04:58,610] {processor.py:162} INFO - Started process (PID=1658) to work on /home/airflow/.local/lib/python3.6/site-packages/airflow/example_dags/example_bash_operator.py
[2022-03-28 14:04:58,611] {processor.py:613} INFO - Processing file /home/airflow/.local/lib/python3.6/site-packages/airflow/example_dags/example_bash_operator.py for tasks to queue
[2022-03-28 14:04:58,611] {logging_mixin.py:109} INFO - [2022-03-28 14:04:58,611] {dagbag.py:496} INFO - Filling up the DagBag from /home/airflow/.local/lib/python3.6/site-packages/airflow/example_dags/example_bash_operator.py
[2022-03-28 14:04:58,620] {processor.py:623} INFO - DAG(s) dict_keys(['example_bash_operator']) retrieved from /home/airflow/.local/lib/python3.6/site-packages/airflow/example_dags/example_bash_operator.py
[2022-03-28 14:04:58,635] {logging_mixin.py:109} INFO - [2022-03-28 14:04:58,635] {dag.py:1833} INFO - Sync 1 DAGs
[2022-03-28 14:04:58,647] {logging_mixin.py:109} INFO - [2022-03-28 14:04:58,647] {dag.py:2306} INFO - Setting next_dagrun for example_bash_operator to 2022-03-26 00:00:00+00:00
[2022-03-28 14:04:58,655] {processor.py:170} INFO - Processing /home/airflow/.local/lib/python3.6/site-packages/airflow/example_dags/example_bash_operator.py took 0.047 seconds
[2022-03-28 14:05:28,693] {processor.py:162} INFO - Started process (PID=1710) to work on /home/airflow/.local/lib/python3.6/site-packages/airflow/example_dags/example_bash_operator.py
[2022-03-28 14:05:28,693] {processor.py:613} INFO - Processing file /home/airflow/.local/lib/python3.6/site-packages/airflow/example_dags/example_bash_operator.py for tasks to queue
[2022-03-28 14:05:28,694] {logging_mixin.py:109} INFO - [2022-03-28 14:05:28,694] {dagbag.py:496} INFO - Filling up the DagBag from /home/airflow/.local/lib/python3.6/site-packages/airflow/example_dags/example_bash_operator.py
[2022-03-28 14:05:28,706] {processor.py:623} INFO - DAG(s) dict_keys(['example_bash_operator']) retrieved from /home/airflow/.local/lib/python3.6/site-packages/airflow/example_dags/example_bash_operator.py
[2022-03-28 14:05:28,723] {logging_mixin.py:109} INFO - [2022-03-28 14:05:28,722] {dag.py:1833} INFO - Sync 1 DAGs
[2022-03-28 14:05:28,736] {logging_mixin.py:109} INFO - [2022-03-28 14:05:28,736] {dag.py:2306} INFO - Setting next_dagrun for example_bash_operator to 2022-03-26 00:00:00+00:00
[2022-03-28 14:05:28,744] {processor.py:170} INFO - Processing /home/airflow/.local/lib/python3.6/site-packages/airflow/example_dags/example_bash_operator.py took 0.053 seconds
[2022-03-28 14:05:59,346] {processor.py:162} INFO - Started process (PID=1772) to work on /home/airflow/.local/lib/python3.6/site-packages/airflow/example_dags/example_bash_operator.py
[2022-03-28 14:05:59,347] {processor.py:613} INFO - Processing file /home/airflow/.local/lib/python3.6/site-packages/airflow/example_dags/example_bash_operator.py for tasks to queue
[2022-03-28 14:05:59,347] {logging_mixin.py:109} INFO - [2022-03-28 14:05:59,347] {dagbag.py:496} INFO - Filling up the DagBag from /home/airflow/.local/lib/python3.6/site-packages/airflow/example_dags/example_bash_operator.py
[2022-03-28 14:05:59,359] {processor.py:623} INFO - DAG(s) dict_keys(['example_bash_operator']) retrieved from /home/airflow/.local/lib/python3.6/site-packages/airflow/example_dags/example_bash_operator.py
[2022-03-28 14:05:59,375] {logging_mixin.py:109} INFO - [2022-03-28 14:05:59,375] {dag.py:1833} INFO - Sync 1 DAGs
[2022-03-28 14:05:59,388] {logging_mixin.py:109} INFO - [2022-03-28 14:05:59,388] {dag.py:2306} INFO - Setting next_dagrun for example_bash_operator to 2022-03-26 00:00:00+00:00
[2022-03-28 14:05:59,395] {processor.py:170} INFO - Processing /home/airflow/.local/lib/python3.6/site-packages/airflow/example_dags/example_bash_operator.py took 0.051 seconds
[2022-03-28 14:06:30,055] {processor.py:162} INFO - Started process (PID=1824) to work on /home/airflow/.local/lib/python3.6/site-packages/airflow/example_dags/example_bash_operator.py
[2022-03-28 14:06:30,056] {processor.py:613} INFO - Processing file /home/airflow/.local/lib/python3.6/site-packages/airflow/example_dags/example_bash_operator.py for tasks to queue
[2022-03-28 14:06:30,056] {logging_mixin.py:109} INFO - [2022-03-28 14:06:30,056] {dagbag.py:496} INFO - Filling up the DagBag from /home/airflow/.local/lib/python3.6/site-packages/airflow/example_dags/example_bash_operator.py
[2022-03-28 14:06:30,067] {processor.py:623} INFO - DAG(s) dict_keys(['example_bash_operator']) retrieved from /home/airflow/.local/lib/python3.6/site-packages/airflow/example_dags/example_bash_operator.py
[2022-03-28 14:06:30,082] {logging_mixin.py:109} INFO - [2022-03-28 14:06:30,081] {dag.py:1833} INFO - Sync 1 DAGs
[2022-03-28 14:06:30,094] {logging_mixin.py:109} INFO - [2022-03-28 14:06:30,094] {dag.py:2306} INFO - Setting next_dagrun for example_bash_operator to 2022-03-26 00:00:00+00:00
[2022-03-28 14:06:30,102] {processor.py:170} INFO - Processing /home/airflow/.local/lib/python3.6/site-packages/airflow/example_dags/example_bash_operator.py took 0.049 seconds
[2022-03-28 14:07:00,792] {processor.py:162} INFO - Started process (PID=1887) to work on /home/airflow/.local/lib/python3.6/site-packages/airflow/example_dags/example_bash_operator.py
[2022-03-28 14:07:00,792] {processor.py:613} INFO - Processing file /home/airflow/.local/lib/python3.6/site-packages/airflow/example_dags/example_bash_operator.py for tasks to queue
[2022-03-28 14:07:00,792] {logging_mixin.py:109} INFO - [2022-03-28 14:07:00,792] {dagbag.py:496} INFO - Filling up the DagBag from /home/airflow/.local/lib/python3.6/site-packages/airflow/example_dags/example_bash_operator.py
[2022-03-28 14:07:00,801] {processor.py:623} INFO - DAG(s) dict_keys(['example_bash_operator']) retrieved from /home/airflow/.local/lib/python3.6/site-packages/airflow/example_dags/example_bash_operator.py
[2022-03-28 14:07:00,817] {logging_mixin.py:109} INFO - [2022-03-28 14:07:00,817] {dag.py:1833} INFO - Sync 1 DAGs
[2022-03-28 14:07:00,829] {logging_mixin.py:109} INFO - [2022-03-28 14:07:00,829] {dag.py:2306} INFO - Setting next_dagrun for example_bash_operator to 2022-03-26 00:00:00+00:00
[2022-03-28 14:07:00,837] {processor.py:170} INFO - Processing /home/airflow/.local/lib/python3.6/site-packages/airflow/example_dags/example_bash_operator.py took 0.047 seconds
