[2022-03-28 13:54:22,856] {processor.py:162} INFO - Started process (PID=377) to work on /home/airflow/.local/lib/python3.6/site-packages/airflow/example_dags/example_trigger_controller_dag.py
[2022-03-28 13:54:22,857] {processor.py:613} INFO - Processing file /home/airflow/.local/lib/python3.6/site-packages/airflow/example_dags/example_trigger_controller_dag.py for tasks to queue
[2022-03-28 13:54:22,857] {logging_mixin.py:109} INFO - [2022-03-28 13:54:22,857] {dagbag.py:496} INFO - Filling up the DagBag from /home/airflow/.local/lib/python3.6/site-packages/airflow/example_dags/example_trigger_controller_dag.py
[2022-03-28 13:54:22,871] {processor.py:623} INFO - DAG(s) dict_keys(['example_trigger_controller_dag']) retrieved from /home/airflow/.local/lib/python3.6/site-packages/airflow/example_dags/example_trigger_controller_dag.py
[2022-03-28 13:54:24,715] {logging_mixin.py:109} INFO - [2022-03-28 13:54:24,714] {dag.py:1833} INFO - Sync 1 DAGs
[2022-03-28 13:54:24,722] {logging_mixin.py:109} INFO - [2022-03-28 13:54:24,722] {dag.py:1852} INFO - Creating ORM DAG for example_trigger_controller_dag
[2022-03-28 13:54:24,726] {logging_mixin.py:109} INFO - [2022-03-28 13:54:24,725] {dag.py:2306} INFO - Setting next_dagrun for example_trigger_controller_dag to 2022-03-26 00:00:00+00:00
[2022-03-28 13:54:24,734] {processor.py:170} INFO - Processing /home/airflow/.local/lib/python3.6/site-packages/airflow/example_dags/example_trigger_controller_dag.py took 1.880 seconds
[2022-03-28 13:54:55,078] {processor.py:162} INFO - Started process (PID=501) to work on /home/airflow/.local/lib/python3.6/site-packages/airflow/example_dags/example_trigger_controller_dag.py
[2022-03-28 13:54:55,079] {processor.py:613} INFO - Processing file /home/airflow/.local/lib/python3.6/site-packages/airflow/example_dags/example_trigger_controller_dag.py for tasks to queue
[2022-03-28 13:54:55,080] {logging_mixin.py:109} INFO - [2022-03-28 13:54:55,079] {dagbag.py:496} INFO - Filling up the DagBag from /home/airflow/.local/lib/python3.6/site-packages/airflow/example_dags/example_trigger_controller_dag.py
[2022-03-28 13:54:55,088] {processor.py:623} INFO - DAG(s) dict_keys(['example_trigger_controller_dag']) retrieved from /home/airflow/.local/lib/python3.6/site-packages/airflow/example_dags/example_trigger_controller_dag.py
[2022-03-28 13:54:55,107] {logging_mixin.py:109} INFO - [2022-03-28 13:54:55,107] {dag.py:1833} INFO - Sync 1 DAGs
[2022-03-28 13:54:55,122] {logging_mixin.py:109} INFO - [2022-03-28 13:54:55,122] {dag.py:2306} INFO - Setting next_dagrun for example_trigger_controller_dag to 2022-03-26 00:00:00+00:00
[2022-03-28 13:54:55,130] {processor.py:170} INFO - Processing /home/airflow/.local/lib/python3.6/site-packages/airflow/example_dags/example_trigger_controller_dag.py took 0.054 seconds
[2022-03-28 13:55:25,266] {processor.py:162} INFO - Started process (PID=562) to work on /home/airflow/.local/lib/python3.6/site-packages/airflow/example_dags/example_trigger_controller_dag.py
[2022-03-28 13:55:25,266] {processor.py:613} INFO - Processing file /home/airflow/.local/lib/python3.6/site-packages/airflow/example_dags/example_trigger_controller_dag.py for tasks to queue
[2022-03-28 13:55:25,267] {logging_mixin.py:109} INFO - [2022-03-28 13:55:25,267] {dagbag.py:496} INFO - Filling up the DagBag from /home/airflow/.local/lib/python3.6/site-packages/airflow/example_dags/example_trigger_controller_dag.py
[2022-03-28 13:55:25,275] {processor.py:623} INFO - DAG(s) dict_keys(['example_trigger_controller_dag']) retrieved from /home/airflow/.local/lib/python3.6/site-packages/airflow/example_dags/example_trigger_controller_dag.py
[2022-03-28 13:55:25,292] {logging_mixin.py:109} INFO - [2022-03-28 13:55:25,292] {dag.py:1833} INFO - Sync 1 DAGs
[2022-03-28 13:55:25,302] {logging_mixin.py:109} INFO - [2022-03-28 13:55:25,302] {dag.py:2306} INFO - Setting next_dagrun for example_trigger_controller_dag to 2022-03-26 00:00:00+00:00
[2022-03-28 13:55:25,312] {processor.py:170} INFO - Processing /home/airflow/.local/lib/python3.6/site-packages/airflow/example_dags/example_trigger_controller_dag.py took 0.048 seconds
[2022-03-28 13:55:55,341] {processor.py:162} INFO - Started process (PID=622) to work on /home/airflow/.local/lib/python3.6/site-packages/airflow/example_dags/example_trigger_controller_dag.py
[2022-03-28 13:55:55,342] {processor.py:613} INFO - Processing file /home/airflow/.local/lib/python3.6/site-packages/airflow/example_dags/example_trigger_controller_dag.py for tasks to queue
[2022-03-28 13:55:55,342] {logging_mixin.py:109} INFO - [2022-03-28 13:55:55,342] {dagbag.py:496} INFO - Filling up the DagBag from /home/airflow/.local/lib/python3.6/site-packages/airflow/example_dags/example_trigger_controller_dag.py
[2022-03-28 13:55:55,349] {processor.py:623} INFO - DAG(s) dict_keys(['example_trigger_controller_dag']) retrieved from /home/airflow/.local/lib/python3.6/site-packages/airflow/example_dags/example_trigger_controller_dag.py
[2022-03-28 13:55:55,365] {logging_mixin.py:109} INFO - [2022-03-28 13:55:55,365] {dag.py:1833} INFO - Sync 1 DAGs
[2022-03-28 13:55:55,378] {logging_mixin.py:109} INFO - [2022-03-28 13:55:55,378] {dag.py:2306} INFO - Setting next_dagrun for example_trigger_controller_dag to 2022-03-26 00:00:00+00:00
[2022-03-28 13:55:55,388] {processor.py:170} INFO - Processing /home/airflow/.local/lib/python3.6/site-packages/airflow/example_dags/example_trigger_controller_dag.py took 0.049 seconds
[2022-03-28 13:56:25,538] {processor.py:162} INFO - Started process (PID=677) to work on /home/airflow/.local/lib/python3.6/site-packages/airflow/example_dags/example_trigger_controller_dag.py
[2022-03-28 13:56:25,540] {processor.py:613} INFO - Processing file /home/airflow/.local/lib/python3.6/site-packages/airflow/example_dags/example_trigger_controller_dag.py for tasks to queue
[2022-03-28 13:56:25,540] {logging_mixin.py:109} INFO - [2022-03-28 13:56:25,540] {dagbag.py:496} INFO - Filling up the DagBag from /home/airflow/.local/lib/python3.6/site-packages/airflow/example_dags/example_trigger_controller_dag.py
[2022-03-28 13:56:25,547] {processor.py:623} INFO - DAG(s) dict_keys(['example_trigger_controller_dag']) retrieved from /home/airflow/.local/lib/python3.6/site-packages/airflow/example_dags/example_trigger_controller_dag.py
[2022-03-28 13:56:25,567] {logging_mixin.py:109} INFO - [2022-03-28 13:56:25,567] {dag.py:1833} INFO - Sync 1 DAGs
[2022-03-28 13:56:25,580] {logging_mixin.py:109} INFO - [2022-03-28 13:56:25,580] {dag.py:2306} INFO - Setting next_dagrun for example_trigger_controller_dag to 2022-03-26 00:00:00+00:00
[2022-03-28 13:56:25,593] {processor.py:170} INFO - Processing /home/airflow/.local/lib/python3.6/site-packages/airflow/example_dags/example_trigger_controller_dag.py took 0.057 seconds
[2022-03-28 13:56:55,649] {processor.py:162} INFO - Started process (PID=738) to work on /home/airflow/.local/lib/python3.6/site-packages/airflow/example_dags/example_trigger_controller_dag.py
[2022-03-28 13:56:55,649] {processor.py:613} INFO - Processing file /home/airflow/.local/lib/python3.6/site-packages/airflow/example_dags/example_trigger_controller_dag.py for tasks to queue
[2022-03-28 13:56:55,650] {logging_mixin.py:109} INFO - [2022-03-28 13:56:55,650] {dagbag.py:496} INFO - Filling up the DagBag from /home/airflow/.local/lib/python3.6/site-packages/airflow/example_dags/example_trigger_controller_dag.py
[2022-03-28 13:56:55,658] {processor.py:623} INFO - DAG(s) dict_keys(['example_trigger_controller_dag']) retrieved from /home/airflow/.local/lib/python3.6/site-packages/airflow/example_dags/example_trigger_controller_dag.py
[2022-03-28 13:56:55,674] {logging_mixin.py:109} INFO - [2022-03-28 13:56:55,674] {dag.py:1833} INFO - Sync 1 DAGs
[2022-03-28 13:56:55,686] {logging_mixin.py:109} INFO - [2022-03-28 13:56:55,686] {dag.py:2306} INFO - Setting next_dagrun for example_trigger_controller_dag to 2022-03-26 00:00:00+00:00
[2022-03-28 13:56:55,695] {processor.py:170} INFO - Processing /home/airflow/.local/lib/python3.6/site-packages/airflow/example_dags/example_trigger_controller_dag.py took 0.048 seconds
[2022-03-28 13:57:26,526] {processor.py:162} INFO - Started process (PID=789) to work on /home/airflow/.local/lib/python3.6/site-packages/airflow/example_dags/example_trigger_controller_dag.py
[2022-03-28 13:57:26,527] {processor.py:613} INFO - Processing file /home/airflow/.local/lib/python3.6/site-packages/airflow/example_dags/example_trigger_controller_dag.py for tasks to queue
[2022-03-28 13:57:26,527] {logging_mixin.py:109} INFO - [2022-03-28 13:57:26,527] {dagbag.py:496} INFO - Filling up the DagBag from /home/airflow/.local/lib/python3.6/site-packages/airflow/example_dags/example_trigger_controller_dag.py
[2022-03-28 13:57:26,533] {processor.py:623} INFO - DAG(s) dict_keys(['example_trigger_controller_dag']) retrieved from /home/airflow/.local/lib/python3.6/site-packages/airflow/example_dags/example_trigger_controller_dag.py
[2022-03-28 13:57:26,547] {logging_mixin.py:109} INFO - [2022-03-28 13:57:26,547] {dag.py:1833} INFO - Sync 1 DAGs
[2022-03-28 13:57:26,557] {logging_mixin.py:109} INFO - [2022-03-28 13:57:26,557] {dag.py:2306} INFO - Setting next_dagrun for example_trigger_controller_dag to 2022-03-26 00:00:00+00:00
[2022-03-28 13:57:26,564] {processor.py:170} INFO - Processing /home/airflow/.local/lib/python3.6/site-packages/airflow/example_dags/example_trigger_controller_dag.py took 0.040 seconds
[2022-03-28 13:57:57,343] {processor.py:162} INFO - Started process (PID=853) to work on /home/airflow/.local/lib/python3.6/site-packages/airflow/example_dags/example_trigger_controller_dag.py
[2022-03-28 13:57:57,344] {processor.py:613} INFO - Processing file /home/airflow/.local/lib/python3.6/site-packages/airflow/example_dags/example_trigger_controller_dag.py for tasks to queue
[2022-03-28 13:57:57,344] {logging_mixin.py:109} INFO - [2022-03-28 13:57:57,344] {dagbag.py:496} INFO - Filling up the DagBag from /home/airflow/.local/lib/python3.6/site-packages/airflow/example_dags/example_trigger_controller_dag.py
[2022-03-28 13:57:57,352] {processor.py:623} INFO - DAG(s) dict_keys(['example_trigger_controller_dag']) retrieved from /home/airflow/.local/lib/python3.6/site-packages/airflow/example_dags/example_trigger_controller_dag.py
[2022-03-28 13:57:57,370] {logging_mixin.py:109} INFO - [2022-03-28 13:57:57,370] {dag.py:1833} INFO - Sync 1 DAGs
[2022-03-28 13:57:57,383] {logging_mixin.py:109} INFO - [2022-03-28 13:57:57,383] {dag.py:2306} INFO - Setting next_dagrun for example_trigger_controller_dag to 2022-03-26 00:00:00+00:00
[2022-03-28 13:57:57,393] {processor.py:170} INFO - Processing /home/airflow/.local/lib/python3.6/site-packages/airflow/example_dags/example_trigger_controller_dag.py took 0.052 seconds
[2022-03-28 13:58:27,518] {processor.py:162} INFO - Started process (PID=904) to work on /home/airflow/.local/lib/python3.6/site-packages/airflow/example_dags/example_trigger_controller_dag.py
[2022-03-28 13:58:27,518] {processor.py:613} INFO - Processing file /home/airflow/.local/lib/python3.6/site-packages/airflow/example_dags/example_trigger_controller_dag.py for tasks to queue
[2022-03-28 13:58:27,519] {logging_mixin.py:109} INFO - [2022-03-28 13:58:27,519] {dagbag.py:496} INFO - Filling up the DagBag from /home/airflow/.local/lib/python3.6/site-packages/airflow/example_dags/example_trigger_controller_dag.py
[2022-03-28 13:58:27,526] {processor.py:623} INFO - DAG(s) dict_keys(['example_trigger_controller_dag']) retrieved from /home/airflow/.local/lib/python3.6/site-packages/airflow/example_dags/example_trigger_controller_dag.py
[2022-03-28 13:58:27,540] {logging_mixin.py:109} INFO - [2022-03-28 13:58:27,540] {dag.py:1833} INFO - Sync 1 DAGs
[2022-03-28 13:58:27,550] {logging_mixin.py:109} INFO - [2022-03-28 13:58:27,550] {dag.py:2306} INFO - Setting next_dagrun for example_trigger_controller_dag to 2022-03-26 00:00:00+00:00
[2022-03-28 13:58:27,557] {processor.py:170} INFO - Processing /home/airflow/.local/lib/python3.6/site-packages/airflow/example_dags/example_trigger_controller_dag.py took 0.041 seconds
[2022-03-28 13:58:57,568] {processor.py:162} INFO - Started process (PID=967) to work on /home/airflow/.local/lib/python3.6/site-packages/airflow/example_dags/example_trigger_controller_dag.py
[2022-03-28 13:58:57,569] {processor.py:613} INFO - Processing file /home/airflow/.local/lib/python3.6/site-packages/airflow/example_dags/example_trigger_controller_dag.py for tasks to queue
[2022-03-28 13:58:57,569] {logging_mixin.py:109} INFO - [2022-03-28 13:58:57,569] {dagbag.py:496} INFO - Filling up the DagBag from /home/airflow/.local/lib/python3.6/site-packages/airflow/example_dags/example_trigger_controller_dag.py
[2022-03-28 13:58:57,576] {processor.py:623} INFO - DAG(s) dict_keys(['example_trigger_controller_dag']) retrieved from /home/airflow/.local/lib/python3.6/site-packages/airflow/example_dags/example_trigger_controller_dag.py
[2022-03-28 13:58:57,589] {logging_mixin.py:109} INFO - [2022-03-28 13:58:57,589] {dag.py:1833} INFO - Sync 1 DAGs
[2022-03-28 13:58:57,599] {logging_mixin.py:109} INFO - [2022-03-28 13:58:57,598] {dag.py:2306} INFO - Setting next_dagrun for example_trigger_controller_dag to 2022-03-26 00:00:00+00:00
[2022-03-28 13:58:57,605] {processor.py:170} INFO - Processing /home/airflow/.local/lib/python3.6/site-packages/airflow/example_dags/example_trigger_controller_dag.py took 0.038 seconds
[2022-03-28 13:59:27,678] {processor.py:162} INFO - Started process (PID=1025) to work on /home/airflow/.local/lib/python3.6/site-packages/airflow/example_dags/example_trigger_controller_dag.py
[2022-03-28 13:59:27,678] {processor.py:613} INFO - Processing file /home/airflow/.local/lib/python3.6/site-packages/airflow/example_dags/example_trigger_controller_dag.py for tasks to queue
[2022-03-28 13:59:27,679] {logging_mixin.py:109} INFO - [2022-03-28 13:59:27,679] {dagbag.py:496} INFO - Filling up the DagBag from /home/airflow/.local/lib/python3.6/site-packages/airflow/example_dags/example_trigger_controller_dag.py
[2022-03-28 13:59:27,685] {processor.py:623} INFO - DAG(s) dict_keys(['example_trigger_controller_dag']) retrieved from /home/airflow/.local/lib/python3.6/site-packages/airflow/example_dags/example_trigger_controller_dag.py
[2022-03-28 13:59:27,701] {logging_mixin.py:109} INFO - [2022-03-28 13:59:27,701] {dag.py:1833} INFO - Sync 1 DAGs
[2022-03-28 13:59:27,711] {logging_mixin.py:109} INFO - [2022-03-28 13:59:27,711] {dag.py:2306} INFO - Setting next_dagrun for example_trigger_controller_dag to 2022-03-26 00:00:00+00:00
[2022-03-28 13:59:27,719] {processor.py:170} INFO - Processing /home/airflow/.local/lib/python3.6/site-packages/airflow/example_dags/example_trigger_controller_dag.py took 0.043 seconds
[2022-03-28 13:59:57,808] {processor.py:162} INFO - Started process (PID=1079) to work on /home/airflow/.local/lib/python3.6/site-packages/airflow/example_dags/example_trigger_controller_dag.py
[2022-03-28 13:59:57,809] {processor.py:613} INFO - Processing file /home/airflow/.local/lib/python3.6/site-packages/airflow/example_dags/example_trigger_controller_dag.py for tasks to queue
[2022-03-28 13:59:57,810] {logging_mixin.py:109} INFO - [2022-03-28 13:59:57,810] {dagbag.py:496} INFO - Filling up the DagBag from /home/airflow/.local/lib/python3.6/site-packages/airflow/example_dags/example_trigger_controller_dag.py
[2022-03-28 13:59:57,818] {processor.py:623} INFO - DAG(s) dict_keys(['example_trigger_controller_dag']) retrieved from /home/airflow/.local/lib/python3.6/site-packages/airflow/example_dags/example_trigger_controller_dag.py
[2022-03-28 13:59:57,841] {logging_mixin.py:109} INFO - [2022-03-28 13:59:57,841] {dag.py:1833} INFO - Sync 1 DAGs
[2022-03-28 13:59:57,856] {logging_mixin.py:109} INFO - [2022-03-28 13:59:57,856] {dag.py:2306} INFO - Setting next_dagrun for example_trigger_controller_dag to 2022-03-26 00:00:00+00:00
[2022-03-28 13:59:57,867] {processor.py:170} INFO - Processing /home/airflow/.local/lib/python3.6/site-packages/airflow/example_dags/example_trigger_controller_dag.py took 0.061 seconds
[2022-03-28 14:00:27,957] {processor.py:162} INFO - Started process (PID=1143) to work on /home/airflow/.local/lib/python3.6/site-packages/airflow/example_dags/example_trigger_controller_dag.py
[2022-03-28 14:00:27,958] {processor.py:613} INFO - Processing file /home/airflow/.local/lib/python3.6/site-packages/airflow/example_dags/example_trigger_controller_dag.py for tasks to queue
[2022-03-28 14:00:27,958] {logging_mixin.py:109} INFO - [2022-03-28 14:00:27,958] {dagbag.py:496} INFO - Filling up the DagBag from /home/airflow/.local/lib/python3.6/site-packages/airflow/example_dags/example_trigger_controller_dag.py
[2022-03-28 14:00:27,966] {processor.py:623} INFO - DAG(s) dict_keys(['example_trigger_controller_dag']) retrieved from /home/airflow/.local/lib/python3.6/site-packages/airflow/example_dags/example_trigger_controller_dag.py
[2022-03-28 14:00:27,982] {logging_mixin.py:109} INFO - [2022-03-28 14:00:27,982] {dag.py:1833} INFO - Sync 1 DAGs
[2022-03-28 14:00:27,993] {logging_mixin.py:109} INFO - [2022-03-28 14:00:27,993] {dag.py:2306} INFO - Setting next_dagrun for example_trigger_controller_dag to 2022-03-26 00:00:00+00:00
[2022-03-28 14:00:28,003] {processor.py:170} INFO - Processing /home/airflow/.local/lib/python3.6/site-packages/airflow/example_dags/example_trigger_controller_dag.py took 0.047 seconds
[2022-03-28 14:00:58,052] {processor.py:162} INFO - Started process (PID=1194) to work on /home/airflow/.local/lib/python3.6/site-packages/airflow/example_dags/example_trigger_controller_dag.py
[2022-03-28 14:00:58,053] {processor.py:613} INFO - Processing file /home/airflow/.local/lib/python3.6/site-packages/airflow/example_dags/example_trigger_controller_dag.py for tasks to queue
[2022-03-28 14:00:58,054] {logging_mixin.py:109} INFO - [2022-03-28 14:00:58,053] {dagbag.py:496} INFO - Filling up the DagBag from /home/airflow/.local/lib/python3.6/site-packages/airflow/example_dags/example_trigger_controller_dag.py
[2022-03-28 14:00:58,060] {processor.py:623} INFO - DAG(s) dict_keys(['example_trigger_controller_dag']) retrieved from /home/airflow/.local/lib/python3.6/site-packages/airflow/example_dags/example_trigger_controller_dag.py
[2022-03-28 14:00:58,073] {logging_mixin.py:109} INFO - [2022-03-28 14:00:58,073] {dag.py:1833} INFO - Sync 1 DAGs
[2022-03-28 14:00:58,082] {logging_mixin.py:109} INFO - [2022-03-28 14:00:58,082] {dag.py:2306} INFO - Setting next_dagrun for example_trigger_controller_dag to 2022-03-26 00:00:00+00:00
[2022-03-28 14:00:58,089] {processor.py:170} INFO - Processing /home/airflow/.local/lib/python3.6/site-packages/airflow/example_dags/example_trigger_controller_dag.py took 0.039 seconds
[2022-03-28 14:01:28,114] {processor.py:162} INFO - Started process (PID=1256) to work on /home/airflow/.local/lib/python3.6/site-packages/airflow/example_dags/example_trigger_controller_dag.py
[2022-03-28 14:01:28,115] {processor.py:613} INFO - Processing file /home/airflow/.local/lib/python3.6/site-packages/airflow/example_dags/example_trigger_controller_dag.py for tasks to queue
[2022-03-28 14:01:28,115] {logging_mixin.py:109} INFO - [2022-03-28 14:01:28,115] {dagbag.py:496} INFO - Filling up the DagBag from /home/airflow/.local/lib/python3.6/site-packages/airflow/example_dags/example_trigger_controller_dag.py
[2022-03-28 14:01:28,121] {processor.py:623} INFO - DAG(s) dict_keys(['example_trigger_controller_dag']) retrieved from /home/airflow/.local/lib/python3.6/site-packages/airflow/example_dags/example_trigger_controller_dag.py
[2022-03-28 14:01:28,134] {logging_mixin.py:109} INFO - [2022-03-28 14:01:28,134] {dag.py:1833} INFO - Sync 1 DAGs
[2022-03-28 14:01:28,144] {logging_mixin.py:109} INFO - [2022-03-28 14:01:28,144] {dag.py:2306} INFO - Setting next_dagrun for example_trigger_controller_dag to 2022-03-26 00:00:00+00:00
[2022-03-28 14:01:28,151] {processor.py:170} INFO - Processing /home/airflow/.local/lib/python3.6/site-packages/airflow/example_dags/example_trigger_controller_dag.py took 0.039 seconds
[2022-03-28 14:01:58,237] {processor.py:162} INFO - Started process (PID=1308) to work on /home/airflow/.local/lib/python3.6/site-packages/airflow/example_dags/example_trigger_controller_dag.py
[2022-03-28 14:01:58,238] {processor.py:613} INFO - Processing file /home/airflow/.local/lib/python3.6/site-packages/airflow/example_dags/example_trigger_controller_dag.py for tasks to queue
[2022-03-28 14:01:58,238] {logging_mixin.py:109} INFO - [2022-03-28 14:01:58,238] {dagbag.py:496} INFO - Filling up the DagBag from /home/airflow/.local/lib/python3.6/site-packages/airflow/example_dags/example_trigger_controller_dag.py
[2022-03-28 14:01:58,244] {processor.py:623} INFO - DAG(s) dict_keys(['example_trigger_controller_dag']) retrieved from /home/airflow/.local/lib/python3.6/site-packages/airflow/example_dags/example_trigger_controller_dag.py
[2022-03-28 14:01:58,259] {logging_mixin.py:109} INFO - [2022-03-28 14:01:58,259] {dag.py:1833} INFO - Sync 1 DAGs
[2022-03-28 14:01:58,269] {logging_mixin.py:109} INFO - [2022-03-28 14:01:58,269] {dag.py:2306} INFO - Setting next_dagrun for example_trigger_controller_dag to 2022-03-26 00:00:00+00:00
[2022-03-28 14:01:58,277] {processor.py:170} INFO - Processing /home/airflow/.local/lib/python3.6/site-packages/airflow/example_dags/example_trigger_controller_dag.py took 0.041 seconds
[2022-03-28 14:02:28,409] {processor.py:162} INFO - Started process (PID=1370) to work on /home/airflow/.local/lib/python3.6/site-packages/airflow/example_dags/example_trigger_controller_dag.py
[2022-03-28 14:02:28,410] {processor.py:613} INFO - Processing file /home/airflow/.local/lib/python3.6/site-packages/airflow/example_dags/example_trigger_controller_dag.py for tasks to queue
[2022-03-28 14:02:28,410] {logging_mixin.py:109} INFO - [2022-03-28 14:02:28,410] {dagbag.py:496} INFO - Filling up the DagBag from /home/airflow/.local/lib/python3.6/site-packages/airflow/example_dags/example_trigger_controller_dag.py
[2022-03-28 14:02:28,417] {processor.py:623} INFO - DAG(s) dict_keys(['example_trigger_controller_dag']) retrieved from /home/airflow/.local/lib/python3.6/site-packages/airflow/example_dags/example_trigger_controller_dag.py
[2022-03-28 14:02:28,430] {logging_mixin.py:109} INFO - [2022-03-28 14:02:28,430] {dag.py:1833} INFO - Sync 1 DAGs
[2022-03-28 14:02:28,440] {logging_mixin.py:109} INFO - [2022-03-28 14:02:28,440] {dag.py:2306} INFO - Setting next_dagrun for example_trigger_controller_dag to 2022-03-26 00:00:00+00:00
[2022-03-28 14:02:28,447] {processor.py:170} INFO - Processing /home/airflow/.local/lib/python3.6/site-packages/airflow/example_dags/example_trigger_controller_dag.py took 0.039 seconds
[2022-03-28 14:02:59,276] {processor.py:162} INFO - Started process (PID=1429) to work on /home/airflow/.local/lib/python3.6/site-packages/airflow/example_dags/example_trigger_controller_dag.py
[2022-03-28 14:02:59,277] {processor.py:613} INFO - Processing file /home/airflow/.local/lib/python3.6/site-packages/airflow/example_dags/example_trigger_controller_dag.py for tasks to queue
[2022-03-28 14:02:59,277] {logging_mixin.py:109} INFO - [2022-03-28 14:02:59,277] {dagbag.py:496} INFO - Filling up the DagBag from /home/airflow/.local/lib/python3.6/site-packages/airflow/example_dags/example_trigger_controller_dag.py
[2022-03-28 14:02:59,284] {processor.py:623} INFO - DAG(s) dict_keys(['example_trigger_controller_dag']) retrieved from /home/airflow/.local/lib/python3.6/site-packages/airflow/example_dags/example_trigger_controller_dag.py
[2022-03-28 14:02:59,304] {logging_mixin.py:109} INFO - [2022-03-28 14:02:59,304] {dag.py:1833} INFO - Sync 1 DAGs
[2022-03-28 14:02:59,316] {logging_mixin.py:109} INFO - [2022-03-28 14:02:59,316] {dag.py:2306} INFO - Setting next_dagrun for example_trigger_controller_dag to 2022-03-26 00:00:00+00:00
[2022-03-28 14:02:59,324] {processor.py:170} INFO - Processing /home/airflow/.local/lib/python3.6/site-packages/airflow/example_dags/example_trigger_controller_dag.py took 0.049 seconds
[2022-03-28 14:03:30,212] {processor.py:162} INFO - Started process (PID=1485) to work on /home/airflow/.local/lib/python3.6/site-packages/airflow/example_dags/example_trigger_controller_dag.py
[2022-03-28 14:03:30,213] {processor.py:613} INFO - Processing file /home/airflow/.local/lib/python3.6/site-packages/airflow/example_dags/example_trigger_controller_dag.py for tasks to queue
[2022-03-28 14:03:30,213] {logging_mixin.py:109} INFO - [2022-03-28 14:03:30,213] {dagbag.py:496} INFO - Filling up the DagBag from /home/airflow/.local/lib/python3.6/site-packages/airflow/example_dags/example_trigger_controller_dag.py
[2022-03-28 14:03:30,221] {processor.py:623} INFO - DAG(s) dict_keys(['example_trigger_controller_dag']) retrieved from /home/airflow/.local/lib/python3.6/site-packages/airflow/example_dags/example_trigger_controller_dag.py
[2022-03-28 14:03:30,236] {logging_mixin.py:109} INFO - [2022-03-28 14:03:30,236] {dag.py:1833} INFO - Sync 1 DAGs
[2022-03-28 14:03:30,246] {logging_mixin.py:109} INFO - [2022-03-28 14:03:30,245] {dag.py:2306} INFO - Setting next_dagrun for example_trigger_controller_dag to 2022-03-26 00:00:00+00:00
[2022-03-28 14:03:30,253] {processor.py:170} INFO - Processing /home/airflow/.local/lib/python3.6/site-packages/airflow/example_dags/example_trigger_controller_dag.py took 0.043 seconds
[2022-03-28 14:04:00,461] {processor.py:162} INFO - Started process (PID=1547) to work on /home/airflow/.local/lib/python3.6/site-packages/airflow/example_dags/example_trigger_controller_dag.py
[2022-03-28 14:04:00,461] {processor.py:613} INFO - Processing file /home/airflow/.local/lib/python3.6/site-packages/airflow/example_dags/example_trigger_controller_dag.py for tasks to queue
[2022-03-28 14:04:00,462] {logging_mixin.py:109} INFO - [2022-03-28 14:04:00,462] {dagbag.py:496} INFO - Filling up the DagBag from /home/airflow/.local/lib/python3.6/site-packages/airflow/example_dags/example_trigger_controller_dag.py
[2022-03-28 14:04:00,473] {processor.py:623} INFO - DAG(s) dict_keys(['example_trigger_controller_dag']) retrieved from /home/airflow/.local/lib/python3.6/site-packages/airflow/example_dags/example_trigger_controller_dag.py
[2022-03-28 14:04:00,493] {logging_mixin.py:109} INFO - [2022-03-28 14:04:00,493] {dag.py:1833} INFO - Sync 1 DAGs
[2022-03-28 14:04:00,506] {logging_mixin.py:109} INFO - [2022-03-28 14:04:00,506] {dag.py:2306} INFO - Setting next_dagrun for example_trigger_controller_dag to 2022-03-26 00:00:00+00:00
[2022-03-28 14:04:00,515] {processor.py:170} INFO - Processing /home/airflow/.local/lib/python3.6/site-packages/airflow/example_dags/example_trigger_controller_dag.py took 0.057 seconds
[2022-03-28 14:04:30,555] {processor.py:162} INFO - Started process (PID=1598) to work on /home/airflow/.local/lib/python3.6/site-packages/airflow/example_dags/example_trigger_controller_dag.py
[2022-03-28 14:04:30,556] {processor.py:613} INFO - Processing file /home/airflow/.local/lib/python3.6/site-packages/airflow/example_dags/example_trigger_controller_dag.py for tasks to queue
[2022-03-28 14:04:30,556] {logging_mixin.py:109} INFO - [2022-03-28 14:04:30,556] {dagbag.py:496} INFO - Filling up the DagBag from /home/airflow/.local/lib/python3.6/site-packages/airflow/example_dags/example_trigger_controller_dag.py
[2022-03-28 14:04:30,563] {processor.py:623} INFO - DAG(s) dict_keys(['example_trigger_controller_dag']) retrieved from /home/airflow/.local/lib/python3.6/site-packages/airflow/example_dags/example_trigger_controller_dag.py
[2022-03-28 14:04:30,577] {logging_mixin.py:109} INFO - [2022-03-28 14:04:30,577] {dag.py:1833} INFO - Sync 1 DAGs
[2022-03-28 14:04:30,587] {logging_mixin.py:109} INFO - [2022-03-28 14:04:30,586] {dag.py:2306} INFO - Setting next_dagrun for example_trigger_controller_dag to 2022-03-26 00:00:00+00:00
[2022-03-28 14:04:30,593] {processor.py:170} INFO - Processing /home/airflow/.local/lib/python3.6/site-packages/airflow/example_dags/example_trigger_controller_dag.py took 0.039 seconds
[2022-03-28 14:05:00,666] {processor.py:162} INFO - Started process (PID=1661) to work on /home/airflow/.local/lib/python3.6/site-packages/airflow/example_dags/example_trigger_controller_dag.py
[2022-03-28 14:05:00,667] {processor.py:613} INFO - Processing file /home/airflow/.local/lib/python3.6/site-packages/airflow/example_dags/example_trigger_controller_dag.py for tasks to queue
[2022-03-28 14:05:00,667] {logging_mixin.py:109} INFO - [2022-03-28 14:05:00,667] {dagbag.py:496} INFO - Filling up the DagBag from /home/airflow/.local/lib/python3.6/site-packages/airflow/example_dags/example_trigger_controller_dag.py
[2022-03-28 14:05:00,674] {processor.py:623} INFO - DAG(s) dict_keys(['example_trigger_controller_dag']) retrieved from /home/airflow/.local/lib/python3.6/site-packages/airflow/example_dags/example_trigger_controller_dag.py
[2022-03-28 14:05:00,688] {logging_mixin.py:109} INFO - [2022-03-28 14:05:00,688] {dag.py:1833} INFO - Sync 1 DAGs
[2022-03-28 14:05:00,698] {logging_mixin.py:109} INFO - [2022-03-28 14:05:00,698] {dag.py:2306} INFO - Setting next_dagrun for example_trigger_controller_dag to 2022-03-26 00:00:00+00:00
[2022-03-28 14:05:00,706] {processor.py:170} INFO - Processing /home/airflow/.local/lib/python3.6/site-packages/airflow/example_dags/example_trigger_controller_dag.py took 0.041 seconds
[2022-03-28 14:05:30,760] {processor.py:162} INFO - Started process (PID=1713) to work on /home/airflow/.local/lib/python3.6/site-packages/airflow/example_dags/example_trigger_controller_dag.py
[2022-03-28 14:05:30,761] {processor.py:613} INFO - Processing file /home/airflow/.local/lib/python3.6/site-packages/airflow/example_dags/example_trigger_controller_dag.py for tasks to queue
[2022-03-28 14:05:30,762] {logging_mixin.py:109} INFO - [2022-03-28 14:05:30,761] {dagbag.py:496} INFO - Filling up the DagBag from /home/airflow/.local/lib/python3.6/site-packages/airflow/example_dags/example_trigger_controller_dag.py
[2022-03-28 14:05:30,770] {processor.py:623} INFO - DAG(s) dict_keys(['example_trigger_controller_dag']) retrieved from /home/airflow/.local/lib/python3.6/site-packages/airflow/example_dags/example_trigger_controller_dag.py
[2022-03-28 14:05:30,785] {logging_mixin.py:109} INFO - [2022-03-28 14:05:30,785] {dag.py:1833} INFO - Sync 1 DAGs
[2022-03-28 14:05:30,795] {logging_mixin.py:109} INFO - [2022-03-28 14:05:30,794] {dag.py:2306} INFO - Setting next_dagrun for example_trigger_controller_dag to 2022-03-26 00:00:00+00:00
[2022-03-28 14:05:30,802] {processor.py:170} INFO - Processing /home/airflow/.local/lib/python3.6/site-packages/airflow/example_dags/example_trigger_controller_dag.py took 0.043 seconds
[2022-03-28 14:06:01,472] {processor.py:162} INFO - Started process (PID=1775) to work on /home/airflow/.local/lib/python3.6/site-packages/airflow/example_dags/example_trigger_controller_dag.py
[2022-03-28 14:06:01,473] {processor.py:613} INFO - Processing file /home/airflow/.local/lib/python3.6/site-packages/airflow/example_dags/example_trigger_controller_dag.py for tasks to queue
[2022-03-28 14:06:01,474] {logging_mixin.py:109} INFO - [2022-03-28 14:06:01,474] {dagbag.py:496} INFO - Filling up the DagBag from /home/airflow/.local/lib/python3.6/site-packages/airflow/example_dags/example_trigger_controller_dag.py
[2022-03-28 14:06:01,479] {processor.py:623} INFO - DAG(s) dict_keys(['example_trigger_controller_dag']) retrieved from /home/airflow/.local/lib/python3.6/site-packages/airflow/example_dags/example_trigger_controller_dag.py
[2022-03-28 14:06:01,493] {logging_mixin.py:109} INFO - [2022-03-28 14:06:01,493] {dag.py:1833} INFO - Sync 1 DAGs
[2022-03-28 14:06:01,504] {logging_mixin.py:109} INFO - [2022-03-28 14:06:01,504] {dag.py:2306} INFO - Setting next_dagrun for example_trigger_controller_dag to 2022-03-26 00:00:00+00:00
[2022-03-28 14:06:01,511] {processor.py:170} INFO - Processing /home/airflow/.local/lib/python3.6/site-packages/airflow/example_dags/example_trigger_controller_dag.py took 0.040 seconds
[2022-03-28 14:06:32,173] {processor.py:162} INFO - Started process (PID=1836) to work on /home/airflow/.local/lib/python3.6/site-packages/airflow/example_dags/example_trigger_controller_dag.py
[2022-03-28 14:06:32,174] {processor.py:613} INFO - Processing file /home/airflow/.local/lib/python3.6/site-packages/airflow/example_dags/example_trigger_controller_dag.py for tasks to queue
[2022-03-28 14:06:32,174] {logging_mixin.py:109} INFO - [2022-03-28 14:06:32,174] {dagbag.py:496} INFO - Filling up the DagBag from /home/airflow/.local/lib/python3.6/site-packages/airflow/example_dags/example_trigger_controller_dag.py
[2022-03-28 14:06:32,181] {processor.py:623} INFO - DAG(s) dict_keys(['example_trigger_controller_dag']) retrieved from /home/airflow/.local/lib/python3.6/site-packages/airflow/example_dags/example_trigger_controller_dag.py
[2022-03-28 14:06:32,196] {logging_mixin.py:109} INFO - [2022-03-28 14:06:32,196] {dag.py:1833} INFO - Sync 1 DAGs
[2022-03-28 14:06:32,207] {logging_mixin.py:109} INFO - [2022-03-28 14:06:32,206] {dag.py:2306} INFO - Setting next_dagrun for example_trigger_controller_dag to 2022-03-26 00:00:00+00:00
[2022-03-28 14:06:32,214] {processor.py:170} INFO - Processing /home/airflow/.local/lib/python3.6/site-packages/airflow/example_dags/example_trigger_controller_dag.py took 0.042 seconds
[2022-03-28 14:07:02,908] {processor.py:162} INFO - Started process (PID=1890) to work on /home/airflow/.local/lib/python3.6/site-packages/airflow/example_dags/example_trigger_controller_dag.py
[2022-03-28 14:07:02,909] {processor.py:613} INFO - Processing file /home/airflow/.local/lib/python3.6/site-packages/airflow/example_dags/example_trigger_controller_dag.py for tasks to queue
[2022-03-28 14:07:02,909] {logging_mixin.py:109} INFO - [2022-03-28 14:07:02,909] {dagbag.py:496} INFO - Filling up the DagBag from /home/airflow/.local/lib/python3.6/site-packages/airflow/example_dags/example_trigger_controller_dag.py
[2022-03-28 14:07:02,915] {processor.py:623} INFO - DAG(s) dict_keys(['example_trigger_controller_dag']) retrieved from /home/airflow/.local/lib/python3.6/site-packages/airflow/example_dags/example_trigger_controller_dag.py
[2022-03-28 14:07:02,929] {logging_mixin.py:109} INFO - [2022-03-28 14:07:02,929] {dag.py:1833} INFO - Sync 1 DAGs
[2022-03-28 14:07:02,939] {logging_mixin.py:109} INFO - [2022-03-28 14:07:02,939] {dag.py:2306} INFO - Setting next_dagrun for example_trigger_controller_dag to 2022-03-26 00:00:00+00:00
[2022-03-28 14:07:02,946] {processor.py:170} INFO - Processing /home/airflow/.local/lib/python3.6/site-packages/airflow/example_dags/example_trigger_controller_dag.py took 0.039 seconds
