[2022-03-28 13:54:05,926] {processor.py:162} INFO - Started process (PID=124) to work on /home/airflow/.local/lib/python3.6/site-packages/airflow/example_dags/example_complex.py
[2022-03-28 13:54:05,926] {processor.py:613} INFO - Processing file /home/airflow/.local/lib/python3.6/site-packages/airflow/example_dags/example_complex.py for tasks to queue
[2022-03-28 13:54:05,927] {logging_mixin.py:109} INFO - [2022-03-28 13:54:05,927] {dagbag.py:496} INFO - Filling up the DagBag from /home/airflow/.local/lib/python3.6/site-packages/airflow/example_dags/example_complex.py
[2022-03-28 13:54:05,941] {processor.py:623} INFO - DAG(s) dict_keys(['example_complex']) retrieved from /home/airflow/.local/lib/python3.6/site-packages/airflow/example_dags/example_complex.py
[2022-03-28 13:54:07,958] {logging_mixin.py:109} INFO - [2022-03-28 13:54:07,956] {dag.py:1833} INFO - Sync 1 DAGs
[2022-03-28 13:54:07,967] {logging_mixin.py:109} INFO - [2022-03-28 13:54:07,966] {dag.py:1852} INFO - Creating ORM DAG for example_complex
[2022-03-28 13:54:07,970] {logging_mixin.py:109} INFO - [2022-03-28 13:54:07,970] {dag.py:2306} INFO - Setting next_dagrun for example_complex to None
[2022-03-28 13:54:07,979] {processor.py:170} INFO - Processing /home/airflow/.local/lib/python3.6/site-packages/airflow/example_dags/example_complex.py took 2.055 seconds
[2022-03-28 13:54:38,520] {processor.py:162} INFO - Started process (PID=473) to work on /home/airflow/.local/lib/python3.6/site-packages/airflow/example_dags/example_complex.py
[2022-03-28 13:54:38,520] {processor.py:613} INFO - Processing file /home/airflow/.local/lib/python3.6/site-packages/airflow/example_dags/example_complex.py for tasks to queue
[2022-03-28 13:54:38,521] {logging_mixin.py:109} INFO - [2022-03-28 13:54:38,521] {dagbag.py:496} INFO - Filling up the DagBag from /home/airflow/.local/lib/python3.6/site-packages/airflow/example_dags/example_complex.py
[2022-03-28 13:54:38,538] {processor.py:623} INFO - DAG(s) dict_keys(['example_complex']) retrieved from /home/airflow/.local/lib/python3.6/site-packages/airflow/example_dags/example_complex.py
[2022-03-28 13:54:38,557] {logging_mixin.py:109} INFO - [2022-03-28 13:54:38,557] {dag.py:1833} INFO - Sync 1 DAGs
[2022-03-28 13:54:38,566] {logging_mixin.py:109} INFO - [2022-03-28 13:54:38,566] {dag.py:2306} INFO - Setting next_dagrun for example_complex to None
[2022-03-28 13:54:38,574] {processor.py:170} INFO - Processing /home/airflow/.local/lib/python3.6/site-packages/airflow/example_dags/example_complex.py took 0.057 seconds
[2022-03-28 13:55:08,595] {processor.py:162} INFO - Started process (PID=534) to work on /home/airflow/.local/lib/python3.6/site-packages/airflow/example_dags/example_complex.py
[2022-03-28 13:55:08,595] {processor.py:613} INFO - Processing file /home/airflow/.local/lib/python3.6/site-packages/airflow/example_dags/example_complex.py for tasks to queue
[2022-03-28 13:55:08,596] {logging_mixin.py:109} INFO - [2022-03-28 13:55:08,596] {dagbag.py:496} INFO - Filling up the DagBag from /home/airflow/.local/lib/python3.6/site-packages/airflow/example_dags/example_complex.py
[2022-03-28 13:55:08,610] {processor.py:623} INFO - DAG(s) dict_keys(['example_complex']) retrieved from /home/airflow/.local/lib/python3.6/site-packages/airflow/example_dags/example_complex.py
[2022-03-28 13:55:08,632] {logging_mixin.py:109} INFO - [2022-03-28 13:55:08,632] {dag.py:1833} INFO - Sync 1 DAGs
[2022-03-28 13:55:08,642] {logging_mixin.py:109} INFO - [2022-03-28 13:55:08,642] {dag.py:2306} INFO - Setting next_dagrun for example_complex to None
[2022-03-28 13:55:08,650] {processor.py:170} INFO - Processing /home/airflow/.local/lib/python3.6/site-packages/airflow/example_dags/example_complex.py took 0.057 seconds
[2022-03-28 13:55:38,764] {processor.py:162} INFO - Started process (PID=586) to work on /home/airflow/.local/lib/python3.6/site-packages/airflow/example_dags/example_complex.py
[2022-03-28 13:55:38,765] {processor.py:613} INFO - Processing file /home/airflow/.local/lib/python3.6/site-packages/airflow/example_dags/example_complex.py for tasks to queue
[2022-03-28 13:55:38,765] {logging_mixin.py:109} INFO - [2022-03-28 13:55:38,765] {dagbag.py:496} INFO - Filling up the DagBag from /home/airflow/.local/lib/python3.6/site-packages/airflow/example_dags/example_complex.py
[2022-03-28 13:55:38,779] {processor.py:623} INFO - DAG(s) dict_keys(['example_complex']) retrieved from /home/airflow/.local/lib/python3.6/site-packages/airflow/example_dags/example_complex.py
[2022-03-28 13:55:38,796] {logging_mixin.py:109} INFO - [2022-03-28 13:55:38,796] {dag.py:1833} INFO - Sync 1 DAGs
[2022-03-28 13:55:38,806] {logging_mixin.py:109} INFO - [2022-03-28 13:55:38,806] {dag.py:2306} INFO - Setting next_dagrun for example_complex to None
[2022-03-28 13:55:38,813] {processor.py:170} INFO - Processing /home/airflow/.local/lib/python3.6/site-packages/airflow/example_dags/example_complex.py took 0.051 seconds
[2022-03-28 13:56:08,842] {processor.py:162} INFO - Started process (PID=650) to work on /home/airflow/.local/lib/python3.6/site-packages/airflow/example_dags/example_complex.py
[2022-03-28 13:56:08,842] {processor.py:613} INFO - Processing file /home/airflow/.local/lib/python3.6/site-packages/airflow/example_dags/example_complex.py for tasks to queue
[2022-03-28 13:56:08,843] {logging_mixin.py:109} INFO - [2022-03-28 13:56:08,843] {dagbag.py:496} INFO - Filling up the DagBag from /home/airflow/.local/lib/python3.6/site-packages/airflow/example_dags/example_complex.py
[2022-03-28 13:56:08,855] {processor.py:623} INFO - DAG(s) dict_keys(['example_complex']) retrieved from /home/airflow/.local/lib/python3.6/site-packages/airflow/example_dags/example_complex.py
[2022-03-28 13:56:08,877] {logging_mixin.py:109} INFO - [2022-03-28 13:56:08,877] {dag.py:1833} INFO - Sync 1 DAGs
[2022-03-28 13:56:08,889] {logging_mixin.py:109} INFO - [2022-03-28 13:56:08,889] {dag.py:2306} INFO - Setting next_dagrun for example_complex to None
[2022-03-28 13:56:08,898] {processor.py:170} INFO - Processing /home/airflow/.local/lib/python3.6/site-packages/airflow/example_dags/example_complex.py took 0.058 seconds
[2022-03-28 13:56:38,980] {processor.py:162} INFO - Started process (PID=701) to work on /home/airflow/.local/lib/python3.6/site-packages/airflow/example_dags/example_complex.py
[2022-03-28 13:56:38,980] {processor.py:613} INFO - Processing file /home/airflow/.local/lib/python3.6/site-packages/airflow/example_dags/example_complex.py for tasks to queue
[2022-03-28 13:56:38,981] {logging_mixin.py:109} INFO - [2022-03-28 13:56:38,981] {dagbag.py:496} INFO - Filling up the DagBag from /home/airflow/.local/lib/python3.6/site-packages/airflow/example_dags/example_complex.py
[2022-03-28 13:56:38,994] {processor.py:623} INFO - DAG(s) dict_keys(['example_complex']) retrieved from /home/airflow/.local/lib/python3.6/site-packages/airflow/example_dags/example_complex.py
[2022-03-28 13:56:39,016] {logging_mixin.py:109} INFO - [2022-03-28 13:56:39,016] {dag.py:1833} INFO - Sync 1 DAGs
[2022-03-28 13:56:39,026] {logging_mixin.py:109} INFO - [2022-03-28 13:56:39,026] {dag.py:2306} INFO - Setting next_dagrun for example_complex to None
[2022-03-28 13:56:39,034] {processor.py:170} INFO - Processing /home/airflow/.local/lib/python3.6/site-packages/airflow/example_dags/example_complex.py took 0.056 seconds
[2022-03-28 13:57:09,976] {processor.py:162} INFO - Started process (PID=762) to work on /home/airflow/.local/lib/python3.6/site-packages/airflow/example_dags/example_complex.py
[2022-03-28 13:57:09,976] {processor.py:613} INFO - Processing file /home/airflow/.local/lib/python3.6/site-packages/airflow/example_dags/example_complex.py for tasks to queue
[2022-03-28 13:57:09,977] {logging_mixin.py:109} INFO - [2022-03-28 13:57:09,977] {dagbag.py:496} INFO - Filling up the DagBag from /home/airflow/.local/lib/python3.6/site-packages/airflow/example_dags/example_complex.py
[2022-03-28 13:57:09,996] {processor.py:623} INFO - DAG(s) dict_keys(['example_complex']) retrieved from /home/airflow/.local/lib/python3.6/site-packages/airflow/example_dags/example_complex.py
[2022-03-28 13:57:10,015] {logging_mixin.py:109} INFO - [2022-03-28 13:57:10,015] {dag.py:1833} INFO - Sync 1 DAGs
[2022-03-28 13:57:10,026] {logging_mixin.py:109} INFO - [2022-03-28 13:57:10,026] {dag.py:2306} INFO - Setting next_dagrun for example_complex to None
[2022-03-28 13:57:10,033] {processor.py:170} INFO - Processing /home/airflow/.local/lib/python3.6/site-packages/airflow/example_dags/example_complex.py took 0.060 seconds
[2022-03-28 13:57:40,853] {processor.py:162} INFO - Started process (PID=814) to work on /home/airflow/.local/lib/python3.6/site-packages/airflow/example_dags/example_complex.py
[2022-03-28 13:57:40,854] {processor.py:613} INFO - Processing file /home/airflow/.local/lib/python3.6/site-packages/airflow/example_dags/example_complex.py for tasks to queue
[2022-03-28 13:57:40,854] {logging_mixin.py:109} INFO - [2022-03-28 13:57:40,854] {dagbag.py:496} INFO - Filling up the DagBag from /home/airflow/.local/lib/python3.6/site-packages/airflow/example_dags/example_complex.py
[2022-03-28 13:57:40,868] {processor.py:623} INFO - DAG(s) dict_keys(['example_complex']) retrieved from /home/airflow/.local/lib/python3.6/site-packages/airflow/example_dags/example_complex.py
[2022-03-28 13:57:40,887] {logging_mixin.py:109} INFO - [2022-03-28 13:57:40,887] {dag.py:1833} INFO - Sync 1 DAGs
[2022-03-28 13:57:40,898] {logging_mixin.py:109} INFO - [2022-03-28 13:57:40,898] {dag.py:2306} INFO - Setting next_dagrun for example_complex to None
[2022-03-28 13:57:40,906] {processor.py:170} INFO - Processing /home/airflow/.local/lib/python3.6/site-packages/airflow/example_dags/example_complex.py took 0.055 seconds
[2022-03-28 13:58:10,917] {processor.py:162} INFO - Started process (PID=876) to work on /home/airflow/.local/lib/python3.6/site-packages/airflow/example_dags/example_complex.py
[2022-03-28 13:58:10,917] {processor.py:613} INFO - Processing file /home/airflow/.local/lib/python3.6/site-packages/airflow/example_dags/example_complex.py for tasks to queue
[2022-03-28 13:58:10,918] {logging_mixin.py:109} INFO - [2022-03-28 13:58:10,918] {dagbag.py:496} INFO - Filling up the DagBag from /home/airflow/.local/lib/python3.6/site-packages/airflow/example_dags/example_complex.py
[2022-03-28 13:58:10,931] {processor.py:623} INFO - DAG(s) dict_keys(['example_complex']) retrieved from /home/airflow/.local/lib/python3.6/site-packages/airflow/example_dags/example_complex.py
[2022-03-28 13:58:10,947] {logging_mixin.py:109} INFO - [2022-03-28 13:58:10,947] {dag.py:1833} INFO - Sync 1 DAGs
[2022-03-28 13:58:10,956] {logging_mixin.py:109} INFO - [2022-03-28 13:58:10,956] {dag.py:2306} INFO - Setting next_dagrun for example_complex to None
[2022-03-28 13:58:10,963] {processor.py:170} INFO - Processing /home/airflow/.local/lib/python3.6/site-packages/airflow/example_dags/example_complex.py took 0.048 seconds
[2022-03-28 13:58:40,992] {processor.py:162} INFO - Started process (PID=937) to work on /home/airflow/.local/lib/python3.6/site-packages/airflow/example_dags/example_complex.py
[2022-03-28 13:58:40,993] {processor.py:613} INFO - Processing file /home/airflow/.local/lib/python3.6/site-packages/airflow/example_dags/example_complex.py for tasks to queue
[2022-03-28 13:58:40,994] {logging_mixin.py:109} INFO - [2022-03-28 13:58:40,994] {dagbag.py:496} INFO - Filling up the DagBag from /home/airflow/.local/lib/python3.6/site-packages/airflow/example_dags/example_complex.py
[2022-03-28 13:58:41,015] {processor.py:623} INFO - DAG(s) dict_keys(['example_complex']) retrieved from /home/airflow/.local/lib/python3.6/site-packages/airflow/example_dags/example_complex.py
[2022-03-28 13:58:41,043] {logging_mixin.py:109} INFO - [2022-03-28 13:58:41,043] {dag.py:1833} INFO - Sync 1 DAGs
[2022-03-28 13:58:41,055] {logging_mixin.py:109} INFO - [2022-03-28 13:58:41,055] {dag.py:2306} INFO - Setting next_dagrun for example_complex to None
[2022-03-28 13:58:41,064] {processor.py:170} INFO - Processing /home/airflow/.local/lib/python3.6/site-packages/airflow/example_dags/example_complex.py took 0.075 seconds
[2022-03-28 13:59:11,104] {processor.py:162} INFO - Started process (PID=990) to work on /home/airflow/.local/lib/python3.6/site-packages/airflow/example_dags/example_complex.py
[2022-03-28 13:59:11,104] {processor.py:613} INFO - Processing file /home/airflow/.local/lib/python3.6/site-packages/airflow/example_dags/example_complex.py for tasks to queue
[2022-03-28 13:59:11,105] {logging_mixin.py:109} INFO - [2022-03-28 13:59:11,105] {dagbag.py:496} INFO - Filling up the DagBag from /home/airflow/.local/lib/python3.6/site-packages/airflow/example_dags/example_complex.py
[2022-03-28 13:59:11,118] {processor.py:623} INFO - DAG(s) dict_keys(['example_complex']) retrieved from /home/airflow/.local/lib/python3.6/site-packages/airflow/example_dags/example_complex.py
[2022-03-28 13:59:11,135] {logging_mixin.py:109} INFO - [2022-03-28 13:59:11,135] {dag.py:1833} INFO - Sync 1 DAGs
[2022-03-28 13:59:11,144] {logging_mixin.py:109} INFO - [2022-03-28 13:59:11,144] {dag.py:2306} INFO - Setting next_dagrun for example_complex to None
[2022-03-28 13:59:11,151] {processor.py:170} INFO - Processing /home/airflow/.local/lib/python3.6/site-packages/airflow/example_dags/example_complex.py took 0.049 seconds
[2022-03-28 13:59:41,183] {processor.py:162} INFO - Started process (PID=1052) to work on /home/airflow/.local/lib/python3.6/site-packages/airflow/example_dags/example_complex.py
[2022-03-28 13:59:41,183] {processor.py:613} INFO - Processing file /home/airflow/.local/lib/python3.6/site-packages/airflow/example_dags/example_complex.py for tasks to queue
[2022-03-28 13:59:41,184] {logging_mixin.py:109} INFO - [2022-03-28 13:59:41,184] {dagbag.py:496} INFO - Filling up the DagBag from /home/airflow/.local/lib/python3.6/site-packages/airflow/example_dags/example_complex.py
[2022-03-28 13:59:41,201] {processor.py:623} INFO - DAG(s) dict_keys(['example_complex']) retrieved from /home/airflow/.local/lib/python3.6/site-packages/airflow/example_dags/example_complex.py
[2022-03-28 13:59:41,281] {logging_mixin.py:109} INFO - [2022-03-28 13:59:41,281] {dag.py:1833} INFO - Sync 1 DAGs
[2022-03-28 13:59:41,297] {logging_mixin.py:109} INFO - [2022-03-28 13:59:41,297] {dag.py:2306} INFO - Setting next_dagrun for example_complex to None
[2022-03-28 13:59:41,310] {processor.py:170} INFO - Processing /home/airflow/.local/lib/python3.6/site-packages/airflow/example_dags/example_complex.py took 0.130 seconds
[2022-03-28 14:00:11,400] {processor.py:162} INFO - Started process (PID=1104) to work on /home/airflow/.local/lib/python3.6/site-packages/airflow/example_dags/example_complex.py
[2022-03-28 14:00:11,401] {processor.py:613} INFO - Processing file /home/airflow/.local/lib/python3.6/site-packages/airflow/example_dags/example_complex.py for tasks to queue
[2022-03-28 14:00:11,401] {logging_mixin.py:109} INFO - [2022-03-28 14:00:11,401] {dagbag.py:496} INFO - Filling up the DagBag from /home/airflow/.local/lib/python3.6/site-packages/airflow/example_dags/example_complex.py
[2022-03-28 14:00:11,416] {processor.py:623} INFO - DAG(s) dict_keys(['example_complex']) retrieved from /home/airflow/.local/lib/python3.6/site-packages/airflow/example_dags/example_complex.py
[2022-03-28 14:00:11,437] {logging_mixin.py:109} INFO - [2022-03-28 14:00:11,437] {dag.py:1833} INFO - Sync 1 DAGs
[2022-03-28 14:00:11,448] {logging_mixin.py:109} INFO - [2022-03-28 14:00:11,448] {dag.py:2306} INFO - Setting next_dagrun for example_complex to None
[2022-03-28 14:00:11,455] {processor.py:170} INFO - Processing /home/airflow/.local/lib/python3.6/site-packages/airflow/example_dags/example_complex.py took 0.056 seconds
[2022-03-28 14:00:41,505] {processor.py:162} INFO - Started process (PID=1167) to work on /home/airflow/.local/lib/python3.6/site-packages/airflow/example_dags/example_complex.py
[2022-03-28 14:00:41,505] {processor.py:613} INFO - Processing file /home/airflow/.local/lib/python3.6/site-packages/airflow/example_dags/example_complex.py for tasks to queue
[2022-03-28 14:00:41,506] {logging_mixin.py:109} INFO - [2022-03-28 14:00:41,506] {dagbag.py:496} INFO - Filling up the DagBag from /home/airflow/.local/lib/python3.6/site-packages/airflow/example_dags/example_complex.py
[2022-03-28 14:00:41,519] {processor.py:623} INFO - DAG(s) dict_keys(['example_complex']) retrieved from /home/airflow/.local/lib/python3.6/site-packages/airflow/example_dags/example_complex.py
[2022-03-28 14:00:41,537] {logging_mixin.py:109} INFO - [2022-03-28 14:00:41,537] {dag.py:1833} INFO - Sync 1 DAGs
[2022-03-28 14:00:41,548] {logging_mixin.py:109} INFO - [2022-03-28 14:00:41,548] {dag.py:2306} INFO - Setting next_dagrun for example_complex to None
[2022-03-28 14:00:41,555] {processor.py:170} INFO - Processing /home/airflow/.local/lib/python3.6/site-packages/airflow/example_dags/example_complex.py took 0.052 seconds
[2022-03-28 14:01:11,584] {processor.py:162} INFO - Started process (PID=1219) to work on /home/airflow/.local/lib/python3.6/site-packages/airflow/example_dags/example_complex.py
[2022-03-28 14:01:11,585] {processor.py:613} INFO - Processing file /home/airflow/.local/lib/python3.6/site-packages/airflow/example_dags/example_complex.py for tasks to queue
[2022-03-28 14:01:11,585] {logging_mixin.py:109} INFO - [2022-03-28 14:01:11,585] {dagbag.py:496} INFO - Filling up the DagBag from /home/airflow/.local/lib/python3.6/site-packages/airflow/example_dags/example_complex.py
[2022-03-28 14:01:11,597] {processor.py:623} INFO - DAG(s) dict_keys(['example_complex']) retrieved from /home/airflow/.local/lib/python3.6/site-packages/airflow/example_dags/example_complex.py
[2022-03-28 14:01:11,614] {logging_mixin.py:109} INFO - [2022-03-28 14:01:11,614] {dag.py:1833} INFO - Sync 1 DAGs
[2022-03-28 14:01:11,623] {logging_mixin.py:109} INFO - [2022-03-28 14:01:11,623] {dag.py:2306} INFO - Setting next_dagrun for example_complex to None
[2022-03-28 14:01:11,630] {processor.py:170} INFO - Processing /home/airflow/.local/lib/python3.6/site-packages/airflow/example_dags/example_complex.py took 0.048 seconds
[2022-03-28 14:01:41,823] {processor.py:162} INFO - Started process (PID=1281) to work on /home/airflow/.local/lib/python3.6/site-packages/airflow/example_dags/example_complex.py
[2022-03-28 14:01:41,823] {processor.py:613} INFO - Processing file /home/airflow/.local/lib/python3.6/site-packages/airflow/example_dags/example_complex.py for tasks to queue
[2022-03-28 14:01:41,824] {logging_mixin.py:109} INFO - [2022-03-28 14:01:41,824] {dagbag.py:496} INFO - Filling up the DagBag from /home/airflow/.local/lib/python3.6/site-packages/airflow/example_dags/example_complex.py
[2022-03-28 14:01:41,837] {processor.py:623} INFO - DAG(s) dict_keys(['example_complex']) retrieved from /home/airflow/.local/lib/python3.6/site-packages/airflow/example_dags/example_complex.py
[2022-03-28 14:01:41,854] {logging_mixin.py:109} INFO - [2022-03-28 14:01:41,854] {dag.py:1833} INFO - Sync 1 DAGs
[2022-03-28 14:01:41,865] {logging_mixin.py:109} INFO - [2022-03-28 14:01:41,865] {dag.py:2306} INFO - Setting next_dagrun for example_complex to None
[2022-03-28 14:01:41,873] {processor.py:170} INFO - Processing /home/airflow/.local/lib/python3.6/site-packages/airflow/example_dags/example_complex.py took 0.052 seconds
[2022-03-28 14:02:11,920] {processor.py:162} INFO - Started process (PID=1333) to work on /home/airflow/.local/lib/python3.6/site-packages/airflow/example_dags/example_complex.py
[2022-03-28 14:02:11,921] {processor.py:613} INFO - Processing file /home/airflow/.local/lib/python3.6/site-packages/airflow/example_dags/example_complex.py for tasks to queue
[2022-03-28 14:02:11,921] {logging_mixin.py:109} INFO - [2022-03-28 14:02:11,921] {dagbag.py:496} INFO - Filling up the DagBag from /home/airflow/.local/lib/python3.6/site-packages/airflow/example_dags/example_complex.py
[2022-03-28 14:02:11,934] {processor.py:623} INFO - DAG(s) dict_keys(['example_complex']) retrieved from /home/airflow/.local/lib/python3.6/site-packages/airflow/example_dags/example_complex.py
[2022-03-28 14:02:11,951] {logging_mixin.py:109} INFO - [2022-03-28 14:02:11,951] {dag.py:1833} INFO - Sync 1 DAGs
[2022-03-28 14:02:11,960] {logging_mixin.py:109} INFO - [2022-03-28 14:02:11,960] {dag.py:2306} INFO - Setting next_dagrun for example_complex to None
[2022-03-28 14:02:11,968] {processor.py:170} INFO - Processing /home/airflow/.local/lib/python3.6/site-packages/airflow/example_dags/example_complex.py took 0.049 seconds
[2022-03-28 14:02:42,788] {processor.py:162} INFO - Started process (PID=1394) to work on /home/airflow/.local/lib/python3.6/site-packages/airflow/example_dags/example_complex.py
[2022-03-28 14:02:42,788] {processor.py:613} INFO - Processing file /home/airflow/.local/lib/python3.6/site-packages/airflow/example_dags/example_complex.py for tasks to queue
[2022-03-28 14:02:42,789] {logging_mixin.py:109} INFO - [2022-03-28 14:02:42,789] {dagbag.py:496} INFO - Filling up the DagBag from /home/airflow/.local/lib/python3.6/site-packages/airflow/example_dags/example_complex.py
[2022-03-28 14:02:42,802] {processor.py:623} INFO - DAG(s) dict_keys(['example_complex']) retrieved from /home/airflow/.local/lib/python3.6/site-packages/airflow/example_dags/example_complex.py
[2022-03-28 14:02:42,820] {logging_mixin.py:109} INFO - [2022-03-28 14:02:42,820] {dag.py:1833} INFO - Sync 1 DAGs
[2022-03-28 14:02:42,830] {logging_mixin.py:109} INFO - [2022-03-28 14:02:42,829] {dag.py:2306} INFO - Setting next_dagrun for example_complex to None
[2022-03-28 14:02:42,838] {processor.py:170} INFO - Processing /home/airflow/.local/lib/python3.6/site-packages/airflow/example_dags/example_complex.py took 0.052 seconds
[2022-03-28 14:03:13,627] {processor.py:162} INFO - Started process (PID=1457) to work on /home/airflow/.local/lib/python3.6/site-packages/airflow/example_dags/example_complex.py
[2022-03-28 14:03:13,628] {processor.py:613} INFO - Processing file /home/airflow/.local/lib/python3.6/site-packages/airflow/example_dags/example_complex.py for tasks to queue
[2022-03-28 14:03:13,628] {logging_mixin.py:109} INFO - [2022-03-28 14:03:13,628] {dagbag.py:496} INFO - Filling up the DagBag from /home/airflow/.local/lib/python3.6/site-packages/airflow/example_dags/example_complex.py
[2022-03-28 14:03:13,641] {processor.py:623} INFO - DAG(s) dict_keys(['example_complex']) retrieved from /home/airflow/.local/lib/python3.6/site-packages/airflow/example_dags/example_complex.py
[2022-03-28 14:03:13,660] {logging_mixin.py:109} INFO - [2022-03-28 14:03:13,659] {dag.py:1833} INFO - Sync 1 DAGs
[2022-03-28 14:03:13,671] {logging_mixin.py:109} INFO - [2022-03-28 14:03:13,671] {dag.py:2306} INFO - Setting next_dagrun for example_complex to None
[2022-03-28 14:03:13,680] {processor.py:170} INFO - Processing /home/airflow/.local/lib/python3.6/site-packages/airflow/example_dags/example_complex.py took 0.055 seconds
[2022-03-28 14:03:43,729] {processor.py:162} INFO - Started process (PID=1509) to work on /home/airflow/.local/lib/python3.6/site-packages/airflow/example_dags/example_complex.py
[2022-03-28 14:03:43,730] {processor.py:613} INFO - Processing file /home/airflow/.local/lib/python3.6/site-packages/airflow/example_dags/example_complex.py for tasks to queue
[2022-03-28 14:03:43,731] {logging_mixin.py:109} INFO - [2022-03-28 14:03:43,731] {dagbag.py:496} INFO - Filling up the DagBag from /home/airflow/.local/lib/python3.6/site-packages/airflow/example_dags/example_complex.py
[2022-03-28 14:03:43,746] {processor.py:623} INFO - DAG(s) dict_keys(['example_complex']) retrieved from /home/airflow/.local/lib/python3.6/site-packages/airflow/example_dags/example_complex.py
[2022-03-28 14:03:43,768] {logging_mixin.py:109} INFO - [2022-03-28 14:03:43,768] {dag.py:1833} INFO - Sync 1 DAGs
[2022-03-28 14:03:43,779] {logging_mixin.py:109} INFO - [2022-03-28 14:03:43,779] {dag.py:2306} INFO - Setting next_dagrun for example_complex to None
[2022-03-28 14:03:43,786] {processor.py:170} INFO - Processing /home/airflow/.local/lib/python3.6/site-packages/airflow/example_dags/example_complex.py took 0.059 seconds
[2022-03-28 14:04:13,935] {processor.py:162} INFO - Started process (PID=1571) to work on /home/airflow/.local/lib/python3.6/site-packages/airflow/example_dags/example_complex.py
[2022-03-28 14:04:13,936] {processor.py:613} INFO - Processing file /home/airflow/.local/lib/python3.6/site-packages/airflow/example_dags/example_complex.py for tasks to queue
[2022-03-28 14:04:13,936] {logging_mixin.py:109} INFO - [2022-03-28 14:04:13,936] {dagbag.py:496} INFO - Filling up the DagBag from /home/airflow/.local/lib/python3.6/site-packages/airflow/example_dags/example_complex.py
[2022-03-28 14:04:13,953] {processor.py:623} INFO - DAG(s) dict_keys(['example_complex']) retrieved from /home/airflow/.local/lib/python3.6/site-packages/airflow/example_dags/example_complex.py
[2022-03-28 14:04:13,973] {logging_mixin.py:109} INFO - [2022-03-28 14:04:13,973] {dag.py:1833} INFO - Sync 1 DAGs
[2022-03-28 14:04:13,985] {logging_mixin.py:109} INFO - [2022-03-28 14:04:13,985] {dag.py:2306} INFO - Setting next_dagrun for example_complex to None
[2022-03-28 14:04:13,993] {processor.py:170} INFO - Processing /home/airflow/.local/lib/python3.6/site-packages/airflow/example_dags/example_complex.py took 0.059 seconds
[2022-03-28 14:04:44,084] {processor.py:162} INFO - Started process (PID=1623) to work on /home/airflow/.local/lib/python3.6/site-packages/airflow/example_dags/example_complex.py
[2022-03-28 14:04:44,084] {processor.py:613} INFO - Processing file /home/airflow/.local/lib/python3.6/site-packages/airflow/example_dags/example_complex.py for tasks to queue
[2022-03-28 14:04:44,085] {logging_mixin.py:109} INFO - [2022-03-28 14:04:44,084] {dagbag.py:496} INFO - Filling up the DagBag from /home/airflow/.local/lib/python3.6/site-packages/airflow/example_dags/example_complex.py
[2022-03-28 14:04:44,097] {processor.py:623} INFO - DAG(s) dict_keys(['example_complex']) retrieved from /home/airflow/.local/lib/python3.6/site-packages/airflow/example_dags/example_complex.py
[2022-03-28 14:04:44,114] {logging_mixin.py:109} INFO - [2022-03-28 14:04:44,114] {dag.py:1833} INFO - Sync 1 DAGs
[2022-03-28 14:04:44,125] {logging_mixin.py:109} INFO - [2022-03-28 14:04:44,125] {dag.py:2306} INFO - Setting next_dagrun for example_complex to None
[2022-03-28 14:04:44,133] {processor.py:170} INFO - Processing /home/airflow/.local/lib/python3.6/site-packages/airflow/example_dags/example_complex.py took 0.051 seconds
[2022-03-28 14:05:14,953] {processor.py:162} INFO - Started process (PID=1685) to work on /home/airflow/.local/lib/python3.6/site-packages/airflow/example_dags/example_complex.py
[2022-03-28 14:05:14,954] {processor.py:613} INFO - Processing file /home/airflow/.local/lib/python3.6/site-packages/airflow/example_dags/example_complex.py for tasks to queue
[2022-03-28 14:05:14,954] {logging_mixin.py:109} INFO - [2022-03-28 14:05:14,954] {dagbag.py:496} INFO - Filling up the DagBag from /home/airflow/.local/lib/python3.6/site-packages/airflow/example_dags/example_complex.py
[2022-03-28 14:05:14,975] {processor.py:623} INFO - DAG(s) dict_keys(['example_complex']) retrieved from /home/airflow/.local/lib/python3.6/site-packages/airflow/example_dags/example_complex.py
[2022-03-28 14:05:15,003] {logging_mixin.py:109} INFO - [2022-03-28 14:05:15,003] {dag.py:1833} INFO - Sync 1 DAGs
[2022-03-28 14:05:15,018] {logging_mixin.py:109} INFO - [2022-03-28 14:05:15,018] {dag.py:2306} INFO - Setting next_dagrun for example_complex to None
[2022-03-28 14:05:15,028] {processor.py:170} INFO - Processing /home/airflow/.local/lib/python3.6/site-packages/airflow/example_dags/example_complex.py took 0.077 seconds
[2022-03-28 14:05:45,044] {processor.py:162} INFO - Started process (PID=1747) to work on /home/airflow/.local/lib/python3.6/site-packages/airflow/example_dags/example_complex.py
[2022-03-28 14:05:45,045] {processor.py:613} INFO - Processing file /home/airflow/.local/lib/python3.6/site-packages/airflow/example_dags/example_complex.py for tasks to queue
[2022-03-28 14:05:45,045] {logging_mixin.py:109} INFO - [2022-03-28 14:05:45,045] {dagbag.py:496} INFO - Filling up the DagBag from /home/airflow/.local/lib/python3.6/site-packages/airflow/example_dags/example_complex.py
[2022-03-28 14:05:45,058] {processor.py:623} INFO - DAG(s) dict_keys(['example_complex']) retrieved from /home/airflow/.local/lib/python3.6/site-packages/airflow/example_dags/example_complex.py
[2022-03-28 14:05:45,077] {logging_mixin.py:109} INFO - [2022-03-28 14:05:45,077] {dag.py:1833} INFO - Sync 1 DAGs
[2022-03-28 14:05:45,088] {logging_mixin.py:109} INFO - [2022-03-28 14:05:45,088] {dag.py:2306} INFO - Setting next_dagrun for example_complex to None
[2022-03-28 14:05:45,097] {processor.py:170} INFO - Processing /home/airflow/.local/lib/python3.6/site-packages/airflow/example_dags/example_complex.py took 0.055 seconds
[2022-03-28 14:06:15,747] {processor.py:162} INFO - Started process (PID=1800) to work on /home/airflow/.local/lib/python3.6/site-packages/airflow/example_dags/example_complex.py
[2022-03-28 14:06:15,748] {processor.py:613} INFO - Processing file /home/airflow/.local/lib/python3.6/site-packages/airflow/example_dags/example_complex.py for tasks to queue
[2022-03-28 14:06:15,749] {logging_mixin.py:109} INFO - [2022-03-28 14:06:15,749] {dagbag.py:496} INFO - Filling up the DagBag from /home/airflow/.local/lib/python3.6/site-packages/airflow/example_dags/example_complex.py
[2022-03-28 14:06:15,766] {processor.py:623} INFO - DAG(s) dict_keys(['example_complex']) retrieved from /home/airflow/.local/lib/python3.6/site-packages/airflow/example_dags/example_complex.py
[2022-03-28 14:06:15,784] {logging_mixin.py:109} INFO - [2022-03-28 14:06:15,784] {dag.py:1833} INFO - Sync 1 DAGs
[2022-03-28 14:06:15,795] {logging_mixin.py:109} INFO - [2022-03-28 14:06:15,794] {dag.py:2306} INFO - Setting next_dagrun for example_complex to None
[2022-03-28 14:06:15,803] {processor.py:170} INFO - Processing /home/airflow/.local/lib/python3.6/site-packages/airflow/example_dags/example_complex.py took 0.057 seconds
[2022-03-28 14:06:46,484] {processor.py:162} INFO - Started process (PID=1861) to work on /home/airflow/.local/lib/python3.6/site-packages/airflow/example_dags/example_complex.py
[2022-03-28 14:06:46,485] {processor.py:613} INFO - Processing file /home/airflow/.local/lib/python3.6/site-packages/airflow/example_dags/example_complex.py for tasks to queue
[2022-03-28 14:06:46,485] {logging_mixin.py:109} INFO - [2022-03-28 14:06:46,485] {dagbag.py:496} INFO - Filling up the DagBag from /home/airflow/.local/lib/python3.6/site-packages/airflow/example_dags/example_complex.py
[2022-03-28 14:06:46,498] {processor.py:623} INFO - DAG(s) dict_keys(['example_complex']) retrieved from /home/airflow/.local/lib/python3.6/site-packages/airflow/example_dags/example_complex.py
[2022-03-28 14:06:46,516] {logging_mixin.py:109} INFO - [2022-03-28 14:06:46,516] {dag.py:1833} INFO - Sync 1 DAGs
[2022-03-28 14:06:46,526] {logging_mixin.py:109} INFO - [2022-03-28 14:06:46,526] {dag.py:2306} INFO - Setting next_dagrun for example_complex to None
[2022-03-28 14:06:46,533] {processor.py:170} INFO - Processing /home/airflow/.local/lib/python3.6/site-packages/airflow/example_dags/example_complex.py took 0.051 seconds
[2022-03-28 14:07:16,764] {processor.py:162} INFO - Started process (PID=1914) to work on /home/airflow/.local/lib/python3.6/site-packages/airflow/example_dags/example_complex.py
[2022-03-28 14:07:16,765] {processor.py:613} INFO - Processing file /home/airflow/.local/lib/python3.6/site-packages/airflow/example_dags/example_complex.py for tasks to queue
[2022-03-28 14:07:16,765] {logging_mixin.py:109} INFO - [2022-03-28 14:07:16,765] {dagbag.py:496} INFO - Filling up the DagBag from /home/airflow/.local/lib/python3.6/site-packages/airflow/example_dags/example_complex.py
[2022-03-28 14:07:16,785] {processor.py:623} INFO - DAG(s) dict_keys(['example_complex']) retrieved from /home/airflow/.local/lib/python3.6/site-packages/airflow/example_dags/example_complex.py
[2022-03-28 14:07:16,815] {logging_mixin.py:109} INFO - [2022-03-28 14:07:16,815] {dag.py:1833} INFO - Sync 1 DAGs
[2022-03-28 14:07:16,833] {logging_mixin.py:109} INFO - [2022-03-28 14:07:16,833] {dag.py:2306} INFO - Setting next_dagrun for example_complex to None
[2022-03-28 14:07:16,851] {processor.py:170} INFO - Processing /home/airflow/.local/lib/python3.6/site-packages/airflow/example_dags/example_complex.py took 0.089 seconds
