[2022-03-28 13:54:17,096] {processor.py:162} INFO - Started process (PID=289) to work on /home/airflow/.local/lib/python3.6/site-packages/airflow/example_dags/example_branch_operator.py
[2022-03-28 13:54:17,097] {processor.py:613} INFO - Processing file /home/airflow/.local/lib/python3.6/site-packages/airflow/example_dags/example_branch_operator.py for tasks to queue
[2022-03-28 13:54:17,097] {logging_mixin.py:109} INFO - [2022-03-28 13:54:17,097] {dagbag.py:496} INFO - Filling up the DagBag from /home/airflow/.local/lib/python3.6/site-packages/airflow/example_dags/example_branch_operator.py
[2022-03-28 13:54:17,107] {processor.py:623} INFO - DAG(s) dict_keys(['example_branch_operator']) retrieved from /home/airflow/.local/lib/python3.6/site-packages/airflow/example_dags/example_branch_operator.py
[2022-03-28 13:54:18,942] {logging_mixin.py:109} INFO - [2022-03-28 13:54:18,941] {dag.py:1833} INFO - Sync 1 DAGs
[2022-03-28 13:54:18,950] {logging_mixin.py:109} INFO - [2022-03-28 13:54:18,949] {dag.py:1852} INFO - Creating ORM DAG for example_branch_operator
[2022-03-28 13:54:18,956] {logging_mixin.py:109} INFO - [2022-03-28 13:54:18,956] {dag.py:2306} INFO - Setting next_dagrun for example_branch_operator to 2022-03-26 00:00:00+00:00
[2022-03-28 13:54:18,964] {processor.py:170} INFO - Processing /home/airflow/.local/lib/python3.6/site-packages/airflow/example_dags/example_branch_operator.py took 1.869 seconds
[2022-03-28 13:54:49,818] {processor.py:162} INFO - Started process (PID=495) to work on /home/airflow/.local/lib/python3.6/site-packages/airflow/example_dags/example_branch_operator.py
[2022-03-28 13:54:49,820] {processor.py:613} INFO - Processing file /home/airflow/.local/lib/python3.6/site-packages/airflow/example_dags/example_branch_operator.py for tasks to queue
[2022-03-28 13:54:49,821] {logging_mixin.py:109} INFO - [2022-03-28 13:54:49,820] {dagbag.py:496} INFO - Filling up the DagBag from /home/airflow/.local/lib/python3.6/site-packages/airflow/example_dags/example_branch_operator.py
[2022-03-28 13:54:49,832] {processor.py:623} INFO - DAG(s) dict_keys(['example_branch_operator']) retrieved from /home/airflow/.local/lib/python3.6/site-packages/airflow/example_dags/example_branch_operator.py
[2022-03-28 13:54:49,858] {logging_mixin.py:109} INFO - [2022-03-28 13:54:49,858] {dag.py:1833} INFO - Sync 1 DAGs
[2022-03-28 13:54:49,878] {logging_mixin.py:109} INFO - [2022-03-28 13:54:49,878] {dag.py:2306} INFO - Setting next_dagrun for example_branch_operator to 2022-03-26 00:00:00+00:00
[2022-03-28 13:54:49,889] {processor.py:170} INFO - Processing /home/airflow/.local/lib/python3.6/site-packages/airflow/example_dags/example_branch_operator.py took 0.073 seconds
[2022-03-28 13:55:20,061] {processor.py:162} INFO - Started process (PID=553) to work on /home/airflow/.local/lib/python3.6/site-packages/airflow/example_dags/example_branch_operator.py
[2022-03-28 13:55:20,061] {processor.py:613} INFO - Processing file /home/airflow/.local/lib/python3.6/site-packages/airflow/example_dags/example_branch_operator.py for tasks to queue
[2022-03-28 13:55:20,062] {logging_mixin.py:109} INFO - [2022-03-28 13:55:20,062] {dagbag.py:496} INFO - Filling up the DagBag from /home/airflow/.local/lib/python3.6/site-packages/airflow/example_dags/example_branch_operator.py
[2022-03-28 13:55:20,075] {processor.py:623} INFO - DAG(s) dict_keys(['example_branch_operator']) retrieved from /home/airflow/.local/lib/python3.6/site-packages/airflow/example_dags/example_branch_operator.py
[2022-03-28 13:55:20,096] {logging_mixin.py:109} INFO - [2022-03-28 13:55:20,096] {dag.py:1833} INFO - Sync 1 DAGs
[2022-03-28 13:55:20,109] {logging_mixin.py:109} INFO - [2022-03-28 13:55:20,109] {dag.py:2306} INFO - Setting next_dagrun for example_branch_operator to 2022-03-26 00:00:00+00:00
[2022-03-28 13:55:20,118] {processor.py:170} INFO - Processing /home/airflow/.local/lib/python3.6/site-packages/airflow/example_dags/example_branch_operator.py took 0.059 seconds
[2022-03-28 13:55:50,140] {processor.py:162} INFO - Started process (PID=608) to work on /home/airflow/.local/lib/python3.6/site-packages/airflow/example_dags/example_branch_operator.py
[2022-03-28 13:55:50,140] {processor.py:613} INFO - Processing file /home/airflow/.local/lib/python3.6/site-packages/airflow/example_dags/example_branch_operator.py for tasks to queue
[2022-03-28 13:55:50,141] {logging_mixin.py:109} INFO - [2022-03-28 13:55:50,141] {dagbag.py:496} INFO - Filling up the DagBag from /home/airflow/.local/lib/python3.6/site-packages/airflow/example_dags/example_branch_operator.py
[2022-03-28 13:55:50,150] {processor.py:623} INFO - DAG(s) dict_keys(['example_branch_operator']) retrieved from /home/airflow/.local/lib/python3.6/site-packages/airflow/example_dags/example_branch_operator.py
[2022-03-28 13:55:50,165] {logging_mixin.py:109} INFO - [2022-03-28 13:55:50,165] {dag.py:1833} INFO - Sync 1 DAGs
[2022-03-28 13:55:50,179] {logging_mixin.py:109} INFO - [2022-03-28 13:55:50,179] {dag.py:2306} INFO - Setting next_dagrun for example_branch_operator to 2022-03-26 00:00:00+00:00
[2022-03-28 13:55:50,188] {processor.py:170} INFO - Processing /home/airflow/.local/lib/python3.6/site-packages/airflow/example_dags/example_branch_operator.py took 0.050 seconds
[2022-03-28 13:56:20,202] {processor.py:162} INFO - Started process (PID=671) to work on /home/airflow/.local/lib/python3.6/site-packages/airflow/example_dags/example_branch_operator.py
[2022-03-28 13:56:20,203] {processor.py:613} INFO - Processing file /home/airflow/.local/lib/python3.6/site-packages/airflow/example_dags/example_branch_operator.py for tasks to queue
[2022-03-28 13:56:20,204] {logging_mixin.py:109} INFO - [2022-03-28 13:56:20,204] {dagbag.py:496} INFO - Filling up the DagBag from /home/airflow/.local/lib/python3.6/site-packages/airflow/example_dags/example_branch_operator.py
[2022-03-28 13:56:20,212] {processor.py:623} INFO - DAG(s) dict_keys(['example_branch_operator']) retrieved from /home/airflow/.local/lib/python3.6/site-packages/airflow/example_dags/example_branch_operator.py
[2022-03-28 13:56:20,228] {logging_mixin.py:109} INFO - [2022-03-28 13:56:20,228] {dag.py:1833} INFO - Sync 1 DAGs
[2022-03-28 13:56:20,242] {logging_mixin.py:109} INFO - [2022-03-28 13:56:20,241] {dag.py:2306} INFO - Setting next_dagrun for example_branch_operator to 2022-03-26 00:00:00+00:00
[2022-03-28 13:56:20,249] {processor.py:170} INFO - Processing /home/airflow/.local/lib/python3.6/site-packages/airflow/example_dags/example_branch_operator.py took 0.048 seconds
[2022-03-28 13:56:50,265] {processor.py:162} INFO - Started process (PID=721) to work on /home/airflow/.local/lib/python3.6/site-packages/airflow/example_dags/example_branch_operator.py
[2022-03-28 13:56:50,266] {processor.py:613} INFO - Processing file /home/airflow/.local/lib/python3.6/site-packages/airflow/example_dags/example_branch_operator.py for tasks to queue
[2022-03-28 13:56:50,266] {logging_mixin.py:109} INFO - [2022-03-28 13:56:50,266] {dagbag.py:496} INFO - Filling up the DagBag from /home/airflow/.local/lib/python3.6/site-packages/airflow/example_dags/example_branch_operator.py
[2022-03-28 13:56:50,275] {processor.py:623} INFO - DAG(s) dict_keys(['example_branch_operator']) retrieved from /home/airflow/.local/lib/python3.6/site-packages/airflow/example_dags/example_branch_operator.py
[2022-03-28 13:56:50,290] {logging_mixin.py:109} INFO - [2022-03-28 13:56:50,290] {dag.py:1833} INFO - Sync 1 DAGs
[2022-03-28 13:56:50,302] {logging_mixin.py:109} INFO - [2022-03-28 13:56:50,302] {dag.py:2306} INFO - Setting next_dagrun for example_branch_operator to 2022-03-26 00:00:00+00:00
[2022-03-28 13:56:50,310] {processor.py:170} INFO - Processing /home/airflow/.local/lib/python3.6/site-packages/airflow/example_dags/example_branch_operator.py took 0.046 seconds
[2022-03-28 13:57:20,344] {processor.py:162} INFO - Started process (PID=782) to work on /home/airflow/.local/lib/python3.6/site-packages/airflow/example_dags/example_branch_operator.py
[2022-03-28 13:57:20,345] {processor.py:613} INFO - Processing file /home/airflow/.local/lib/python3.6/site-packages/airflow/example_dags/example_branch_operator.py for tasks to queue
[2022-03-28 13:57:20,345] {logging_mixin.py:109} INFO - [2022-03-28 13:57:20,345] {dagbag.py:496} INFO - Filling up the DagBag from /home/airflow/.local/lib/python3.6/site-packages/airflow/example_dags/example_branch_operator.py
[2022-03-28 13:57:20,355] {processor.py:623} INFO - DAG(s) dict_keys(['example_branch_operator']) retrieved from /home/airflow/.local/lib/python3.6/site-packages/airflow/example_dags/example_branch_operator.py
[2022-03-28 13:57:20,373] {logging_mixin.py:109} INFO - [2022-03-28 13:57:20,373] {dag.py:1833} INFO - Sync 1 DAGs
[2022-03-28 13:57:20,387] {logging_mixin.py:109} INFO - [2022-03-28 13:57:20,387] {dag.py:2306} INFO - Setting next_dagrun for example_branch_operator to 2022-03-26 00:00:00+00:00
[2022-03-28 13:57:20,395] {processor.py:170} INFO - Processing /home/airflow/.local/lib/python3.6/site-packages/airflow/example_dags/example_branch_operator.py took 0.052 seconds
[2022-03-28 13:57:51,145] {processor.py:162} INFO - Started process (PID=835) to work on /home/airflow/.local/lib/python3.6/site-packages/airflow/example_dags/example_branch_operator.py
[2022-03-28 13:57:51,146] {processor.py:613} INFO - Processing file /home/airflow/.local/lib/python3.6/site-packages/airflow/example_dags/example_branch_operator.py for tasks to queue
[2022-03-28 13:57:51,146] {logging_mixin.py:109} INFO - [2022-03-28 13:57:51,146] {dagbag.py:496} INFO - Filling up the DagBag from /home/airflow/.local/lib/python3.6/site-packages/airflow/example_dags/example_branch_operator.py
[2022-03-28 13:57:51,155] {processor.py:623} INFO - DAG(s) dict_keys(['example_branch_operator']) retrieved from /home/airflow/.local/lib/python3.6/site-packages/airflow/example_dags/example_branch_operator.py
[2022-03-28 13:57:51,170] {logging_mixin.py:109} INFO - [2022-03-28 13:57:51,169] {dag.py:1833} INFO - Sync 1 DAGs
[2022-03-28 13:57:51,182] {logging_mixin.py:109} INFO - [2022-03-28 13:57:51,181] {dag.py:2306} INFO - Setting next_dagrun for example_branch_operator to 2022-03-26 00:00:00+00:00
[2022-03-28 13:57:51,190] {processor.py:170} INFO - Processing /home/airflow/.local/lib/python3.6/site-packages/airflow/example_dags/example_branch_operator.py took 0.047 seconds
[2022-03-28 13:58:21,275] {processor.py:162} INFO - Started process (PID=897) to work on /home/airflow/.local/lib/python3.6/site-packages/airflow/example_dags/example_branch_operator.py
[2022-03-28 13:58:21,276] {processor.py:613} INFO - Processing file /home/airflow/.local/lib/python3.6/site-packages/airflow/example_dags/example_branch_operator.py for tasks to queue
[2022-03-28 13:58:21,276] {logging_mixin.py:109} INFO - [2022-03-28 13:58:21,276] {dagbag.py:496} INFO - Filling up the DagBag from /home/airflow/.local/lib/python3.6/site-packages/airflow/example_dags/example_branch_operator.py
[2022-03-28 13:58:21,286] {processor.py:623} INFO - DAG(s) dict_keys(['example_branch_operator']) retrieved from /home/airflow/.local/lib/python3.6/site-packages/airflow/example_dags/example_branch_operator.py
[2022-03-28 13:58:21,302] {logging_mixin.py:109} INFO - [2022-03-28 13:58:21,301] {dag.py:1833} INFO - Sync 1 DAGs
[2022-03-28 13:58:21,314] {logging_mixin.py:109} INFO - [2022-03-28 13:58:21,314] {dag.py:2306} INFO - Setting next_dagrun for example_branch_operator to 2022-03-26 00:00:00+00:00
[2022-03-28 13:58:21,322] {processor.py:170} INFO - Processing /home/airflow/.local/lib/python3.6/site-packages/airflow/example_dags/example_branch_operator.py took 0.049 seconds
[2022-03-28 13:58:51,346] {processor.py:162} INFO - Started process (PID=949) to work on /home/airflow/.local/lib/python3.6/site-packages/airflow/example_dags/example_branch_operator.py
[2022-03-28 13:58:51,347] {processor.py:613} INFO - Processing file /home/airflow/.local/lib/python3.6/site-packages/airflow/example_dags/example_branch_operator.py for tasks to queue
[2022-03-28 13:58:51,347] {logging_mixin.py:109} INFO - [2022-03-28 13:58:51,347] {dagbag.py:496} INFO - Filling up the DagBag from /home/airflow/.local/lib/python3.6/site-packages/airflow/example_dags/example_branch_operator.py
[2022-03-28 13:58:51,357] {processor.py:623} INFO - DAG(s) dict_keys(['example_branch_operator']) retrieved from /home/airflow/.local/lib/python3.6/site-packages/airflow/example_dags/example_branch_operator.py
[2022-03-28 13:58:51,372] {logging_mixin.py:109} INFO - [2022-03-28 13:58:51,372] {dag.py:1833} INFO - Sync 1 DAGs
[2022-03-28 13:58:51,384] {logging_mixin.py:109} INFO - [2022-03-28 13:58:51,384] {dag.py:2306} INFO - Setting next_dagrun for example_branch_operator to 2022-03-26 00:00:00+00:00
[2022-03-28 13:58:51,393] {processor.py:170} INFO - Processing /home/airflow/.local/lib/python3.6/site-packages/airflow/example_dags/example_branch_operator.py took 0.048 seconds
[2022-03-28 13:59:21,538] {processor.py:162} INFO - Started process (PID=1011) to work on /home/airflow/.local/lib/python3.6/site-packages/airflow/example_dags/example_branch_operator.py
[2022-03-28 13:59:21,538] {processor.py:613} INFO - Processing file /home/airflow/.local/lib/python3.6/site-packages/airflow/example_dags/example_branch_operator.py for tasks to queue
[2022-03-28 13:59:21,539] {logging_mixin.py:109} INFO - [2022-03-28 13:59:21,539] {dagbag.py:496} INFO - Filling up the DagBag from /home/airflow/.local/lib/python3.6/site-packages/airflow/example_dags/example_branch_operator.py
[2022-03-28 13:59:21,551] {processor.py:623} INFO - DAG(s) dict_keys(['example_branch_operator']) retrieved from /home/airflow/.local/lib/python3.6/site-packages/airflow/example_dags/example_branch_operator.py
[2022-03-28 13:59:21,572] {logging_mixin.py:109} INFO - [2022-03-28 13:59:21,572] {dag.py:1833} INFO - Sync 1 DAGs
[2022-03-28 13:59:21,586] {logging_mixin.py:109} INFO - [2022-03-28 13:59:21,586] {dag.py:2306} INFO - Setting next_dagrun for example_branch_operator to 2022-03-26 00:00:00+00:00
[2022-03-28 13:59:21,594] {processor.py:170} INFO - Processing /home/airflow/.local/lib/python3.6/site-packages/airflow/example_dags/example_branch_operator.py took 0.059 seconds
[2022-03-28 13:59:51,611] {processor.py:162} INFO - Started process (PID=1072) to work on /home/airflow/.local/lib/python3.6/site-packages/airflow/example_dags/example_branch_operator.py
[2022-03-28 13:59:51,612] {processor.py:613} INFO - Processing file /home/airflow/.local/lib/python3.6/site-packages/airflow/example_dags/example_branch_operator.py for tasks to queue
[2022-03-28 13:59:51,613] {logging_mixin.py:109} INFO - [2022-03-28 13:59:51,612] {dagbag.py:496} INFO - Filling up the DagBag from /home/airflow/.local/lib/python3.6/site-packages/airflow/example_dags/example_branch_operator.py
[2022-03-28 13:59:51,625] {processor.py:623} INFO - DAG(s) dict_keys(['example_branch_operator']) retrieved from /home/airflow/.local/lib/python3.6/site-packages/airflow/example_dags/example_branch_operator.py
[2022-03-28 13:59:51,639] {logging_mixin.py:109} INFO - [2022-03-28 13:59:51,639] {dag.py:1833} INFO - Sync 1 DAGs
[2022-03-28 13:59:51,651] {logging_mixin.py:109} INFO - [2022-03-28 13:59:51,651] {dag.py:2306} INFO - Setting next_dagrun for example_branch_operator to 2022-03-26 00:00:00+00:00
[2022-03-28 13:59:51,659] {processor.py:170} INFO - Processing /home/airflow/.local/lib/python3.6/site-packages/airflow/example_dags/example_branch_operator.py took 0.050 seconds
[2022-03-28 14:00:21,676] {processor.py:162} INFO - Started process (PID=1125) to work on /home/airflow/.local/lib/python3.6/site-packages/airflow/example_dags/example_branch_operator.py
[2022-03-28 14:00:21,677] {processor.py:613} INFO - Processing file /home/airflow/.local/lib/python3.6/site-packages/airflow/example_dags/example_branch_operator.py for tasks to queue
[2022-03-28 14:00:21,678] {logging_mixin.py:109} INFO - [2022-03-28 14:00:21,678] {dagbag.py:496} INFO - Filling up the DagBag from /home/airflow/.local/lib/python3.6/site-packages/airflow/example_dags/example_branch_operator.py
[2022-03-28 14:00:21,690] {processor.py:623} INFO - DAG(s) dict_keys(['example_branch_operator']) retrieved from /home/airflow/.local/lib/python3.6/site-packages/airflow/example_dags/example_branch_operator.py
[2022-03-28 14:00:21,708] {logging_mixin.py:109} INFO - [2022-03-28 14:00:21,708] {dag.py:1833} INFO - Sync 1 DAGs
[2022-03-28 14:00:21,725] {logging_mixin.py:109} INFO - [2022-03-28 14:00:21,725] {dag.py:2306} INFO - Setting next_dagrun for example_branch_operator to 2022-03-26 00:00:00+00:00
[2022-03-28 14:00:21,735] {processor.py:170} INFO - Processing /home/airflow/.local/lib/python3.6/site-packages/airflow/example_dags/example_branch_operator.py took 0.061 seconds
[2022-03-28 14:00:51,811] {processor.py:162} INFO - Started process (PID=1187) to work on /home/airflow/.local/lib/python3.6/site-packages/airflow/example_dags/example_branch_operator.py
[2022-03-28 14:00:51,812] {processor.py:613} INFO - Processing file /home/airflow/.local/lib/python3.6/site-packages/airflow/example_dags/example_branch_operator.py for tasks to queue
[2022-03-28 14:00:51,812] {logging_mixin.py:109} INFO - [2022-03-28 14:00:51,812] {dagbag.py:496} INFO - Filling up the DagBag from /home/airflow/.local/lib/python3.6/site-packages/airflow/example_dags/example_branch_operator.py
[2022-03-28 14:00:51,821] {processor.py:623} INFO - DAG(s) dict_keys(['example_branch_operator']) retrieved from /home/airflow/.local/lib/python3.6/site-packages/airflow/example_dags/example_branch_operator.py
[2022-03-28 14:00:51,836] {logging_mixin.py:109} INFO - [2022-03-28 14:00:51,836] {dag.py:1833} INFO - Sync 1 DAGs
[2022-03-28 14:00:51,848] {logging_mixin.py:109} INFO - [2022-03-28 14:00:51,848] {dag.py:2306} INFO - Setting next_dagrun for example_branch_operator to 2022-03-26 00:00:00+00:00
[2022-03-28 14:00:51,856] {processor.py:170} INFO - Processing /home/airflow/.local/lib/python3.6/site-packages/airflow/example_dags/example_branch_operator.py took 0.047 seconds
[2022-03-28 14:01:22,823] {processor.py:162} INFO - Started process (PID=1240) to work on /home/airflow/.local/lib/python3.6/site-packages/airflow/example_dags/example_branch_operator.py
[2022-03-28 14:01:22,823] {processor.py:613} INFO - Processing file /home/airflow/.local/lib/python3.6/site-packages/airflow/example_dags/example_branch_operator.py for tasks to queue
[2022-03-28 14:01:22,824] {logging_mixin.py:109} INFO - [2022-03-28 14:01:22,824] {dagbag.py:496} INFO - Filling up the DagBag from /home/airflow/.local/lib/python3.6/site-packages/airflow/example_dags/example_branch_operator.py
[2022-03-28 14:01:22,832] {processor.py:623} INFO - DAG(s) dict_keys(['example_branch_operator']) retrieved from /home/airflow/.local/lib/python3.6/site-packages/airflow/example_dags/example_branch_operator.py
[2022-03-28 14:01:22,846] {logging_mixin.py:109} INFO - [2022-03-28 14:01:22,846] {dag.py:1833} INFO - Sync 1 DAGs
[2022-03-28 14:01:22,857] {logging_mixin.py:109} INFO - [2022-03-28 14:01:22,857] {dag.py:2306} INFO - Setting next_dagrun for example_branch_operator to 2022-03-26 00:00:00+00:00
[2022-03-28 14:01:22,865] {processor.py:170} INFO - Processing /home/airflow/.local/lib/python3.6/site-packages/airflow/example_dags/example_branch_operator.py took 0.044 seconds
[2022-03-28 14:01:53,061] {processor.py:162} INFO - Started process (PID=1302) to work on /home/airflow/.local/lib/python3.6/site-packages/airflow/example_dags/example_branch_operator.py
[2022-03-28 14:01:53,061] {processor.py:613} INFO - Processing file /home/airflow/.local/lib/python3.6/site-packages/airflow/example_dags/example_branch_operator.py for tasks to queue
[2022-03-28 14:01:53,062] {logging_mixin.py:109} INFO - [2022-03-28 14:01:53,062] {dagbag.py:496} INFO - Filling up the DagBag from /home/airflow/.local/lib/python3.6/site-packages/airflow/example_dags/example_branch_operator.py
[2022-03-28 14:01:53,072] {processor.py:623} INFO - DAG(s) dict_keys(['example_branch_operator']) retrieved from /home/airflow/.local/lib/python3.6/site-packages/airflow/example_dags/example_branch_operator.py
[2022-03-28 14:01:53,090] {logging_mixin.py:109} INFO - [2022-03-28 14:01:53,090] {dag.py:1833} INFO - Sync 1 DAGs
[2022-03-28 14:01:53,104] {logging_mixin.py:109} INFO - [2022-03-28 14:01:53,104] {dag.py:2306} INFO - Setting next_dagrun for example_branch_operator to 2022-03-26 00:00:00+00:00
[2022-03-28 14:01:53,113] {processor.py:170} INFO - Processing /home/airflow/.local/lib/python3.6/site-packages/airflow/example_dags/example_branch_operator.py took 0.054 seconds
[2022-03-28 14:02:23,234] {processor.py:162} INFO - Started process (PID=1353) to work on /home/airflow/.local/lib/python3.6/site-packages/airflow/example_dags/example_branch_operator.py
[2022-03-28 14:02:23,235] {processor.py:613} INFO - Processing file /home/airflow/.local/lib/python3.6/site-packages/airflow/example_dags/example_branch_operator.py for tasks to queue
[2022-03-28 14:02:23,235] {logging_mixin.py:109} INFO - [2022-03-28 14:02:23,235] {dagbag.py:496} INFO - Filling up the DagBag from /home/airflow/.local/lib/python3.6/site-packages/airflow/example_dags/example_branch_operator.py
[2022-03-28 14:02:23,249] {processor.py:623} INFO - DAG(s) dict_keys(['example_branch_operator']) retrieved from /home/airflow/.local/lib/python3.6/site-packages/airflow/example_dags/example_branch_operator.py
[2022-03-28 14:02:23,266] {logging_mixin.py:109} INFO - [2022-03-28 14:02:23,266] {dag.py:1833} INFO - Sync 1 DAGs
[2022-03-28 14:02:23,279] {logging_mixin.py:109} INFO - [2022-03-28 14:02:23,279] {dag.py:2306} INFO - Setting next_dagrun for example_branch_operator to 2022-03-26 00:00:00+00:00
[2022-03-28 14:02:23,287] {processor.py:170} INFO - Processing /home/airflow/.local/lib/python3.6/site-packages/airflow/example_dags/example_branch_operator.py took 0.056 seconds
[2022-03-28 14:02:54,105] {processor.py:162} INFO - Started process (PID=1416) to work on /home/airflow/.local/lib/python3.6/site-packages/airflow/example_dags/example_branch_operator.py
[2022-03-28 14:02:54,106] {processor.py:613} INFO - Processing file /home/airflow/.local/lib/python3.6/site-packages/airflow/example_dags/example_branch_operator.py for tasks to queue
[2022-03-28 14:02:54,106] {logging_mixin.py:109} INFO - [2022-03-28 14:02:54,106] {dagbag.py:496} INFO - Filling up the DagBag from /home/airflow/.local/lib/python3.6/site-packages/airflow/example_dags/example_branch_operator.py
[2022-03-28 14:02:54,117] {processor.py:623} INFO - DAG(s) dict_keys(['example_branch_operator']) retrieved from /home/airflow/.local/lib/python3.6/site-packages/airflow/example_dags/example_branch_operator.py
[2022-03-28 14:02:54,132] {logging_mixin.py:109} INFO - [2022-03-28 14:02:54,132] {dag.py:1833} INFO - Sync 1 DAGs
[2022-03-28 14:02:54,146] {logging_mixin.py:109} INFO - [2022-03-28 14:02:54,146] {dag.py:2306} INFO - Setting next_dagrun for example_branch_operator to 2022-03-26 00:00:00+00:00
[2022-03-28 14:02:54,154] {processor.py:170} INFO - Processing /home/airflow/.local/lib/python3.6/site-packages/airflow/example_dags/example_branch_operator.py took 0.051 seconds
[2022-03-28 14:03:24,935] {processor.py:162} INFO - Started process (PID=1479) to work on /home/airflow/.local/lib/python3.6/site-packages/airflow/example_dags/example_branch_operator.py
[2022-03-28 14:03:24,936] {processor.py:613} INFO - Processing file /home/airflow/.local/lib/python3.6/site-packages/airflow/example_dags/example_branch_operator.py for tasks to queue
[2022-03-28 14:03:24,937] {logging_mixin.py:109} INFO - [2022-03-28 14:03:24,937] {dagbag.py:496} INFO - Filling up the DagBag from /home/airflow/.local/lib/python3.6/site-packages/airflow/example_dags/example_branch_operator.py
[2022-03-28 14:03:24,952] {processor.py:623} INFO - DAG(s) dict_keys(['example_branch_operator']) retrieved from /home/airflow/.local/lib/python3.6/site-packages/airflow/example_dags/example_branch_operator.py
[2022-03-28 14:03:25,038] {logging_mixin.py:109} INFO - [2022-03-28 14:03:25,038] {dag.py:1833} INFO - Sync 1 DAGs
[2022-03-28 14:03:25,056] {logging_mixin.py:109} INFO - [2022-03-28 14:03:25,056] {dag.py:2306} INFO - Setting next_dagrun for example_branch_operator to 2022-03-26 00:00:00+00:00
[2022-03-28 14:03:25,069] {processor.py:170} INFO - Processing /home/airflow/.local/lib/python3.6/site-packages/airflow/example_dags/example_branch_operator.py took 0.137 seconds
[2022-03-28 14:03:55,143] {processor.py:162} INFO - Started process (PID=1530) to work on /home/airflow/.local/lib/python3.6/site-packages/airflow/example_dags/example_branch_operator.py
[2022-03-28 14:03:55,144] {processor.py:613} INFO - Processing file /home/airflow/.local/lib/python3.6/site-packages/airflow/example_dags/example_branch_operator.py for tasks to queue
[2022-03-28 14:03:55,144] {logging_mixin.py:109} INFO - [2022-03-28 14:03:55,144] {dagbag.py:496} INFO - Filling up the DagBag from /home/airflow/.local/lib/python3.6/site-packages/airflow/example_dags/example_branch_operator.py
[2022-03-28 14:03:55,153] {processor.py:623} INFO - DAG(s) dict_keys(['example_branch_operator']) retrieved from /home/airflow/.local/lib/python3.6/site-packages/airflow/example_dags/example_branch_operator.py
[2022-03-28 14:03:55,167] {logging_mixin.py:109} INFO - [2022-03-28 14:03:55,167] {dag.py:1833} INFO - Sync 1 DAGs
[2022-03-28 14:03:55,177] {logging_mixin.py:109} INFO - [2022-03-28 14:03:55,177] {dag.py:2306} INFO - Setting next_dagrun for example_branch_operator to 2022-03-26 00:00:00+00:00
[2022-03-28 14:03:55,185] {processor.py:170} INFO - Processing /home/airflow/.local/lib/python3.6/site-packages/airflow/example_dags/example_branch_operator.py took 0.043 seconds
[2022-03-28 14:04:25,364] {processor.py:162} INFO - Started process (PID=1592) to work on /home/airflow/.local/lib/python3.6/site-packages/airflow/example_dags/example_branch_operator.py
[2022-03-28 14:04:25,365] {processor.py:613} INFO - Processing file /home/airflow/.local/lib/python3.6/site-packages/airflow/example_dags/example_branch_operator.py for tasks to queue
[2022-03-28 14:04:25,365] {logging_mixin.py:109} INFO - [2022-03-28 14:04:25,365] {dagbag.py:496} INFO - Filling up the DagBag from /home/airflow/.local/lib/python3.6/site-packages/airflow/example_dags/example_branch_operator.py
[2022-03-28 14:04:25,376] {processor.py:623} INFO - DAG(s) dict_keys(['example_branch_operator']) retrieved from /home/airflow/.local/lib/python3.6/site-packages/airflow/example_dags/example_branch_operator.py
[2022-03-28 14:04:25,391] {logging_mixin.py:109} INFO - [2022-03-28 14:04:25,391] {dag.py:1833} INFO - Sync 1 DAGs
[2022-03-28 14:04:25,405] {logging_mixin.py:109} INFO - [2022-03-28 14:04:25,405] {dag.py:2306} INFO - Setting next_dagrun for example_branch_operator to 2022-03-26 00:00:00+00:00
[2022-03-28 14:04:25,412] {processor.py:170} INFO - Processing /home/airflow/.local/lib/python3.6/site-packages/airflow/example_dags/example_branch_operator.py took 0.049 seconds
[2022-03-28 14:04:55,547] {processor.py:162} INFO - Started process (PID=1644) to work on /home/airflow/.local/lib/python3.6/site-packages/airflow/example_dags/example_branch_operator.py
[2022-03-28 14:04:55,547] {processor.py:613} INFO - Processing file /home/airflow/.local/lib/python3.6/site-packages/airflow/example_dags/example_branch_operator.py for tasks to queue
[2022-03-28 14:04:55,548] {logging_mixin.py:109} INFO - [2022-03-28 14:04:55,548] {dagbag.py:496} INFO - Filling up the DagBag from /home/airflow/.local/lib/python3.6/site-packages/airflow/example_dags/example_branch_operator.py
[2022-03-28 14:04:55,560] {processor.py:623} INFO - DAG(s) dict_keys(['example_branch_operator']) retrieved from /home/airflow/.local/lib/python3.6/site-packages/airflow/example_dags/example_branch_operator.py
[2022-03-28 14:04:55,577] {logging_mixin.py:109} INFO - [2022-03-28 14:04:55,577] {dag.py:1833} INFO - Sync 1 DAGs
[2022-03-28 14:04:55,589] {logging_mixin.py:109} INFO - [2022-03-28 14:04:55,589] {dag.py:2306} INFO - Setting next_dagrun for example_branch_operator to 2022-03-26 00:00:00+00:00
[2022-03-28 14:04:55,596] {processor.py:170} INFO - Processing /home/airflow/.local/lib/python3.6/site-packages/airflow/example_dags/example_branch_operator.py took 0.051 seconds
[2022-03-28 14:05:26,443] {processor.py:162} INFO - Started process (PID=1707) to work on /home/airflow/.local/lib/python3.6/site-packages/airflow/example_dags/example_branch_operator.py
[2022-03-28 14:05:26,443] {processor.py:613} INFO - Processing file /home/airflow/.local/lib/python3.6/site-packages/airflow/example_dags/example_branch_operator.py for tasks to queue
[2022-03-28 14:05:26,444] {logging_mixin.py:109} INFO - [2022-03-28 14:05:26,444] {dagbag.py:496} INFO - Filling up the DagBag from /home/airflow/.local/lib/python3.6/site-packages/airflow/example_dags/example_branch_operator.py
[2022-03-28 14:05:26,455] {processor.py:623} INFO - DAG(s) dict_keys(['example_branch_operator']) retrieved from /home/airflow/.local/lib/python3.6/site-packages/airflow/example_dags/example_branch_operator.py
[2022-03-28 14:05:26,470] {logging_mixin.py:109} INFO - [2022-03-28 14:05:26,470] {dag.py:1833} INFO - Sync 1 DAGs
[2022-03-28 14:05:26,482] {logging_mixin.py:109} INFO - [2022-03-28 14:05:26,482] {dag.py:2306} INFO - Setting next_dagrun for example_branch_operator to 2022-03-26 00:00:00+00:00
[2022-03-28 14:05:26,491] {processor.py:170} INFO - Processing /home/airflow/.local/lib/python3.6/site-packages/airflow/example_dags/example_branch_operator.py took 0.050 seconds
[2022-03-28 14:05:57,284] {processor.py:162} INFO - Started process (PID=1769) to work on /home/airflow/.local/lib/python3.6/site-packages/airflow/example_dags/example_branch_operator.py
[2022-03-28 14:05:57,285] {processor.py:613} INFO - Processing file /home/airflow/.local/lib/python3.6/site-packages/airflow/example_dags/example_branch_operator.py for tasks to queue
[2022-03-28 14:05:57,286] {logging_mixin.py:109} INFO - [2022-03-28 14:05:57,285] {dagbag.py:496} INFO - Filling up the DagBag from /home/airflow/.local/lib/python3.6/site-packages/airflow/example_dags/example_branch_operator.py
[2022-03-28 14:05:57,294] {processor.py:623} INFO - DAG(s) dict_keys(['example_branch_operator']) retrieved from /home/airflow/.local/lib/python3.6/site-packages/airflow/example_dags/example_branch_operator.py
[2022-03-28 14:05:57,309] {logging_mixin.py:109} INFO - [2022-03-28 14:05:57,309] {dag.py:1833} INFO - Sync 1 DAGs
[2022-03-28 14:05:57,322] {logging_mixin.py:109} INFO - [2022-03-28 14:05:57,322] {dag.py:2306} INFO - Setting next_dagrun for example_branch_operator to 2022-03-26 00:00:00+00:00
[2022-03-28 14:05:57,331] {processor.py:170} INFO - Processing /home/airflow/.local/lib/python3.6/site-packages/airflow/example_dags/example_branch_operator.py took 0.048 seconds
[2022-03-28 14:06:27,994] {processor.py:162} INFO - Started process (PID=1821) to work on /home/airflow/.local/lib/python3.6/site-packages/airflow/example_dags/example_branch_operator.py
[2022-03-28 14:06:27,995] {processor.py:613} INFO - Processing file /home/airflow/.local/lib/python3.6/site-packages/airflow/example_dags/example_branch_operator.py for tasks to queue
[2022-03-28 14:06:27,995] {logging_mixin.py:109} INFO - [2022-03-28 14:06:27,995] {dagbag.py:496} INFO - Filling up the DagBag from /home/airflow/.local/lib/python3.6/site-packages/airflow/example_dags/example_branch_operator.py
[2022-03-28 14:06:28,004] {processor.py:623} INFO - DAG(s) dict_keys(['example_branch_operator']) retrieved from /home/airflow/.local/lib/python3.6/site-packages/airflow/example_dags/example_branch_operator.py
[2022-03-28 14:06:28,018] {logging_mixin.py:109} INFO - [2022-03-28 14:06:28,018] {dag.py:1833} INFO - Sync 1 DAGs
[2022-03-28 14:06:28,031] {logging_mixin.py:109} INFO - [2022-03-28 14:06:28,031] {dag.py:2306} INFO - Setting next_dagrun for example_branch_operator to 2022-03-26 00:00:00+00:00
[2022-03-28 14:06:28,039] {processor.py:170} INFO - Processing /home/airflow/.local/lib/python3.6/site-packages/airflow/example_dags/example_branch_operator.py took 0.046 seconds
[2022-03-28 14:06:58,731] {processor.py:162} INFO - Started process (PID=1884) to work on /home/airflow/.local/lib/python3.6/site-packages/airflow/example_dags/example_branch_operator.py
[2022-03-28 14:06:58,731] {processor.py:613} INFO - Processing file /home/airflow/.local/lib/python3.6/site-packages/airflow/example_dags/example_branch_operator.py for tasks to queue
[2022-03-28 14:06:58,732] {logging_mixin.py:109} INFO - [2022-03-28 14:06:58,732] {dagbag.py:496} INFO - Filling up the DagBag from /home/airflow/.local/lib/python3.6/site-packages/airflow/example_dags/example_branch_operator.py
[2022-03-28 14:06:58,742] {processor.py:623} INFO - DAG(s) dict_keys(['example_branch_operator']) retrieved from /home/airflow/.local/lib/python3.6/site-packages/airflow/example_dags/example_branch_operator.py
[2022-03-28 14:06:58,756] {logging_mixin.py:109} INFO - [2022-03-28 14:06:58,756] {dag.py:1833} INFO - Sync 1 DAGs
[2022-03-28 14:06:58,770] {logging_mixin.py:109} INFO - [2022-03-28 14:06:58,770] {dag.py:2306} INFO - Setting next_dagrun for example_branch_operator to 2022-03-26 00:00:00+00:00
[2022-03-28 14:06:58,778] {processor.py:170} INFO - Processing /home/airflow/.local/lib/python3.6/site-packages/airflow/example_dags/example_branch_operator.py took 0.049 seconds
