[2022-03-28 13:54:24,850] {processor.py:162} INFO - Started process (PID=404) to work on /home/airflow/.local/lib/python3.6/site-packages/airflow/example_dags/example_subdag_operator.py
[2022-03-28 13:54:24,851] {processor.py:613} INFO - Processing file /home/airflow/.local/lib/python3.6/site-packages/airflow/example_dags/example_subdag_operator.py for tasks to queue
[2022-03-28 13:54:24,852] {logging_mixin.py:109} INFO - [2022-03-28 13:54:24,852] {dagbag.py:496} INFO - Filling up the DagBag from /home/airflow/.local/lib/python3.6/site-packages/airflow/example_dags/example_subdag_operator.py
[2022-03-28 13:54:24,877] {processor.py:623} INFO - DAG(s) dict_keys(['example_subdag_operator.section-1', 'example_subdag_operator.section-2', 'example_subdag_operator']) retrieved from /home/airflow/.local/lib/python3.6/site-packages/airflow/example_dags/example_subdag_operator.py
[2022-03-28 13:54:26,584] {logging_mixin.py:109} INFO - [2022-03-28 13:54:26,583] {dag.py:1833} INFO - Sync 3 DAGs
[2022-03-28 13:54:26,592] {logging_mixin.py:109} INFO - [2022-03-28 13:54:26,591] {dag.py:1852} INFO - Creating ORM DAG for example_subdag_operator.section-1
[2022-03-28 13:54:26,592] {logging_mixin.py:109} INFO - [2022-03-28 13:54:26,592] {dag.py:1852} INFO - Creating ORM DAG for example_subdag_operator.section-2
[2022-03-28 13:54:26,592] {logging_mixin.py:109} INFO - [2022-03-28 13:54:26,592] {dag.py:1852} INFO - Creating ORM DAG for example_subdag_operator
[2022-03-28 13:54:26,596] {logging_mixin.py:109} INFO - [2022-03-28 13:54:26,595] {dag.py:2306} INFO - Setting next_dagrun for example_subdag_operator to 2022-03-26 00:00:00+00:00
[2022-03-28 13:54:26,596] {logging_mixin.py:109} INFO - [2022-03-28 13:54:26,596] {dag.py:2306} INFO - Setting next_dagrun for example_subdag_operator.section-1 to None
[2022-03-28 13:54:26,596] {logging_mixin.py:109} INFO - [2022-03-28 13:54:26,596] {dag.py:2306} INFO - Setting next_dagrun for example_subdag_operator.section-2 to None
[2022-03-28 13:54:26,603] {logging_mixin.py:109} INFO - [2022-03-28 13:54:26,603] {dag.py:1833} INFO - Sync 2 DAGs
[2022-03-28 13:54:26,609] {logging_mixin.py:109} INFO - [2022-03-28 13:54:26,608] {dag.py:2306} INFO - Setting next_dagrun for example_subdag_operator.section-1 to None
[2022-03-28 13:54:26,609] {logging_mixin.py:109} INFO - [2022-03-28 13:54:26,609] {dag.py:2306} INFO - Setting next_dagrun for example_subdag_operator.section-2 to None
[2022-03-28 13:54:26,614] {processor.py:170} INFO - Processing /home/airflow/.local/lib/python3.6/site-packages/airflow/example_dags/example_subdag_operator.py took 1.766 seconds
[2022-03-28 13:54:57,155] {processor.py:162} INFO - Started process (PID=513) to work on /home/airflow/.local/lib/python3.6/site-packages/airflow/example_dags/example_subdag_operator.py
[2022-03-28 13:54:57,156] {processor.py:613} INFO - Processing file /home/airflow/.local/lib/python3.6/site-packages/airflow/example_dags/example_subdag_operator.py for tasks to queue
[2022-03-28 13:54:57,156] {logging_mixin.py:109} INFO - [2022-03-28 13:54:57,156] {dagbag.py:496} INFO - Filling up the DagBag from /home/airflow/.local/lib/python3.6/site-packages/airflow/example_dags/example_subdag_operator.py
[2022-03-28 13:54:57,177] {processor.py:623} INFO - DAG(s) dict_keys(['example_subdag_operator.section-1', 'example_subdag_operator.section-2', 'example_subdag_operator']) retrieved from /home/airflow/.local/lib/python3.6/site-packages/airflow/example_dags/example_subdag_operator.py
[2022-03-28 13:54:57,185] {logging_mixin.py:109} INFO - [2022-03-28 13:54:57,185] {dag.py:1833} INFO - Sync 3 DAGs
[2022-03-28 13:54:57,196] {logging_mixin.py:109} INFO - [2022-03-28 13:54:57,196] {dag.py:2306} INFO - Setting next_dagrun for example_subdag_operator to 2022-03-26 00:00:00+00:00
[2022-03-28 13:54:57,197] {logging_mixin.py:109} INFO - [2022-03-28 13:54:57,197] {dag.py:2306} INFO - Setting next_dagrun for example_subdag_operator.section-1 to None
[2022-03-28 13:54:57,197] {logging_mixin.py:109} INFO - [2022-03-28 13:54:57,197] {dag.py:2306} INFO - Setting next_dagrun for example_subdag_operator.section-2 to None
[2022-03-28 13:54:57,203] {logging_mixin.py:109} INFO - [2022-03-28 13:54:57,203] {dag.py:1833} INFO - Sync 2 DAGs
[2022-03-28 13:54:57,208] {logging_mixin.py:109} INFO - [2022-03-28 13:54:57,208] {dag.py:2306} INFO - Setting next_dagrun for example_subdag_operator.section-1 to None
[2022-03-28 13:54:57,208] {logging_mixin.py:109} INFO - [2022-03-28 13:54:57,208] {dag.py:2306} INFO - Setting next_dagrun for example_subdag_operator.section-2 to None
[2022-03-28 13:54:57,213] {processor.py:170} INFO - Processing /home/airflow/.local/lib/python3.6/site-packages/airflow/example_dags/example_subdag_operator.py took 0.060 seconds
[2022-03-28 13:55:27,328] {processor.py:162} INFO - Started process (PID=565) to work on /home/airflow/.local/lib/python3.6/site-packages/airflow/example_dags/example_subdag_operator.py
[2022-03-28 13:55:27,328] {processor.py:613} INFO - Processing file /home/airflow/.local/lib/python3.6/site-packages/airflow/example_dags/example_subdag_operator.py for tasks to queue
[2022-03-28 13:55:27,328] {logging_mixin.py:109} INFO - [2022-03-28 13:55:27,328] {dagbag.py:496} INFO - Filling up the DagBag from /home/airflow/.local/lib/python3.6/site-packages/airflow/example_dags/example_subdag_operator.py
[2022-03-28 13:55:27,347] {processor.py:623} INFO - DAG(s) dict_keys(['example_subdag_operator.section-1', 'example_subdag_operator.section-2', 'example_subdag_operator']) retrieved from /home/airflow/.local/lib/python3.6/site-packages/airflow/example_dags/example_subdag_operator.py
[2022-03-28 13:55:27,355] {logging_mixin.py:109} INFO - [2022-03-28 13:55:27,355] {dag.py:1833} INFO - Sync 3 DAGs
[2022-03-28 13:55:27,364] {logging_mixin.py:109} INFO - [2022-03-28 13:55:27,364] {dag.py:2306} INFO - Setting next_dagrun for example_subdag_operator to 2022-03-26 00:00:00+00:00
[2022-03-28 13:55:27,365] {logging_mixin.py:109} INFO - [2022-03-28 13:55:27,365] {dag.py:2306} INFO - Setting next_dagrun for example_subdag_operator.section-1 to None
[2022-03-28 13:55:27,365] {logging_mixin.py:109} INFO - [2022-03-28 13:55:27,365] {dag.py:2306} INFO - Setting next_dagrun for example_subdag_operator.section-2 to None
[2022-03-28 13:55:27,371] {logging_mixin.py:109} INFO - [2022-03-28 13:55:27,371] {dag.py:1833} INFO - Sync 2 DAGs
[2022-03-28 13:55:27,376] {logging_mixin.py:109} INFO - [2022-03-28 13:55:27,376] {dag.py:2306} INFO - Setting next_dagrun for example_subdag_operator.section-1 to None
[2022-03-28 13:55:27,376] {logging_mixin.py:109} INFO - [2022-03-28 13:55:27,376] {dag.py:2306} INFO - Setting next_dagrun for example_subdag_operator.section-2 to None
[2022-03-28 13:55:27,381] {processor.py:170} INFO - Processing /home/airflow/.local/lib/python3.6/site-packages/airflow/example_dags/example_subdag_operator.py took 0.055 seconds
[2022-03-28 13:55:57,406] {processor.py:162} INFO - Started process (PID=628) to work on /home/airflow/.local/lib/python3.6/site-packages/airflow/example_dags/example_subdag_operator.py
[2022-03-28 13:55:57,407] {processor.py:613} INFO - Processing file /home/airflow/.local/lib/python3.6/site-packages/airflow/example_dags/example_subdag_operator.py for tasks to queue
[2022-03-28 13:55:57,407] {logging_mixin.py:109} INFO - [2022-03-28 13:55:57,407] {dagbag.py:496} INFO - Filling up the DagBag from /home/airflow/.local/lib/python3.6/site-packages/airflow/example_dags/example_subdag_operator.py
[2022-03-28 13:55:57,430] {processor.py:623} INFO - DAG(s) dict_keys(['example_subdag_operator.section-1', 'example_subdag_operator.section-2', 'example_subdag_operator']) retrieved from /home/airflow/.local/lib/python3.6/site-packages/airflow/example_dags/example_subdag_operator.py
[2022-03-28 13:55:57,440] {logging_mixin.py:109} INFO - [2022-03-28 13:55:57,440] {dag.py:1833} INFO - Sync 3 DAGs
[2022-03-28 13:55:57,455] {logging_mixin.py:109} INFO - [2022-03-28 13:55:57,455] {dag.py:2306} INFO - Setting next_dagrun for example_subdag_operator to 2022-03-26 00:00:00+00:00
[2022-03-28 13:55:57,455] {logging_mixin.py:109} INFO - [2022-03-28 13:55:57,455] {dag.py:2306} INFO - Setting next_dagrun for example_subdag_operator.section-1 to None
[2022-03-28 13:55:57,456] {logging_mixin.py:109} INFO - [2022-03-28 13:55:57,456] {dag.py:2306} INFO - Setting next_dagrun for example_subdag_operator.section-2 to None
[2022-03-28 13:55:57,463] {logging_mixin.py:109} INFO - [2022-03-28 13:55:57,463] {dag.py:1833} INFO - Sync 2 DAGs
[2022-03-28 13:55:57,472] {logging_mixin.py:109} INFO - [2022-03-28 13:55:57,471] {dag.py:2306} INFO - Setting next_dagrun for example_subdag_operator.section-1 to None
[2022-03-28 13:55:57,472] {logging_mixin.py:109} INFO - [2022-03-28 13:55:57,472] {dag.py:2306} INFO - Setting next_dagrun for example_subdag_operator.section-2 to None
[2022-03-28 13:55:57,479] {processor.py:170} INFO - Processing /home/airflow/.local/lib/python3.6/site-packages/airflow/example_dags/example_subdag_operator.py took 0.075 seconds
[2022-03-28 13:56:27,611] {processor.py:162} INFO - Started process (PID=680) to work on /home/airflow/.local/lib/python3.6/site-packages/airflow/example_dags/example_subdag_operator.py
[2022-03-28 13:56:27,612] {processor.py:613} INFO - Processing file /home/airflow/.local/lib/python3.6/site-packages/airflow/example_dags/example_subdag_operator.py for tasks to queue
[2022-03-28 13:56:27,613] {logging_mixin.py:109} INFO - [2022-03-28 13:56:27,613] {dagbag.py:496} INFO - Filling up the DagBag from /home/airflow/.local/lib/python3.6/site-packages/airflow/example_dags/example_subdag_operator.py
[2022-03-28 13:56:27,635] {processor.py:623} INFO - DAG(s) dict_keys(['example_subdag_operator.section-1', 'example_subdag_operator.section-2', 'example_subdag_operator']) retrieved from /home/airflow/.local/lib/python3.6/site-packages/airflow/example_dags/example_subdag_operator.py
[2022-03-28 13:56:27,646] {logging_mixin.py:109} INFO - [2022-03-28 13:56:27,645] {dag.py:1833} INFO - Sync 3 DAGs
[2022-03-28 13:56:27,660] {logging_mixin.py:109} INFO - [2022-03-28 13:56:27,660] {dag.py:2306} INFO - Setting next_dagrun for example_subdag_operator to 2022-03-26 00:00:00+00:00
[2022-03-28 13:56:27,661] {logging_mixin.py:109} INFO - [2022-03-28 13:56:27,661] {dag.py:2306} INFO - Setting next_dagrun for example_subdag_operator.section-1 to None
[2022-03-28 13:56:27,661] {logging_mixin.py:109} INFO - [2022-03-28 13:56:27,661] {dag.py:2306} INFO - Setting next_dagrun for example_subdag_operator.section-2 to None
[2022-03-28 13:56:27,670] {logging_mixin.py:109} INFO - [2022-03-28 13:56:27,669] {dag.py:1833} INFO - Sync 2 DAGs
[2022-03-28 13:56:27,677] {logging_mixin.py:109} INFO - [2022-03-28 13:56:27,677] {dag.py:2306} INFO - Setting next_dagrun for example_subdag_operator.section-1 to None
[2022-03-28 13:56:27,677] {logging_mixin.py:109} INFO - [2022-03-28 13:56:27,677] {dag.py:2306} INFO - Setting next_dagrun for example_subdag_operator.section-2 to None
[2022-03-28 13:56:27,685] {processor.py:170} INFO - Processing /home/airflow/.local/lib/python3.6/site-packages/airflow/example_dags/example_subdag_operator.py took 0.076 seconds
[2022-03-28 13:56:57,714] {processor.py:162} INFO - Started process (PID=741) to work on /home/airflow/.local/lib/python3.6/site-packages/airflow/example_dags/example_subdag_operator.py
[2022-03-28 13:56:57,714] {processor.py:613} INFO - Processing file /home/airflow/.local/lib/python3.6/site-packages/airflow/example_dags/example_subdag_operator.py for tasks to queue
[2022-03-28 13:56:57,714] {logging_mixin.py:109} INFO - [2022-03-28 13:56:57,714] {dagbag.py:496} INFO - Filling up the DagBag from /home/airflow/.local/lib/python3.6/site-packages/airflow/example_dags/example_subdag_operator.py
[2022-03-28 13:56:57,733] {processor.py:623} INFO - DAG(s) dict_keys(['example_subdag_operator.section-1', 'example_subdag_operator.section-2', 'example_subdag_operator']) retrieved from /home/airflow/.local/lib/python3.6/site-packages/airflow/example_dags/example_subdag_operator.py
[2022-03-28 13:56:57,740] {logging_mixin.py:109} INFO - [2022-03-28 13:56:57,740] {dag.py:1833} INFO - Sync 3 DAGs
[2022-03-28 13:56:57,750] {logging_mixin.py:109} INFO - [2022-03-28 13:56:57,750] {dag.py:2306} INFO - Setting next_dagrun for example_subdag_operator to 2022-03-26 00:00:00+00:00
[2022-03-28 13:56:57,751] {logging_mixin.py:109} INFO - [2022-03-28 13:56:57,751] {dag.py:2306} INFO - Setting next_dagrun for example_subdag_operator.section-1 to None
[2022-03-28 13:56:57,751] {logging_mixin.py:109} INFO - [2022-03-28 13:56:57,751] {dag.py:2306} INFO - Setting next_dagrun for example_subdag_operator.section-2 to None
[2022-03-28 13:56:57,758] {logging_mixin.py:109} INFO - [2022-03-28 13:56:57,757] {dag.py:1833} INFO - Sync 2 DAGs
[2022-03-28 13:56:57,763] {logging_mixin.py:109} INFO - [2022-03-28 13:56:57,763] {dag.py:2306} INFO - Setting next_dagrun for example_subdag_operator.section-1 to None
[2022-03-28 13:56:57,763] {logging_mixin.py:109} INFO - [2022-03-28 13:56:57,763] {dag.py:2306} INFO - Setting next_dagrun for example_subdag_operator.section-2 to None
[2022-03-28 13:56:57,768] {processor.py:170} INFO - Processing /home/airflow/.local/lib/python3.6/site-packages/airflow/example_dags/example_subdag_operator.py took 0.056 seconds
[2022-03-28 13:57:28,539] {processor.py:162} INFO - Started process (PID=792) to work on /home/airflow/.local/lib/python3.6/site-packages/airflow/example_dags/example_subdag_operator.py
[2022-03-28 13:57:28,540] {processor.py:613} INFO - Processing file /home/airflow/.local/lib/python3.6/site-packages/airflow/example_dags/example_subdag_operator.py for tasks to queue
[2022-03-28 13:57:28,541] {logging_mixin.py:109} INFO - [2022-03-28 13:57:28,541] {dagbag.py:496} INFO - Filling up the DagBag from /home/airflow/.local/lib/python3.6/site-packages/airflow/example_dags/example_subdag_operator.py
[2022-03-28 13:57:28,564] {processor.py:623} INFO - DAG(s) dict_keys(['example_subdag_operator.section-1', 'example_subdag_operator.section-2', 'example_subdag_operator']) retrieved from /home/airflow/.local/lib/python3.6/site-packages/airflow/example_dags/example_subdag_operator.py
[2022-03-28 13:57:28,571] {logging_mixin.py:109} INFO - [2022-03-28 13:57:28,571] {dag.py:1833} INFO - Sync 3 DAGs
[2022-03-28 13:57:28,583] {logging_mixin.py:109} INFO - [2022-03-28 13:57:28,583] {dag.py:2306} INFO - Setting next_dagrun for example_subdag_operator to 2022-03-26 00:00:00+00:00
[2022-03-28 13:57:28,583] {logging_mixin.py:109} INFO - [2022-03-28 13:57:28,583] {dag.py:2306} INFO - Setting next_dagrun for example_subdag_operator.section-1 to None
[2022-03-28 13:57:28,584] {logging_mixin.py:109} INFO - [2022-03-28 13:57:28,583] {dag.py:2306} INFO - Setting next_dagrun for example_subdag_operator.section-2 to None
[2022-03-28 13:57:28,590] {logging_mixin.py:109} INFO - [2022-03-28 13:57:28,590] {dag.py:1833} INFO - Sync 2 DAGs
[2022-03-28 13:57:28,595] {logging_mixin.py:109} INFO - [2022-03-28 13:57:28,595] {dag.py:2306} INFO - Setting next_dagrun for example_subdag_operator.section-1 to None
[2022-03-28 13:57:28,595] {logging_mixin.py:109} INFO - [2022-03-28 13:57:28,595] {dag.py:2306} INFO - Setting next_dagrun for example_subdag_operator.section-2 to None
[2022-03-28 13:57:28,600] {processor.py:170} INFO - Processing /home/airflow/.local/lib/python3.6/site-packages/airflow/example_dags/example_subdag_operator.py took 0.062 seconds
[2022-03-28 13:57:59,412] {processor.py:162} INFO - Started process (PID=856) to work on /home/airflow/.local/lib/python3.6/site-packages/airflow/example_dags/example_subdag_operator.py
[2022-03-28 13:57:59,413] {processor.py:613} INFO - Processing file /home/airflow/.local/lib/python3.6/site-packages/airflow/example_dags/example_subdag_operator.py for tasks to queue
[2022-03-28 13:57:59,413] {logging_mixin.py:109} INFO - [2022-03-28 13:57:59,413] {dagbag.py:496} INFO - Filling up the DagBag from /home/airflow/.local/lib/python3.6/site-packages/airflow/example_dags/example_subdag_operator.py
[2022-03-28 13:57:59,432] {processor.py:623} INFO - DAG(s) dict_keys(['example_subdag_operator.section-1', 'example_subdag_operator.section-2', 'example_subdag_operator']) retrieved from /home/airflow/.local/lib/python3.6/site-packages/airflow/example_dags/example_subdag_operator.py
[2022-03-28 13:57:59,440] {logging_mixin.py:109} INFO - [2022-03-28 13:57:59,440] {dag.py:1833} INFO - Sync 3 DAGs
[2022-03-28 13:57:59,450] {logging_mixin.py:109} INFO - [2022-03-28 13:57:59,450] {dag.py:2306} INFO - Setting next_dagrun for example_subdag_operator to 2022-03-26 00:00:00+00:00
[2022-03-28 13:57:59,451] {logging_mixin.py:109} INFO - [2022-03-28 13:57:59,451] {dag.py:2306} INFO - Setting next_dagrun for example_subdag_operator.section-1 to None
[2022-03-28 13:57:59,451] {logging_mixin.py:109} INFO - [2022-03-28 13:57:59,451] {dag.py:2306} INFO - Setting next_dagrun for example_subdag_operator.section-2 to None
[2022-03-28 13:57:59,457] {logging_mixin.py:109} INFO - [2022-03-28 13:57:59,457] {dag.py:1833} INFO - Sync 2 DAGs
[2022-03-28 13:57:59,462] {logging_mixin.py:109} INFO - [2022-03-28 13:57:59,462] {dag.py:2306} INFO - Setting next_dagrun for example_subdag_operator.section-1 to None
[2022-03-28 13:57:59,462] {logging_mixin.py:109} INFO - [2022-03-28 13:57:59,462] {dag.py:2306} INFO - Setting next_dagrun for example_subdag_operator.section-2 to None
[2022-03-28 13:57:59,468] {processor.py:170} INFO - Processing /home/airflow/.local/lib/python3.6/site-packages/airflow/example_dags/example_subdag_operator.py took 0.057 seconds
[2022-03-28 13:58:29,577] {processor.py:162} INFO - Started process (PID=917) to work on /home/airflow/.local/lib/python3.6/site-packages/airflow/example_dags/example_subdag_operator.py
[2022-03-28 13:58:29,577] {processor.py:613} INFO - Processing file /home/airflow/.local/lib/python3.6/site-packages/airflow/example_dags/example_subdag_operator.py for tasks to queue
[2022-03-28 13:58:29,578] {logging_mixin.py:109} INFO - [2022-03-28 13:58:29,578] {dagbag.py:496} INFO - Filling up the DagBag from /home/airflow/.local/lib/python3.6/site-packages/airflow/example_dags/example_subdag_operator.py
[2022-03-28 13:58:29,601] {processor.py:623} INFO - DAG(s) dict_keys(['example_subdag_operator.section-1', 'example_subdag_operator.section-2', 'example_subdag_operator']) retrieved from /home/airflow/.local/lib/python3.6/site-packages/airflow/example_dags/example_subdag_operator.py
[2022-03-28 13:58:29,610] {logging_mixin.py:109} INFO - [2022-03-28 13:58:29,610] {dag.py:1833} INFO - Sync 3 DAGs
[2022-03-28 13:58:29,622] {logging_mixin.py:109} INFO - [2022-03-28 13:58:29,622] {dag.py:2306} INFO - Setting next_dagrun for example_subdag_operator to 2022-03-26 00:00:00+00:00
[2022-03-28 13:58:29,623] {logging_mixin.py:109} INFO - [2022-03-28 13:58:29,623] {dag.py:2306} INFO - Setting next_dagrun for example_subdag_operator.section-1 to None
[2022-03-28 13:58:29,623] {logging_mixin.py:109} INFO - [2022-03-28 13:58:29,623] {dag.py:2306} INFO - Setting next_dagrun for example_subdag_operator.section-2 to None
[2022-03-28 13:58:29,630] {logging_mixin.py:109} INFO - [2022-03-28 13:58:29,630] {dag.py:1833} INFO - Sync 2 DAGs
[2022-03-28 13:58:29,635] {logging_mixin.py:109} INFO - [2022-03-28 13:58:29,635] {dag.py:2306} INFO - Setting next_dagrun for example_subdag_operator.section-1 to None
[2022-03-28 13:58:29,636] {logging_mixin.py:109} INFO - [2022-03-28 13:58:29,636] {dag.py:2306} INFO - Setting next_dagrun for example_subdag_operator.section-2 to None
[2022-03-28 13:58:29,642] {processor.py:170} INFO - Processing /home/airflow/.local/lib/python3.6/site-packages/airflow/example_dags/example_subdag_operator.py took 0.067 seconds
[2022-03-28 13:58:59,670] {processor.py:162} INFO - Started process (PID=970) to work on /home/airflow/.local/lib/python3.6/site-packages/airflow/example_dags/example_subdag_operator.py
[2022-03-28 13:58:59,671] {processor.py:613} INFO - Processing file /home/airflow/.local/lib/python3.6/site-packages/airflow/example_dags/example_subdag_operator.py for tasks to queue
[2022-03-28 13:58:59,671] {logging_mixin.py:109} INFO - [2022-03-28 13:58:59,671] {dagbag.py:496} INFO - Filling up the DagBag from /home/airflow/.local/lib/python3.6/site-packages/airflow/example_dags/example_subdag_operator.py
[2022-03-28 13:58:59,689] {processor.py:623} INFO - DAG(s) dict_keys(['example_subdag_operator.section-1', 'example_subdag_operator.section-2', 'example_subdag_operator']) retrieved from /home/airflow/.local/lib/python3.6/site-packages/airflow/example_dags/example_subdag_operator.py
[2022-03-28 13:58:59,697] {logging_mixin.py:109} INFO - [2022-03-28 13:58:59,697] {dag.py:1833} INFO - Sync 3 DAGs
[2022-03-28 13:58:59,707] {logging_mixin.py:109} INFO - [2022-03-28 13:58:59,706] {dag.py:2306} INFO - Setting next_dagrun for example_subdag_operator to 2022-03-26 00:00:00+00:00
[2022-03-28 13:58:59,707] {logging_mixin.py:109} INFO - [2022-03-28 13:58:59,707] {dag.py:2306} INFO - Setting next_dagrun for example_subdag_operator.section-1 to None
[2022-03-28 13:58:59,707] {logging_mixin.py:109} INFO - [2022-03-28 13:58:59,707] {dag.py:2306} INFO - Setting next_dagrun for example_subdag_operator.section-2 to None
[2022-03-28 13:58:59,714] {logging_mixin.py:109} INFO - [2022-03-28 13:58:59,714] {dag.py:1833} INFO - Sync 2 DAGs
[2022-03-28 13:58:59,719] {logging_mixin.py:109} INFO - [2022-03-28 13:58:59,719] {dag.py:2306} INFO - Setting next_dagrun for example_subdag_operator.section-1 to None
[2022-03-28 13:58:59,719] {logging_mixin.py:109} INFO - [2022-03-28 13:58:59,719] {dag.py:2306} INFO - Setting next_dagrun for example_subdag_operator.section-2 to None
[2022-03-28 13:58:59,723] {processor.py:170} INFO - Processing /home/airflow/.local/lib/python3.6/site-packages/airflow/example_dags/example_subdag_operator.py took 0.055 seconds
[2022-03-28 13:59:29,790] {processor.py:162} INFO - Started process (PID=1032) to work on /home/airflow/.local/lib/python3.6/site-packages/airflow/example_dags/example_subdag_operator.py
[2022-03-28 13:59:29,790] {processor.py:613} INFO - Processing file /home/airflow/.local/lib/python3.6/site-packages/airflow/example_dags/example_subdag_operator.py for tasks to queue
[2022-03-28 13:59:29,790] {logging_mixin.py:109} INFO - [2022-03-28 13:59:29,790] {dagbag.py:496} INFO - Filling up the DagBag from /home/airflow/.local/lib/python3.6/site-packages/airflow/example_dags/example_subdag_operator.py
[2022-03-28 13:59:29,815] {processor.py:623} INFO - DAG(s) dict_keys(['example_subdag_operator.section-1', 'example_subdag_operator.section-2', 'example_subdag_operator']) retrieved from /home/airflow/.local/lib/python3.6/site-packages/airflow/example_dags/example_subdag_operator.py
[2022-03-28 13:59:29,824] {logging_mixin.py:109} INFO - [2022-03-28 13:59:29,824] {dag.py:1833} INFO - Sync 3 DAGs
[2022-03-28 13:59:29,838] {logging_mixin.py:109} INFO - [2022-03-28 13:59:29,838] {dag.py:2306} INFO - Setting next_dagrun for example_subdag_operator to 2022-03-26 00:00:00+00:00
[2022-03-28 13:59:29,839] {logging_mixin.py:109} INFO - [2022-03-28 13:59:29,839] {dag.py:2306} INFO - Setting next_dagrun for example_subdag_operator.section-1 to None
[2022-03-28 13:59:29,839] {logging_mixin.py:109} INFO - [2022-03-28 13:59:29,839] {dag.py:2306} INFO - Setting next_dagrun for example_subdag_operator.section-2 to None
[2022-03-28 13:59:29,847] {logging_mixin.py:109} INFO - [2022-03-28 13:59:29,847] {dag.py:1833} INFO - Sync 2 DAGs
[2022-03-28 13:59:29,852] {logging_mixin.py:109} INFO - [2022-03-28 13:59:29,852] {dag.py:2306} INFO - Setting next_dagrun for example_subdag_operator.section-1 to None
[2022-03-28 13:59:29,852] {logging_mixin.py:109} INFO - [2022-03-28 13:59:29,852] {dag.py:2306} INFO - Setting next_dagrun for example_subdag_operator.section-2 to None
[2022-03-28 13:59:29,857] {processor.py:170} INFO - Processing /home/airflow/.local/lib/python3.6/site-packages/airflow/example_dags/example_subdag_operator.py took 0.069 seconds
[2022-03-28 13:59:59,888] {processor.py:162} INFO - Started process (PID=1083) to work on /home/airflow/.local/lib/python3.6/site-packages/airflow/example_dags/example_subdag_operator.py
[2022-03-28 13:59:59,888] {processor.py:613} INFO - Processing file /home/airflow/.local/lib/python3.6/site-packages/airflow/example_dags/example_subdag_operator.py for tasks to queue
[2022-03-28 13:59:59,889] {logging_mixin.py:109} INFO - [2022-03-28 13:59:59,889] {dagbag.py:496} INFO - Filling up the DagBag from /home/airflow/.local/lib/python3.6/site-packages/airflow/example_dags/example_subdag_operator.py
[2022-03-28 13:59:59,908] {processor.py:623} INFO - DAG(s) dict_keys(['example_subdag_operator.section-1', 'example_subdag_operator.section-2', 'example_subdag_operator']) retrieved from /home/airflow/.local/lib/python3.6/site-packages/airflow/example_dags/example_subdag_operator.py
[2022-03-28 13:59:59,916] {logging_mixin.py:109} INFO - [2022-03-28 13:59:59,916] {dag.py:1833} INFO - Sync 3 DAGs
[2022-03-28 13:59:59,927] {logging_mixin.py:109} INFO - [2022-03-28 13:59:59,926] {dag.py:2306} INFO - Setting next_dagrun for example_subdag_operator to 2022-03-26 00:00:00+00:00
[2022-03-28 13:59:59,927] {logging_mixin.py:109} INFO - [2022-03-28 13:59:59,927] {dag.py:2306} INFO - Setting next_dagrun for example_subdag_operator.section-1 to None
[2022-03-28 13:59:59,927] {logging_mixin.py:109} INFO - [2022-03-28 13:59:59,927] {dag.py:2306} INFO - Setting next_dagrun for example_subdag_operator.section-2 to None
[2022-03-28 13:59:59,933] {logging_mixin.py:109} INFO - [2022-03-28 13:59:59,933] {dag.py:1833} INFO - Sync 2 DAGs
[2022-03-28 13:59:59,937] {logging_mixin.py:109} INFO - [2022-03-28 13:59:59,937] {dag.py:2306} INFO - Setting next_dagrun for example_subdag_operator.section-1 to None
[2022-03-28 13:59:59,938] {logging_mixin.py:109} INFO - [2022-03-28 13:59:59,938] {dag.py:2306} INFO - Setting next_dagrun for example_subdag_operator.section-2 to None
[2022-03-28 13:59:59,942] {processor.py:170} INFO - Processing /home/airflow/.local/lib/python3.6/site-packages/airflow/example_dags/example_subdag_operator.py took 0.056 seconds
[2022-03-28 14:00:30,024] {processor.py:162} INFO - Started process (PID=1147) to work on /home/airflow/.local/lib/python3.6/site-packages/airflow/example_dags/example_subdag_operator.py
[2022-03-28 14:00:30,025] {processor.py:613} INFO - Processing file /home/airflow/.local/lib/python3.6/site-packages/airflow/example_dags/example_subdag_operator.py for tasks to queue
[2022-03-28 14:00:30,025] {logging_mixin.py:109} INFO - [2022-03-28 14:00:30,025] {dagbag.py:496} INFO - Filling up the DagBag from /home/airflow/.local/lib/python3.6/site-packages/airflow/example_dags/example_subdag_operator.py
[2022-03-28 14:00:30,044] {processor.py:623} INFO - DAG(s) dict_keys(['example_subdag_operator.section-1', 'example_subdag_operator.section-2', 'example_subdag_operator']) retrieved from /home/airflow/.local/lib/python3.6/site-packages/airflow/example_dags/example_subdag_operator.py
[2022-03-28 14:00:30,052] {logging_mixin.py:109} INFO - [2022-03-28 14:00:30,052] {dag.py:1833} INFO - Sync 3 DAGs
[2022-03-28 14:00:30,062] {logging_mixin.py:109} INFO - [2022-03-28 14:00:30,062] {dag.py:2306} INFO - Setting next_dagrun for example_subdag_operator to 2022-03-26 00:00:00+00:00
[2022-03-28 14:00:30,063] {logging_mixin.py:109} INFO - [2022-03-28 14:00:30,063] {dag.py:2306} INFO - Setting next_dagrun for example_subdag_operator.section-1 to None
[2022-03-28 14:00:30,063] {logging_mixin.py:109} INFO - [2022-03-28 14:00:30,063] {dag.py:2306} INFO - Setting next_dagrun for example_subdag_operator.section-2 to None
[2022-03-28 14:00:30,068] {logging_mixin.py:109} INFO - [2022-03-28 14:00:30,068] {dag.py:1833} INFO - Sync 2 DAGs
[2022-03-28 14:00:30,073] {logging_mixin.py:109} INFO - [2022-03-28 14:00:30,073] {dag.py:2306} INFO - Setting next_dagrun for example_subdag_operator.section-1 to None
[2022-03-28 14:00:30,073] {logging_mixin.py:109} INFO - [2022-03-28 14:00:30,073] {dag.py:2306} INFO - Setting next_dagrun for example_subdag_operator.section-2 to None
[2022-03-28 14:00:30,079] {processor.py:170} INFO - Processing /home/airflow/.local/lib/python3.6/site-packages/airflow/example_dags/example_subdag_operator.py took 0.056 seconds
[2022-03-28 14:01:00,159] {processor.py:162} INFO - Started process (PID=1197) to work on /home/airflow/.local/lib/python3.6/site-packages/airflow/example_dags/example_subdag_operator.py
[2022-03-28 14:01:00,160] {processor.py:613} INFO - Processing file /home/airflow/.local/lib/python3.6/site-packages/airflow/example_dags/example_subdag_operator.py for tasks to queue
[2022-03-28 14:01:00,160] {logging_mixin.py:109} INFO - [2022-03-28 14:01:00,160] {dagbag.py:496} INFO - Filling up the DagBag from /home/airflow/.local/lib/python3.6/site-packages/airflow/example_dags/example_subdag_operator.py
[2022-03-28 14:01:00,180] {processor.py:623} INFO - DAG(s) dict_keys(['example_subdag_operator.section-1', 'example_subdag_operator.section-2', 'example_subdag_operator']) retrieved from /home/airflow/.local/lib/python3.6/site-packages/airflow/example_dags/example_subdag_operator.py
[2022-03-28 14:01:00,188] {logging_mixin.py:109} INFO - [2022-03-28 14:01:00,188] {dag.py:1833} INFO - Sync 3 DAGs
[2022-03-28 14:01:00,199] {logging_mixin.py:109} INFO - [2022-03-28 14:01:00,199] {dag.py:2306} INFO - Setting next_dagrun for example_subdag_operator to 2022-03-26 00:00:00+00:00
[2022-03-28 14:01:00,199] {logging_mixin.py:109} INFO - [2022-03-28 14:01:00,199] {dag.py:2306} INFO - Setting next_dagrun for example_subdag_operator.section-1 to None
[2022-03-28 14:01:00,200] {logging_mixin.py:109} INFO - [2022-03-28 14:01:00,199] {dag.py:2306} INFO - Setting next_dagrun for example_subdag_operator.section-2 to None
[2022-03-28 14:01:00,206] {logging_mixin.py:109} INFO - [2022-03-28 14:01:00,206] {dag.py:1833} INFO - Sync 2 DAGs
[2022-03-28 14:01:00,212] {logging_mixin.py:109} INFO - [2022-03-28 14:01:00,211] {dag.py:2306} INFO - Setting next_dagrun for example_subdag_operator.section-1 to None
[2022-03-28 14:01:00,212] {logging_mixin.py:109} INFO - [2022-03-28 14:01:00,212] {dag.py:2306} INFO - Setting next_dagrun for example_subdag_operator.section-2 to None
[2022-03-28 14:01:00,217] {processor.py:170} INFO - Processing /home/airflow/.local/lib/python3.6/site-packages/airflow/example_dags/example_subdag_operator.py took 0.060 seconds
[2022-03-28 14:01:30,298] {processor.py:162} INFO - Started process (PID=1260) to work on /home/airflow/.local/lib/python3.6/site-packages/airflow/example_dags/example_subdag_operator.py
[2022-03-28 14:01:30,298] {processor.py:613} INFO - Processing file /home/airflow/.local/lib/python3.6/site-packages/airflow/example_dags/example_subdag_operator.py for tasks to queue
[2022-03-28 14:01:30,299] {logging_mixin.py:109} INFO - [2022-03-28 14:01:30,299] {dagbag.py:496} INFO - Filling up the DagBag from /home/airflow/.local/lib/python3.6/site-packages/airflow/example_dags/example_subdag_operator.py
[2022-03-28 14:01:30,327] {processor.py:623} INFO - DAG(s) dict_keys(['example_subdag_operator.section-1', 'example_subdag_operator.section-2', 'example_subdag_operator']) retrieved from /home/airflow/.local/lib/python3.6/site-packages/airflow/example_dags/example_subdag_operator.py
[2022-03-28 14:01:30,336] {logging_mixin.py:109} INFO - [2022-03-28 14:01:30,336] {dag.py:1833} INFO - Sync 3 DAGs
[2022-03-28 14:01:30,350] {logging_mixin.py:109} INFO - [2022-03-28 14:01:30,350] {dag.py:2306} INFO - Setting next_dagrun for example_subdag_operator to 2022-03-26 00:00:00+00:00
[2022-03-28 14:01:30,351] {logging_mixin.py:109} INFO - [2022-03-28 14:01:30,351] {dag.py:2306} INFO - Setting next_dagrun for example_subdag_operator.section-1 to None
[2022-03-28 14:01:30,351] {logging_mixin.py:109} INFO - [2022-03-28 14:01:30,351] {dag.py:2306} INFO - Setting next_dagrun for example_subdag_operator.section-2 to None
[2022-03-28 14:01:30,357] {logging_mixin.py:109} INFO - [2022-03-28 14:01:30,357] {dag.py:1833} INFO - Sync 2 DAGs
[2022-03-28 14:01:30,362] {logging_mixin.py:109} INFO - [2022-03-28 14:01:30,362] {dag.py:2306} INFO - Setting next_dagrun for example_subdag_operator.section-1 to None
[2022-03-28 14:01:30,363] {logging_mixin.py:109} INFO - [2022-03-28 14:01:30,362] {dag.py:2306} INFO - Setting next_dagrun for example_subdag_operator.section-2 to None
[2022-03-28 14:01:30,368] {processor.py:170} INFO - Processing /home/airflow/.local/lib/python3.6/site-packages/airflow/example_dags/example_subdag_operator.py took 0.072 seconds
[2022-03-28 14:02:01,303] {processor.py:162} INFO - Started process (PID=1322) to work on /home/airflow/.local/lib/python3.6/site-packages/airflow/example_dags/example_subdag_operator.py
[2022-03-28 14:02:01,303] {processor.py:613} INFO - Processing file /home/airflow/.local/lib/python3.6/site-packages/airflow/example_dags/example_subdag_operator.py for tasks to queue
[2022-03-28 14:02:01,304] {logging_mixin.py:109} INFO - [2022-03-28 14:02:01,304] {dagbag.py:496} INFO - Filling up the DagBag from /home/airflow/.local/lib/python3.6/site-packages/airflow/example_dags/example_subdag_operator.py
[2022-03-28 14:02:01,331] {processor.py:623} INFO - DAG(s) dict_keys(['example_subdag_operator.section-1', 'example_subdag_operator.section-2', 'example_subdag_operator']) retrieved from /home/airflow/.local/lib/python3.6/site-packages/airflow/example_dags/example_subdag_operator.py
[2022-03-28 14:02:01,339] {logging_mixin.py:109} INFO - [2022-03-28 14:02:01,339] {dag.py:1833} INFO - Sync 3 DAGs
[2022-03-28 14:02:01,350] {logging_mixin.py:109} INFO - [2022-03-28 14:02:01,350] {dag.py:2306} INFO - Setting next_dagrun for example_subdag_operator to 2022-03-26 00:00:00+00:00
[2022-03-28 14:02:01,351] {logging_mixin.py:109} INFO - [2022-03-28 14:02:01,351] {dag.py:2306} INFO - Setting next_dagrun for example_subdag_operator.section-1 to None
[2022-03-28 14:02:01,351] {logging_mixin.py:109} INFO - [2022-03-28 14:02:01,351] {dag.py:2306} INFO - Setting next_dagrun for example_subdag_operator.section-2 to None
[2022-03-28 14:02:01,357] {logging_mixin.py:109} INFO - [2022-03-28 14:02:01,356] {dag.py:1833} INFO - Sync 2 DAGs
[2022-03-28 14:02:01,361] {logging_mixin.py:109} INFO - [2022-03-28 14:02:01,361] {dag.py:2306} INFO - Setting next_dagrun for example_subdag_operator.section-1 to None
[2022-03-28 14:02:01,362] {logging_mixin.py:109} INFO - [2022-03-28 14:02:01,362] {dag.py:2306} INFO - Setting next_dagrun for example_subdag_operator.section-2 to None
[2022-03-28 14:02:01,367] {processor.py:170} INFO - Processing /home/airflow/.local/lib/python3.6/site-packages/airflow/example_dags/example_subdag_operator.py took 0.067 seconds
[2022-03-28 14:02:31,516] {processor.py:162} INFO - Started process (PID=1374) to work on /home/airflow/.local/lib/python3.6/site-packages/airflow/example_dags/example_subdag_operator.py
[2022-03-28 14:02:31,516] {processor.py:613} INFO - Processing file /home/airflow/.local/lib/python3.6/site-packages/airflow/example_dags/example_subdag_operator.py for tasks to queue
[2022-03-28 14:02:31,517] {logging_mixin.py:109} INFO - [2022-03-28 14:02:31,517] {dagbag.py:496} INFO - Filling up the DagBag from /home/airflow/.local/lib/python3.6/site-packages/airflow/example_dags/example_subdag_operator.py
[2022-03-28 14:02:31,535] {processor.py:623} INFO - DAG(s) dict_keys(['example_subdag_operator.section-1', 'example_subdag_operator.section-2', 'example_subdag_operator']) retrieved from /home/airflow/.local/lib/python3.6/site-packages/airflow/example_dags/example_subdag_operator.py
[2022-03-28 14:02:31,542] {logging_mixin.py:109} INFO - [2022-03-28 14:02:31,542] {dag.py:1833} INFO - Sync 3 DAGs
[2022-03-28 14:02:31,551] {logging_mixin.py:109} INFO - [2022-03-28 14:02:31,551] {dag.py:2306} INFO - Setting next_dagrun for example_subdag_operator to 2022-03-26 00:00:00+00:00
[2022-03-28 14:02:31,552] {logging_mixin.py:109} INFO - [2022-03-28 14:02:31,552] {dag.py:2306} INFO - Setting next_dagrun for example_subdag_operator.section-1 to None
[2022-03-28 14:02:31,552] {logging_mixin.py:109} INFO - [2022-03-28 14:02:31,552] {dag.py:2306} INFO - Setting next_dagrun for example_subdag_operator.section-2 to None
[2022-03-28 14:02:31,557] {logging_mixin.py:109} INFO - [2022-03-28 14:02:31,557] {dag.py:1833} INFO - Sync 2 DAGs
[2022-03-28 14:02:31,562] {logging_mixin.py:109} INFO - [2022-03-28 14:02:31,562] {dag.py:2306} INFO - Setting next_dagrun for example_subdag_operator.section-1 to None
[2022-03-28 14:02:31,562] {logging_mixin.py:109} INFO - [2022-03-28 14:02:31,562] {dag.py:2306} INFO - Setting next_dagrun for example_subdag_operator.section-2 to None
[2022-03-28 14:02:31,568] {processor.py:170} INFO - Processing /home/airflow/.local/lib/python3.6/site-packages/airflow/example_dags/example_subdag_operator.py took 0.053 seconds
[2022-03-28 14:03:02,404] {processor.py:162} INFO - Started process (PID=1437) to work on /home/airflow/.local/lib/python3.6/site-packages/airflow/example_dags/example_subdag_operator.py
[2022-03-28 14:03:02,404] {processor.py:613} INFO - Processing file /home/airflow/.local/lib/python3.6/site-packages/airflow/example_dags/example_subdag_operator.py for tasks to queue
[2022-03-28 14:03:02,404] {logging_mixin.py:109} INFO - [2022-03-28 14:03:02,404] {dagbag.py:496} INFO - Filling up the DagBag from /home/airflow/.local/lib/python3.6/site-packages/airflow/example_dags/example_subdag_operator.py
[2022-03-28 14:03:02,423] {processor.py:623} INFO - DAG(s) dict_keys(['example_subdag_operator.section-1', 'example_subdag_operator.section-2', 'example_subdag_operator']) retrieved from /home/airflow/.local/lib/python3.6/site-packages/airflow/example_dags/example_subdag_operator.py
[2022-03-28 14:03:02,431] {logging_mixin.py:109} INFO - [2022-03-28 14:03:02,431] {dag.py:1833} INFO - Sync 3 DAGs
[2022-03-28 14:03:02,440] {logging_mixin.py:109} INFO - [2022-03-28 14:03:02,440] {dag.py:2306} INFO - Setting next_dagrun for example_subdag_operator to 2022-03-26 00:00:00+00:00
[2022-03-28 14:03:02,441] {logging_mixin.py:109} INFO - [2022-03-28 14:03:02,441] {dag.py:2306} INFO - Setting next_dagrun for example_subdag_operator.section-1 to None
[2022-03-28 14:03:02,441] {logging_mixin.py:109} INFO - [2022-03-28 14:03:02,441] {dag.py:2306} INFO - Setting next_dagrun for example_subdag_operator.section-2 to None
[2022-03-28 14:03:02,447] {logging_mixin.py:109} INFO - [2022-03-28 14:03:02,446] {dag.py:1833} INFO - Sync 2 DAGs
[2022-03-28 14:03:02,452] {logging_mixin.py:109} INFO - [2022-03-28 14:03:02,452] {dag.py:2306} INFO - Setting next_dagrun for example_subdag_operator.section-1 to None
[2022-03-28 14:03:02,452] {logging_mixin.py:109} INFO - [2022-03-28 14:03:02,452] {dag.py:2306} INFO - Setting next_dagrun for example_subdag_operator.section-2 to None
[2022-03-28 14:03:02,457] {processor.py:170} INFO - Processing /home/airflow/.local/lib/python3.6/site-packages/airflow/example_dags/example_subdag_operator.py took 0.055 seconds
[2022-03-28 14:03:33,328] {processor.py:162} INFO - Started process (PID=1489) to work on /home/airflow/.local/lib/python3.6/site-packages/airflow/example_dags/example_subdag_operator.py
[2022-03-28 14:03:33,328] {processor.py:613} INFO - Processing file /home/airflow/.local/lib/python3.6/site-packages/airflow/example_dags/example_subdag_operator.py for tasks to queue
[2022-03-28 14:03:33,329] {logging_mixin.py:109} INFO - [2022-03-28 14:03:33,328] {dagbag.py:496} INFO - Filling up the DagBag from /home/airflow/.local/lib/python3.6/site-packages/airflow/example_dags/example_subdag_operator.py
[2022-03-28 14:03:33,356] {processor.py:623} INFO - DAG(s) dict_keys(['example_subdag_operator.section-1', 'example_subdag_operator.section-2', 'example_subdag_operator']) retrieved from /home/airflow/.local/lib/python3.6/site-packages/airflow/example_dags/example_subdag_operator.py
[2022-03-28 14:03:33,367] {logging_mixin.py:109} INFO - [2022-03-28 14:03:33,366] {dag.py:1833} INFO - Sync 3 DAGs
[2022-03-28 14:03:33,383] {logging_mixin.py:109} INFO - [2022-03-28 14:03:33,383] {dag.py:2306} INFO - Setting next_dagrun for example_subdag_operator to 2022-03-26 00:00:00+00:00
[2022-03-28 14:03:33,384] {logging_mixin.py:109} INFO - [2022-03-28 14:03:33,384] {dag.py:2306} INFO - Setting next_dagrun for example_subdag_operator.section-1 to None
[2022-03-28 14:03:33,385] {logging_mixin.py:109} INFO - [2022-03-28 14:03:33,385] {dag.py:2306} INFO - Setting next_dagrun for example_subdag_operator.section-2 to None
[2022-03-28 14:03:33,391] {logging_mixin.py:109} INFO - [2022-03-28 14:03:33,391] {dag.py:1833} INFO - Sync 2 DAGs
[2022-03-28 14:03:33,398] {logging_mixin.py:109} INFO - [2022-03-28 14:03:33,398] {dag.py:2306} INFO - Setting next_dagrun for example_subdag_operator.section-1 to None
[2022-03-28 14:03:33,398] {logging_mixin.py:109} INFO - [2022-03-28 14:03:33,398] {dag.py:2306} INFO - Setting next_dagrun for example_subdag_operator.section-2 to None
[2022-03-28 14:03:33,406] {processor.py:170} INFO - Processing /home/airflow/.local/lib/python3.6/site-packages/airflow/example_dags/example_subdag_operator.py took 0.080 seconds
[2022-03-28 14:04:03,587] {processor.py:162} INFO - Started process (PID=1551) to work on /home/airflow/.local/lib/python3.6/site-packages/airflow/example_dags/example_subdag_operator.py
[2022-03-28 14:04:03,588] {processor.py:613} INFO - Processing file /home/airflow/.local/lib/python3.6/site-packages/airflow/example_dags/example_subdag_operator.py for tasks to queue
[2022-03-28 14:04:03,588] {logging_mixin.py:109} INFO - [2022-03-28 14:04:03,588] {dagbag.py:496} INFO - Filling up the DagBag from /home/airflow/.local/lib/python3.6/site-packages/airflow/example_dags/example_subdag_operator.py
[2022-03-28 14:04:03,606] {processor.py:623} INFO - DAG(s) dict_keys(['example_subdag_operator.section-1', 'example_subdag_operator.section-2', 'example_subdag_operator']) retrieved from /home/airflow/.local/lib/python3.6/site-packages/airflow/example_dags/example_subdag_operator.py
[2022-03-28 14:04:03,613] {logging_mixin.py:109} INFO - [2022-03-28 14:04:03,613] {dag.py:1833} INFO - Sync 3 DAGs
[2022-03-28 14:04:03,622] {logging_mixin.py:109} INFO - [2022-03-28 14:04:03,622] {dag.py:2306} INFO - Setting next_dagrun for example_subdag_operator to 2022-03-26 00:00:00+00:00
[2022-03-28 14:04:03,622] {logging_mixin.py:109} INFO - [2022-03-28 14:04:03,622] {dag.py:2306} INFO - Setting next_dagrun for example_subdag_operator.section-1 to None
[2022-03-28 14:04:03,623] {logging_mixin.py:109} INFO - [2022-03-28 14:04:03,623] {dag.py:2306} INFO - Setting next_dagrun for example_subdag_operator.section-2 to None
[2022-03-28 14:04:03,628] {logging_mixin.py:109} INFO - [2022-03-28 14:04:03,628] {dag.py:1833} INFO - Sync 2 DAGs
[2022-03-28 14:04:03,633] {logging_mixin.py:109} INFO - [2022-03-28 14:04:03,633] {dag.py:2306} INFO - Setting next_dagrun for example_subdag_operator.section-1 to None
[2022-03-28 14:04:03,633] {logging_mixin.py:109} INFO - [2022-03-28 14:04:03,633] {dag.py:2306} INFO - Setting next_dagrun for example_subdag_operator.section-2 to None
[2022-03-28 14:04:03,638] {processor.py:170} INFO - Processing /home/airflow/.local/lib/python3.6/site-packages/airflow/example_dags/example_subdag_operator.py took 0.053 seconds
[2022-03-28 14:04:33,654] {processor.py:162} INFO - Started process (PID=1602) to work on /home/airflow/.local/lib/python3.6/site-packages/airflow/example_dags/example_subdag_operator.py
[2022-03-28 14:04:33,655] {processor.py:613} INFO - Processing file /home/airflow/.local/lib/python3.6/site-packages/airflow/example_dags/example_subdag_operator.py for tasks to queue
[2022-03-28 14:04:33,655] {logging_mixin.py:109} INFO - [2022-03-28 14:04:33,655] {dagbag.py:496} INFO - Filling up the DagBag from /home/airflow/.local/lib/python3.6/site-packages/airflow/example_dags/example_subdag_operator.py
[2022-03-28 14:04:33,673] {processor.py:623} INFO - DAG(s) dict_keys(['example_subdag_operator.section-1', 'example_subdag_operator.section-2', 'example_subdag_operator']) retrieved from /home/airflow/.local/lib/python3.6/site-packages/airflow/example_dags/example_subdag_operator.py
[2022-03-28 14:04:33,682] {logging_mixin.py:109} INFO - [2022-03-28 14:04:33,682] {dag.py:1833} INFO - Sync 3 DAGs
[2022-03-28 14:04:33,692] {logging_mixin.py:109} INFO - [2022-03-28 14:04:33,692] {dag.py:2306} INFO - Setting next_dagrun for example_subdag_operator to 2022-03-26 00:00:00+00:00
[2022-03-28 14:04:33,693] {logging_mixin.py:109} INFO - [2022-03-28 14:04:33,693] {dag.py:2306} INFO - Setting next_dagrun for example_subdag_operator.section-1 to None
[2022-03-28 14:04:33,693] {logging_mixin.py:109} INFO - [2022-03-28 14:04:33,693] {dag.py:2306} INFO - Setting next_dagrun for example_subdag_operator.section-2 to None
[2022-03-28 14:04:33,699] {logging_mixin.py:109} INFO - [2022-03-28 14:04:33,698] {dag.py:1833} INFO - Sync 2 DAGs
[2022-03-28 14:04:33,705] {logging_mixin.py:109} INFO - [2022-03-28 14:04:33,704] {dag.py:2306} INFO - Setting next_dagrun for example_subdag_operator.section-1 to None
[2022-03-28 14:04:33,705] {logging_mixin.py:109} INFO - [2022-03-28 14:04:33,705] {dag.py:2306} INFO - Setting next_dagrun for example_subdag_operator.section-2 to None
[2022-03-28 14:04:33,710] {processor.py:170} INFO - Processing /home/airflow/.local/lib/python3.6/site-packages/airflow/example_dags/example_subdag_operator.py took 0.057 seconds
[2022-03-28 14:05:03,728] {processor.py:162} INFO - Started process (PID=1664) to work on /home/airflow/.local/lib/python3.6/site-packages/airflow/example_dags/example_subdag_operator.py
[2022-03-28 14:05:03,728] {processor.py:613} INFO - Processing file /home/airflow/.local/lib/python3.6/site-packages/airflow/example_dags/example_subdag_operator.py for tasks to queue
[2022-03-28 14:05:03,729] {logging_mixin.py:109} INFO - [2022-03-28 14:05:03,729] {dagbag.py:496} INFO - Filling up the DagBag from /home/airflow/.local/lib/python3.6/site-packages/airflow/example_dags/example_subdag_operator.py
[2022-03-28 14:05:03,747] {processor.py:623} INFO - DAG(s) dict_keys(['example_subdag_operator.section-1', 'example_subdag_operator.section-2', 'example_subdag_operator']) retrieved from /home/airflow/.local/lib/python3.6/site-packages/airflow/example_dags/example_subdag_operator.py
[2022-03-28 14:05:03,755] {logging_mixin.py:109} INFO - [2022-03-28 14:05:03,755] {dag.py:1833} INFO - Sync 3 DAGs
[2022-03-28 14:05:03,764] {logging_mixin.py:109} INFO - [2022-03-28 14:05:03,764] {dag.py:2306} INFO - Setting next_dagrun for example_subdag_operator to 2022-03-26 00:00:00+00:00
[2022-03-28 14:05:03,764] {logging_mixin.py:109} INFO - [2022-03-28 14:05:03,764] {dag.py:2306} INFO - Setting next_dagrun for example_subdag_operator.section-1 to None
[2022-03-28 14:05:03,765] {logging_mixin.py:109} INFO - [2022-03-28 14:05:03,765] {dag.py:2306} INFO - Setting next_dagrun for example_subdag_operator.section-2 to None
[2022-03-28 14:05:03,771] {logging_mixin.py:109} INFO - [2022-03-28 14:05:03,770] {dag.py:1833} INFO - Sync 2 DAGs
[2022-03-28 14:05:03,776] {logging_mixin.py:109} INFO - [2022-03-28 14:05:03,776] {dag.py:2306} INFO - Setting next_dagrun for example_subdag_operator.section-1 to None
[2022-03-28 14:05:03,776] {logging_mixin.py:109} INFO - [2022-03-28 14:05:03,776] {dag.py:2306} INFO - Setting next_dagrun for example_subdag_operator.section-2 to None
[2022-03-28 14:05:03,780] {processor.py:170} INFO - Processing /home/airflow/.local/lib/python3.6/site-packages/airflow/example_dags/example_subdag_operator.py took 0.054 seconds
[2022-03-28 14:05:33,826] {processor.py:162} INFO - Started process (PID=1726) to work on /home/airflow/.local/lib/python3.6/site-packages/airflow/example_dags/example_subdag_operator.py
[2022-03-28 14:05:33,827] {processor.py:613} INFO - Processing file /home/airflow/.local/lib/python3.6/site-packages/airflow/example_dags/example_subdag_operator.py for tasks to queue
[2022-03-28 14:05:33,827] {logging_mixin.py:109} INFO - [2022-03-28 14:05:33,827] {dagbag.py:496} INFO - Filling up the DagBag from /home/airflow/.local/lib/python3.6/site-packages/airflow/example_dags/example_subdag_operator.py
[2022-03-28 14:05:33,847] {processor.py:623} INFO - DAG(s) dict_keys(['example_subdag_operator.section-1', 'example_subdag_operator.section-2', 'example_subdag_operator']) retrieved from /home/airflow/.local/lib/python3.6/site-packages/airflow/example_dags/example_subdag_operator.py
[2022-03-28 14:05:33,856] {logging_mixin.py:109} INFO - [2022-03-28 14:05:33,855] {dag.py:1833} INFO - Sync 3 DAGs
[2022-03-28 14:05:33,865] {logging_mixin.py:109} INFO - [2022-03-28 14:05:33,865] {dag.py:2306} INFO - Setting next_dagrun for example_subdag_operator to 2022-03-26 00:00:00+00:00
[2022-03-28 14:05:33,866] {logging_mixin.py:109} INFO - [2022-03-28 14:05:33,866] {dag.py:2306} INFO - Setting next_dagrun for example_subdag_operator.section-1 to None
[2022-03-28 14:05:33,866] {logging_mixin.py:109} INFO - [2022-03-28 14:05:33,866] {dag.py:2306} INFO - Setting next_dagrun for example_subdag_operator.section-2 to None
[2022-03-28 14:05:33,872] {logging_mixin.py:109} INFO - [2022-03-28 14:05:33,872] {dag.py:1833} INFO - Sync 2 DAGs
[2022-03-28 14:05:33,878] {logging_mixin.py:109} INFO - [2022-03-28 14:05:33,878] {dag.py:2306} INFO - Setting next_dagrun for example_subdag_operator.section-1 to None
[2022-03-28 14:05:33,878] {logging_mixin.py:109} INFO - [2022-03-28 14:05:33,878] {dag.py:2306} INFO - Setting next_dagrun for example_subdag_operator.section-2 to None
[2022-03-28 14:05:33,884] {processor.py:170} INFO - Processing /home/airflow/.local/lib/python3.6/site-packages/airflow/example_dags/example_subdag_operator.py took 0.059 seconds
[2022-03-28 14:06:04,527] {processor.py:162} INFO - Started process (PID=1778) to work on /home/airflow/.local/lib/python3.6/site-packages/airflow/example_dags/example_subdag_operator.py
[2022-03-28 14:06:04,528] {processor.py:613} INFO - Processing file /home/airflow/.local/lib/python3.6/site-packages/airflow/example_dags/example_subdag_operator.py for tasks to queue
[2022-03-28 14:06:04,529] {logging_mixin.py:109} INFO - [2022-03-28 14:06:04,528] {dagbag.py:496} INFO - Filling up the DagBag from /home/airflow/.local/lib/python3.6/site-packages/airflow/example_dags/example_subdag_operator.py
[2022-03-28 14:06:04,547] {processor.py:623} INFO - DAG(s) dict_keys(['example_subdag_operator.section-1', 'example_subdag_operator.section-2', 'example_subdag_operator']) retrieved from /home/airflow/.local/lib/python3.6/site-packages/airflow/example_dags/example_subdag_operator.py
[2022-03-28 14:06:04,555] {logging_mixin.py:109} INFO - [2022-03-28 14:06:04,555] {dag.py:1833} INFO - Sync 3 DAGs
[2022-03-28 14:06:04,565] {logging_mixin.py:109} INFO - [2022-03-28 14:06:04,565] {dag.py:2306} INFO - Setting next_dagrun for example_subdag_operator to 2022-03-26 00:00:00+00:00
[2022-03-28 14:06:04,565] {logging_mixin.py:109} INFO - [2022-03-28 14:06:04,565] {dag.py:2306} INFO - Setting next_dagrun for example_subdag_operator.section-1 to None
[2022-03-28 14:06:04,566] {logging_mixin.py:109} INFO - [2022-03-28 14:06:04,566] {dag.py:2306} INFO - Setting next_dagrun for example_subdag_operator.section-2 to None
[2022-03-28 14:06:04,572] {logging_mixin.py:109} INFO - [2022-03-28 14:06:04,572] {dag.py:1833} INFO - Sync 2 DAGs
[2022-03-28 14:06:04,577] {logging_mixin.py:109} INFO - [2022-03-28 14:06:04,577] {dag.py:2306} INFO - Setting next_dagrun for example_subdag_operator.section-1 to None
[2022-03-28 14:06:04,577] {logging_mixin.py:109} INFO - [2022-03-28 14:06:04,577] {dag.py:2306} INFO - Setting next_dagrun for example_subdag_operator.section-2 to None
[2022-03-28 14:06:04,582] {processor.py:170} INFO - Processing /home/airflow/.local/lib/python3.6/site-packages/airflow/example_dags/example_subdag_operator.py took 0.056 seconds
[2022-03-28 14:06:35,230] {processor.py:162} INFO - Started process (PID=1840) to work on /home/airflow/.local/lib/python3.6/site-packages/airflow/example_dags/example_subdag_operator.py
[2022-03-28 14:06:35,230] {processor.py:613} INFO - Processing file /home/airflow/.local/lib/python3.6/site-packages/airflow/example_dags/example_subdag_operator.py for tasks to queue
[2022-03-28 14:06:35,230] {logging_mixin.py:109} INFO - [2022-03-28 14:06:35,230] {dagbag.py:496} INFO - Filling up the DagBag from /home/airflow/.local/lib/python3.6/site-packages/airflow/example_dags/example_subdag_operator.py
[2022-03-28 14:06:35,249] {processor.py:623} INFO - DAG(s) dict_keys(['example_subdag_operator.section-1', 'example_subdag_operator.section-2', 'example_subdag_operator']) retrieved from /home/airflow/.local/lib/python3.6/site-packages/airflow/example_dags/example_subdag_operator.py
[2022-03-28 14:06:35,257] {logging_mixin.py:109} INFO - [2022-03-28 14:06:35,257] {dag.py:1833} INFO - Sync 3 DAGs
[2022-03-28 14:06:35,269] {logging_mixin.py:109} INFO - [2022-03-28 14:06:35,269] {dag.py:2306} INFO - Setting next_dagrun for example_subdag_operator to 2022-03-26 00:00:00+00:00
[2022-03-28 14:06:35,270] {logging_mixin.py:109} INFO - [2022-03-28 14:06:35,270] {dag.py:2306} INFO - Setting next_dagrun for example_subdag_operator.section-1 to None
[2022-03-28 14:06:35,270] {logging_mixin.py:109} INFO - [2022-03-28 14:06:35,270] {dag.py:2306} INFO - Setting next_dagrun for example_subdag_operator.section-2 to None
[2022-03-28 14:06:35,276] {logging_mixin.py:109} INFO - [2022-03-28 14:06:35,276] {dag.py:1833} INFO - Sync 2 DAGs
[2022-03-28 14:06:35,281] {logging_mixin.py:109} INFO - [2022-03-28 14:06:35,281] {dag.py:2306} INFO - Setting next_dagrun for example_subdag_operator.section-1 to None
[2022-03-28 14:06:35,281] {logging_mixin.py:109} INFO - [2022-03-28 14:06:35,281] {dag.py:2306} INFO - Setting next_dagrun for example_subdag_operator.section-2 to None
[2022-03-28 14:06:35,286] {processor.py:170} INFO - Processing /home/airflow/.local/lib/python3.6/site-packages/airflow/example_dags/example_subdag_operator.py took 0.058 seconds
[2022-03-28 14:07:05,960] {processor.py:162} INFO - Started process (PID=1893) to work on /home/airflow/.local/lib/python3.6/site-packages/airflow/example_dags/example_subdag_operator.py
[2022-03-28 14:07:05,961] {processor.py:613} INFO - Processing file /home/airflow/.local/lib/python3.6/site-packages/airflow/example_dags/example_subdag_operator.py for tasks to queue
[2022-03-28 14:07:05,961] {logging_mixin.py:109} INFO - [2022-03-28 14:07:05,961] {dagbag.py:496} INFO - Filling up the DagBag from /home/airflow/.local/lib/python3.6/site-packages/airflow/example_dags/example_subdag_operator.py
[2022-03-28 14:07:05,979] {processor.py:623} INFO - DAG(s) dict_keys(['example_subdag_operator.section-1', 'example_subdag_operator.section-2', 'example_subdag_operator']) retrieved from /home/airflow/.local/lib/python3.6/site-packages/airflow/example_dags/example_subdag_operator.py
[2022-03-28 14:07:05,987] {logging_mixin.py:109} INFO - [2022-03-28 14:07:05,987] {dag.py:1833} INFO - Sync 3 DAGs
[2022-03-28 14:07:05,996] {logging_mixin.py:109} INFO - [2022-03-28 14:07:05,996] {dag.py:2306} INFO - Setting next_dagrun for example_subdag_operator to 2022-03-26 00:00:00+00:00
[2022-03-28 14:07:05,996] {logging_mixin.py:109} INFO - [2022-03-28 14:07:05,996] {dag.py:2306} INFO - Setting next_dagrun for example_subdag_operator.section-1 to None
[2022-03-28 14:07:05,997] {logging_mixin.py:109} INFO - [2022-03-28 14:07:05,997] {dag.py:2306} INFO - Setting next_dagrun for example_subdag_operator.section-2 to None
[2022-03-28 14:07:06,003] {logging_mixin.py:109} INFO - [2022-03-28 14:07:06,003] {dag.py:1833} INFO - Sync 2 DAGs
[2022-03-28 14:07:06,007] {logging_mixin.py:109} INFO - [2022-03-28 14:07:06,007] {dag.py:2306} INFO - Setting next_dagrun for example_subdag_operator.section-1 to None
[2022-03-28 14:07:06,007] {logging_mixin.py:109} INFO - [2022-03-28 14:07:06,007] {dag.py:2306} INFO - Setting next_dagrun for example_subdag_operator.section-2 to None
[2022-03-28 14:07:06,012] {processor.py:170} INFO - Processing /home/airflow/.local/lib/python3.6/site-packages/airflow/example_dags/example_subdag_operator.py took 0.054 seconds
