[2022-03-28 13:54:15,470] {processor.py:162} INFO - Started process (PID=264) to work on /home/airflow/.local/lib/python3.6/site-packages/airflow/example_dags/tutorial_taskflow_api_etl_virtualenv.py
[2022-03-28 13:54:15,471] {processor.py:613} INFO - Processing file /home/airflow/.local/lib/python3.6/site-packages/airflow/example_dags/tutorial_taskflow_api_etl_virtualenv.py for tasks to queue
[2022-03-28 13:54:15,471] {logging_mixin.py:109} INFO - [2022-03-28 13:54:15,471] {dagbag.py:496} INFO - Filling up the DagBag from /home/airflow/.local/lib/python3.6/site-packages/airflow/example_dags/tutorial_taskflow_api_etl_virtualenv.py
[2022-03-28 13:54:15,483] {processor.py:623} INFO - DAG(s) dict_keys(['tutorial_taskflow_api_etl_virtualenv']) retrieved from /home/airflow/.local/lib/python3.6/site-packages/airflow/example_dags/tutorial_taskflow_api_etl_virtualenv.py
[2022-03-28 13:54:17,192] {logging_mixin.py:109} INFO - [2022-03-28 13:54:17,191] {dag.py:1833} INFO - Sync 1 DAGs
[2022-03-28 13:54:17,199] {logging_mixin.py:109} INFO - [2022-03-28 13:54:17,198] {dag.py:1852} INFO - Creating ORM DAG for tutorial_taskflow_api_etl_virtualenv
[2022-03-28 13:54:17,204] {logging_mixin.py:109} INFO - [2022-03-28 13:54:17,203] {dag.py:2306} INFO - Setting next_dagrun for tutorial_taskflow_api_etl_virtualenv to None
[2022-03-28 13:54:17,215] {processor.py:170} INFO - Processing /home/airflow/.local/lib/python3.6/site-packages/airflow/example_dags/tutorial_taskflow_api_etl_virtualenv.py took 1.747 seconds
[2022-03-28 13:54:47,708] {processor.py:162} INFO - Started process (PID=494) to work on /home/airflow/.local/lib/python3.6/site-packages/airflow/example_dags/tutorial_taskflow_api_etl_virtualenv.py
[2022-03-28 13:54:47,709] {processor.py:613} INFO - Processing file /home/airflow/.local/lib/python3.6/site-packages/airflow/example_dags/tutorial_taskflow_api_etl_virtualenv.py for tasks to queue
[2022-03-28 13:54:47,709] {logging_mixin.py:109} INFO - [2022-03-28 13:54:47,709] {dagbag.py:496} INFO - Filling up the DagBag from /home/airflow/.local/lib/python3.6/site-packages/airflow/example_dags/tutorial_taskflow_api_etl_virtualenv.py
[2022-03-28 13:54:47,721] {processor.py:623} INFO - DAG(s) dict_keys(['tutorial_taskflow_api_etl_virtualenv']) retrieved from /home/airflow/.local/lib/python3.6/site-packages/airflow/example_dags/tutorial_taskflow_api_etl_virtualenv.py
[2022-03-28 13:54:47,877] {logging_mixin.py:109} INFO - [2022-03-28 13:54:47,877] {dag.py:1833} INFO - Sync 1 DAGs
[2022-03-28 13:54:47,894] {logging_mixin.py:109} INFO - [2022-03-28 13:54:47,893] {dag.py:2306} INFO - Setting next_dagrun for tutorial_taskflow_api_etl_virtualenv to None
[2022-03-28 13:54:47,906] {processor.py:170} INFO - Processing /home/airflow/.local/lib/python3.6/site-packages/airflow/example_dags/tutorial_taskflow_api_etl_virtualenv.py took 0.199 seconds
[2022-03-28 13:55:18,882] {processor.py:162} INFO - Started process (PID=545) to work on /home/airflow/.local/lib/python3.6/site-packages/airflow/example_dags/tutorial_taskflow_api_etl_virtualenv.py
[2022-03-28 13:55:18,883] {processor.py:613} INFO - Processing file /home/airflow/.local/lib/python3.6/site-packages/airflow/example_dags/tutorial_taskflow_api_etl_virtualenv.py for tasks to queue
[2022-03-28 13:55:18,883] {logging_mixin.py:109} INFO - [2022-03-28 13:55:18,883] {dagbag.py:496} INFO - Filling up the DagBag from /home/airflow/.local/lib/python3.6/site-packages/airflow/example_dags/tutorial_taskflow_api_etl_virtualenv.py
[2022-03-28 13:55:18,893] {processor.py:623} INFO - DAG(s) dict_keys(['tutorial_taskflow_api_etl_virtualenv']) retrieved from /home/airflow/.local/lib/python3.6/site-packages/airflow/example_dags/tutorial_taskflow_api_etl_virtualenv.py
[2022-03-28 13:55:19,033] {logging_mixin.py:109} INFO - [2022-03-28 13:55:19,033] {dag.py:1833} INFO - Sync 1 DAGs
[2022-03-28 13:55:19,042] {logging_mixin.py:109} INFO - [2022-03-28 13:55:19,042] {dag.py:2306} INFO - Setting next_dagrun for tutorial_taskflow_api_etl_virtualenv to None
[2022-03-28 13:55:19,049] {processor.py:170} INFO - Processing /home/airflow/.local/lib/python3.6/site-packages/airflow/example_dags/tutorial_taskflow_api_etl_virtualenv.py took 0.168 seconds
[2022-03-28 13:55:49,949] {processor.py:162} INFO - Started process (PID=607) to work on /home/airflow/.local/lib/python3.6/site-packages/airflow/example_dags/tutorial_taskflow_api_etl_virtualenv.py
[2022-03-28 13:55:49,949] {processor.py:613} INFO - Processing file /home/airflow/.local/lib/python3.6/site-packages/airflow/example_dags/tutorial_taskflow_api_etl_virtualenv.py for tasks to queue
[2022-03-28 13:55:49,950] {logging_mixin.py:109} INFO - [2022-03-28 13:55:49,950] {dagbag.py:496} INFO - Filling up the DagBag from /home/airflow/.local/lib/python3.6/site-packages/airflow/example_dags/tutorial_taskflow_api_etl_virtualenv.py
[2022-03-28 13:55:49,961] {processor.py:623} INFO - DAG(s) dict_keys(['tutorial_taskflow_api_etl_virtualenv']) retrieved from /home/airflow/.local/lib/python3.6/site-packages/airflow/example_dags/tutorial_taskflow_api_etl_virtualenv.py
[2022-03-28 13:55:50,112] {logging_mixin.py:109} INFO - [2022-03-28 13:55:50,112] {dag.py:1833} INFO - Sync 1 DAGs
[2022-03-28 13:55:50,121] {logging_mixin.py:109} INFO - [2022-03-28 13:55:50,121] {dag.py:2306} INFO - Setting next_dagrun for tutorial_taskflow_api_etl_virtualenv to None
[2022-03-28 13:55:50,130] {processor.py:170} INFO - Processing /home/airflow/.local/lib/python3.6/site-packages/airflow/example_dags/tutorial_taskflow_api_etl_virtualenv.py took 0.183 seconds
[2022-03-28 13:56:20,164] {processor.py:162} INFO - Started process (PID=670) to work on /home/airflow/.local/lib/python3.6/site-packages/airflow/example_dags/tutorial_taskflow_api_etl_virtualenv.py
[2022-03-28 13:56:20,165] {processor.py:613} INFO - Processing file /home/airflow/.local/lib/python3.6/site-packages/airflow/example_dags/tutorial_taskflow_api_etl_virtualenv.py for tasks to queue
[2022-03-28 13:56:20,165] {logging_mixin.py:109} INFO - [2022-03-28 13:56:20,165] {dagbag.py:496} INFO - Filling up the DagBag from /home/airflow/.local/lib/python3.6/site-packages/airflow/example_dags/tutorial_taskflow_api_etl_virtualenv.py
[2022-03-28 13:56:20,177] {processor.py:623} INFO - DAG(s) dict_keys(['tutorial_taskflow_api_etl_virtualenv']) retrieved from /home/airflow/.local/lib/python3.6/site-packages/airflow/example_dags/tutorial_taskflow_api_etl_virtualenv.py
[2022-03-28 13:56:20,353] {logging_mixin.py:109} INFO - [2022-03-28 13:56:20,353] {dag.py:1833} INFO - Sync 1 DAGs
[2022-03-28 13:56:20,368] {logging_mixin.py:109} INFO - [2022-03-28 13:56:20,368] {dag.py:2306} INFO - Setting next_dagrun for tutorial_taskflow_api_etl_virtualenv to None
[2022-03-28 13:56:20,378] {processor.py:170} INFO - Processing /home/airflow/.local/lib/python3.6/site-packages/airflow/example_dags/tutorial_taskflow_api_etl_virtualenv.py took 0.216 seconds
[2022-03-28 13:56:51,329] {processor.py:162} INFO - Started process (PID=723) to work on /home/airflow/.local/lib/python3.6/site-packages/airflow/example_dags/tutorial_taskflow_api_etl_virtualenv.py
[2022-03-28 13:56:51,330] {processor.py:613} INFO - Processing file /home/airflow/.local/lib/python3.6/site-packages/airflow/example_dags/tutorial_taskflow_api_etl_virtualenv.py for tasks to queue
[2022-03-28 13:56:51,330] {logging_mixin.py:109} INFO - [2022-03-28 13:56:51,330] {dagbag.py:496} INFO - Filling up the DagBag from /home/airflow/.local/lib/python3.6/site-packages/airflow/example_dags/tutorial_taskflow_api_etl_virtualenv.py
[2022-03-28 13:56:51,342] {processor.py:623} INFO - DAG(s) dict_keys(['tutorial_taskflow_api_etl_virtualenv']) retrieved from /home/airflow/.local/lib/python3.6/site-packages/airflow/example_dags/tutorial_taskflow_api_etl_virtualenv.py
[2022-03-28 13:56:51,499] {logging_mixin.py:109} INFO - [2022-03-28 13:56:51,499] {dag.py:1833} INFO - Sync 1 DAGs
[2022-03-28 13:56:51,507] {logging_mixin.py:109} INFO - [2022-03-28 13:56:51,507] {dag.py:2306} INFO - Setting next_dagrun for tutorial_taskflow_api_etl_virtualenv to None
[2022-03-28 13:56:51,517] {processor.py:170} INFO - Processing /home/airflow/.local/lib/python3.6/site-packages/airflow/example_dags/tutorial_taskflow_api_etl_virtualenv.py took 0.189 seconds
[2022-03-28 13:57:22,415] {processor.py:162} INFO - Started process (PID=784) to work on /home/airflow/.local/lib/python3.6/site-packages/airflow/example_dags/tutorial_taskflow_api_etl_virtualenv.py
[2022-03-28 13:57:22,416] {processor.py:613} INFO - Processing file /home/airflow/.local/lib/python3.6/site-packages/airflow/example_dags/tutorial_taskflow_api_etl_virtualenv.py for tasks to queue
[2022-03-28 13:57:22,416] {logging_mixin.py:109} INFO - [2022-03-28 13:57:22,416] {dagbag.py:496} INFO - Filling up the DagBag from /home/airflow/.local/lib/python3.6/site-packages/airflow/example_dags/tutorial_taskflow_api_etl_virtualenv.py
[2022-03-28 13:57:22,426] {processor.py:623} INFO - DAG(s) dict_keys(['tutorial_taskflow_api_etl_virtualenv']) retrieved from /home/airflow/.local/lib/python3.6/site-packages/airflow/example_dags/tutorial_taskflow_api_etl_virtualenv.py
[2022-03-28 13:57:22,439] {logging_mixin.py:109} INFO - [2022-03-28 13:57:22,439] {dag.py:1833} INFO - Sync 1 DAGs
[2022-03-28 13:57:22,448] {logging_mixin.py:109} INFO - [2022-03-28 13:57:22,448] {dag.py:2306} INFO - Setting next_dagrun for tutorial_taskflow_api_etl_virtualenv to None
[2022-03-28 13:57:22,455] {processor.py:170} INFO - Processing /home/airflow/.local/lib/python3.6/site-packages/airflow/example_dags/tutorial_taskflow_api_etl_virtualenv.py took 0.041 seconds
[2022-03-28 13:57:53,207] {processor.py:162} INFO - Started process (PID=847) to work on /home/airflow/.local/lib/python3.6/site-packages/airflow/example_dags/tutorial_taskflow_api_etl_virtualenv.py
[2022-03-28 13:57:53,208] {processor.py:613} INFO - Processing file /home/airflow/.local/lib/python3.6/site-packages/airflow/example_dags/tutorial_taskflow_api_etl_virtualenv.py for tasks to queue
[2022-03-28 13:57:53,209] {logging_mixin.py:109} INFO - [2022-03-28 13:57:53,208] {dagbag.py:496} INFO - Filling up the DagBag from /home/airflow/.local/lib/python3.6/site-packages/airflow/example_dags/tutorial_taskflow_api_etl_virtualenv.py
[2022-03-28 13:57:53,223] {processor.py:623} INFO - DAG(s) dict_keys(['tutorial_taskflow_api_etl_virtualenv']) retrieved from /home/airflow/.local/lib/python3.6/site-packages/airflow/example_dags/tutorial_taskflow_api_etl_virtualenv.py
[2022-03-28 13:57:53,401] {logging_mixin.py:109} INFO - [2022-03-28 13:57:53,401] {dag.py:1833} INFO - Sync 1 DAGs
[2022-03-28 13:57:53,414] {logging_mixin.py:109} INFO - [2022-03-28 13:57:53,413] {dag.py:2306} INFO - Setting next_dagrun for tutorial_taskflow_api_etl_virtualenv to None
[2022-03-28 13:57:53,422] {processor.py:170} INFO - Processing /home/airflow/.local/lib/python3.6/site-packages/airflow/example_dags/tutorial_taskflow_api_etl_virtualenv.py took 0.217 seconds
[2022-03-28 13:58:24,345] {processor.py:162} INFO - Started process (PID=899) to work on /home/airflow/.local/lib/python3.6/site-packages/airflow/example_dags/tutorial_taskflow_api_etl_virtualenv.py
[2022-03-28 13:58:24,346] {processor.py:613} INFO - Processing file /home/airflow/.local/lib/python3.6/site-packages/airflow/example_dags/tutorial_taskflow_api_etl_virtualenv.py for tasks to queue
[2022-03-28 13:58:24,346] {logging_mixin.py:109} INFO - [2022-03-28 13:58:24,346] {dagbag.py:496} INFO - Filling up the DagBag from /home/airflow/.local/lib/python3.6/site-packages/airflow/example_dags/tutorial_taskflow_api_etl_virtualenv.py
[2022-03-28 13:58:24,360] {processor.py:623} INFO - DAG(s) dict_keys(['tutorial_taskflow_api_etl_virtualenv']) retrieved from /home/airflow/.local/lib/python3.6/site-packages/airflow/example_dags/tutorial_taskflow_api_etl_virtualenv.py
[2022-03-28 13:58:24,502] {logging_mixin.py:109} INFO - [2022-03-28 13:58:24,502] {dag.py:1833} INFO - Sync 1 DAGs
[2022-03-28 13:58:24,512] {logging_mixin.py:109} INFO - [2022-03-28 13:58:24,511] {dag.py:2306} INFO - Setting next_dagrun for tutorial_taskflow_api_etl_virtualenv to None
[2022-03-28 13:58:24,519] {processor.py:170} INFO - Processing /home/airflow/.local/lib/python3.6/site-packages/airflow/example_dags/tutorial_taskflow_api_etl_virtualenv.py took 0.176 seconds
[2022-03-28 13:58:55,484] {processor.py:162} INFO - Started process (PID=964) to work on /home/airflow/.local/lib/python3.6/site-packages/airflow/example_dags/tutorial_taskflow_api_etl_virtualenv.py
[2022-03-28 13:58:55,485] {processor.py:613} INFO - Processing file /home/airflow/.local/lib/python3.6/site-packages/airflow/example_dags/tutorial_taskflow_api_etl_virtualenv.py for tasks to queue
[2022-03-28 13:58:55,485] {logging_mixin.py:109} INFO - [2022-03-28 13:58:55,485] {dagbag.py:496} INFO - Filling up the DagBag from /home/airflow/.local/lib/python3.6/site-packages/airflow/example_dags/tutorial_taskflow_api_etl_virtualenv.py
[2022-03-28 13:58:55,495] {processor.py:623} INFO - DAG(s) dict_keys(['tutorial_taskflow_api_etl_virtualenv']) retrieved from /home/airflow/.local/lib/python3.6/site-packages/airflow/example_dags/tutorial_taskflow_api_etl_virtualenv.py
[2022-03-28 13:58:55,632] {logging_mixin.py:109} INFO - [2022-03-28 13:58:55,632] {dag.py:1833} INFO - Sync 1 DAGs
[2022-03-28 13:58:55,640] {logging_mixin.py:109} INFO - [2022-03-28 13:58:55,640] {dag.py:2306} INFO - Setting next_dagrun for tutorial_taskflow_api_etl_virtualenv to None
[2022-03-28 13:58:55,649] {processor.py:170} INFO - Processing /home/airflow/.local/lib/python3.6/site-packages/airflow/example_dags/tutorial_taskflow_api_etl_virtualenv.py took 0.166 seconds
[2022-03-28 13:59:25,664] {processor.py:162} INFO - Started process (PID=1015) to work on /home/airflow/.local/lib/python3.6/site-packages/airflow/example_dags/tutorial_taskflow_api_etl_virtualenv.py
[2022-03-28 13:59:25,665] {processor.py:613} INFO - Processing file /home/airflow/.local/lib/python3.6/site-packages/airflow/example_dags/tutorial_taskflow_api_etl_virtualenv.py for tasks to queue
[2022-03-28 13:59:25,665] {logging_mixin.py:109} INFO - [2022-03-28 13:59:25,665] {dagbag.py:496} INFO - Filling up the DagBag from /home/airflow/.local/lib/python3.6/site-packages/airflow/example_dags/tutorial_taskflow_api_etl_virtualenv.py
[2022-03-28 13:59:25,676] {processor.py:623} INFO - DAG(s) dict_keys(['tutorial_taskflow_api_etl_virtualenv']) retrieved from /home/airflow/.local/lib/python3.6/site-packages/airflow/example_dags/tutorial_taskflow_api_etl_virtualenv.py
[2022-03-28 13:59:25,826] {logging_mixin.py:109} INFO - [2022-03-28 13:59:25,826] {dag.py:1833} INFO - Sync 1 DAGs
[2022-03-28 13:59:25,837] {logging_mixin.py:109} INFO - [2022-03-28 13:59:25,837] {dag.py:2306} INFO - Setting next_dagrun for tutorial_taskflow_api_etl_virtualenv to None
[2022-03-28 13:59:25,847] {processor.py:170} INFO - Processing /home/airflow/.local/lib/python3.6/site-packages/airflow/example_dags/tutorial_taskflow_api_etl_virtualenv.py took 0.185 seconds
[2022-03-28 13:59:56,743] {processor.py:162} INFO - Started process (PID=1077) to work on /home/airflow/.local/lib/python3.6/site-packages/airflow/example_dags/tutorial_taskflow_api_etl_virtualenv.py
[2022-03-28 13:59:56,744] {processor.py:613} INFO - Processing file /home/airflow/.local/lib/python3.6/site-packages/airflow/example_dags/tutorial_taskflow_api_etl_virtualenv.py for tasks to queue
[2022-03-28 13:59:56,744] {logging_mixin.py:109} INFO - [2022-03-28 13:59:56,744] {dagbag.py:496} INFO - Filling up the DagBag from /home/airflow/.local/lib/python3.6/site-packages/airflow/example_dags/tutorial_taskflow_api_etl_virtualenv.py
[2022-03-28 13:59:56,754] {processor.py:623} INFO - DAG(s) dict_keys(['tutorial_taskflow_api_etl_virtualenv']) retrieved from /home/airflow/.local/lib/python3.6/site-packages/airflow/example_dags/tutorial_taskflow_api_etl_virtualenv.py
[2022-03-28 13:59:56,895] {logging_mixin.py:109} INFO - [2022-03-28 13:59:56,895] {dag.py:1833} INFO - Sync 1 DAGs
[2022-03-28 13:59:56,904] {logging_mixin.py:109} INFO - [2022-03-28 13:59:56,904] {dag.py:2306} INFO - Setting next_dagrun for tutorial_taskflow_api_etl_virtualenv to None
[2022-03-28 13:59:56,912] {processor.py:170} INFO - Processing /home/airflow/.local/lib/python3.6/site-packages/airflow/example_dags/tutorial_taskflow_api_etl_virtualenv.py took 0.171 seconds
[2022-03-28 14:00:26,943] {processor.py:162} INFO - Started process (PID=1141) to work on /home/airflow/.local/lib/python3.6/site-packages/airflow/example_dags/tutorial_taskflow_api_etl_virtualenv.py
[2022-03-28 14:00:26,944] {processor.py:613} INFO - Processing file /home/airflow/.local/lib/python3.6/site-packages/airflow/example_dags/tutorial_taskflow_api_etl_virtualenv.py for tasks to queue
[2022-03-28 14:00:26,944] {logging_mixin.py:109} INFO - [2022-03-28 14:00:26,944] {dagbag.py:496} INFO - Filling up the DagBag from /home/airflow/.local/lib/python3.6/site-packages/airflow/example_dags/tutorial_taskflow_api_etl_virtualenv.py
[2022-03-28 14:00:26,954] {processor.py:623} INFO - DAG(s) dict_keys(['tutorial_taskflow_api_etl_virtualenv']) retrieved from /home/airflow/.local/lib/python3.6/site-packages/airflow/example_dags/tutorial_taskflow_api_etl_virtualenv.py
[2022-03-28 14:00:27,098] {logging_mixin.py:109} INFO - [2022-03-28 14:00:27,098] {dag.py:1833} INFO - Sync 1 DAGs
[2022-03-28 14:00:27,108] {logging_mixin.py:109} INFO - [2022-03-28 14:00:27,108] {dag.py:2306} INFO - Setting next_dagrun for tutorial_taskflow_api_etl_virtualenv to None
[2022-03-28 14:00:27,116] {processor.py:170} INFO - Processing /home/airflow/.local/lib/python3.6/site-packages/airflow/example_dags/tutorial_taskflow_api_etl_virtualenv.py took 0.175 seconds
[2022-03-28 14:00:57,999] {processor.py:162} INFO - Started process (PID=1193) to work on /home/airflow/.local/lib/python3.6/site-packages/airflow/example_dags/tutorial_taskflow_api_etl_virtualenv.py
[2022-03-28 14:00:58,000] {processor.py:613} INFO - Processing file /home/airflow/.local/lib/python3.6/site-packages/airflow/example_dags/tutorial_taskflow_api_etl_virtualenv.py for tasks to queue
[2022-03-28 14:00:58,000] {logging_mixin.py:109} INFO - [2022-03-28 14:00:58,000] {dagbag.py:496} INFO - Filling up the DagBag from /home/airflow/.local/lib/python3.6/site-packages/airflow/example_dags/tutorial_taskflow_api_etl_virtualenv.py
[2022-03-28 14:00:58,009] {processor.py:623} INFO - DAG(s) dict_keys(['tutorial_taskflow_api_etl_virtualenv']) retrieved from /home/airflow/.local/lib/python3.6/site-packages/airflow/example_dags/tutorial_taskflow_api_etl_virtualenv.py
[2022-03-28 14:00:58,163] {logging_mixin.py:109} INFO - [2022-03-28 14:00:58,163] {dag.py:1833} INFO - Sync 1 DAGs
[2022-03-28 14:00:58,172] {logging_mixin.py:109} INFO - [2022-03-28 14:00:58,172] {dag.py:2306} INFO - Setting next_dagrun for tutorial_taskflow_api_etl_virtualenv to None
[2022-03-28 14:00:58,180] {processor.py:170} INFO - Processing /home/airflow/.local/lib/python3.6/site-packages/airflow/example_dags/tutorial_taskflow_api_etl_virtualenv.py took 0.183 seconds
[2022-03-28 14:01:28,207] {processor.py:162} INFO - Started process (PID=1258) to work on /home/airflow/.local/lib/python3.6/site-packages/airflow/example_dags/tutorial_taskflow_api_etl_virtualenv.py
[2022-03-28 14:01:28,208] {processor.py:613} INFO - Processing file /home/airflow/.local/lib/python3.6/site-packages/airflow/example_dags/tutorial_taskflow_api_etl_virtualenv.py for tasks to queue
[2022-03-28 14:01:28,208] {logging_mixin.py:109} INFO - [2022-03-28 14:01:28,208] {dagbag.py:496} INFO - Filling up the DagBag from /home/airflow/.local/lib/python3.6/site-packages/airflow/example_dags/tutorial_taskflow_api_etl_virtualenv.py
[2022-03-28 14:01:28,219] {processor.py:623} INFO - DAG(s) dict_keys(['tutorial_taskflow_api_etl_virtualenv']) retrieved from /home/airflow/.local/lib/python3.6/site-packages/airflow/example_dags/tutorial_taskflow_api_etl_virtualenv.py
[2022-03-28 14:01:28,361] {logging_mixin.py:109} INFO - [2022-03-28 14:01:28,361] {dag.py:1833} INFO - Sync 1 DAGs
[2022-03-28 14:01:28,370] {logging_mixin.py:109} INFO - [2022-03-28 14:01:28,370] {dag.py:2306} INFO - Setting next_dagrun for tutorial_taskflow_api_etl_virtualenv to None
[2022-03-28 14:01:28,378] {processor.py:170} INFO - Processing /home/airflow/.local/lib/python3.6/site-packages/airflow/example_dags/tutorial_taskflow_api_etl_virtualenv.py took 0.173 seconds
[2022-03-28 14:01:59,288] {processor.py:162} INFO - Started process (PID=1310) to work on /home/airflow/.local/lib/python3.6/site-packages/airflow/example_dags/tutorial_taskflow_api_etl_virtualenv.py
[2022-03-28 14:01:59,289] {processor.py:613} INFO - Processing file /home/airflow/.local/lib/python3.6/site-packages/airflow/example_dags/tutorial_taskflow_api_etl_virtualenv.py for tasks to queue
[2022-03-28 14:01:59,289] {logging_mixin.py:109} INFO - [2022-03-28 14:01:59,289] {dagbag.py:496} INFO - Filling up the DagBag from /home/airflow/.local/lib/python3.6/site-packages/airflow/example_dags/tutorial_taskflow_api_etl_virtualenv.py
[2022-03-28 14:01:59,299] {processor.py:623} INFO - DAG(s) dict_keys(['tutorial_taskflow_api_etl_virtualenv']) retrieved from /home/airflow/.local/lib/python3.6/site-packages/airflow/example_dags/tutorial_taskflow_api_etl_virtualenv.py
[2022-03-28 14:01:59,438] {logging_mixin.py:109} INFO - [2022-03-28 14:01:59,438] {dag.py:1833} INFO - Sync 1 DAGs
[2022-03-28 14:01:59,447] {logging_mixin.py:109} INFO - [2022-03-28 14:01:59,447] {dag.py:2306} INFO - Setting next_dagrun for tutorial_taskflow_api_etl_virtualenv to None
[2022-03-28 14:01:59,455] {processor.py:170} INFO - Processing /home/airflow/.local/lib/python3.6/site-packages/airflow/example_dags/tutorial_taskflow_api_etl_virtualenv.py took 0.168 seconds
[2022-03-28 14:02:30,464] {processor.py:162} INFO - Started process (PID=1372) to work on /home/airflow/.local/lib/python3.6/site-packages/airflow/example_dags/tutorial_taskflow_api_etl_virtualenv.py
[2022-03-28 14:02:30,464] {processor.py:613} INFO - Processing file /home/airflow/.local/lib/python3.6/site-packages/airflow/example_dags/tutorial_taskflow_api_etl_virtualenv.py for tasks to queue
[2022-03-28 14:02:30,465] {logging_mixin.py:109} INFO - [2022-03-28 14:02:30,465] {dagbag.py:496} INFO - Filling up the DagBag from /home/airflow/.local/lib/python3.6/site-packages/airflow/example_dags/tutorial_taskflow_api_etl_virtualenv.py
[2022-03-28 14:02:30,475] {processor.py:623} INFO - DAG(s) dict_keys(['tutorial_taskflow_api_etl_virtualenv']) retrieved from /home/airflow/.local/lib/python3.6/site-packages/airflow/example_dags/tutorial_taskflow_api_etl_virtualenv.py
[2022-03-28 14:02:30,621] {logging_mixin.py:109} INFO - [2022-03-28 14:02:30,621] {dag.py:1833} INFO - Sync 1 DAGs
[2022-03-28 14:02:30,630] {logging_mixin.py:109} INFO - [2022-03-28 14:02:30,630] {dag.py:2306} INFO - Setting next_dagrun for tutorial_taskflow_api_etl_virtualenv to None
[2022-03-28 14:02:30,637] {processor.py:170} INFO - Processing /home/airflow/.local/lib/python3.6/site-packages/airflow/example_dags/tutorial_taskflow_api_etl_virtualenv.py took 0.175 seconds
[2022-03-28 14:03:01,342] {processor.py:162} INFO - Started process (PID=1435) to work on /home/airflow/.local/lib/python3.6/site-packages/airflow/example_dags/tutorial_taskflow_api_etl_virtualenv.py
[2022-03-28 14:03:01,343] {processor.py:613} INFO - Processing file /home/airflow/.local/lib/python3.6/site-packages/airflow/example_dags/tutorial_taskflow_api_etl_virtualenv.py for tasks to queue
[2022-03-28 14:03:01,343] {logging_mixin.py:109} INFO - [2022-03-28 14:03:01,343] {dagbag.py:496} INFO - Filling up the DagBag from /home/airflow/.local/lib/python3.6/site-packages/airflow/example_dags/tutorial_taskflow_api_etl_virtualenv.py
[2022-03-28 14:03:01,354] {processor.py:623} INFO - DAG(s) dict_keys(['tutorial_taskflow_api_etl_virtualenv']) retrieved from /home/airflow/.local/lib/python3.6/site-packages/airflow/example_dags/tutorial_taskflow_api_etl_virtualenv.py
[2022-03-28 14:03:01,512] {logging_mixin.py:109} INFO - [2022-03-28 14:03:01,512] {dag.py:1833} INFO - Sync 1 DAGs
[2022-03-28 14:03:01,521] {logging_mixin.py:109} INFO - [2022-03-28 14:03:01,521] {dag.py:2306} INFO - Setting next_dagrun for tutorial_taskflow_api_etl_virtualenv to None
[2022-03-28 14:03:01,528] {processor.py:170} INFO - Processing /home/airflow/.local/lib/python3.6/site-packages/airflow/example_dags/tutorial_taskflow_api_etl_virtualenv.py took 0.188 seconds
[2022-03-28 14:03:32,269] {processor.py:162} INFO - Started process (PID=1487) to work on /home/airflow/.local/lib/python3.6/site-packages/airflow/example_dags/tutorial_taskflow_api_etl_virtualenv.py
[2022-03-28 14:03:32,270] {processor.py:613} INFO - Processing file /home/airflow/.local/lib/python3.6/site-packages/airflow/example_dags/tutorial_taskflow_api_etl_virtualenv.py for tasks to queue
[2022-03-28 14:03:32,270] {logging_mixin.py:109} INFO - [2022-03-28 14:03:32,270] {dagbag.py:496} INFO - Filling up the DagBag from /home/airflow/.local/lib/python3.6/site-packages/airflow/example_dags/tutorial_taskflow_api_etl_virtualenv.py
[2022-03-28 14:03:32,280] {processor.py:623} INFO - DAG(s) dict_keys(['tutorial_taskflow_api_etl_virtualenv']) retrieved from /home/airflow/.local/lib/python3.6/site-packages/airflow/example_dags/tutorial_taskflow_api_etl_virtualenv.py
[2022-03-28 14:03:32,293] {logging_mixin.py:109} INFO - [2022-03-28 14:03:32,293] {dag.py:1833} INFO - Sync 1 DAGs
[2022-03-28 14:03:32,303] {logging_mixin.py:109} INFO - [2022-03-28 14:03:32,303] {dag.py:2306} INFO - Setting next_dagrun for tutorial_taskflow_api_etl_virtualenv to None
[2022-03-28 14:03:32,312] {processor.py:170} INFO - Processing /home/airflow/.local/lib/python3.6/site-packages/airflow/example_dags/tutorial_taskflow_api_etl_virtualenv.py took 0.045 seconds
[2022-03-28 14:04:02,533] {processor.py:162} INFO - Started process (PID=1549) to work on /home/airflow/.local/lib/python3.6/site-packages/airflow/example_dags/tutorial_taskflow_api_etl_virtualenv.py
[2022-03-28 14:04:02,534] {processor.py:613} INFO - Processing file /home/airflow/.local/lib/python3.6/site-packages/airflow/example_dags/tutorial_taskflow_api_etl_virtualenv.py for tasks to queue
[2022-03-28 14:04:02,534] {logging_mixin.py:109} INFO - [2022-03-28 14:04:02,534] {dagbag.py:496} INFO - Filling up the DagBag from /home/airflow/.local/lib/python3.6/site-packages/airflow/example_dags/tutorial_taskflow_api_etl_virtualenv.py
[2022-03-28 14:04:02,547] {processor.py:623} INFO - DAG(s) dict_keys(['tutorial_taskflow_api_etl_virtualenv']) retrieved from /home/airflow/.local/lib/python3.6/site-packages/airflow/example_dags/tutorial_taskflow_api_etl_virtualenv.py
[2022-03-28 14:04:02,684] {logging_mixin.py:109} INFO - [2022-03-28 14:04:02,684] {dag.py:1833} INFO - Sync 1 DAGs
[2022-03-28 14:04:02,692] {logging_mixin.py:109} INFO - [2022-03-28 14:04:02,692] {dag.py:2306} INFO - Setting next_dagrun for tutorial_taskflow_api_etl_virtualenv to None
[2022-03-28 14:04:02,700] {processor.py:170} INFO - Processing /home/airflow/.local/lib/python3.6/site-packages/airflow/example_dags/tutorial_taskflow_api_etl_virtualenv.py took 0.169 seconds
[2022-03-28 14:04:33,610] {processor.py:162} INFO - Started process (PID=1601) to work on /home/airflow/.local/lib/python3.6/site-packages/airflow/example_dags/tutorial_taskflow_api_etl_virtualenv.py
[2022-03-28 14:04:33,611] {processor.py:613} INFO - Processing file /home/airflow/.local/lib/python3.6/site-packages/airflow/example_dags/tutorial_taskflow_api_etl_virtualenv.py for tasks to queue
[2022-03-28 14:04:33,611] {logging_mixin.py:109} INFO - [2022-03-28 14:04:33,611] {dagbag.py:496} INFO - Filling up the DagBag from /home/airflow/.local/lib/python3.6/site-packages/airflow/example_dags/tutorial_taskflow_api_etl_virtualenv.py
[2022-03-28 14:04:33,621] {processor.py:623} INFO - DAG(s) dict_keys(['tutorial_taskflow_api_etl_virtualenv']) retrieved from /home/airflow/.local/lib/python3.6/site-packages/airflow/example_dags/tutorial_taskflow_api_etl_virtualenv.py
[2022-03-28 14:04:33,762] {logging_mixin.py:109} INFO - [2022-03-28 14:04:33,762] {dag.py:1833} INFO - Sync 1 DAGs
[2022-03-28 14:04:33,771] {logging_mixin.py:109} INFO - [2022-03-28 14:04:33,771] {dag.py:2306} INFO - Setting next_dagrun for tutorial_taskflow_api_etl_virtualenv to None
[2022-03-28 14:04:33,780] {processor.py:170} INFO - Processing /home/airflow/.local/lib/python3.6/site-packages/airflow/example_dags/tutorial_taskflow_api_etl_virtualenv.py took 0.171 seconds
[2022-03-28 14:05:03,788] {processor.py:162} INFO - Started process (PID=1665) to work on /home/airflow/.local/lib/python3.6/site-packages/airflow/example_dags/tutorial_taskflow_api_etl_virtualenv.py
[2022-03-28 14:05:03,789] {processor.py:613} INFO - Processing file /home/airflow/.local/lib/python3.6/site-packages/airflow/example_dags/tutorial_taskflow_api_etl_virtualenv.py for tasks to queue
[2022-03-28 14:05:03,789] {logging_mixin.py:109} INFO - [2022-03-28 14:05:03,789] {dagbag.py:496} INFO - Filling up the DagBag from /home/airflow/.local/lib/python3.6/site-packages/airflow/example_dags/tutorial_taskflow_api_etl_virtualenv.py
[2022-03-28 14:05:03,799] {processor.py:623} INFO - DAG(s) dict_keys(['tutorial_taskflow_api_etl_virtualenv']) retrieved from /home/airflow/.local/lib/python3.6/site-packages/airflow/example_dags/tutorial_taskflow_api_etl_virtualenv.py
[2022-03-28 14:05:03,935] {logging_mixin.py:109} INFO - [2022-03-28 14:05:03,935] {dag.py:1833} INFO - Sync 1 DAGs
[2022-03-28 14:05:03,943] {logging_mixin.py:109} INFO - [2022-03-28 14:05:03,943] {dag.py:2306} INFO - Setting next_dagrun for tutorial_taskflow_api_etl_virtualenv to None
[2022-03-28 14:05:03,951] {processor.py:170} INFO - Processing /home/airflow/.local/lib/python3.6/site-packages/airflow/example_dags/tutorial_taskflow_api_etl_virtualenv.py took 0.164 seconds
[2022-03-28 14:05:34,831] {processor.py:162} INFO - Started process (PID=1727) to work on /home/airflow/.local/lib/python3.6/site-packages/airflow/example_dags/tutorial_taskflow_api_etl_virtualenv.py
[2022-03-28 14:05:34,831] {processor.py:613} INFO - Processing file /home/airflow/.local/lib/python3.6/site-packages/airflow/example_dags/tutorial_taskflow_api_etl_virtualenv.py for tasks to queue
[2022-03-28 14:05:34,832] {logging_mixin.py:109} INFO - [2022-03-28 14:05:34,832] {dagbag.py:496} INFO - Filling up the DagBag from /home/airflow/.local/lib/python3.6/site-packages/airflow/example_dags/tutorial_taskflow_api_etl_virtualenv.py
[2022-03-28 14:05:34,842] {processor.py:623} INFO - DAG(s) dict_keys(['tutorial_taskflow_api_etl_virtualenv']) retrieved from /home/airflow/.local/lib/python3.6/site-packages/airflow/example_dags/tutorial_taskflow_api_etl_virtualenv.py
[2022-03-28 14:05:34,982] {logging_mixin.py:109} INFO - [2022-03-28 14:05:34,982] {dag.py:1833} INFO - Sync 1 DAGs
[2022-03-28 14:05:34,992] {logging_mixin.py:109} INFO - [2022-03-28 14:05:34,992] {dag.py:2306} INFO - Setting next_dagrun for tutorial_taskflow_api_etl_virtualenv to None
[2022-03-28 14:05:35,000] {processor.py:170} INFO - Processing /home/airflow/.local/lib/python3.6/site-packages/airflow/example_dags/tutorial_taskflow_api_etl_virtualenv.py took 0.171 seconds
[2022-03-28 14:06:05,539] {processor.py:162} INFO - Started process (PID=1779) to work on /home/airflow/.local/lib/python3.6/site-packages/airflow/example_dags/tutorial_taskflow_api_etl_virtualenv.py
[2022-03-28 14:06:05,540] {processor.py:613} INFO - Processing file /home/airflow/.local/lib/python3.6/site-packages/airflow/example_dags/tutorial_taskflow_api_etl_virtualenv.py for tasks to queue
[2022-03-28 14:06:05,540] {logging_mixin.py:109} INFO - [2022-03-28 14:06:05,540] {dagbag.py:496} INFO - Filling up the DagBag from /home/airflow/.local/lib/python3.6/site-packages/airflow/example_dags/tutorial_taskflow_api_etl_virtualenv.py
[2022-03-28 14:06:05,550] {processor.py:623} INFO - DAG(s) dict_keys(['tutorial_taskflow_api_etl_virtualenv']) retrieved from /home/airflow/.local/lib/python3.6/site-packages/airflow/example_dags/tutorial_taskflow_api_etl_virtualenv.py
[2022-03-28 14:06:05,690] {logging_mixin.py:109} INFO - [2022-03-28 14:06:05,690] {dag.py:1833} INFO - Sync 1 DAGs
[2022-03-28 14:06:05,699] {logging_mixin.py:109} INFO - [2022-03-28 14:06:05,699] {dag.py:2306} INFO - Setting next_dagrun for tutorial_taskflow_api_etl_virtualenv to None
[2022-03-28 14:06:05,706] {processor.py:170} INFO - Processing /home/airflow/.local/lib/python3.6/site-packages/airflow/example_dags/tutorial_taskflow_api_etl_virtualenv.py took 0.169 seconds
[2022-03-28 14:06:36,237] {processor.py:162} INFO - Started process (PID=1841) to work on /home/airflow/.local/lib/python3.6/site-packages/airflow/example_dags/tutorial_taskflow_api_etl_virtualenv.py
[2022-03-28 14:06:36,238] {processor.py:613} INFO - Processing file /home/airflow/.local/lib/python3.6/site-packages/airflow/example_dags/tutorial_taskflow_api_etl_virtualenv.py for tasks to queue
[2022-03-28 14:06:36,238] {logging_mixin.py:109} INFO - [2022-03-28 14:06:36,238] {dagbag.py:496} INFO - Filling up the DagBag from /home/airflow/.local/lib/python3.6/site-packages/airflow/example_dags/tutorial_taskflow_api_etl_virtualenv.py
[2022-03-28 14:06:36,251] {processor.py:623} INFO - DAG(s) dict_keys(['tutorial_taskflow_api_etl_virtualenv']) retrieved from /home/airflow/.local/lib/python3.6/site-packages/airflow/example_dags/tutorial_taskflow_api_etl_virtualenv.py
[2022-03-28 14:06:36,412] {logging_mixin.py:109} INFO - [2022-03-28 14:06:36,412] {dag.py:1833} INFO - Sync 1 DAGs
[2022-03-28 14:06:36,422] {logging_mixin.py:109} INFO - [2022-03-28 14:06:36,422] {dag.py:2306} INFO - Setting next_dagrun for tutorial_taskflow_api_etl_virtualenv to None
[2022-03-28 14:06:36,432] {processor.py:170} INFO - Processing /home/airflow/.local/lib/python3.6/site-packages/airflow/example_dags/tutorial_taskflow_api_etl_virtualenv.py took 0.197 seconds
[2022-03-28 14:07:06,973] {processor.py:162} INFO - Started process (PID=1901) to work on /home/airflow/.local/lib/python3.6/site-packages/airflow/example_dags/tutorial_taskflow_api_etl_virtualenv.py
[2022-03-28 14:07:06,974] {processor.py:613} INFO - Processing file /home/airflow/.local/lib/python3.6/site-packages/airflow/example_dags/tutorial_taskflow_api_etl_virtualenv.py for tasks to queue
[2022-03-28 14:07:06,974] {logging_mixin.py:109} INFO - [2022-03-28 14:07:06,974] {dagbag.py:496} INFO - Filling up the DagBag from /home/airflow/.local/lib/python3.6/site-packages/airflow/example_dags/tutorial_taskflow_api_etl_virtualenv.py
[2022-03-28 14:07:06,986] {processor.py:623} INFO - DAG(s) dict_keys(['tutorial_taskflow_api_etl_virtualenv']) retrieved from /home/airflow/.local/lib/python3.6/site-packages/airflow/example_dags/tutorial_taskflow_api_etl_virtualenv.py
[2022-03-28 14:07:07,002] {logging_mixin.py:109} INFO - [2022-03-28 14:07:07,002] {dag.py:1833} INFO - Sync 1 DAGs
[2022-03-28 14:07:07,015] {logging_mixin.py:109} INFO - [2022-03-28 14:07:07,015] {dag.py:2306} INFO - Setting next_dagrun for tutorial_taskflow_api_etl_virtualenv to None
[2022-03-28 14:07:07,026] {processor.py:170} INFO - Processing /home/airflow/.local/lib/python3.6/site-packages/airflow/example_dags/tutorial_taskflow_api_etl_virtualenv.py took 0.054 seconds
