[2022-04-01 21:00:14,151] {taskinstance.py:903} INFO - Dependencies all met for <TaskInstance: divvybikes_elt_pipeline.extract_csv 2021-05-01T00:00:00+00:00 [queued]>
[2022-04-01 21:00:14,173] {taskinstance.py:903} INFO - Dependencies all met for <TaskInstance: divvybikes_elt_pipeline.extract_csv 2021-05-01T00:00:00+00:00 [queued]>
[2022-04-01 21:00:14,174] {taskinstance.py:1094} INFO - 
--------------------------------------------------------------------------------
[2022-04-01 21:00:14,174] {taskinstance.py:1095} INFO - Starting attempt 1 of 2
[2022-04-01 21:00:14,174] {taskinstance.py:1096} INFO - 
--------------------------------------------------------------------------------
[2022-04-01 21:00:14,182] {taskinstance.py:1114} INFO - Executing <Task(PythonOperator): extract_csv> on 2021-05-01T00:00:00+00:00
[2022-04-01 21:00:14,185] {standard_task_runner.py:52} INFO - Started process 3163 to run task
[2022-04-01 21:00:14,187] {standard_task_runner.py:76} INFO - Running: ['***', 'tasks', 'run', 'divvybikes_elt_pipeline', 'extract_csv', '2021-05-01T00:00:00+00:00', '--job-id', '160', '--pool', 'default_pool', '--raw', '--subdir', 'DAGS_FOLDER/extract_load.py', '--cfg-path', '/tmp/tmpfkluoxl8', '--error-file', '/tmp/tmpimk56tpy']
[2022-04-01 21:00:14,188] {standard_task_runner.py:77} INFO - Job 160: Subtask extract_csv
[2022-04-01 21:00:14,220] {logging_mixin.py:109} INFO - Running <TaskInstance: divvybikes_elt_pipeline.extract_csv 2021-05-01T00:00:00+00:00 [running]> on host b399ffa6f3b6
[2022-04-01 21:00:14,262] {taskinstance.py:1253} INFO - Exporting the following env vars:
AIRFLOW_CTX_DAG_OWNER=***
AIRFLOW_CTX_DAG_ID=divvybikes_elt_pipeline
AIRFLOW_CTX_TASK_ID=extract_csv
AIRFLOW_CTX_EXECUTION_DATE=2021-05-01T00:00:00+00:00
AIRFLOW_CTX_DAG_RUN_ID=backfill__2021-05-01T00:00:00+00:00
[2022-04-01 21:00:14,989] {python.py:151} INFO - Done. Returned value was: None
[2022-04-01 21:00:14,999] {taskinstance.py:1218} INFO - Marking task as SUCCESS. dag_id=divvybikes_elt_pipeline, task_id=extract_csv, execution_date=20210501T000000, start_date=20220401T210014, end_date=20220401T210014
[2022-04-01 21:00:15,042] {local_task_job.py:151} INFO - Task exited with return code 0
[2022-04-01 21:00:15,063] {local_task_job.py:261} INFO - 0 downstream tasks scheduled from follow-on schedule check
