[2022-04-08 02:24:24,217] {taskinstance.py:903} INFO - Dependencies all met for <TaskInstance: divvybikes_station_map_upload.upload_map_to_gcs_task 2022-03-01T00:00:00+00:00 [queued]>
[2022-04-08 02:24:24,230] {taskinstance.py:903} INFO - Dependencies all met for <TaskInstance: divvybikes_station_map_upload.upload_map_to_gcs_task 2022-03-01T00:00:00+00:00 [queued]>
[2022-04-08 02:24:24,230] {taskinstance.py:1094} INFO - 
--------------------------------------------------------------------------------
[2022-04-08 02:24:24,230] {taskinstance.py:1095} INFO - Starting attempt 1 of 2
[2022-04-08 02:24:24,230] {taskinstance.py:1096} INFO - 
--------------------------------------------------------------------------------
[2022-04-08 02:24:24,236] {taskinstance.py:1114} INFO - Executing <Task(PythonOperator): upload_map_to_gcs_task> on 2022-03-01T00:00:00+00:00
[2022-04-08 02:24:24,241] {standard_task_runner.py:52} INFO - Started process 18406 to run task
[2022-04-08 02:24:24,244] {standard_task_runner.py:76} INFO - Running: ['***', 'tasks', 'run', 'divvybikes_station_map_upload', 'upload_map_to_gcs_task', '2022-03-01T00:00:00+00:00', '--job-id', '279', '--pool', 'default_pool', '--raw', '--subdir', 'DAGS_FOLDER/map_to_bq.py', '--cfg-path', '/tmp/tmpmt3tcgmc', '--error-file', '/tmp/tmpw6unqeqg']
[2022-04-08 02:24:24,246] {standard_task_runner.py:77} INFO - Job 279: Subtask upload_map_to_gcs_task
[2022-04-08 02:24:24,275] {logging_mixin.py:109} INFO - Running <TaskInstance: divvybikes_station_map_upload.upload_map_to_gcs_task 2022-03-01T00:00:00+00:00 [running]> on host afa4c4c5de3b
[2022-04-08 02:24:24,309] {taskinstance.py:1253} INFO - Exporting the following env vars:
AIRFLOW_CTX_DAG_OWNER=***
AIRFLOW_CTX_DAG_ID=divvybikes_station_map_upload
AIRFLOW_CTX_TASK_ID=upload_map_to_gcs_task
AIRFLOW_CTX_EXECUTION_DATE=2022-03-01T00:00:00+00:00
AIRFLOW_CTX_DAG_RUN_ID=scheduled__2022-03-01T00:00:00+00:00
[2022-04-08 02:24:24,990] {python.py:151} INFO - Done. Returned value was: None
[2022-04-08 02:24:24,999] {taskinstance.py:1218} INFO - Marking task as SUCCESS. dag_id=divvybikes_station_map_upload, task_id=upload_map_to_gcs_task, execution_date=20220301T000000, start_date=20220408T022424, end_date=20220408T022424
[2022-04-08 02:24:25,019] {local_task_job.py:151} INFO - Task exited with return code 0
[2022-04-08 02:24:25,042] {local_task_job.py:261} INFO - 1 downstream tasks scheduled from follow-on schedule check
