[2022-04-01 19:42:50,108] {taskinstance.py:903} INFO - Dependencies all met for <TaskInstance: divvybikes_elt_pipeline.convert_file_to_parquet 2022-03-01T00:00:00+00:00 [queued]>
[2022-04-01 19:42:50,119] {taskinstance.py:903} INFO - Dependencies all met for <TaskInstance: divvybikes_elt_pipeline.convert_file_to_parquet 2022-03-01T00:00:00+00:00 [queued]>
[2022-04-01 19:42:50,119] {taskinstance.py:1094} INFO - 
--------------------------------------------------------------------------------
[2022-04-01 19:42:50,119] {taskinstance.py:1095} INFO - Starting attempt 10 of 11
[2022-04-01 19:42:50,119] {taskinstance.py:1096} INFO - 
--------------------------------------------------------------------------------
[2022-04-01 19:42:50,126] {taskinstance.py:1114} INFO - Executing <Task(PythonOperator): convert_file_to_parquet> on 2022-03-01T00:00:00+00:00
[2022-04-01 19:42:50,129] {standard_task_runner.py:52} INFO - Started process 27028 to run task
[2022-04-01 19:42:50,131] {standard_task_runner.py:76} INFO - Running: ['***', 'tasks', 'run', 'divvybikes_elt_pipeline', 'convert_file_to_parquet', '2022-03-01T00:00:00+00:00', '--job-id', '75', '--pool', 'default_pool', '--raw', '--subdir', 'DAGS_FOLDER/extract_load.py', '--cfg-path', '/tmp/tmp3bjweuza', '--error-file', '/tmp/tmph_v1pina']
[2022-04-01 19:42:50,132] {standard_task_runner.py:77} INFO - Job 75: Subtask convert_file_to_parquet
[2022-04-01 19:42:50,160] {logging_mixin.py:109} INFO - Running <TaskInstance: divvybikes_elt_pipeline.convert_file_to_parquet 2022-03-01T00:00:00+00:00 [running]> on host b399ffa6f3b6
[2022-04-01 19:42:50,193] {taskinstance.py:1253} INFO - Exporting the following env vars:
AIRFLOW_CTX_DAG_OWNER=***
AIRFLOW_CTX_DAG_ID=divvybikes_elt_pipeline
AIRFLOW_CTX_TASK_ID=convert_file_to_parquet
AIRFLOW_CTX_EXECUTION_DATE=2022-03-01T00:00:00+00:00
AIRFLOW_CTX_DAG_RUN_ID=scheduled__2022-03-01T00:00:00+00:00
[2022-04-01 19:42:50,290] {python.py:151} INFO - Done. Returned value was: None
[2022-04-01 19:42:50,298] {taskinstance.py:1218} INFO - Marking task as SUCCESS. dag_id=divvybikes_elt_pipeline, task_id=convert_file_to_parquet, execution_date=20220301T000000, start_date=20220401T194250, end_date=20220401T194250
[2022-04-01 19:42:50,344] {local_task_job.py:151} INFO - Task exited with return code 0
[2022-04-01 19:42:50,362] {local_task_job.py:261} INFO - 1 downstream tasks scheduled from follow-on schedule check
