[2022-04-01 16:53:53,766] {taskinstance.py:903} INFO - Dependencies all met for <TaskInstance: divvybikes_elt_pipeline.convert_file_to_parquet 2022-03-01T00:00:00+00:00 [queued]>
[2022-04-01 16:53:53,779] {taskinstance.py:903} INFO - Dependencies all met for <TaskInstance: divvybikes_elt_pipeline.convert_file_to_parquet 2022-03-01T00:00:00+00:00 [queued]>
[2022-04-01 16:53:53,779] {taskinstance.py:1094} INFO - 
--------------------------------------------------------------------------------
[2022-04-01 16:53:53,780] {taskinstance.py:1095} INFO - Starting attempt 4 of 4
[2022-04-01 16:53:53,780] {taskinstance.py:1096} INFO - 
--------------------------------------------------------------------------------
[2022-04-01 16:53:53,786] {taskinstance.py:1114} INFO - Executing <Task(PythonOperator): convert_file_to_parquet> on 2022-03-01T00:00:00+00:00
[2022-04-01 16:53:53,790] {standard_task_runner.py:52} INFO - Started process 9258 to run task
[2022-04-01 16:53:53,792] {standard_task_runner.py:76} INFO - Running: ['***', 'tasks', 'run', 'divvybikes_elt_pipeline', 'convert_file_to_parquet', '2022-03-01T00:00:00+00:00', '--job-id', '64', '--pool', 'default_pool', '--raw', '--subdir', 'DAGS_FOLDER/extract_load.py', '--cfg-path', '/tmp/tmp1g1gmnhl', '--error-file', '/tmp/tmptswcqqel']
[2022-04-01 16:53:53,794] {standard_task_runner.py:77} INFO - Job 64: Subtask convert_file_to_parquet
[2022-04-01 16:53:53,824] {logging_mixin.py:109} INFO - Running <TaskInstance: divvybikes_elt_pipeline.convert_file_to_parquet 2022-03-01T00:00:00+00:00 [running]> on host b399ffa6f3b6
[2022-04-01 16:53:53,861] {taskinstance.py:1253} INFO - Exporting the following env vars:
AIRFLOW_CTX_DAG_OWNER=***
AIRFLOW_CTX_DAG_ID=divvybikes_elt_pipeline
AIRFLOW_CTX_TASK_ID=convert_file_to_parquet
AIRFLOW_CTX_EXECUTION_DATE=2022-03-01T00:00:00+00:00
AIRFLOW_CTX_DAG_RUN_ID=scheduled__2022-03-01T00:00:00+00:00
[2022-04-01 16:53:53,863] {taskinstance.py:1462} ERROR - Task failed with exception
Traceback (most recent call last):
  File "/home/airflow/.local/lib/python3.6/site-packages/airflow/models/taskinstance.py", line 1164, in _run_raw_task
    self._prepare_and_execute_task_with_callbacks(context, task)
  File "/home/airflow/.local/lib/python3.6/site-packages/airflow/models/taskinstance.py", line 1282, in _prepare_and_execute_task_with_callbacks
    result = self._execute_task(context, task_copy)
  File "/home/airflow/.local/lib/python3.6/site-packages/airflow/models/taskinstance.py", line 1312, in _execute_task
    result = task_copy.execute(context=context)
  File "/home/airflow/.local/lib/python3.6/site-packages/airflow/operators/python.py", line 150, in execute
    return_value = self.execute_callable()
  File "/home/airflow/.local/lib/python3.6/site-packages/airflow/operators/python.py", line 161, in execute_callable
    return self.python_callable(*self.op_args, **self.op_kwargs)
  File "/opt/airflow/dags/extract_load.py", line 84, in format_to_parquet
    table = pv.read_csv(src_file)
  File "pyarrow/_csv.pyx", line 793, in pyarrow._csv.read_csv
  File "pyarrow/_csv.pyx", line 686, in pyarrow._csv._get_reader
  File "pyarrow/io.pxi", line 1493, in pyarrow.lib.get_input_stream
  File "pyarrow/io.pxi", line 1464, in pyarrow.lib.get_native_file
  File "pyarrow/io.pxi", line 827, in pyarrow.lib.OSFile.__cinit__
  File "pyarrow/io.pxi", line 837, in pyarrow.lib.OSFile._open_readable
  File "pyarrow/error.pxi", line 141, in pyarrow.lib.pyarrow_internal_check_status
  File "pyarrow/error.pxi", line 110, in pyarrow.lib.check_status
FileNotFoundError: [Errno 2] Failed to open local file '202004-divvy-tripdata.csv'. Detail: [errno 2] No such file or directory
[2022-04-01 16:53:53,864] {taskinstance.py:1512} INFO - Marking task as FAILED. dag_id=divvybikes_elt_pipeline, task_id=convert_file_to_parquet, execution_date=20220301T000000, start_date=20220401T165353, end_date=20220401T165353
[2022-04-01 16:53:53,885] {local_task_job.py:151} INFO - Task exited with return code 1
[2022-04-01 16:53:53,901] {local_task_job.py:261} INFO - 0 downstream tasks scheduled from follow-on schedule check
