[2022-04-01 17:28:13,082] {taskinstance.py:903} INFO - Dependencies all met for <TaskInstance: divvybikes_elt_pipeline.convert_file_to_parquet 2022-03-01T00:00:00+00:00 [queued]>
[2022-04-01 17:28:13,101] {taskinstance.py:903} INFO - Dependencies all met for <TaskInstance: divvybikes_elt_pipeline.convert_file_to_parquet 2022-03-01T00:00:00+00:00 [queued]>
[2022-04-01 17:28:13,102] {taskinstance.py:1094} INFO - 
--------------------------------------------------------------------------------
[2022-04-01 17:28:13,102] {taskinstance.py:1095} INFO - Starting attempt 9 of 10
[2022-04-01 17:28:13,102] {taskinstance.py:1096} INFO - 
--------------------------------------------------------------------------------
[2022-04-01 17:28:13,111] {taskinstance.py:1114} INFO - Executing <Task(PythonOperator): convert_file_to_parquet> on 2022-03-01T00:00:00+00:00
[2022-04-01 17:28:13,116] {standard_task_runner.py:52} INFO - Started process 12857 to run task
[2022-04-01 17:28:13,119] {standard_task_runner.py:76} INFO - Running: ['***', 'tasks', 'run', 'divvybikes_elt_pipeline', 'convert_file_to_parquet', '2022-03-01T00:00:00+00:00', '--job-id', '71', '--pool', 'default_pool', '--raw', '--subdir', 'DAGS_FOLDER/extract_load.py', '--cfg-path', '/tmp/tmprnhjtiab', '--error-file', '/tmp/tmpylywyw99']
[2022-04-01 17:28:13,121] {standard_task_runner.py:77} INFO - Job 71: Subtask convert_file_to_parquet
[2022-04-01 17:28:13,152] {logging_mixin.py:109} INFO - Running <TaskInstance: divvybikes_elt_pipeline.convert_file_to_parquet 2022-03-01T00:00:00+00:00 [running]> on host b399ffa6f3b6
[2022-04-01 17:28:13,194] {taskinstance.py:1253} INFO - Exporting the following env vars:
AIRFLOW_CTX_DAG_OWNER=***
AIRFLOW_CTX_DAG_ID=divvybikes_elt_pipeline
AIRFLOW_CTX_TASK_ID=convert_file_to_parquet
AIRFLOW_CTX_EXECUTION_DATE=2022-03-01T00:00:00+00:00
AIRFLOW_CTX_DAG_RUN_ID=scheduled__2022-03-01T00:00:00+00:00
[2022-04-01 17:28:13,305] {python.py:151} INFO - Done. Returned value was: None
[2022-04-01 17:28:13,314] {taskinstance.py:1218} INFO - Marking task as SUCCESS. dag_id=divvybikes_elt_pipeline, task_id=convert_file_to_parquet, execution_date=20220301T000000, start_date=20220401T172813, end_date=20220401T172813
[2022-04-01 17:28:13,333] {local_task_job.py:151} INFO - Task exited with return code 0
[2022-04-01 17:28:13,354] {local_task_job.py:261} INFO - 0 downstream tasks scheduled from follow-on schedule check
