[2022-04-01 20:56:53,908] {taskinstance.py:903} INFO - Dependencies all met for <TaskInstance: divvybikes_elt_pipeline.download_dataset 2021-03-01T00:00:00+00:00 [queued]>
[2022-04-01 20:56:53,928] {taskinstance.py:903} INFO - Dependencies all met for <TaskInstance: divvybikes_elt_pipeline.download_dataset 2021-03-01T00:00:00+00:00 [queued]>
[2022-04-01 20:56:53,928] {taskinstance.py:1094} INFO - 
--------------------------------------------------------------------------------
[2022-04-01 20:56:53,928] {taskinstance.py:1095} INFO - Starting attempt 1 of 2
[2022-04-01 20:56:53,928] {taskinstance.py:1096} INFO - 
--------------------------------------------------------------------------------
[2022-04-01 20:56:53,935] {taskinstance.py:1114} INFO - Executing <Task(BashOperator): download_dataset> on 2021-03-01T00:00:00+00:00
[2022-04-01 20:56:53,938] {standard_task_runner.py:52} INFO - Started process 2720 to run task
[2022-04-01 20:56:53,940] {standard_task_runner.py:76} INFO - Running: ['***', 'tasks', 'run', 'divvybikes_elt_pipeline', 'download_dataset', '2021-03-01T00:00:00+00:00', '--job-id', '147', '--pool', 'default_pool', '--raw', '--subdir', 'DAGS_FOLDER/extract_load.py', '--cfg-path', '/tmp/tmpfove6ndc', '--error-file', '/tmp/tmpl9a4xb5s']
[2022-04-01 20:56:53,942] {standard_task_runner.py:77} INFO - Job 147: Subtask download_dataset
[2022-04-01 20:56:53,972] {logging_mixin.py:109} INFO - Running <TaskInstance: divvybikes_elt_pipeline.download_dataset 2021-03-01T00:00:00+00:00 [running]> on host b399ffa6f3b6
[2022-04-01 20:56:54,013] {taskinstance.py:1253} INFO - Exporting the following env vars:
AIRFLOW_CTX_DAG_OWNER=***
AIRFLOW_CTX_DAG_ID=divvybikes_elt_pipeline
AIRFLOW_CTX_TASK_ID=download_dataset
AIRFLOW_CTX_EXECUTION_DATE=2021-03-01T00:00:00+00:00
AIRFLOW_CTX_DAG_RUN_ID=backfill__2021-03-01T00:00:00+00:00
[2022-04-01 20:56:54,014] {subprocess.py:52} INFO - Tmp dir root location: 
 /tmp
[2022-04-01 20:56:54,015] {subprocess.py:63} INFO - Running command: ['bash', '-c', 'curl -sSL https://divvy-tripdata.s3.amazonaws.com/202103-divvy-tripdata.zip > /opt/***/dags/datasets/202103-divvy-tripdata.zip']
[2022-04-01 20:56:54,021] {subprocess.py:74} INFO - Output:
[2022-04-01 20:57:01,328] {subprocess.py:82} INFO - Command exited with return code 0
[2022-04-01 20:57:01,351] {taskinstance.py:1218} INFO - Marking task as SUCCESS. dag_id=divvybikes_elt_pipeline, task_id=download_dataset, execution_date=20210301T000000, start_date=20220401T205653, end_date=20220401T205701
[2022-04-01 20:57:01,373] {local_task_job.py:151} INFO - Task exited with return code 0
[2022-04-01 20:57:01,394] {local_task_job.py:261} INFO - 0 downstream tasks scheduled from follow-on schedule check
