[2022-04-08 02:27:01,153] {taskinstance.py:903} INFO - Dependencies all met for <TaskInstance: divvybikes_elt_pipeline.upload_to_gcs_task 2021-12-01T00:00:00+00:00 [None]>
[2022-04-08 02:27:01,167] {taskinstance.py:903} INFO - Dependencies all met for <TaskInstance: divvybikes_elt_pipeline.upload_to_gcs_task 2021-12-01T00:00:00+00:00 [None]>
[2022-04-08 02:27:01,167] {taskinstance.py:1094} INFO - 
--------------------------------------------------------------------------------
[2022-04-08 02:27:01,167] {taskinstance.py:1095} INFO - Starting attempt 1 of 2
[2022-04-08 02:27:01,167] {taskinstance.py:1096} INFO - 
--------------------------------------------------------------------------------
[2022-04-08 02:27:01,175] {taskinstance.py:1114} INFO - Executing <Task(PythonOperator): upload_to_gcs_task> on 2021-12-01T00:00:00+00:00
[2022-04-08 02:27:01,179] {standard_task_runner.py:52} INFO - Started process 18714 to run task
[2022-04-08 02:27:01,182] {standard_task_runner.py:76} INFO - Running: ['***', 'tasks', 'run', 'divvybikes_elt_pipeline', 'upload_to_gcs_task', '2021-12-01T00:00:00+00:00', '--job-id', '284', '--pool', 'default_pool', '--raw', '--subdir', 'DAGS_FOLDER/extract_load.py', '--cfg-path', '/tmp/tmpr50nvvuv', '--error-file', '/tmp/tmpqc2p3i3g']
[2022-04-08 02:27:01,184] {standard_task_runner.py:77} INFO - Job 284: Subtask upload_to_gcs_task
[2022-04-08 02:27:01,216] {logging_mixin.py:109} INFO - Running <TaskInstance: divvybikes_elt_pipeline.upload_to_gcs_task 2021-12-01T00:00:00+00:00 [running]> on host afa4c4c5de3b
[2022-04-08 02:27:01,259] {taskinstance.py:1253} INFO - Exporting the following env vars:
AIRFLOW_CTX_DAG_OWNER=***
AIRFLOW_CTX_DAG_ID=divvybikes_elt_pipeline
AIRFLOW_CTX_TASK_ID=upload_to_gcs_task
AIRFLOW_CTX_EXECUTION_DATE=2021-12-01T00:00:00+00:00
AIRFLOW_CTX_DAG_RUN_ID=backfill__2021-12-01T00:00:00+00:00
[2022-04-08 02:27:23,720] {python.py:151} INFO - Done. Returned value was: None
[2022-04-08 02:27:23,729] {taskinstance.py:1218} INFO - Marking task as SUCCESS. dag_id=divvybikes_elt_pipeline, task_id=upload_to_gcs_task, execution_date=20211201T000000, start_date=20220408T022701, end_date=20220408T022723
[2022-04-08 02:27:23,775] {local_task_job.py:151} INFO - Task exited with return code 0
[2022-04-08 02:27:23,798] {local_task_job.py:261} INFO - 1 downstream tasks scheduled from follow-on schedule check
