[2022-04-08 14:22:14,932] {taskinstance.py:903} INFO - Dependencies all met for <TaskInstance: divvybikes_station_map_upload.gcs_map_to_external_table_Task 2022-03-01T00:00:00+00:00 [queued]>
[2022-04-08 14:22:14,943] {taskinstance.py:903} INFO - Dependencies all met for <TaskInstance: divvybikes_station_map_upload.gcs_map_to_external_table_Task 2022-03-01T00:00:00+00:00 [queued]>
[2022-04-08 14:22:14,943] {taskinstance.py:1094} INFO - 
--------------------------------------------------------------------------------
[2022-04-08 14:22:14,943] {taskinstance.py:1095} INFO - Starting attempt 8 of 9
[2022-04-08 14:22:14,944] {taskinstance.py:1096} INFO - 
--------------------------------------------------------------------------------
[2022-04-08 14:22:14,950] {taskinstance.py:1114} INFO - Executing <Task(BigQueryCreateExternalTableOperator): gcs_map_to_external_table_Task> on 2022-03-01T00:00:00+00:00
[2022-04-08 14:22:14,954] {standard_task_runner.py:52} INFO - Started process 8668 to run task
[2022-04-08 14:22:14,957] {standard_task_runner.py:76} INFO - Running: ['***', 'tasks', 'run', 'divvybikes_station_map_upload', 'gcs_map_to_external_table_Task', '2022-03-01T00:00:00+00:00', '--job-id', '293', '--pool', 'default_pool', '--raw', '--subdir', 'DAGS_FOLDER/map_to_bq.py', '--cfg-path', '/tmp/tmpfuby0717', '--error-file', '/tmp/tmp_i1il8r6']
[2022-04-08 14:22:14,958] {standard_task_runner.py:77} INFO - Job 293: Subtask gcs_map_to_external_table_Task
[2022-04-08 14:22:14,988] {logging_mixin.py:109} INFO - Running <TaskInstance: divvybikes_station_map_upload.gcs_map_to_external_table_Task 2022-03-01T00:00:00+00:00 [running]> on host afa4c4c5de3b
[2022-04-08 14:22:15,023] {taskinstance.py:1253} INFO - Exporting the following env vars:
AIRFLOW_CTX_DAG_OWNER=***
AIRFLOW_CTX_DAG_ID=divvybikes_station_map_upload
AIRFLOW_CTX_TASK_ID=gcs_map_to_external_table_Task
AIRFLOW_CTX_EXECUTION_DATE=2022-03-01T00:00:00+00:00
AIRFLOW_CTX_DAG_RUN_ID=scheduled__2022-03-01T00:00:00+00:00
[2022-04-08 14:22:15,025] {crypto.py:82} WARNING - empty cryptography key - values will not be stored encrypted.
[2022-04-08 14:22:15,034] {logging_mixin.py:109} WARNING - /home/***/.local/lib/python3.6/site-packages/***/providers/google/cloud/hooks/bigquery.py:637 DeprecationWarning: This method is deprecated. Please use `BigQueryHook.create_empty_table` method withpass passing the `table_resource` object. This gives more flexibility than this method.
[2022-04-08 14:22:15,034] {bigquery.py:700} INFO - Creating external table: sturdy-dogfish-344515.divvybikes_data_all.station_map_dim_table
[2022-04-08 14:22:15,603] {bigquery.py:704} INFO - External table created successfully: sturdy-dogfish-344515.divvybikes_data_all.station_map_dim_table
[2022-04-08 14:22:15,616] {taskinstance.py:1218} INFO - Marking task as SUCCESS. dag_id=divvybikes_station_map_upload, task_id=gcs_map_to_external_table_Task, execution_date=20220301T000000, start_date=20220408T142214, end_date=20220408T142215
[2022-04-08 14:22:15,651] {local_task_job.py:151} INFO - Task exited with return code 0
[2022-04-08 14:22:15,671] {local_task_job.py:261} INFO - 0 downstream tasks scheduled from follow-on schedule check
