[2022-04-11 20:07:47,125] {taskinstance.py:903} INFO - Dependencies all met for <TaskInstance: divvybikes_elt_pipeline.create_weekly_trips_model 2022-02-01T00:00:00+00:00 [None]>
[2022-04-11 20:07:47,144] {taskinstance.py:903} INFO - Dependencies all met for <TaskInstance: divvybikes_elt_pipeline.create_weekly_trips_model 2022-02-01T00:00:00+00:00 [None]>
[2022-04-11 20:07:47,144] {taskinstance.py:1094} INFO - 
--------------------------------------------------------------------------------
[2022-04-11 20:07:47,144] {taskinstance.py:1095} INFO - Starting attempt 20 of 21
[2022-04-11 20:07:47,144] {taskinstance.py:1096} INFO - 
--------------------------------------------------------------------------------
[2022-04-11 20:07:47,154] {taskinstance.py:1114} INFO - Executing <Task(BigQueryInsertJobOperator): create_weekly_trips_model> on 2022-02-01T00:00:00+00:00
[2022-04-11 20:07:47,158] {standard_task_runner.py:52} INFO - Started process 5847 to run task
[2022-04-11 20:07:47,162] {standard_task_runner.py:76} INFO - Running: ['***', 'tasks', 'run', 'divvybikes_elt_pipeline', 'create_weekly_trips_model', '2022-02-01T00:00:00+00:00', '--job-id', '346', '--pool', 'default_pool', '--raw', '--subdir', 'DAGS_FOLDER/extract_load.py', '--cfg-path', '/tmp/tmpj7_xgank', '--error-file', '/tmp/tmpf29qudxo']
[2022-04-11 20:07:47,165] {standard_task_runner.py:77} INFO - Job 346: Subtask create_weekly_trips_model
[2022-04-11 20:07:47,206] {logging_mixin.py:109} INFO - Running <TaskInstance: divvybikes_elt_pipeline.create_weekly_trips_model 2022-02-01T00:00:00+00:00 [running]> on host afa4c4c5de3b
[2022-04-11 20:07:47,252] {taskinstance.py:1253} INFO - Exporting the following env vars:
AIRFLOW_CTX_DAG_OWNER=***
AIRFLOW_CTX_DAG_ID=divvybikes_elt_pipeline
AIRFLOW_CTX_TASK_ID=create_weekly_trips_model
AIRFLOW_CTX_EXECUTION_DATE=2022-02-01T00:00:00+00:00
AIRFLOW_CTX_DAG_RUN_ID=backfill__2022-02-01T00:00:00+00:00
[2022-04-11 20:07:47,254] {crypto.py:82} WARNING - empty cryptography key - values will not be stored encrypted.
[2022-04-11 20:07:47,261] {bigquery.py:1638} INFO - Inserting job ***_divvybikes_elt_pipeline_create_weekly_trips_model_2022_02_01T00_00_00_00_00_32789c790855795217d5351b11687b19
[2022-04-11 20:07:50,336] {taskinstance.py:1218} INFO - Marking task as SUCCESS. dag_id=divvybikes_elt_pipeline, task_id=create_weekly_trips_model, execution_date=20220201T000000, start_date=20220411T200747, end_date=20220411T200750
[2022-04-11 20:07:50,385] {local_task_job.py:151} INFO - Task exited with return code 0
[2022-04-11 20:07:50,404] {local_task_job.py:261} INFO - 0 downstream tasks scheduled from follow-on schedule check
[2022-04-11 20:07:50,420] {dagrun.py:486} WARNING - Failed to get task '<TaskInstance: divvybikes_elt_pipeline.bq_staging_table_task 2022-02-01 00:00:00+00:00 [removed]>' for dag 'divvybikes_elt_pipeline'. Marking it as removed.
[2022-04-11 20:07:50,422] {dagrun.py:486} WARNING - Failed to get task '<TaskInstance: divvybikes_elt_pipeline.create_s3_connection 2022-02-01 00:00:00+00:00 [removed]>' for dag 'divvybikes_elt_pipeline'. Marking it as removed.
[2022-04-11 20:07:50,422] {dagrun.py:486} WARNING - Failed to get task '<TaskInstance: divvybikes_elt_pipeline.upload_file_to_s3 2022-02-01 00:00:00+00:00 [removed]>' for dag 'divvybikes_elt_pipeline'. Marking it as removed.
[2022-04-11 20:07:50,422] {dagrun.py:434} INFO - Marking run <DagRun divvybikes_elt_pipeline @ 2022-02-01 00:00:00+00:00: backfill__2022-02-01T00:00:00+00:00, externally triggered: False> successful
[2022-04-11 20:07:50,425] {dagrun.py:604} WARNING - Failed to record duration of <DagRun divvybikes_elt_pipeline @ 2022-02-01 00:00:00+00:00: backfill__2022-02-01T00:00:00+00:00, externally triggered: False>: start_date is not set.
