[2022-04-07 00:57:37,118] {taskinstance.py:903} INFO - Dependencies all met for <TaskInstance: divvybikes_elt_pipeline.upload_to_gcs_task 2022-01-01T00:00:00+00:00 [None]>
[2022-04-07 00:57:37,126] {taskinstance.py:903} INFO - Dependencies all met for <TaskInstance: divvybikes_elt_pipeline.upload_to_gcs_task 2022-01-01T00:00:00+00:00 [None]>
[2022-04-07 00:57:37,126] {taskinstance.py:1094} INFO - 
--------------------------------------------------------------------------------
[2022-04-07 00:57:37,126] {taskinstance.py:1095} INFO - Starting attempt 1 of 2
[2022-04-07 00:57:37,126] {taskinstance.py:1096} INFO - 
--------------------------------------------------------------------------------
[2022-04-07 00:57:37,137] {taskinstance.py:1114} INFO - Executing <Task(PythonOperator): upload_to_gcs_task> on 2022-01-01T00:00:00+00:00
[2022-04-07 00:57:37,141] {standard_task_runner.py:52} INFO - Started process 1588 to run task
[2022-04-07 00:57:37,144] {standard_task_runner.py:76} INFO - Running: ['***', 'tasks', 'run', 'divvybikes_elt_pipeline', 'upload_to_gcs_task', '2022-01-01T00:00:00+00:00', '--job-id', '255', '--pool', 'default_pool', '--raw', '--subdir', 'DAGS_FOLDER/extract_load.py', '--cfg-path', '/tmp/tmp9sndsf8l', '--error-file', '/tmp/tmpfhc2k3i_']
[2022-04-07 00:57:37,145] {standard_task_runner.py:77} INFO - Job 255: Subtask upload_to_gcs_task
[2022-04-07 00:57:37,175] {logging_mixin.py:109} INFO - Running <TaskInstance: divvybikes_elt_pipeline.upload_to_gcs_task 2022-01-01T00:00:00+00:00 [running]> on host afa4c4c5de3b
[2022-04-07 00:57:37,214] {taskinstance.py:1253} INFO - Exporting the following env vars:
AIRFLOW_CTX_DAG_OWNER=***
AIRFLOW_CTX_DAG_ID=divvybikes_elt_pipeline
AIRFLOW_CTX_TASK_ID=upload_to_gcs_task
AIRFLOW_CTX_EXECUTION_DATE=2022-01-01T00:00:00+00:00
AIRFLOW_CTX_DAG_RUN_ID=backfill__2022-01-01T00:00:00+00:00
[2022-04-07 00:57:44,653] {python.py:151} INFO - Done. Returned value was: None
[2022-04-07 00:57:44,662] {taskinstance.py:1218} INFO - Marking task as SUCCESS. dag_id=divvybikes_elt_pipeline, task_id=upload_to_gcs_task, execution_date=20220101T000000, start_date=20220407T005737, end_date=20220407T005744
[2022-04-07 00:57:44,690] {local_task_job.py:151} INFO - Task exited with return code 0
[2022-04-07 00:57:44,708] {local_task_job.py:261} INFO - 1 downstream tasks scheduled from follow-on schedule check
[2022-04-07 00:57:44,721] {dagrun.py:486} WARNING - Failed to get task '<TaskInstance: divvybikes_elt_pipeline.create_s3_connection 2022-01-01 00:00:00+00:00 [removed]>' for dag 'divvybikes_elt_pipeline'. Marking it as removed.
[2022-04-07 00:57:44,723] {dagrun.py:486} WARNING - Failed to get task '<TaskInstance: divvybikes_elt_pipeline.upload_file_to_s3 2022-01-01 00:00:00+00:00 [removed]>' for dag 'divvybikes_elt_pipeline'. Marking it as removed.
