[2022-04-08 02:24:22,269] {taskinstance.py:903} INFO - Dependencies all met for <TaskInstance: divvybikes_station_map_upload.download_station_map 2022-03-01T00:00:00+00:00 [queued]>
[2022-04-08 02:24:22,290] {taskinstance.py:903} INFO - Dependencies all met for <TaskInstance: divvybikes_station_map_upload.download_station_map 2022-03-01T00:00:00+00:00 [queued]>
[2022-04-08 02:24:22,290] {taskinstance.py:1094} INFO - 
--------------------------------------------------------------------------------
[2022-04-08 02:24:22,291] {taskinstance.py:1095} INFO - Starting attempt 1 of 2
[2022-04-08 02:24:22,291] {taskinstance.py:1096} INFO - 
--------------------------------------------------------------------------------
[2022-04-08 02:24:22,304] {taskinstance.py:1114} INFO - Executing <Task(PythonOperator): download_station_map> on 2022-03-01T00:00:00+00:00
[2022-04-08 02:24:22,309] {standard_task_runner.py:52} INFO - Started process 18403 to run task
[2022-04-08 02:24:22,313] {standard_task_runner.py:76} INFO - Running: ['***', 'tasks', 'run', 'divvybikes_station_map_upload', 'download_station_map', '2022-03-01T00:00:00+00:00', '--job-id', '278', '--pool', 'default_pool', '--raw', '--subdir', 'DAGS_FOLDER/map_to_bq.py', '--cfg-path', '/tmp/tmpw8s78h6z', '--error-file', '/tmp/tmp0fu009ez']
[2022-04-08 02:24:22,315] {standard_task_runner.py:77} INFO - Job 278: Subtask download_station_map
[2022-04-08 02:24:22,362] {logging_mixin.py:109} INFO - Running <TaskInstance: divvybikes_station_map_upload.download_station_map 2022-03-01T00:00:00+00:00 [running]> on host afa4c4c5de3b
[2022-04-08 02:24:22,428] {taskinstance.py:1253} INFO - Exporting the following env vars:
AIRFLOW_CTX_DAG_OWNER=***
AIRFLOW_CTX_DAG_ID=divvybikes_station_map_upload
AIRFLOW_CTX_TASK_ID=download_station_map
AIRFLOW_CTX_EXECUTION_DATE=2022-03-01T00:00:00+00:00
AIRFLOW_CTX_DAG_RUN_ID=scheduled__2022-03-01T00:00:00+00:00
[2022-04-08 02:24:23,387] {python.py:151} INFO - Done. Returned value was: /opt/***/dags/datasets/Divvy_Bicycle_Stations_-_All_-_Map.csv
[2022-04-08 02:24:23,408] {taskinstance.py:1218} INFO - Marking task as SUCCESS. dag_id=divvybikes_station_map_upload, task_id=download_station_map, execution_date=20220301T000000, start_date=20220408T022422, end_date=20220408T022423
[2022-04-08 02:24:23,450] {local_task_job.py:151} INFO - Task exited with return code 0
[2022-04-08 02:24:23,486] {local_task_job.py:261} INFO - 1 downstream tasks scheduled from follow-on schedule check
