[2022-04-01 21:18:30,572] {taskinstance.py:903} INFO - Dependencies all met for <TaskInstance: divvybikes_elt_pipeline.download_dataset 2022-02-01T00:00:00+00:00 [queued]>
[2022-04-01 21:18:30,592] {taskinstance.py:903} INFO - Dependencies all met for <TaskInstance: divvybikes_elt_pipeline.download_dataset 2022-02-01T00:00:00+00:00 [queued]>
[2022-04-01 21:18:30,592] {taskinstance.py:1094} INFO - 
--------------------------------------------------------------------------------
[2022-04-01 21:18:30,592] {taskinstance.py:1095} INFO - Starting attempt 1 of 2
[2022-04-01 21:18:30,592] {taskinstance.py:1096} INFO - 
--------------------------------------------------------------------------------
[2022-04-01 21:18:30,598] {taskinstance.py:1114} INFO - Executing <Task(BashOperator): download_dataset> on 2022-02-01T00:00:00+00:00
[2022-04-01 21:18:30,602] {standard_task_runner.py:52} INFO - Started process 5422 to run task
[2022-04-01 21:18:30,604] {standard_task_runner.py:76} INFO - Running: ['***', 'tasks', 'run', 'divvybikes_elt_pipeline', 'download_dataset', '2022-02-01T00:00:00+00:00', '--job-id', '213', '--pool', 'default_pool', '--raw', '--subdir', 'DAGS_FOLDER/extract_load.py', '--cfg-path', '/tmp/tmp2eh2i62u', '--error-file', '/tmp/tmp3tr0cuca']
[2022-04-01 21:18:30,605] {standard_task_runner.py:77} INFO - Job 213: Subtask download_dataset
[2022-04-01 21:18:30,635] {logging_mixin.py:109} INFO - Running <TaskInstance: divvybikes_elt_pipeline.download_dataset 2022-02-01T00:00:00+00:00 [running]> on host b399ffa6f3b6
[2022-04-01 21:18:30,674] {taskinstance.py:1253} INFO - Exporting the following env vars:
AIRFLOW_CTX_DAG_OWNER=***
AIRFLOW_CTX_DAG_ID=divvybikes_elt_pipeline
AIRFLOW_CTX_TASK_ID=download_dataset
AIRFLOW_CTX_EXECUTION_DATE=2022-02-01T00:00:00+00:00
AIRFLOW_CTX_DAG_RUN_ID=backfill__2022-02-01T00:00:00+00:00
[2022-04-01 21:18:30,675] {subprocess.py:52} INFO - Tmp dir root location: 
 /tmp
[2022-04-01 21:18:30,676] {subprocess.py:63} INFO - Running command: ['bash', '-c', 'curl -sSL https://divvy-tripdata.s3.amazonaws.com/202202-divvy-tripdata.zip > /opt/***/dags/datasets/202202-divvy-tripdata.zip']
[2022-04-01 21:18:30,683] {subprocess.py:74} INFO - Output:
[2022-04-01 21:18:34,957] {subprocess.py:82} INFO - Command exited with return code 0
[2022-04-01 21:18:34,978] {taskinstance.py:1218} INFO - Marking task as SUCCESS. dag_id=divvybikes_elt_pipeline, task_id=download_dataset, execution_date=20220201T000000, start_date=20220401T211830, end_date=20220401T211834
[2022-04-01 21:18:35,031] {local_task_job.py:151} INFO - Task exited with return code 0
[2022-04-01 21:18:35,048] {local_task_job.py:261} INFO - 0 downstream tasks scheduled from follow-on schedule check
