[2022-04-05 02:26:21,377] {taskinstance.py:903} INFO - Dependencies all met for <TaskInstance: divvybikes_elt_pipeline.download_dataset 2022-02-01T00:00:00+00:00 [None]>
[2022-04-05 02:26:21,395] {taskinstance.py:903} INFO - Dependencies all met for <TaskInstance: divvybikes_elt_pipeline.download_dataset 2022-02-01T00:00:00+00:00 [None]>
[2022-04-05 02:26:21,395] {taskinstance.py:1094} INFO - 
--------------------------------------------------------------------------------
[2022-04-05 02:26:21,396] {taskinstance.py:1095} INFO - Starting attempt 2 of 3
[2022-04-05 02:26:21,396] {taskinstance.py:1096} INFO - 
--------------------------------------------------------------------------------
[2022-04-05 02:26:21,402] {taskinstance.py:1114} INFO - Executing <Task(BashOperator): download_dataset> on 2022-02-01T00:00:00+00:00
[2022-04-05 02:26:21,407] {standard_task_runner.py:52} INFO - Started process 6368 to run task
[2022-04-05 02:26:21,410] {standard_task_runner.py:76} INFO - Running: ['***', 'tasks', 'run', 'divvybikes_elt_pipeline', 'download_dataset', '2022-02-01T00:00:00+00:00', '--job-id', '228', '--pool', 'default_pool', '--raw', '--subdir', 'DAGS_FOLDER/extract_load.py', '--cfg-path', '/tmp/tmpfwj3022z', '--error-file', '/tmp/tmp6jhnftjm']
[2022-04-05 02:26:21,412] {standard_task_runner.py:77} INFO - Job 228: Subtask download_dataset
[2022-04-05 02:26:21,442] {logging_mixin.py:109} INFO - Running <TaskInstance: divvybikes_elt_pipeline.download_dataset 2022-02-01T00:00:00+00:00 [running]> on host cb4014871cd0
[2022-04-05 02:26:21,485] {taskinstance.py:1253} INFO - Exporting the following env vars:
AIRFLOW_CTX_DAG_OWNER=***
AIRFLOW_CTX_DAG_ID=divvybikes_elt_pipeline
AIRFLOW_CTX_TASK_ID=download_dataset
AIRFLOW_CTX_EXECUTION_DATE=2022-02-01T00:00:00+00:00
AIRFLOW_CTX_DAG_RUN_ID=backfill__2022-02-01T00:00:00+00:00
[2022-04-05 02:26:21,487] {subprocess.py:52} INFO - Tmp dir root location: 
 /tmp
[2022-04-05 02:26:21,487] {subprocess.py:63} INFO - Running command: ['bash', '-c', 'curl -sSL https://divvy-tripdata.s3.amazonaws.com/202202-divvy-tripdata.zip > /opt/***/dags/datasets/202202-divvy-tripdata.zip']
[2022-04-05 02:26:21,495] {subprocess.py:74} INFO - Output:
[2022-04-05 02:26:25,742] {subprocess.py:82} INFO - Command exited with return code 0
[2022-04-05 02:26:25,762] {taskinstance.py:1218} INFO - Marking task as SUCCESS. dag_id=divvybikes_elt_pipeline, task_id=download_dataset, execution_date=20220201T000000, start_date=20220405T022621, end_date=20220405T022625
[2022-04-05 02:26:25,796] {local_task_job.py:151} INFO - Task exited with return code 0
[2022-04-05 02:26:25,822] {local_task_job.py:261} INFO - 1 downstream tasks scheduled from follow-on schedule check
