[2022-04-01 21:19:20,628] {taskinstance.py:903} INFO - Dependencies all met for <TaskInstance: divvybikes_elt_pipeline.remove_downloaded_files 2022-02-01T00:00:00+00:00 [queued]>
[2022-04-01 21:19:20,647] {taskinstance.py:903} INFO - Dependencies all met for <TaskInstance: divvybikes_elt_pipeline.remove_downloaded_files 2022-02-01T00:00:00+00:00 [queued]>
[2022-04-01 21:19:20,647] {taskinstance.py:1094} INFO - 
--------------------------------------------------------------------------------
[2022-04-01 21:19:20,648] {taskinstance.py:1095} INFO - Starting attempt 1 of 2
[2022-04-01 21:19:20,648] {taskinstance.py:1096} INFO - 
--------------------------------------------------------------------------------
[2022-04-01 21:19:20,654] {taskinstance.py:1114} INFO - Executing <Task(BashOperator): remove_downloaded_files> on 2022-02-01T00:00:00+00:00
[2022-04-01 21:19:20,658] {standard_task_runner.py:52} INFO - Started process 5537 to run task
[2022-04-01 21:19:20,660] {standard_task_runner.py:76} INFO - Running: ['***', 'tasks', 'run', 'divvybikes_elt_pipeline', 'remove_downloaded_files', '2022-02-01T00:00:00+00:00', '--job-id', '217', '--pool', 'default_pool', '--raw', '--subdir', 'DAGS_FOLDER/extract_load.py', '--cfg-path', '/tmp/tmp7feonndd', '--error-file', '/tmp/tmpa2ph9q9d']
[2022-04-01 21:19:20,661] {standard_task_runner.py:77} INFO - Job 217: Subtask remove_downloaded_files
[2022-04-01 21:19:20,690] {logging_mixin.py:109} INFO - Running <TaskInstance: divvybikes_elt_pipeline.remove_downloaded_files 2022-02-01T00:00:00+00:00 [running]> on host b399ffa6f3b6
[2022-04-01 21:19:20,730] {taskinstance.py:1253} INFO - Exporting the following env vars:
AIRFLOW_CTX_DAG_OWNER=***
AIRFLOW_CTX_DAG_ID=divvybikes_elt_pipeline
AIRFLOW_CTX_TASK_ID=remove_downloaded_files
AIRFLOW_CTX_EXECUTION_DATE=2022-02-01T00:00:00+00:00
AIRFLOW_CTX_DAG_RUN_ID=backfill__2022-02-01T00:00:00+00:00
[2022-04-01 21:19:20,732] {subprocess.py:52} INFO - Tmp dir root location: 
 /tmp
[2022-04-01 21:19:20,732] {subprocess.py:63} INFO - Running command: ['bash', '-c', 'rm -f /opt/***/dags/datasets/202202-divvy-tripdata.csv /opt/***/dags/datasets/202202-divvy-tripdata.parquet /opt/***/dags/datasets/202202-divvy-tripdata.zip']
[2022-04-01 21:19:20,739] {subprocess.py:74} INFO - Output:
[2022-04-01 21:19:20,745] {subprocess.py:82} INFO - Command exited with return code 0
[2022-04-01 21:19:20,766] {taskinstance.py:1218} INFO - Marking task as SUCCESS. dag_id=divvybikes_elt_pipeline, task_id=remove_downloaded_files, execution_date=20220201T000000, start_date=20220401T211920, end_date=20220401T211920
[2022-04-01 21:19:20,793] {local_task_job.py:151} INFO - Task exited with return code 0
[2022-04-01 21:19:20,812] {local_task_job.py:261} INFO - 0 downstream tasks scheduled from follow-on schedule check
