[2022-04-01 20:49:47,216] {taskinstance.py:903} INFO - Dependencies all met for <TaskInstance: divvybikes_elt_pipeline.remove_downloaded_files 2020-09-01T00:00:00+00:00 [queued]>
[2022-04-01 20:49:47,235] {taskinstance.py:903} INFO - Dependencies all met for <TaskInstance: divvybikes_elt_pipeline.remove_downloaded_files 2020-09-01T00:00:00+00:00 [queued]>
[2022-04-01 20:49:47,235] {taskinstance.py:1094} INFO - 
--------------------------------------------------------------------------------
[2022-04-01 20:49:47,235] {taskinstance.py:1095} INFO - Starting attempt 1 of 2
[2022-04-01 20:49:47,235] {taskinstance.py:1096} INFO - 
--------------------------------------------------------------------------------
[2022-04-01 20:49:47,242] {taskinstance.py:1114} INFO - Executing <Task(BashOperator): remove_downloaded_files> on 2020-09-01T00:00:00+00:00
[2022-04-01 20:49:47,246] {standard_task_runner.py:52} INFO - Started process 1780 to run task
[2022-04-01 20:49:47,248] {standard_task_runner.py:76} INFO - Running: ['***', 'tasks', 'run', 'divvybikes_elt_pipeline', 'remove_downloaded_files', '2020-09-01T00:00:00+00:00', '--job-id', '115', '--pool', 'default_pool', '--raw', '--subdir', 'DAGS_FOLDER/extract_load.py', '--cfg-path', '/tmp/tmp0q1ipf6c', '--error-file', '/tmp/tmp2hznkko4']
[2022-04-01 20:49:47,249] {standard_task_runner.py:77} INFO - Job 115: Subtask remove_downloaded_files
[2022-04-01 20:49:47,279] {logging_mixin.py:109} INFO - Running <TaskInstance: divvybikes_elt_pipeline.remove_downloaded_files 2020-09-01T00:00:00+00:00 [running]> on host b399ffa6f3b6
[2022-04-01 20:49:47,325] {taskinstance.py:1253} INFO - Exporting the following env vars:
AIRFLOW_CTX_DAG_OWNER=***
AIRFLOW_CTX_DAG_ID=divvybikes_elt_pipeline
AIRFLOW_CTX_TASK_ID=remove_downloaded_files
AIRFLOW_CTX_EXECUTION_DATE=2020-09-01T00:00:00+00:00
AIRFLOW_CTX_DAG_RUN_ID=backfill__2020-09-01T00:00:00+00:00
[2022-04-01 20:49:47,326] {subprocess.py:52} INFO - Tmp dir root location: 
 /tmp
[2022-04-01 20:49:47,327] {subprocess.py:63} INFO - Running command: ['bash', '-c', 'rm -f /opt/***/dags/datasets/202009-divvy-tripdata.csv /opt/***/dags/datasets/202009-divvy-tripdata.parquet /opt/***/dags/datasets/202009-divvy-tripdata.zip']
[2022-04-01 20:49:47,333] {subprocess.py:74} INFO - Output:
[2022-04-01 20:49:47,348] {subprocess.py:82} INFO - Command exited with return code 0
[2022-04-01 20:49:47,368] {taskinstance.py:1218} INFO - Marking task as SUCCESS. dag_id=divvybikes_elt_pipeline, task_id=remove_downloaded_files, execution_date=20200901T000000, start_date=20220401T204947, end_date=20220401T204947
[2022-04-01 20:49:47,421] {local_task_job.py:151} INFO - Task exited with return code 0
[2022-04-01 20:49:47,440] {local_task_job.py:261} INFO - 0 downstream tasks scheduled from follow-on schedule check
