[2022-04-11 20:28:13,946] {taskinstance.py:903} INFO - Dependencies all met for <TaskInstance: divvybikes_elt_pipeline.upload_to_gcs_task 2022-03-01T00:00:00+00:00 [queued]>
[2022-04-11 20:28:13,954] {taskinstance.py:903} INFO - Dependencies all met for <TaskInstance: divvybikes_elt_pipeline.upload_to_gcs_task 2022-03-01T00:00:00+00:00 [queued]>
[2022-04-11 20:28:13,954] {taskinstance.py:1094} INFO - 
--------------------------------------------------------------------------------
[2022-04-11 20:28:13,954] {taskinstance.py:1095} INFO - Starting attempt 1 of 2
[2022-04-11 20:28:13,954] {taskinstance.py:1096} INFO - 
--------------------------------------------------------------------------------
[2022-04-11 20:28:13,964] {taskinstance.py:1114} INFO - Executing <Task(PythonOperator): upload_to_gcs_task> on 2022-03-01T00:00:00+00:00
[2022-04-11 20:28:13,968] {standard_task_runner.py:52} INFO - Started process 305 to run task
[2022-04-11 20:28:13,971] {standard_task_runner.py:76} INFO - Running: ['***', 'tasks', 'run', 'divvybikes_elt_pipeline', 'upload_to_gcs_task', '2022-03-01T00:00:00+00:00', '--job-id', '358', '--pool', 'default_pool', '--raw', '--subdir', 'DAGS_FOLDER/extract_load.py', '--cfg-path', '/tmp/tmp9tcbya19', '--error-file', '/tmp/tmp80m8zcws']
[2022-04-11 20:28:13,972] {standard_task_runner.py:77} INFO - Job 358: Subtask upload_to_gcs_task
[2022-04-11 20:28:14,003] {logging_mixin.py:109} INFO - Running <TaskInstance: divvybikes_elt_pipeline.upload_to_gcs_task 2022-03-01T00:00:00+00:00 [running]> on host afa4c4c5de3b
[2022-04-11 20:28:14,041] {taskinstance.py:1253} INFO - Exporting the following env vars:
AIRFLOW_CTX_DAG_OWNER=***
AIRFLOW_CTX_DAG_ID=divvybikes_elt_pipeline
AIRFLOW_CTX_TASK_ID=upload_to_gcs_task
AIRFLOW_CTX_EXECUTION_DATE=2022-03-01T00:00:00+00:00
AIRFLOW_CTX_DAG_RUN_ID=scheduled__2022-03-01T00:00:00+00:00
[2022-04-11 20:28:32,458] {python.py:151} INFO - Done. Returned value was: None
[2022-04-11 20:28:32,466] {taskinstance.py:1218} INFO - Marking task as SUCCESS. dag_id=divvybikes_elt_pipeline, task_id=upload_to_gcs_task, execution_date=20220301T000000, start_date=20220411T202813, end_date=20220411T202832
[2022-04-11 20:28:32,487] {local_task_job.py:151} INFO - Task exited with return code 0
[2022-04-11 20:28:32,504] {local_task_job.py:261} INFO - 1 downstream tasks scheduled from follow-on schedule check
