[2022-04-01 20:59:29,085] {taskinstance.py:903} INFO - Dependencies all met for <TaskInstance: divvybikes_elt_pipeline.remove_downloaded_files 2021-04-01T00:00:00+00:00 [queued]>
[2022-04-01 20:59:29,108] {taskinstance.py:903} INFO - Dependencies all met for <TaskInstance: divvybikes_elt_pipeline.remove_downloaded_files 2021-04-01T00:00:00+00:00 [queued]>
[2022-04-01 20:59:29,108] {taskinstance.py:1094} INFO - 
--------------------------------------------------------------------------------
[2022-04-01 20:59:29,108] {taskinstance.py:1095} INFO - Starting attempt 1 of 2
[2022-04-01 20:59:29,108] {taskinstance.py:1096} INFO - 
--------------------------------------------------------------------------------
[2022-04-01 20:59:29,116] {taskinstance.py:1114} INFO - Executing <Task(BashOperator): remove_downloaded_files> on 2021-04-01T00:00:00+00:00
[2022-04-01 20:59:29,120] {standard_task_runner.py:52} INFO - Started process 3064 to run task
[2022-04-01 20:59:29,123] {standard_task_runner.py:76} INFO - Running: ['***', 'tasks', 'run', 'divvybikes_elt_pipeline', 'remove_downloaded_files', '2021-04-01T00:00:00+00:00', '--job-id', '157', '--pool', 'default_pool', '--raw', '--subdir', 'DAGS_FOLDER/extract_load.py', '--cfg-path', '/tmp/tmphos05jwc', '--error-file', '/tmp/tmpdtlaqxty']
[2022-04-01 20:59:29,125] {standard_task_runner.py:77} INFO - Job 157: Subtask remove_downloaded_files
[2022-04-01 20:59:29,157] {logging_mixin.py:109} INFO - Running <TaskInstance: divvybikes_elt_pipeline.remove_downloaded_files 2021-04-01T00:00:00+00:00 [running]> on host b399ffa6f3b6
[2022-04-01 20:59:29,199] {taskinstance.py:1253} INFO - Exporting the following env vars:
AIRFLOW_CTX_DAG_OWNER=***
AIRFLOW_CTX_DAG_ID=divvybikes_elt_pipeline
AIRFLOW_CTX_TASK_ID=remove_downloaded_files
AIRFLOW_CTX_EXECUTION_DATE=2021-04-01T00:00:00+00:00
AIRFLOW_CTX_DAG_RUN_ID=backfill__2021-04-01T00:00:00+00:00
[2022-04-01 20:59:29,201] {subprocess.py:52} INFO - Tmp dir root location: 
 /tmp
[2022-04-01 20:59:29,201] {subprocess.py:63} INFO - Running command: ['bash', '-c', 'rm -f /opt/***/dags/datasets/202104-divvy-tripdata.csv /opt/***/dags/datasets/202104-divvy-tripdata.parquet /opt/***/dags/datasets/202104-divvy-tripdata.zip']
[2022-04-01 20:59:29,209] {subprocess.py:74} INFO - Output:
[2022-04-01 20:59:29,221] {subprocess.py:82} INFO - Command exited with return code 0
[2022-04-01 20:59:29,245] {taskinstance.py:1218} INFO - Marking task as SUCCESS. dag_id=divvybikes_elt_pipeline, task_id=remove_downloaded_files, execution_date=20210401T000000, start_date=20220401T205929, end_date=20220401T205929
[2022-04-01 20:59:29,298] {local_task_job.py:151} INFO - Task exited with return code 0
[2022-04-01 20:59:29,316] {local_task_job.py:261} INFO - 0 downstream tasks scheduled from follow-on schedule check
