[2022-04-07 00:56:26,751] {taskinstance.py:903} INFO - Dependencies all met for <TaskInstance: divvybikes_elt_pipeline.download_dataset 2022-01-01T00:00:00+00:00 [None]>
[2022-04-07 00:56:26,762] {taskinstance.py:903} INFO - Dependencies all met for <TaskInstance: divvybikes_elt_pipeline.download_dataset 2022-01-01T00:00:00+00:00 [None]>
[2022-04-07 00:56:26,762] {taskinstance.py:1094} INFO - 
--------------------------------------------------------------------------------
[2022-04-07 00:56:26,762] {taskinstance.py:1095} INFO - Starting attempt 2 of 3
[2022-04-07 00:56:26,762] {taskinstance.py:1096} INFO - 
--------------------------------------------------------------------------------
[2022-04-07 00:56:26,774] {taskinstance.py:1114} INFO - Executing <Task(BashOperator): download_dataset> on 2022-01-01T00:00:00+00:00
[2022-04-07 00:56:26,778] {standard_task_runner.py:52} INFO - Started process 1446 to run task
[2022-04-07 00:56:26,782] {standard_task_runner.py:76} INFO - Running: ['***', 'tasks', 'run', 'divvybikes_elt_pipeline', 'download_dataset', '2022-01-01T00:00:00+00:00', '--job-id', '252', '--pool', 'default_pool', '--raw', '--subdir', 'DAGS_FOLDER/extract_load.py', '--cfg-path', '/tmp/tmpnyi_do2r', '--error-file', '/tmp/tmpweq_uljn']
[2022-04-07 00:56:26,784] {standard_task_runner.py:77} INFO - Job 252: Subtask download_dataset
[2022-04-07 00:56:26,827] {logging_mixin.py:109} INFO - Running <TaskInstance: divvybikes_elt_pipeline.download_dataset 2022-01-01T00:00:00+00:00 [running]> on host afa4c4c5de3b
[2022-04-07 00:56:27,014] {taskinstance.py:1253} INFO - Exporting the following env vars:
AIRFLOW_CTX_DAG_OWNER=***
AIRFLOW_CTX_DAG_ID=divvybikes_elt_pipeline
AIRFLOW_CTX_TASK_ID=download_dataset
AIRFLOW_CTX_EXECUTION_DATE=2022-01-01T00:00:00+00:00
AIRFLOW_CTX_DAG_RUN_ID=backfill__2022-01-01T00:00:00+00:00
[2022-04-07 00:56:27,017] {subprocess.py:52} INFO - Tmp dir root location: 
 /tmp
[2022-04-07 00:56:27,018] {subprocess.py:63} INFO - Running command: ['bash', '-c', 'curl -sSL https://divvy-tripdata.s3.amazonaws.com/202201-divvy-tripdata.zip > /opt/***/dags/datasets/202201-divvy-tripdata.zip']
[2022-04-07 00:56:27,026] {subprocess.py:74} INFO - Output:
[2022-04-07 00:56:30,805] {subprocess.py:82} INFO - Command exited with return code 0
[2022-04-07 00:56:30,829] {taskinstance.py:1218} INFO - Marking task as SUCCESS. dag_id=divvybikes_elt_pipeline, task_id=download_dataset, execution_date=20220101T000000, start_date=20220407T005626, end_date=20220407T005630
[2022-04-07 00:56:30,849] {local_task_job.py:151} INFO - Task exited with return code 0
[2022-04-07 00:56:30,869] {local_task_job.py:261} INFO - 1 downstream tasks scheduled from follow-on schedule check
[2022-04-07 00:56:30,880] {dagrun.py:486} WARNING - Failed to get task '<TaskInstance: divvybikes_elt_pipeline.upload_file_to_s3 2022-01-01 00:00:00+00:00 [success]>' for dag 'divvybikes_elt_pipeline'. Marking it as removed.
[2022-04-07 00:56:30,883] {dagrun.py:486} WARNING - Failed to get task '<TaskInstance: divvybikes_elt_pipeline.create_s3_connection 2022-01-01 00:00:00+00:00 [success]>' for dag 'divvybikes_elt_pipeline'. Marking it as removed.
