[2022-04-01 21:12:25,191] {taskinstance.py:903} INFO - Dependencies all met for <TaskInstance: divvybikes_elt_pipeline.convert_file_to_parquet 2021-10-01T00:00:00+00:00 [queued]>
[2022-04-01 21:12:25,218] {taskinstance.py:903} INFO - Dependencies all met for <TaskInstance: divvybikes_elt_pipeline.convert_file_to_parquet 2021-10-01T00:00:00+00:00 [queued]>
[2022-04-01 21:12:25,218] {taskinstance.py:1094} INFO - 
--------------------------------------------------------------------------------
[2022-04-01 21:12:25,218] {taskinstance.py:1095} INFO - Starting attempt 1 of 2
[2022-04-01 21:12:25,218] {taskinstance.py:1096} INFO - 
--------------------------------------------------------------------------------
[2022-04-01 21:12:25,227] {taskinstance.py:1114} INFO - Executing <Task(PythonOperator): convert_file_to_parquet> on 2021-10-01T00:00:00+00:00
[2022-04-01 21:12:25,232] {standard_task_runner.py:52} INFO - Started process 4625 to run task
[2022-04-01 21:12:25,235] {standard_task_runner.py:76} INFO - Running: ['***', 'tasks', 'run', 'divvybikes_elt_pipeline', 'convert_file_to_parquet', '2021-10-01T00:00:00+00:00', '--job-id', '191', '--pool', 'default_pool', '--raw', '--subdir', 'DAGS_FOLDER/extract_load.py', '--cfg-path', '/tmp/tmpo5z5htwr', '--error-file', '/tmp/tmpc55ngwih']
[2022-04-01 21:12:25,237] {standard_task_runner.py:77} INFO - Job 191: Subtask convert_file_to_parquet
[2022-04-01 21:12:25,272] {logging_mixin.py:109} INFO - Running <TaskInstance: divvybikes_elt_pipeline.convert_file_to_parquet 2021-10-01T00:00:00+00:00 [running]> on host b399ffa6f3b6
[2022-04-01 21:12:25,323] {taskinstance.py:1253} INFO - Exporting the following env vars:
AIRFLOW_CTX_DAG_OWNER=***
AIRFLOW_CTX_DAG_ID=divvybikes_elt_pipeline
AIRFLOW_CTX_TASK_ID=convert_file_to_parquet
AIRFLOW_CTX_EXECUTION_DATE=2021-10-01T00:00:00+00:00
AIRFLOW_CTX_DAG_RUN_ID=backfill__2021-10-01T00:00:00+00:00
[2022-04-01 21:12:26,025] {python.py:151} INFO - Done. Returned value was: None
[2022-04-01 21:12:26,035] {taskinstance.py:1218} INFO - Marking task as SUCCESS. dag_id=divvybikes_elt_pipeline, task_id=convert_file_to_parquet, execution_date=20211001T000000, start_date=20220401T211225, end_date=20220401T211226
[2022-04-01 21:12:26,090] {local_task_job.py:151} INFO - Task exited with return code 0
[2022-04-01 21:12:26,112] {local_task_job.py:261} INFO - 0 downstream tasks scheduled from follow-on schedule check
