[2022-04-09 21:38:21,824] {taskinstance.py:903} INFO - Dependencies all met for <TaskInstance: divvybikes_elt_pipeline.clean_fact_trips_table 2022-02-01T00:00:00+00:00 [None]>
[2022-04-09 21:38:21,838] {taskinstance.py:903} INFO - Dependencies all met for <TaskInstance: divvybikes_elt_pipeline.clean_fact_trips_table 2022-02-01T00:00:00+00:00 [None]>
[2022-04-09 21:38:21,838] {taskinstance.py:1094} INFO - 
--------------------------------------------------------------------------------
[2022-04-09 21:38:21,838] {taskinstance.py:1095} INFO - Starting attempt 10 of 11
[2022-04-09 21:38:21,838] {taskinstance.py:1096} INFO - 
--------------------------------------------------------------------------------
[2022-04-09 21:38:21,845] {taskinstance.py:1114} INFO - Executing <Task(BigQueryExecuteQueryOperator): clean_fact_trips_table> on 2022-02-01T00:00:00+00:00
[2022-04-09 21:38:21,849] {standard_task_runner.py:52} INFO - Started process 9269 to run task
[2022-04-09 21:38:21,852] {standard_task_runner.py:76} INFO - Running: ['***', 'tasks', 'run', 'divvybikes_elt_pipeline', 'clean_fact_trips_table', '2022-02-01T00:00:00+00:00', '--job-id', '322', '--pool', 'default_pool', '--raw', '--subdir', 'DAGS_FOLDER/extract_load.py', '--cfg-path', '/tmp/tmp9lko3sml', '--error-file', '/tmp/tmpky78ex98']
[2022-04-09 21:38:21,854] {standard_task_runner.py:77} INFO - Job 322: Subtask clean_fact_trips_table
[2022-04-09 21:38:21,893] {logging_mixin.py:109} INFO - Running <TaskInstance: divvybikes_elt_pipeline.clean_fact_trips_table 2022-02-01T00:00:00+00:00 [running]> on host afa4c4c5de3b
[2022-04-09 21:38:21,938] {taskinstance.py:1253} INFO - Exporting the following env vars:
AIRFLOW_CTX_DAG_OWNER=***
AIRFLOW_CTX_DAG_ID=divvybikes_elt_pipeline
AIRFLOW_CTX_TASK_ID=clean_fact_trips_table
AIRFLOW_CTX_EXECUTION_DATE=2022-02-01T00:00:00+00:00
AIRFLOW_CTX_DAG_RUN_ID=backfill__2022-02-01T00:00:00+00:00
[2022-04-09 21:38:21,940] {bigquery.py:677} INFO - Executing: DELETE FROM divvybikes_data_all.fact_trips
WHERE COALESCE (fact_trips.ended_at, fact_trips.started_at) IS NULL;
[2022-04-09 21:38:21,941] {crypto.py:82} WARNING - empty cryptography key - values will not be stored encrypted.
[2022-04-09 21:38:21,945] {logging_mixin.py:109} WARNING - /home/***/.local/lib/python3.6/site-packages/***/providers/google/cloud/hooks/bigquery.py:2194 DeprecationWarning: This method is deprecated. Please use `BigQueryHook.insert_job` method.
[2022-04-09 21:38:21,950] {bigquery.py:1638} INFO - Inserting job ***_1649540301950106_f39dca54df18f90b93c27068a85ca3c2
[2022-04-09 21:38:23,172] {taskinstance.py:1462} ERROR - Task failed with exception
Traceback (most recent call last):
  File "/home/airflow/.local/lib/python3.6/site-packages/airflow/models/taskinstance.py", line 1164, in _run_raw_task
    self._prepare_and_execute_task_with_callbacks(context, task)
  File "/home/airflow/.local/lib/python3.6/site-packages/airflow/models/taskinstance.py", line 1282, in _prepare_and_execute_task_with_callbacks
    result = self._execute_task(context, task_copy)
  File "/home/airflow/.local/lib/python3.6/site-packages/airflow/models/taskinstance.py", line 1312, in _execute_task
    result = task_copy.execute(context=context)
  File "/home/airflow/.local/lib/python3.6/site-packages/airflow/providers/google/cloud/operators/bigquery.py", line 703, in execute
    encryption_configuration=self.encryption_configuration,
  File "/home/airflow/.local/lib/python3.6/site-packages/airflow/providers/google/cloud/hooks/bigquery.py", line 2329, in run_query
    job = self.insert_job(configuration=configuration, project_id=self.project_id)
  File "/home/airflow/.local/lib/python3.6/site-packages/airflow/providers/google/common/hooks/base_google.py", line 425, in inner_wrapper
    return func(self, *args, **kwargs)
  File "/home/airflow/.local/lib/python3.6/site-packages/airflow/providers/google/cloud/hooks/bigquery.py", line 1640, in insert_job
    job.result()
  File "/home/airflow/.local/lib/python3.6/site-packages/google/cloud/bigquery/job/query.py", line 1371, in result
    do_get_result()
  File "/home/airflow/.local/lib/python3.6/site-packages/google/cloud/bigquery/job/query.py", line 1361, in do_get_result
    super(QueryJob, self).result(retry=retry, timeout=timeout)
  File "/home/airflow/.local/lib/python3.6/site-packages/google/cloud/bigquery/job/base.py", line 708, in result
    return super(_AsyncJob, self).result(timeout=timeout, **kwargs)
  File "/home/airflow/.local/lib/python3.6/site-packages/google/api_core/future/polling.py", line 135, in result
    raise self._exception
google.api_core.exceptions.BadRequest: 400 Name ended_at not found inside fact_trips at [2:28]

(job ID: airflow_1649540301950106_f39dca54df18f90b93c27068a85ca3c2)

                     -----Query Job SQL Follows-----                     

    |    .    |    .    |    .    |    .    |    .    |    .    |
   1:DELETE FROM divvybikes_data_all.fact_trips
   2:WHERE COALESCE (fact_trips.ended_at, fact_trips.started_at) IS NULL;
    |    .    |    .    |    .    |    .    |    .    |    .    |
[2022-04-09 21:38:23,175] {taskinstance.py:1512} INFO - Marking task as UP_FOR_RETRY. dag_id=divvybikes_elt_pipeline, task_id=clean_fact_trips_table, execution_date=20220201T000000, start_date=20220409T213821, end_date=20220409T213823
[2022-04-09 21:38:23,229] {local_task_job.py:151} INFO - Task exited with return code 1
[2022-04-09 21:38:23,248] {local_task_job.py:261} INFO - 0 downstream tasks scheduled from follow-on schedule check
[2022-04-09 21:38:23,260] {dagrun.py:486} WARNING - Failed to get task '<TaskInstance: divvybikes_elt_pipeline.bq_staging_table_task 2022-02-01 00:00:00+00:00 [removed]>' for dag 'divvybikes_elt_pipeline'. Marking it as removed.
[2022-04-09 21:38:23,262] {dagrun.py:486} WARNING - Failed to get task '<TaskInstance: divvybikes_elt_pipeline.create_s3_connection 2022-02-01 00:00:00+00:00 [removed]>' for dag 'divvybikes_elt_pipeline'. Marking it as removed.
[2022-04-09 21:38:23,262] {dagrun.py:486} WARNING - Failed to get task '<TaskInstance: divvybikes_elt_pipeline.upload_file_to_s3 2022-02-01 00:00:00+00:00 [removed]>' for dag 'divvybikes_elt_pipeline'. Marking it as removed.
