[2022-04-08 01:53:15,323] {taskinstance.py:903} INFO - Dependencies all met for <TaskInstance: divvybikes_station_map_upload.download_dataset 2021-01-01T00:00:00+00:00 [queued]>
[2022-04-08 01:53:15,334] {taskinstance.py:903} INFO - Dependencies all met for <TaskInstance: divvybikes_station_map_upload.download_dataset 2021-01-01T00:00:00+00:00 [queued]>
[2022-04-08 01:53:15,335] {taskinstance.py:1094} INFO - 
--------------------------------------------------------------------------------
[2022-04-08 01:53:15,335] {taskinstance.py:1095} INFO - Starting attempt 3 of 4
[2022-04-08 01:53:15,335] {taskinstance.py:1096} INFO - 
--------------------------------------------------------------------------------
[2022-04-08 01:53:15,341] {taskinstance.py:1114} INFO - Executing <Task(PythonOperator): download_dataset> on 2021-01-01T00:00:00+00:00
[2022-04-08 01:53:15,345] {standard_task_runner.py:52} INFO - Started process 15120 to run task
[2022-04-08 01:53:15,347] {standard_task_runner.py:76} INFO - Running: ['***', 'tasks', 'run', 'divvybikes_station_map_upload', 'download_dataset', '2021-01-01T00:00:00+00:00', '--job-id', '264', '--pool', 'default_pool', '--raw', '--subdir', 'DAGS_FOLDER/stations_to_gcs.py', '--cfg-path', '/tmp/tmpsx2fc6wq', '--error-file', '/tmp/tmpa7uo7t4z']
[2022-04-08 01:53:15,349] {standard_task_runner.py:77} INFO - Job 264: Subtask download_dataset
[2022-04-08 01:53:15,379] {logging_mixin.py:109} INFO - Running <TaskInstance: divvybikes_station_map_upload.download_dataset 2021-01-01T00:00:00+00:00 [running]> on host afa4c4c5de3b
[2022-04-08 01:53:15,412] {taskinstance.py:1253} INFO - Exporting the following env vars:
AIRFLOW_CTX_DAG_OWNER=***
AIRFLOW_CTX_DAG_ID=divvybikes_station_map_upload
AIRFLOW_CTX_TASK_ID=download_dataset
AIRFLOW_CTX_EXECUTION_DATE=2021-01-01T00:00:00+00:00
AIRFLOW_CTX_DAG_RUN_ID=scheduled__2021-01-01T00:00:00+00:00
[2022-04-08 01:53:16,286] {python.py:151} INFO - Done. Returned value was: None
[2022-04-08 01:53:16,295] {taskinstance.py:1218} INFO - Marking task as SUCCESS. dag_id=divvybikes_station_map_upload, task_id=download_dataset, execution_date=20210101T000000, start_date=20220408T015315, end_date=20220408T015316
[2022-04-08 01:53:16,322] {local_task_job.py:151} INFO - Task exited with return code 0
[2022-04-08 01:53:16,341] {local_task_job.py:261} INFO - 1 downstream tasks scheduled from follow-on schedule check
