[2022-04-08 02:03:22,973] {taskinstance.py:903} INFO - Dependencies all met for <TaskInstance: divvybikes_station_map_upload.download_dataset 2021-01-01T00:00:00+00:00 [queued]>
[2022-04-08 02:03:22,986] {taskinstance.py:903} INFO - Dependencies all met for <TaskInstance: divvybikes_station_map_upload.download_dataset 2021-01-01T00:00:00+00:00 [queued]>
[2022-04-08 02:03:22,986] {taskinstance.py:1094} INFO - 
--------------------------------------------------------------------------------
[2022-04-08 02:03:22,987] {taskinstance.py:1095} INFO - Starting attempt 4 of 5
[2022-04-08 02:03:22,987] {taskinstance.py:1096} INFO - 
--------------------------------------------------------------------------------
[2022-04-08 02:03:22,994] {taskinstance.py:1114} INFO - Executing <Task(PythonOperator): download_dataset> on 2021-01-01T00:00:00+00:00
[2022-04-08 02:03:22,998] {standard_task_runner.py:52} INFO - Started process 16178 to run task
[2022-04-08 02:03:23,001] {standard_task_runner.py:76} INFO - Running: ['***', 'tasks', 'run', 'divvybikes_station_map_upload', 'download_dataset', '2021-01-01T00:00:00+00:00', '--job-id', '267', '--pool', 'default_pool', '--raw', '--subdir', 'DAGS_FOLDER/stations_to_gcs.py', '--cfg-path', '/tmp/tmplxi9zy6j', '--error-file', '/tmp/tmp4oe39bpl']
[2022-04-08 02:03:23,002] {standard_task_runner.py:77} INFO - Job 267: Subtask download_dataset
[2022-04-08 02:03:23,037] {logging_mixin.py:109} INFO - Running <TaskInstance: divvybikes_station_map_upload.download_dataset 2021-01-01T00:00:00+00:00 [running]> on host afa4c4c5de3b
[2022-04-08 02:03:23,077] {taskinstance.py:1253} INFO - Exporting the following env vars:
AIRFLOW_CTX_DAG_OWNER=***
AIRFLOW_CTX_DAG_ID=divvybikes_station_map_upload
AIRFLOW_CTX_TASK_ID=download_dataset
AIRFLOW_CTX_EXECUTION_DATE=2021-01-01T00:00:00+00:00
AIRFLOW_CTX_DAG_RUN_ID=scheduled__2021-01-01T00:00:00+00:00
[2022-04-08 02:03:24,108] {python.py:151} INFO - Done. Returned value was: Divvy_Bicycle_Stations_-_All_-_Map.csv
[2022-04-08 02:03:24,125] {taskinstance.py:1218} INFO - Marking task as SUCCESS. dag_id=divvybikes_station_map_upload, task_id=download_dataset, execution_date=20210101T000000, start_date=20220408T020322, end_date=20220408T020324
[2022-04-08 02:03:24,177] {local_task_job.py:151} INFO - Task exited with return code 0
[2022-04-08 02:03:24,196] {local_task_job.py:261} INFO - 1 downstream tasks scheduled from follow-on schedule check
