[2022-04-01 20:59:39,068] {taskinstance.py:903} INFO - Dependencies all met for <TaskInstance: divvybikes_elt_pipeline.create_s3_connection 2021-05-01T00:00:00+00:00 [queued]>
[2022-04-01 20:59:39,087] {taskinstance.py:903} INFO - Dependencies all met for <TaskInstance: divvybikes_elt_pipeline.create_s3_connection 2021-05-01T00:00:00+00:00 [queued]>
[2022-04-01 20:59:39,087] {taskinstance.py:1094} INFO - 
--------------------------------------------------------------------------------
[2022-04-01 20:59:39,088] {taskinstance.py:1095} INFO - Starting attempt 1 of 2
[2022-04-01 20:59:39,088] {taskinstance.py:1096} INFO - 
--------------------------------------------------------------------------------
[2022-04-01 20:59:39,094] {taskinstance.py:1114} INFO - Executing <Task(PythonOperator): create_s3_connection> on 2021-05-01T00:00:00+00:00
[2022-04-01 20:59:39,098] {standard_task_runner.py:52} INFO - Started process 3089 to run task
[2022-04-01 20:59:39,100] {standard_task_runner.py:76} INFO - Running: ['***', 'tasks', 'run', 'divvybikes_elt_pipeline', 'create_s3_connection', '2021-05-01T00:00:00+00:00', '--job-id', '158', '--pool', 'default_pool', '--raw', '--subdir', 'DAGS_FOLDER/extract_load.py', '--cfg-path', '/tmp/tmpvu8hsgit', '--error-file', '/tmp/tmpj9yje13w']
[2022-04-01 20:59:39,102] {standard_task_runner.py:77} INFO - Job 158: Subtask create_s3_connection
[2022-04-01 20:59:39,130] {logging_mixin.py:109} INFO - Running <TaskInstance: divvybikes_elt_pipeline.create_s3_connection 2021-05-01T00:00:00+00:00 [running]> on host b399ffa6f3b6
[2022-04-01 20:59:39,164] {taskinstance.py:1253} INFO - Exporting the following env vars:
AIRFLOW_CTX_DAG_OWNER=***
AIRFLOW_CTX_DAG_ID=divvybikes_elt_pipeline
AIRFLOW_CTX_TASK_ID=create_s3_connection
AIRFLOW_CTX_EXECUTION_DATE=2021-05-01T00:00:00+00:00
AIRFLOW_CTX_DAG_RUN_ID=backfill__2021-05-01T00:00:00+00:00
[2022-04-01 20:59:39,165] {crypto.py:82} WARNING - empty cryptography key - values will not be stored encrypted.
[2022-04-01 20:59:39,165] {python.py:151} INFO - Done. Returned value was: None
[2022-04-01 20:59:39,173] {taskinstance.py:1218} INFO - Marking task as SUCCESS. dag_id=divvybikes_elt_pipeline, task_id=create_s3_connection, execution_date=20210501T000000, start_date=20220401T205939, end_date=20220401T205939
[2022-04-01 20:59:39,194] {local_task_job.py:151} INFO - Task exited with return code 0
[2022-04-01 20:59:39,212] {local_task_job.py:261} INFO - 0 downstream tasks scheduled from follow-on schedule check
