[2022-04-11 20:28:34,414] {taskinstance.py:903} INFO - Dependencies all met for <TaskInstance: divvybikes_elt_pipeline.gcs_to_external_table_Task 2022-03-01T00:00:00+00:00 [queued]>
[2022-04-11 20:28:34,422] {taskinstance.py:903} INFO - Dependencies all met for <TaskInstance: divvybikes_elt_pipeline.gcs_to_external_table_Task 2022-03-01T00:00:00+00:00 [queued]>
[2022-04-11 20:28:34,422] {taskinstance.py:1094} INFO - 
--------------------------------------------------------------------------------
[2022-04-11 20:28:34,423] {taskinstance.py:1095} INFO - Starting attempt 1 of 2
[2022-04-11 20:28:34,423] {taskinstance.py:1096} INFO - 
--------------------------------------------------------------------------------
[2022-04-11 20:28:34,433] {taskinstance.py:1114} INFO - Executing <Task(BigQueryCreateExternalTableOperator): gcs_to_external_table_Task> on 2022-03-01T00:00:00+00:00
[2022-04-11 20:28:34,437] {standard_task_runner.py:52} INFO - Started process 354 to run task
[2022-04-11 20:28:34,440] {standard_task_runner.py:76} INFO - Running: ['***', 'tasks', 'run', 'divvybikes_elt_pipeline', 'gcs_to_external_table_Task', '2022-03-01T00:00:00+00:00', '--job-id', '360', '--pool', 'default_pool', '--raw', '--subdir', 'DAGS_FOLDER/extract_load.py', '--cfg-path', '/tmp/tmp_lj3d8zh', '--error-file', '/tmp/tmpw7gg0yr1']
[2022-04-11 20:28:34,442] {standard_task_runner.py:77} INFO - Job 360: Subtask gcs_to_external_table_Task
[2022-04-11 20:28:34,474] {logging_mixin.py:109} INFO - Running <TaskInstance: divvybikes_elt_pipeline.gcs_to_external_table_Task 2022-03-01T00:00:00+00:00 [running]> on host afa4c4c5de3b
[2022-04-11 20:28:34,514] {taskinstance.py:1253} INFO - Exporting the following env vars:
AIRFLOW_CTX_DAG_OWNER=***
AIRFLOW_CTX_DAG_ID=divvybikes_elt_pipeline
AIRFLOW_CTX_TASK_ID=gcs_to_external_table_Task
AIRFLOW_CTX_EXECUTION_DATE=2022-03-01T00:00:00+00:00
AIRFLOW_CTX_DAG_RUN_ID=scheduled__2022-03-01T00:00:00+00:00
[2022-04-11 20:28:34,516] {crypto.py:82} WARNING - empty cryptography key - values will not be stored encrypted.
[2022-04-11 20:28:34,526] {logging_mixin.py:109} WARNING - /home/***/.local/lib/python3.6/site-packages/***/providers/google/cloud/hooks/bigquery.py:637 DeprecationWarning: This method is deprecated. Please use `BigQueryHook.create_empty_table` method withpass passing the `table_resource` object. This gives more flexibility than this method.
[2022-04-11 20:28:34,527] {bigquery.py:700} INFO - Creating external table: sturdy-dogfish-344515.divvybikes_data_all.external_table
[2022-04-11 20:28:35,814] {bigquery.py:704} INFO - External table created successfully: sturdy-dogfish-344515.divvybikes_data_all.external_table
[2022-04-11 20:28:35,823] {taskinstance.py:1218} INFO - Marking task as SUCCESS. dag_id=divvybikes_elt_pipeline, task_id=gcs_to_external_table_Task, execution_date=20220301T000000, start_date=20220411T202834, end_date=20220411T202835
[2022-04-11 20:28:35,857] {local_task_job.py:151} INFO - Task exited with return code 0
[2022-04-11 20:28:35,879] {local_task_job.py:261} INFO - 2 downstream tasks scheduled from follow-on schedule check
