[2022-04-09 21:27:02,804] {taskinstance.py:903} INFO - Dependencies all met for <TaskInstance: divvybikes_elt_pipeline.create_fact_trips_table 2022-02-01T00:00:00+00:00 [None]>
[2022-04-09 21:27:02,818] {taskinstance.py:903} INFO - Dependencies all met for <TaskInstance: divvybikes_elt_pipeline.create_fact_trips_table 2022-02-01T00:00:00+00:00 [None]>
[2022-04-09 21:27:02,819] {taskinstance.py:1094} INFO - 
--------------------------------------------------------------------------------
[2022-04-09 21:27:02,819] {taskinstance.py:1095} INFO - Starting attempt 12 of 13
[2022-04-09 21:27:02,819] {taskinstance.py:1096} INFO - 
--------------------------------------------------------------------------------
[2022-04-09 21:27:02,825] {taskinstance.py:1114} INFO - Executing <Task(BigQueryInsertJobOperator): create_fact_trips_table> on 2022-02-01T00:00:00+00:00
[2022-04-09 21:27:02,830] {standard_task_runner.py:52} INFO - Started process 8064 to run task
[2022-04-09 21:27:02,833] {standard_task_runner.py:76} INFO - Running: ['***', 'tasks', 'run', 'divvybikes_elt_pipeline', 'create_fact_trips_table', '2022-02-01T00:00:00+00:00', '--job-id', '313', '--pool', 'default_pool', '--raw', '--subdir', 'DAGS_FOLDER/extract_load.py', '--cfg-path', '/tmp/tmp1m5wheut', '--error-file', '/tmp/tmpkou2kk71']
[2022-04-09 21:27:02,834] {standard_task_runner.py:77} INFO - Job 313: Subtask create_fact_trips_table
[2022-04-09 21:27:02,872] {logging_mixin.py:109} INFO - Running <TaskInstance: divvybikes_elt_pipeline.create_fact_trips_table 2022-02-01T00:00:00+00:00 [running]> on host afa4c4c5de3b
[2022-04-09 21:27:02,913] {taskinstance.py:1253} INFO - Exporting the following env vars:
AIRFLOW_CTX_DAG_OWNER=***
AIRFLOW_CTX_DAG_ID=divvybikes_elt_pipeline
AIRFLOW_CTX_TASK_ID=create_fact_trips_table
AIRFLOW_CTX_EXECUTION_DATE=2022-02-01T00:00:00+00:00
AIRFLOW_CTX_DAG_RUN_ID=backfill__2022-02-01T00:00:00+00:00
[2022-04-09 21:27:02,915] {crypto.py:82} WARNING - empty cryptography key - values will not be stored encrypted.
[2022-04-09 21:27:02,921] {bigquery.py:1638} INFO - Inserting job ***_divvybikes_elt_pipeline_create_fact_trips_table_2022_02_01T00_00_00_00_00_0d8d8111dc6ef0cc769e4e11f8864f56
[2022-04-09 21:27:03,538] {taskinstance.py:1462} ERROR - Task failed with exception
Traceback (most recent call last):
  File "/home/airflow/.local/lib/python3.6/site-packages/airflow/models/taskinstance.py", line 1164, in _run_raw_task
    self._prepare_and_execute_task_with_callbacks(context, task)
  File "/home/airflow/.local/lib/python3.6/site-packages/airflow/models/taskinstance.py", line 1282, in _prepare_and_execute_task_with_callbacks
    result = self._execute_task(context, task_copy)
  File "/home/airflow/.local/lib/python3.6/site-packages/airflow/models/taskinstance.py", line 1312, in _execute_task
    result = task_copy.execute(context=context)
  File "/home/airflow/.local/lib/python3.6/site-packages/airflow/providers/google/cloud/operators/bigquery.py", line 2282, in execute
    job = self._submit_job(hook, job_id)
  File "/home/airflow/.local/lib/python3.6/site-packages/airflow/providers/google/cloud/operators/bigquery.py", line 2245, in _submit_job
    job_id=job_id,
  File "/home/airflow/.local/lib/python3.6/site-packages/airflow/providers/google/common/hooks/base_google.py", line 425, in inner_wrapper
    return func(self, *args, **kwargs)
  File "/home/airflow/.local/lib/python3.6/site-packages/airflow/providers/google/cloud/hooks/bigquery.py", line 1640, in insert_job
    job.result()
  File "/home/airflow/.local/lib/python3.6/site-packages/google/cloud/bigquery/job/query.py", line 1371, in result
    do_get_result()
  File "/home/airflow/.local/lib/python3.6/site-packages/google/cloud/bigquery/job/query.py", line 1361, in do_get_result
    super(QueryJob, self).result(retry=retry, timeout=timeout)
  File "/home/airflow/.local/lib/python3.6/site-packages/google/cloud/bigquery/job/base.py", line 708, in result
    return super(_AsyncJob, self).result(timeout=timeout, **kwargs)
  File "/home/airflow/.local/lib/python3.6/site-packages/google/api_core/future/polling.py", line 135, in result
    raise self._exception
google.api_core.exceptions.BadRequest: 400 Syntax error: Expected end of input but got identifier "STRING" at [6:28]

(job ID: airflow_divvybikes_elt_pipeline_create_fact_trips_table_2022_02_01T00_00_00_00_00_0d8d8111dc6ef0cc769e4e11f8864f56)

                -----Query Job SQL Follows-----                

    |    .    |    .    |    .    |    .    |    .    |
   1:CREATE TABLE IF NOT EXISTS divvybikes_data_all.fact_trips 
   2:PARTITION BY DATE
   3:AS
   4:SELECT 
   5:ride_id STRING,
   6:rideable_type AS bike_type STRING,
   7:started_at AS ride_start TIMESTAMP,
   8:ended_at AS ride_end TIMESTAMP, 
   9:start_station_name STRING,
  10:start_station_id STRING,
  11:end_station_name STRING,
  12:end_station_id STRING,
  13:member_casual STRING,
  14:
  15:FROM divvybikes_data_all.external_table ;
    |    .    |    .    |    .    |    .    |    .    |
[2022-04-09 21:27:03,541] {taskinstance.py:1512} INFO - Marking task as UP_FOR_RETRY. dag_id=divvybikes_elt_pipeline, task_id=create_fact_trips_table, execution_date=20220201T000000, start_date=20220409T212702, end_date=20220409T212703
[2022-04-09 21:27:03,568] {local_task_job.py:151} INFO - Task exited with return code 1
[2022-04-09 21:27:03,591] {local_task_job.py:261} INFO - 0 downstream tasks scheduled from follow-on schedule check
[2022-04-09 21:27:03,607] {dagrun.py:486} WARNING - Failed to get task '<TaskInstance: divvybikes_elt_pipeline.bq_staging_table_task 2022-02-01 00:00:00+00:00 [removed]>' for dag 'divvybikes_elt_pipeline'. Marking it as removed.
[2022-04-09 21:27:03,609] {dagrun.py:486} WARNING - Failed to get task '<TaskInstance: divvybikes_elt_pipeline.create_s3_connection 2022-02-01 00:00:00+00:00 [removed]>' for dag 'divvybikes_elt_pipeline'. Marking it as removed.
[2022-04-09 21:27:03,610] {dagrun.py:486} WARNING - Failed to get task '<TaskInstance: divvybikes_elt_pipeline.upload_file_to_s3 2022-02-01 00:00:00+00:00 [removed]>' for dag 'divvybikes_elt_pipeline'. Marking it as removed.
