[2022-04-09 21:28:54,032] {taskinstance.py:903} INFO - Dependencies all met for <TaskInstance: divvybikes_elt_pipeline.create_fact_trips_table 2022-02-01T00:00:00+00:00 [None]>
[2022-04-09 21:28:54,051] {taskinstance.py:903} INFO - Dependencies all met for <TaskInstance: divvybikes_elt_pipeline.create_fact_trips_table 2022-02-01T00:00:00+00:00 [None]>
[2022-04-09 21:28:54,052] {taskinstance.py:1094} INFO - 
--------------------------------------------------------------------------------
[2022-04-09 21:28:54,052] {taskinstance.py:1095} INFO - Starting attempt 14 of 15
[2022-04-09 21:28:54,052] {taskinstance.py:1096} INFO - 
--------------------------------------------------------------------------------
[2022-04-09 21:28:54,061] {taskinstance.py:1114} INFO - Executing <Task(BigQueryInsertJobOperator): create_fact_trips_table> on 2022-02-01T00:00:00+00:00
[2022-04-09 21:28:54,067] {standard_task_runner.py:52} INFO - Started process 8264 to run task
[2022-04-09 21:28:54,072] {standard_task_runner.py:76} INFO - Running: ['***', 'tasks', 'run', 'divvybikes_elt_pipeline', 'create_fact_trips_table', '2022-02-01T00:00:00+00:00', '--job-id', '315', '--pool', 'default_pool', '--raw', '--subdir', 'DAGS_FOLDER/extract_load.py', '--cfg-path', '/tmp/tmps6006szk', '--error-file', '/tmp/tmpd89s1a6i']
[2022-04-09 21:28:54,075] {standard_task_runner.py:77} INFO - Job 315: Subtask create_fact_trips_table
[2022-04-09 21:28:54,115] {logging_mixin.py:109} INFO - Running <TaskInstance: divvybikes_elt_pipeline.create_fact_trips_table 2022-02-01T00:00:00+00:00 [running]> on host afa4c4c5de3b
[2022-04-09 21:28:54,166] {taskinstance.py:1253} INFO - Exporting the following env vars:
AIRFLOW_CTX_DAG_OWNER=***
AIRFLOW_CTX_DAG_ID=divvybikes_elt_pipeline
AIRFLOW_CTX_TASK_ID=create_fact_trips_table
AIRFLOW_CTX_EXECUTION_DATE=2022-02-01T00:00:00+00:00
AIRFLOW_CTX_DAG_RUN_ID=backfill__2022-02-01T00:00:00+00:00
[2022-04-09 21:28:54,168] {crypto.py:82} WARNING - empty cryptography key - values will not be stored encrypted.
[2022-04-09 21:28:54,175] {bigquery.py:1638} INFO - Inserting job ***_divvybikes_elt_pipeline_create_fact_trips_table_2022_02_01T00_00_00_00_00_a83e3df7e9732da6bd9758ac7e815a3c
[2022-04-09 21:28:54,640] {taskinstance.py:1462} ERROR - Task failed with exception
Traceback (most recent call last):
  File "/home/airflow/.local/lib/python3.6/site-packages/airflow/models/taskinstance.py", line 1164, in _run_raw_task
    self._prepare_and_execute_task_with_callbacks(context, task)
  File "/home/airflow/.local/lib/python3.6/site-packages/airflow/models/taskinstance.py", line 1282, in _prepare_and_execute_task_with_callbacks
    result = self._execute_task(context, task_copy)
  File "/home/airflow/.local/lib/python3.6/site-packages/airflow/models/taskinstance.py", line 1312, in _execute_task
    result = task_copy.execute(context=context)
  File "/home/airflow/.local/lib/python3.6/site-packages/airflow/providers/google/cloud/operators/bigquery.py", line 2282, in execute
    job = self._submit_job(hook, job_id)
  File "/home/airflow/.local/lib/python3.6/site-packages/airflow/providers/google/cloud/operators/bigquery.py", line 2245, in _submit_job
    job_id=job_id,
  File "/home/airflow/.local/lib/python3.6/site-packages/airflow/providers/google/common/hooks/base_google.py", line 425, in inner_wrapper
    return func(self, *args, **kwargs)
  File "/home/airflow/.local/lib/python3.6/site-packages/airflow/providers/google/cloud/hooks/bigquery.py", line 1640, in insert_job
    job.result()
  File "/home/airflow/.local/lib/python3.6/site-packages/google/cloud/bigquery/job/query.py", line 1371, in result
    do_get_result()
  File "/home/airflow/.local/lib/python3.6/site-packages/google/cloud/bigquery/job/query.py", line 1361, in do_get_result
    super(QueryJob, self).result(retry=retry, timeout=timeout)
  File "/home/airflow/.local/lib/python3.6/site-packages/google/cloud/bigquery/job/base.py", line 708, in result
    return super(_AsyncJob, self).result(timeout=timeout, **kwargs)
  File "/home/airflow/.local/lib/python3.6/site-packages/google/api_core/future/polling.py", line 135, in result
    raise self._exception
google.api_core.exceptions.BadRequest: 400 Braced constructors are not supported at [2:19]

(job ID: airflow_divvybikes_elt_pipeline_create_fact_trips_table_2022_02_01T00_00_00_00_00_a83e3df7e9732da6bd9758ac7e815a3c)

                -----Query Job SQL Follows-----                

    |    .    |    .    |    .    |    .    |    .    |
   1:CREATE TABLE IF NOT EXISTS divvybikes_data_all.fact_trips 
   2:PARTITION BY DATE({started_at})
   3:AS
   4:SELECT 
   5:ride_id,
   6:rideable_type AS bike_type,
   7:started_at AS ride_start,
   8:ended_at AS ride_end, 
   9:start_station_name,
  10:start_station_id,
  11:end_station_name,
  12:end_station_id,
  13:member_casual,
  14:
  15:FROM divvybikes_data_all.external_table ;
    |    .    |    .    |    .    |    .    |    .    |
[2022-04-09 21:28:54,642] {taskinstance.py:1512} INFO - Marking task as UP_FOR_RETRY. dag_id=divvybikes_elt_pipeline, task_id=create_fact_trips_table, execution_date=20220201T000000, start_date=20220409T212854, end_date=20220409T212854
[2022-04-09 21:28:54,688] {local_task_job.py:151} INFO - Task exited with return code 1
[2022-04-09 21:28:54,711] {local_task_job.py:261} INFO - 0 downstream tasks scheduled from follow-on schedule check
[2022-04-09 21:28:54,728] {dagrun.py:486} WARNING - Failed to get task '<TaskInstance: divvybikes_elt_pipeline.bq_staging_table_task 2022-02-01 00:00:00+00:00 [removed]>' for dag 'divvybikes_elt_pipeline'. Marking it as removed.
[2022-04-09 21:28:54,731] {dagrun.py:486} WARNING - Failed to get task '<TaskInstance: divvybikes_elt_pipeline.create_s3_connection 2022-02-01 00:00:00+00:00 [removed]>' for dag 'divvybikes_elt_pipeline'. Marking it as removed.
[2022-04-09 21:28:54,731] {dagrun.py:486} WARNING - Failed to get task '<TaskInstance: divvybikes_elt_pipeline.upload_file_to_s3 2022-02-01 00:00:00+00:00 [removed]>' for dag 'divvybikes_elt_pipeline'. Marking it as removed.
