[2022-04-09 21:35:58,727] {taskinstance.py:903} INFO - Dependencies all met for <TaskInstance: divvybikes_elt_pipeline.create_fact_trips_table 2022-02-01T00:00:00+00:00 [None]>
[2022-04-09 21:35:58,742] {taskinstance.py:903} INFO - Dependencies all met for <TaskInstance: divvybikes_elt_pipeline.create_fact_trips_table 2022-02-01T00:00:00+00:00 [None]>
[2022-04-09 21:35:58,742] {taskinstance.py:1094} INFO - 
--------------------------------------------------------------------------------
[2022-04-09 21:35:58,742] {taskinstance.py:1095} INFO - Starting attempt 19 of 20
[2022-04-09 21:35:58,742] {taskinstance.py:1096} INFO - 
--------------------------------------------------------------------------------
[2022-04-09 21:35:58,750] {taskinstance.py:1114} INFO - Executing <Task(BigQueryInsertJobOperator): create_fact_trips_table> on 2022-02-01T00:00:00+00:00
[2022-04-09 21:35:58,754] {standard_task_runner.py:52} INFO - Started process 9016 to run task
[2022-04-09 21:35:58,758] {standard_task_runner.py:76} INFO - Running: ['***', 'tasks', 'run', 'divvybikes_elt_pipeline', 'create_fact_trips_table', '2022-02-01T00:00:00+00:00', '--job-id', '320', '--pool', 'default_pool', '--raw', '--subdir', 'DAGS_FOLDER/extract_load.py', '--cfg-path', '/tmp/tmpns4rgm7y', '--error-file', '/tmp/tmphcrlfbhj']
[2022-04-09 21:35:58,760] {standard_task_runner.py:77} INFO - Job 320: Subtask create_fact_trips_table
[2022-04-09 21:35:58,802] {logging_mixin.py:109} INFO - Running <TaskInstance: divvybikes_elt_pipeline.create_fact_trips_table 2022-02-01T00:00:00+00:00 [running]> on host afa4c4c5de3b
[2022-04-09 21:35:58,863] {taskinstance.py:1253} INFO - Exporting the following env vars:
AIRFLOW_CTX_DAG_OWNER=***
AIRFLOW_CTX_DAG_ID=divvybikes_elt_pipeline
AIRFLOW_CTX_TASK_ID=create_fact_trips_table
AIRFLOW_CTX_EXECUTION_DATE=2022-02-01T00:00:00+00:00
AIRFLOW_CTX_DAG_RUN_ID=backfill__2022-02-01T00:00:00+00:00
[2022-04-09 21:35:58,866] {crypto.py:82} WARNING - empty cryptography key - values will not be stored encrypted.
[2022-04-09 21:35:58,874] {bigquery.py:1638} INFO - Inserting job ***_divvybikes_elt_pipeline_create_fact_trips_table_2022_02_01T00_00_00_00_00_b62c0a2f9b4371c9b46d6e3780487039
[2022-04-09 21:36:02,873] {taskinstance.py:1218} INFO - Marking task as SUCCESS. dag_id=divvybikes_elt_pipeline, task_id=create_fact_trips_table, execution_date=20220201T000000, start_date=20220409T213558, end_date=20220409T213602
[2022-04-09 21:36:02,907] {local_task_job.py:151} INFO - Task exited with return code 0
[2022-04-09 21:36:02,930] {local_task_job.py:261} INFO - 1 downstream tasks scheduled from follow-on schedule check
[2022-04-09 21:36:02,942] {dagrun.py:486} WARNING - Failed to get task '<TaskInstance: divvybikes_elt_pipeline.bq_staging_table_task 2022-02-01 00:00:00+00:00 [removed]>' for dag 'divvybikes_elt_pipeline'. Marking it as removed.
[2022-04-09 21:36:02,944] {dagrun.py:486} WARNING - Failed to get task '<TaskInstance: divvybikes_elt_pipeline.create_s3_connection 2022-02-01 00:00:00+00:00 [removed]>' for dag 'divvybikes_elt_pipeline'. Marking it as removed.
[2022-04-09 21:36:02,945] {dagrun.py:486} WARNING - Failed to get task '<TaskInstance: divvybikes_elt_pipeline.upload_file_to_s3 2022-02-01 00:00:00+00:00 [removed]>' for dag 'divvybikes_elt_pipeline'. Marking it as removed.
