[2022-04-16 16:25:39,347] {taskinstance.py:903} INFO - Dependencies all met for <TaskInstance: divvybikes_elt_pipeline.create_monthly_trips_model 2022-03-01T00:00:00+00:00 [queued]>
[2022-04-16 16:25:39,365] {taskinstance.py:903} INFO - Dependencies all met for <TaskInstance: divvybikes_elt_pipeline.create_monthly_trips_model 2022-03-01T00:00:00+00:00 [queued]>
[2022-04-16 16:25:39,365] {taskinstance.py:1094} INFO - 
--------------------------------------------------------------------------------
[2022-04-16 16:25:39,365] {taskinstance.py:1095} INFO - Starting attempt 4 of 4
[2022-04-16 16:25:39,366] {taskinstance.py:1096} INFO - 
--------------------------------------------------------------------------------
[2022-04-16 16:25:39,373] {taskinstance.py:1114} INFO - Executing <Task(BigQueryInsertJobOperator): create_monthly_trips_model> on 2022-03-01T00:00:00+00:00
[2022-04-16 16:25:39,377] {standard_task_runner.py:52} INFO - Started process 18280 to run task
[2022-04-16 16:25:39,381] {standard_task_runner.py:76} INFO - Running: ['***', 'tasks', 'run', 'divvybikes_elt_pipeline', 'create_monthly_trips_model', '2022-03-01T00:00:00+00:00', '--job-id', '378', '--pool', 'default_pool', '--raw', '--subdir', 'DAGS_FOLDER/extract_load.py', '--cfg-path', '/tmp/tmp5tknes8w', '--error-file', '/tmp/tmprm15haid']
[2022-04-16 16:25:39,383] {standard_task_runner.py:77} INFO - Job 378: Subtask create_monthly_trips_model
[2022-04-16 16:25:39,421] {logging_mixin.py:109} INFO - Running <TaskInstance: divvybikes_elt_pipeline.create_monthly_trips_model 2022-03-01T00:00:00+00:00 [running]> on host afa4c4c5de3b
[2022-04-16 16:25:39,465] {taskinstance.py:1253} INFO - Exporting the following env vars:
AIRFLOW_CTX_DAG_OWNER=***
AIRFLOW_CTX_DAG_ID=divvybikes_elt_pipeline
AIRFLOW_CTX_TASK_ID=create_monthly_trips_model
AIRFLOW_CTX_EXECUTION_DATE=2022-03-01T00:00:00+00:00
AIRFLOW_CTX_DAG_RUN_ID=scheduled__2022-03-01T00:00:00+00:00
[2022-04-16 16:25:39,467] {crypto.py:82} WARNING - empty cryptography key - values will not be stored encrypted.
[2022-04-16 16:25:39,472] {bigquery.py:1638} INFO - Inserting job ***_divvybikes_elt_pipeline_create_monthly_trips_model_2022_03_01T00_00_00_00_00_2ef9d73c455e54d553db5d42c9ba7231
[2022-04-16 16:25:42,400] {taskinstance.py:1218} INFO - Marking task as SUCCESS. dag_id=divvybikes_elt_pipeline, task_id=create_monthly_trips_model, execution_date=20220301T000000, start_date=20220416T162539, end_date=20220416T162542
[2022-04-16 16:25:42,446] {local_task_job.py:151} INFO - Task exited with return code 0
[2022-04-16 16:25:42,472] {local_task_job.py:261} INFO - 0 downstream tasks scheduled from follow-on schedule check
