[2022-04-16 16:28:53,694] {taskinstance.py:903} INFO - Dependencies all met for <TaskInstance: divvybikes_elt_pipeline.create_monthly_trips_model 2022-03-01T00:00:00+00:00 [queued]>
[2022-04-16 16:28:53,707] {taskinstance.py:903} INFO - Dependencies all met for <TaskInstance: divvybikes_elt_pipeline.create_monthly_trips_model 2022-03-01T00:00:00+00:00 [queued]>
[2022-04-16 16:28:53,707] {taskinstance.py:1094} INFO - 
--------------------------------------------------------------------------------
[2022-04-16 16:28:53,707] {taskinstance.py:1095} INFO - Starting attempt 5 of 6
[2022-04-16 16:28:53,708] {taskinstance.py:1096} INFO - 
--------------------------------------------------------------------------------
[2022-04-16 16:28:53,715] {taskinstance.py:1114} INFO - Executing <Task(BigQueryInsertJobOperator): create_monthly_trips_model> on 2022-03-01T00:00:00+00:00
[2022-04-16 16:28:53,718] {standard_task_runner.py:52} INFO - Started process 18626 to run task
[2022-04-16 16:28:53,721] {standard_task_runner.py:76} INFO - Running: ['***', 'tasks', 'run', 'divvybikes_elt_pipeline', 'create_monthly_trips_model', '2022-03-01T00:00:00+00:00', '--job-id', '380', '--pool', 'default_pool', '--raw', '--subdir', 'DAGS_FOLDER/extract_load.py', '--cfg-path', '/tmp/tmppon20mq3', '--error-file', '/tmp/tmpbm9e8knx']
[2022-04-16 16:28:53,722] {standard_task_runner.py:77} INFO - Job 380: Subtask create_monthly_trips_model
[2022-04-16 16:28:53,752] {logging_mixin.py:109} INFO - Running <TaskInstance: divvybikes_elt_pipeline.create_monthly_trips_model 2022-03-01T00:00:00+00:00 [running]> on host afa4c4c5de3b
[2022-04-16 16:28:53,791] {taskinstance.py:1253} INFO - Exporting the following env vars:
AIRFLOW_CTX_DAG_OWNER=***
AIRFLOW_CTX_DAG_ID=divvybikes_elt_pipeline
AIRFLOW_CTX_TASK_ID=create_monthly_trips_model
AIRFLOW_CTX_EXECUTION_DATE=2022-03-01T00:00:00+00:00
AIRFLOW_CTX_DAG_RUN_ID=scheduled__2022-03-01T00:00:00+00:00
[2022-04-16 16:28:53,793] {crypto.py:82} WARNING - empty cryptography key - values will not be stored encrypted.
[2022-04-16 16:28:53,797] {bigquery.py:1638} INFO - Inserting job ***_divvybikes_elt_pipeline_create_monthly_trips_model_2022_03_01T00_00_00_00_00_f4784c4e44ee9470a05305e79ea38f61
[2022-04-16 16:28:56,233] {taskinstance.py:1218} INFO - Marking task as SUCCESS. dag_id=divvybikes_elt_pipeline, task_id=create_monthly_trips_model, execution_date=20220301T000000, start_date=20220416T162853, end_date=20220416T162856
[2022-04-16 16:28:56,262] {local_task_job.py:151} INFO - Task exited with return code 0
[2022-04-16 16:28:56,287] {local_task_job.py:261} INFO - 0 downstream tasks scheduled from follow-on schedule check
