[2022-04-08 02:28:01,228] {taskinstance.py:903} INFO - Dependencies all met for <TaskInstance: divvybikes_elt_pipeline.remove_downloaded_files 2021-12-01T00:00:00+00:00 [None]>
[2022-04-08 02:28:01,241] {taskinstance.py:903} INFO - Dependencies all met for <TaskInstance: divvybikes_elt_pipeline.remove_downloaded_files 2021-12-01T00:00:00+00:00 [None]>
[2022-04-08 02:28:01,241] {taskinstance.py:1094} INFO - 
--------------------------------------------------------------------------------
[2022-04-08 02:28:01,241] {taskinstance.py:1095} INFO - Starting attempt 2 of 3
[2022-04-08 02:28:01,241] {taskinstance.py:1096} INFO - 
--------------------------------------------------------------------------------
[2022-04-08 02:28:01,247] {taskinstance.py:1114} INFO - Executing <Task(BashOperator): remove_downloaded_files> on 2021-12-01T00:00:00+00:00
[2022-04-08 02:28:01,251] {standard_task_runner.py:52} INFO - Started process 18822 to run task
[2022-04-08 02:28:01,254] {standard_task_runner.py:76} INFO - Running: ['***', 'tasks', 'run', 'divvybikes_elt_pipeline', 'remove_downloaded_files', '2021-12-01T00:00:00+00:00', '--job-id', '285', '--pool', 'default_pool', '--raw', '--subdir', 'DAGS_FOLDER/extract_load.py', '--cfg-path', '/tmp/tmps52c5q3b', '--error-file', '/tmp/tmpa2pux2mj']
[2022-04-08 02:28:01,256] {standard_task_runner.py:77} INFO - Job 285: Subtask remove_downloaded_files
[2022-04-08 02:28:01,288] {logging_mixin.py:109} INFO - Running <TaskInstance: divvybikes_elt_pipeline.remove_downloaded_files 2021-12-01T00:00:00+00:00 [running]> on host afa4c4c5de3b
[2022-04-08 02:28:01,327] {taskinstance.py:1253} INFO - Exporting the following env vars:
AIRFLOW_CTX_DAG_OWNER=***
AIRFLOW_CTX_DAG_ID=divvybikes_elt_pipeline
AIRFLOW_CTX_TASK_ID=remove_downloaded_files
AIRFLOW_CTX_EXECUTION_DATE=2021-12-01T00:00:00+00:00
AIRFLOW_CTX_DAG_RUN_ID=backfill__2021-12-01T00:00:00+00:00
[2022-04-08 02:28:01,328] {subprocess.py:52} INFO - Tmp dir root location: 
 /tmp
[2022-04-08 02:28:01,329] {subprocess.py:63} INFO - Running command: ['bash', '-c', 'rm -f /opt/***/dags/datasets/202112-divvy-tripdata.csv /opt/***/dags/datasets/202112-divvy-tripdata.parquet /opt/***/dags/datasets/202112-divvy-tripdata.zip _MACOSX ']
[2022-04-08 02:28:01,337] {subprocess.py:74} INFO - Output:
[2022-04-08 02:28:01,346] {subprocess.py:82} INFO - Command exited with return code 0
[2022-04-08 02:28:01,367] {taskinstance.py:1218} INFO - Marking task as SUCCESS. dag_id=divvybikes_elt_pipeline, task_id=remove_downloaded_files, execution_date=20211201T000000, start_date=20220408T022801, end_date=20220408T022801
[2022-04-08 02:28:01,387] {local_task_job.py:151} INFO - Task exited with return code 0
[2022-04-08 02:28:01,404] {local_task_job.py:261} INFO - 0 downstream tasks scheduled from follow-on schedule check
