[2022-04-11 20:28:36,516] {taskinstance.py:903} INFO - Dependencies all met for <TaskInstance: divvybikes_elt_pipeline.create_fact_trips_table 2022-03-01T00:00:00+00:00 [queued]>
[2022-04-11 20:28:36,524] {taskinstance.py:903} INFO - Dependencies all met for <TaskInstance: divvybikes_elt_pipeline.create_fact_trips_table 2022-03-01T00:00:00+00:00 [queued]>
[2022-04-11 20:28:36,525] {taskinstance.py:1094} INFO - 
--------------------------------------------------------------------------------
[2022-04-11 20:28:36,525] {taskinstance.py:1095} INFO - Starting attempt 1 of 2
[2022-04-11 20:28:36,525] {taskinstance.py:1096} INFO - 
--------------------------------------------------------------------------------
[2022-04-11 20:28:36,535] {taskinstance.py:1114} INFO - Executing <Task(BigQueryInsertJobOperator): create_fact_trips_table> on 2022-03-01T00:00:00+00:00
[2022-04-11 20:28:36,539] {standard_task_runner.py:52} INFO - Started process 359 to run task
[2022-04-11 20:28:36,542] {standard_task_runner.py:76} INFO - Running: ['***', 'tasks', 'run', 'divvybikes_elt_pipeline', 'create_fact_trips_table', '2022-03-01T00:00:00+00:00', '--job-id', '361', '--pool', 'default_pool', '--raw', '--subdir', 'DAGS_FOLDER/extract_load.py', '--cfg-path', '/tmp/tmpo2g4zurd', '--error-file', '/tmp/tmpxg83xso3']
[2022-04-11 20:28:36,543] {standard_task_runner.py:77} INFO - Job 361: Subtask create_fact_trips_table
[2022-04-11 20:28:36,573] {logging_mixin.py:109} INFO - Running <TaskInstance: divvybikes_elt_pipeline.create_fact_trips_table 2022-03-01T00:00:00+00:00 [running]> on host afa4c4c5de3b
[2022-04-11 20:28:36,611] {taskinstance.py:1253} INFO - Exporting the following env vars:
AIRFLOW_CTX_DAG_OWNER=***
AIRFLOW_CTX_DAG_ID=divvybikes_elt_pipeline
AIRFLOW_CTX_TASK_ID=create_fact_trips_table
AIRFLOW_CTX_EXECUTION_DATE=2022-03-01T00:00:00+00:00
AIRFLOW_CTX_DAG_RUN_ID=scheduled__2022-03-01T00:00:00+00:00
[2022-04-11 20:28:36,613] {crypto.py:82} WARNING - empty cryptography key - values will not be stored encrypted.
[2022-04-11 20:28:36,618] {bigquery.py:1638} INFO - Inserting job ***_divvybikes_elt_pipeline_create_fact_trips_table_2022_03_01T00_00_00_00_00_c7fc7ba7585159c39d8a8d2dd36b3611
[2022-04-11 20:28:41,072] {taskinstance.py:1218} INFO - Marking task as SUCCESS. dag_id=divvybikes_elt_pipeline, task_id=create_fact_trips_table, execution_date=20220301T000000, start_date=20220411T202836, end_date=20220411T202841
[2022-04-11 20:28:41,128] {local_task_job.py:151} INFO - Task exited with return code 0
[2022-04-11 20:28:41,146] {local_task_job.py:261} INFO - 1 downstream tasks scheduled from follow-on schedule check
