[2022-04-01 20:57:18,984] {taskinstance.py:903} INFO - Dependencies all met for <TaskInstance: divvybikes_elt_pipeline.convert_file_to_parquet 2021-03-01T00:00:00+00:00 [queued]>
[2022-04-01 20:57:19,009] {taskinstance.py:903} INFO - Dependencies all met for <TaskInstance: divvybikes_elt_pipeline.convert_file_to_parquet 2021-03-01T00:00:00+00:00 [queued]>
[2022-04-01 20:57:19,010] {taskinstance.py:1094} INFO - 
--------------------------------------------------------------------------------
[2022-04-01 20:57:19,010] {taskinstance.py:1095} INFO - Starting attempt 1 of 2
[2022-04-01 20:57:19,010] {taskinstance.py:1096} INFO - 
--------------------------------------------------------------------------------
[2022-04-01 20:57:19,017] {taskinstance.py:1114} INFO - Executing <Task(PythonOperator): convert_file_to_parquet> on 2021-03-01T00:00:00+00:00
[2022-04-01 20:57:19,021] {standard_task_runner.py:52} INFO - Started process 2771 to run task
[2022-04-01 20:57:19,023] {standard_task_runner.py:76} INFO - Running: ['***', 'tasks', 'run', 'divvybikes_elt_pipeline', 'convert_file_to_parquet', '2021-03-01T00:00:00+00:00', '--job-id', '149', '--pool', 'default_pool', '--raw', '--subdir', 'DAGS_FOLDER/extract_load.py', '--cfg-path', '/tmp/tmpjnz5i8x0', '--error-file', '/tmp/tmpcp4poiu2']
[2022-04-01 20:57:19,024] {standard_task_runner.py:77} INFO - Job 149: Subtask convert_file_to_parquet
[2022-04-01 20:57:19,058] {logging_mixin.py:109} INFO - Running <TaskInstance: divvybikes_elt_pipeline.convert_file_to_parquet 2021-03-01T00:00:00+00:00 [running]> on host b399ffa6f3b6
[2022-04-01 20:57:19,108] {taskinstance.py:1253} INFO - Exporting the following env vars:
AIRFLOW_CTX_DAG_OWNER=***
AIRFLOW_CTX_DAG_ID=divvybikes_elt_pipeline
AIRFLOW_CTX_TASK_ID=convert_file_to_parquet
AIRFLOW_CTX_EXECUTION_DATE=2021-03-01T00:00:00+00:00
AIRFLOW_CTX_DAG_RUN_ID=backfill__2021-03-01T00:00:00+00:00
[2022-04-01 20:57:19,482] {python.py:151} INFO - Done. Returned value was: None
[2022-04-01 20:57:19,496] {taskinstance.py:1218} INFO - Marking task as SUCCESS. dag_id=divvybikes_elt_pipeline, task_id=convert_file_to_parquet, execution_date=20210301T000000, start_date=20220401T205718, end_date=20220401T205719
[2022-04-01 20:57:19,557] {local_task_job.py:151} INFO - Task exited with return code 0
[2022-04-01 20:57:19,578] {local_task_job.py:261} INFO - 0 downstream tasks scheduled from follow-on schedule check
