[2022-04-01 21:03:54,442] {taskinstance.py:903} INFO - Dependencies all met for <TaskInstance: divvybikes_elt_pipeline.create_s3_connection 2021-07-01T00:00:00+00:00 [queued]>
[2022-04-01 21:03:54,463] {taskinstance.py:903} INFO - Dependencies all met for <TaskInstance: divvybikes_elt_pipeline.create_s3_connection 2021-07-01T00:00:00+00:00 [queued]>
[2022-04-01 21:03:54,463] {taskinstance.py:1094} INFO - 
--------------------------------------------------------------------------------
[2022-04-01 21:03:54,463] {taskinstance.py:1095} INFO - Starting attempt 1 of 2
[2022-04-01 21:03:54,463] {taskinstance.py:1096} INFO - 
--------------------------------------------------------------------------------
[2022-04-01 21:03:54,471] {taskinstance.py:1114} INFO - Executing <Task(PythonOperator): create_s3_connection> on 2021-07-01T00:00:00+00:00
[2022-04-01 21:03:54,476] {standard_task_runner.py:52} INFO - Started process 3607 to run task
[2022-04-01 21:03:54,478] {standard_task_runner.py:76} INFO - Running: ['***', 'tasks', 'run', 'divvybikes_elt_pipeline', 'create_s3_connection', '2021-07-01T00:00:00+00:00', '--job-id', '170', '--pool', 'default_pool', '--raw', '--subdir', 'DAGS_FOLDER/extract_load.py', '--cfg-path', '/tmp/tmpo5n1o5tb', '--error-file', '/tmp/tmppn1zs4gr']
[2022-04-01 21:03:54,479] {standard_task_runner.py:77} INFO - Job 170: Subtask create_s3_connection
[2022-04-01 21:03:54,511] {logging_mixin.py:109} INFO - Running <TaskInstance: divvybikes_elt_pipeline.create_s3_connection 2021-07-01T00:00:00+00:00 [running]> on host b399ffa6f3b6
[2022-04-01 21:03:54,554] {taskinstance.py:1253} INFO - Exporting the following env vars:
AIRFLOW_CTX_DAG_OWNER=***
AIRFLOW_CTX_DAG_ID=divvybikes_elt_pipeline
AIRFLOW_CTX_TASK_ID=create_s3_connection
AIRFLOW_CTX_EXECUTION_DATE=2021-07-01T00:00:00+00:00
AIRFLOW_CTX_DAG_RUN_ID=backfill__2021-07-01T00:00:00+00:00
[2022-04-01 21:03:54,556] {crypto.py:82} WARNING - empty cryptography key - values will not be stored encrypted.
[2022-04-01 21:03:54,556] {python.py:151} INFO - Done. Returned value was: None
[2022-04-01 21:03:54,565] {taskinstance.py:1218} INFO - Marking task as SUCCESS. dag_id=divvybikes_elt_pipeline, task_id=create_s3_connection, execution_date=20210701T000000, start_date=20220401T210354, end_date=20220401T210354
[2022-04-01 21:03:54,611] {local_task_job.py:151} INFO - Task exited with return code 0
[2022-04-01 21:03:54,631] {local_task_job.py:261} INFO - 0 downstream tasks scheduled from follow-on schedule check
