[2022-04-01 20:30:56,691] {taskinstance.py:903} INFO - Dependencies all met for <TaskInstance: divvybikes_elt_pipeline.download_dataset 2020-06-01T00:00:00+00:00 [queued]>
[2022-04-01 20:30:56,709] {taskinstance.py:903} INFO - Dependencies all met for <TaskInstance: divvybikes_elt_pipeline.download_dataset 2020-06-01T00:00:00+00:00 [queued]>
[2022-04-01 20:30:56,709] {taskinstance.py:1094} INFO - 
--------------------------------------------------------------------------------
[2022-04-01 20:30:56,710] {taskinstance.py:1095} INFO - Starting attempt 1 of 2
[2022-04-01 20:30:56,710] {taskinstance.py:1096} INFO - 
--------------------------------------------------------------------------------
[2022-04-01 20:30:56,716] {taskinstance.py:1114} INFO - Executing <Task(BashOperator): download_dataset> on 2020-06-01T00:00:00+00:00
[2022-04-01 20:30:56,719] {standard_task_runner.py:52} INFO - Started process 32158 to run task
[2022-04-01 20:30:56,721] {standard_task_runner.py:76} INFO - Running: ['***', 'tasks', 'run', 'divvybikes_elt_pipeline', 'download_dataset', '2020-06-01T00:00:00+00:00', '--job-id', '95', '--pool', 'default_pool', '--raw', '--subdir', 'DAGS_FOLDER/extract_load.py', '--cfg-path', '/tmp/tmptio1so1z', '--error-file', '/tmp/tmp9qoanpul']
[2022-04-01 20:30:56,722] {standard_task_runner.py:77} INFO - Job 95: Subtask download_dataset
[2022-04-01 20:30:56,751] {logging_mixin.py:109} INFO - Running <TaskInstance: divvybikes_elt_pipeline.download_dataset 2020-06-01T00:00:00+00:00 [running]> on host b399ffa6f3b6
[2022-04-01 20:30:56,791] {taskinstance.py:1253} INFO - Exporting the following env vars:
AIRFLOW_CTX_DAG_OWNER=***
AIRFLOW_CTX_DAG_ID=divvybikes_elt_pipeline
AIRFLOW_CTX_TASK_ID=download_dataset
AIRFLOW_CTX_EXECUTION_DATE=2020-06-01T00:00:00+00:00
AIRFLOW_CTX_DAG_RUN_ID=backfill__2020-06-01T00:00:00+00:00
[2022-04-01 20:30:56,792] {subprocess.py:52} INFO - Tmp dir root location: 
 /tmp
[2022-04-01 20:30:56,793] {subprocess.py:63} INFO - Running command: ['bash', '-c', 'curl -sSL https://divvy-tripdata.s3.amazonaws.com/202006-divvy-tripdata.zip > /opt/***/dags/datasets/202006-divvy-tripdata.zip']
[2022-04-01 20:30:56,799] {subprocess.py:74} INFO - Output:
[2022-04-01 20:31:09,930] {subprocess.py:82} INFO - Command exited with return code 0
[2022-04-01 20:31:09,951] {taskinstance.py:1218} INFO - Marking task as SUCCESS. dag_id=divvybikes_elt_pipeline, task_id=download_dataset, execution_date=20200601T000000, start_date=20220401T203056, end_date=20220401T203109
[2022-04-01 20:31:09,970] {local_task_job.py:151} INFO - Task exited with return code 0
[2022-04-01 20:31:09,985] {local_task_job.py:261} INFO - 0 downstream tasks scheduled from follow-on schedule check
