[2022-04-01 21:20:10,677] {taskinstance.py:903} INFO - Dependencies all met for <TaskInstance: divvybikes_elt_pipeline.extract_csv 2020-08-01T00:00:00+00:00 [queued]>
[2022-04-01 21:20:10,695] {taskinstance.py:903} INFO - Dependencies all met for <TaskInstance: divvybikes_elt_pipeline.extract_csv 2020-08-01T00:00:00+00:00 [queued]>
[2022-04-01 21:20:10,695] {taskinstance.py:1094} INFO - 
--------------------------------------------------------------------------------
[2022-04-01 21:20:10,695] {taskinstance.py:1095} INFO - Starting attempt 1 of 2
[2022-04-01 21:20:10,695] {taskinstance.py:1096} INFO - 
--------------------------------------------------------------------------------
[2022-04-01 21:20:10,701] {taskinstance.py:1114} INFO - Executing <Task(PythonOperator): extract_csv> on 2020-08-01T00:00:00+00:00
[2022-04-01 21:20:10,704] {standard_task_runner.py:52} INFO - Started process 5637 to run task
[2022-04-01 21:20:10,706] {standard_task_runner.py:76} INFO - Running: ['***', 'tasks', 'run', 'divvybikes_elt_pipeline', 'extract_csv', '2020-08-01T00:00:00+00:00', '--job-id', '220', '--pool', 'default_pool', '--raw', '--subdir', 'DAGS_FOLDER/extract_load.py', '--cfg-path', '/tmp/tmp8bxb_q31', '--error-file', '/tmp/tmp5c8hgfcg']
[2022-04-01 21:20:10,708] {standard_task_runner.py:77} INFO - Job 220: Subtask extract_csv
[2022-04-01 21:20:10,734] {logging_mixin.py:109} INFO - Running <TaskInstance: divvybikes_elt_pipeline.extract_csv 2020-08-01T00:00:00+00:00 [running]> on host b399ffa6f3b6
[2022-04-01 21:20:10,770] {taskinstance.py:1253} INFO - Exporting the following env vars:
AIRFLOW_CTX_DAG_OWNER=***
AIRFLOW_CTX_DAG_ID=divvybikes_elt_pipeline
AIRFLOW_CTX_TASK_ID=extract_csv
AIRFLOW_CTX_EXECUTION_DATE=2020-08-01T00:00:00+00:00
AIRFLOW_CTX_DAG_RUN_ID=backfill__2020-08-01T00:00:00+00:00
[2022-04-01 21:20:11,644] {python.py:151} INFO - Done. Returned value was: None
[2022-04-01 21:20:11,653] {taskinstance.py:1218} INFO - Marking task as SUCCESS. dag_id=divvybikes_elt_pipeline, task_id=extract_csv, execution_date=20200801T000000, start_date=20220401T212010, end_date=20220401T212011
[2022-04-01 21:20:11,682] {local_task_job.py:151} INFO - Task exited with return code 0
[2022-04-01 21:20:11,699] {local_task_job.py:261} INFO - 0 downstream tasks scheduled from follow-on schedule check
