[2022-04-01 21:18:20,542] {taskinstance.py:903} INFO - Dependencies all met for <TaskInstance: divvybikes_elt_pipeline.create_s3_connection 2022-02-01T00:00:00+00:00 [queued]>
[2022-04-01 21:18:20,560] {taskinstance.py:903} INFO - Dependencies all met for <TaskInstance: divvybikes_elt_pipeline.create_s3_connection 2022-02-01T00:00:00+00:00 [queued]>
[2022-04-01 21:18:20,560] {taskinstance.py:1094} INFO - 
--------------------------------------------------------------------------------
[2022-04-01 21:18:20,561] {taskinstance.py:1095} INFO - Starting attempt 1 of 2
[2022-04-01 21:18:20,561] {taskinstance.py:1096} INFO - 
--------------------------------------------------------------------------------
[2022-04-01 21:18:20,567] {taskinstance.py:1114} INFO - Executing <Task(PythonOperator): create_s3_connection> on 2022-02-01T00:00:00+00:00
[2022-04-01 21:18:20,571] {standard_task_runner.py:52} INFO - Started process 5398 to run task
[2022-04-01 21:18:20,573] {standard_task_runner.py:76} INFO - Running: ['***', 'tasks', 'run', 'divvybikes_elt_pipeline', 'create_s3_connection', '2022-02-01T00:00:00+00:00', '--job-id', '212', '--pool', 'default_pool', '--raw', '--subdir', 'DAGS_FOLDER/extract_load.py', '--cfg-path', '/tmp/tmp3my_yimo', '--error-file', '/tmp/tmp0idbpz6h']
[2022-04-01 21:18:20,574] {standard_task_runner.py:77} INFO - Job 212: Subtask create_s3_connection
[2022-04-01 21:18:20,604] {logging_mixin.py:109} INFO - Running <TaskInstance: divvybikes_elt_pipeline.create_s3_connection 2022-02-01T00:00:00+00:00 [running]> on host b399ffa6f3b6
[2022-04-01 21:18:20,640] {taskinstance.py:1253} INFO - Exporting the following env vars:
AIRFLOW_CTX_DAG_OWNER=***
AIRFLOW_CTX_DAG_ID=divvybikes_elt_pipeline
AIRFLOW_CTX_TASK_ID=create_s3_connection
AIRFLOW_CTX_EXECUTION_DATE=2022-02-01T00:00:00+00:00
AIRFLOW_CTX_DAG_RUN_ID=backfill__2022-02-01T00:00:00+00:00
[2022-04-01 21:18:20,641] {crypto.py:82} WARNING - empty cryptography key - values will not be stored encrypted.
[2022-04-01 21:18:20,642] {python.py:151} INFO - Done. Returned value was: None
[2022-04-01 21:18:20,650] {taskinstance.py:1218} INFO - Marking task as SUCCESS. dag_id=divvybikes_elt_pipeline, task_id=create_s3_connection, execution_date=20220201T000000, start_date=20220401T211820, end_date=20220401T211820
[2022-04-01 21:18:20,666] {local_task_job.py:151} INFO - Task exited with return code 0
[2022-04-01 21:18:20,683] {local_task_job.py:261} INFO - 0 downstream tasks scheduled from follow-on schedule check
