[2022-04-11 20:28:46,415] {taskinstance.py:903} INFO - Dependencies all met for <TaskInstance: divvybikes_elt_pipeline.create_weekly_trips_model 2022-03-01T00:00:00+00:00 [queued]>
[2022-04-11 20:28:46,423] {taskinstance.py:903} INFO - Dependencies all met for <TaskInstance: divvybikes_elt_pipeline.create_weekly_trips_model 2022-03-01T00:00:00+00:00 [queued]>
[2022-04-11 20:28:46,423] {taskinstance.py:1094} INFO - 
--------------------------------------------------------------------------------
[2022-04-11 20:28:46,423] {taskinstance.py:1095} INFO - Starting attempt 1 of 2
[2022-04-11 20:28:46,423] {taskinstance.py:1096} INFO - 
--------------------------------------------------------------------------------
[2022-04-11 20:28:46,433] {taskinstance.py:1114} INFO - Executing <Task(BigQueryInsertJobOperator): create_weekly_trips_model> on 2022-03-01T00:00:00+00:00
[2022-04-11 20:28:46,437] {standard_task_runner.py:52} INFO - Started process 388 to run task
[2022-04-11 20:28:46,440] {standard_task_runner.py:76} INFO - Running: ['***', 'tasks', 'run', 'divvybikes_elt_pipeline', 'create_weekly_trips_model', '2022-03-01T00:00:00+00:00', '--job-id', '364', '--pool', 'default_pool', '--raw', '--subdir', 'DAGS_FOLDER/extract_load.py', '--cfg-path', '/tmp/tmpy7w8ny7o', '--error-file', '/tmp/tmpx4qh545s']
[2022-04-11 20:28:46,441] {standard_task_runner.py:77} INFO - Job 364: Subtask create_weekly_trips_model
[2022-04-11 20:28:46,470] {logging_mixin.py:109} INFO - Running <TaskInstance: divvybikes_elt_pipeline.create_weekly_trips_model 2022-03-01T00:00:00+00:00 [running]> on host afa4c4c5de3b
[2022-04-11 20:28:46,511] {taskinstance.py:1253} INFO - Exporting the following env vars:
AIRFLOW_CTX_DAG_OWNER=***
AIRFLOW_CTX_DAG_ID=divvybikes_elt_pipeline
AIRFLOW_CTX_TASK_ID=create_weekly_trips_model
AIRFLOW_CTX_EXECUTION_DATE=2022-03-01T00:00:00+00:00
AIRFLOW_CTX_DAG_RUN_ID=scheduled__2022-03-01T00:00:00+00:00
[2022-04-11 20:28:46,513] {crypto.py:82} WARNING - empty cryptography key - values will not be stored encrypted.
[2022-04-11 20:28:46,518] {bigquery.py:1638} INFO - Inserting job ***_divvybikes_elt_pipeline_create_weekly_trips_model_2022_03_01T00_00_00_00_00_ec0fc83616bb93879c5331efe73cd016
[2022-04-11 20:28:49,264] {taskinstance.py:1218} INFO - Marking task as SUCCESS. dag_id=divvybikes_elt_pipeline, task_id=create_weekly_trips_model, execution_date=20220301T000000, start_date=20220411T202846, end_date=20220411T202849
[2022-04-11 20:28:49,302] {local_task_job.py:151} INFO - Task exited with return code 0
[2022-04-11 20:28:49,319] {local_task_job.py:261} INFO - 0 downstream tasks scheduled from follow-on schedule check
