[2022-04-01 20:30:46,657] {taskinstance.py:903} INFO - Dependencies all met for <TaskInstance: divvybikes_elt_pipeline.create_s3_connection 2020-06-01T00:00:00+00:00 [queued]>
[2022-04-01 20:30:46,674] {taskinstance.py:903} INFO - Dependencies all met for <TaskInstance: divvybikes_elt_pipeline.create_s3_connection 2020-06-01T00:00:00+00:00 [queued]>
[2022-04-01 20:30:46,674] {taskinstance.py:1094} INFO - 
--------------------------------------------------------------------------------
[2022-04-01 20:30:46,674] {taskinstance.py:1095} INFO - Starting attempt 1 of 2
[2022-04-01 20:30:46,675] {taskinstance.py:1096} INFO - 
--------------------------------------------------------------------------------
[2022-04-01 20:30:46,681] {taskinstance.py:1114} INFO - Executing <Task(PythonOperator): create_s3_connection> on 2020-06-01T00:00:00+00:00
[2022-04-01 20:30:46,684] {standard_task_runner.py:52} INFO - Started process 32134 to run task
[2022-04-01 20:30:46,686] {standard_task_runner.py:76} INFO - Running: ['***', 'tasks', 'run', 'divvybikes_elt_pipeline', 'create_s3_connection', '2020-06-01T00:00:00+00:00', '--job-id', '94', '--pool', 'default_pool', '--raw', '--subdir', 'DAGS_FOLDER/extract_load.py', '--cfg-path', '/tmp/tmp4dcsqc4w', '--error-file', '/tmp/tmppqlpwhhz']
[2022-04-01 20:30:46,688] {standard_task_runner.py:77} INFO - Job 94: Subtask create_s3_connection
[2022-04-01 20:30:46,714] {logging_mixin.py:109} INFO - Running <TaskInstance: divvybikes_elt_pipeline.create_s3_connection 2020-06-01T00:00:00+00:00 [running]> on host b399ffa6f3b6
[2022-04-01 20:30:46,746] {taskinstance.py:1253} INFO - Exporting the following env vars:
AIRFLOW_CTX_DAG_OWNER=***
AIRFLOW_CTX_DAG_ID=divvybikes_elt_pipeline
AIRFLOW_CTX_TASK_ID=create_s3_connection
AIRFLOW_CTX_EXECUTION_DATE=2020-06-01T00:00:00+00:00
AIRFLOW_CTX_DAG_RUN_ID=backfill__2020-06-01T00:00:00+00:00
[2022-04-01 20:30:46,747] {crypto.py:82} WARNING - empty cryptography key - values will not be stored encrypted.
[2022-04-01 20:30:46,747] {python.py:151} INFO - Done. Returned value was: None
[2022-04-01 20:30:46,754] {taskinstance.py:1218} INFO - Marking task as SUCCESS. dag_id=divvybikes_elt_pipeline, task_id=create_s3_connection, execution_date=20200601T000000, start_date=20220401T203046, end_date=20220401T203046
[2022-04-01 20:30:46,779] {local_task_job.py:151} INFO - Task exited with return code 0
[2022-04-01 20:30:46,795] {local_task_job.py:261} INFO - 0 downstream tasks scheduled from follow-on schedule check
