[2022-04-05 02:28:56,104] {taskinstance.py:903} INFO - Dependencies all met for <TaskInstance: divvybikes_elt_pipeline.convert_file_to_parquet 2022-02-01T00:00:00+00:00 [None]>
[2022-04-05 02:28:56,126] {taskinstance.py:903} INFO - Dependencies all met for <TaskInstance: divvybikes_elt_pipeline.convert_file_to_parquet 2022-02-01T00:00:00+00:00 [None]>
[2022-04-05 02:28:56,126] {taskinstance.py:1094} INFO - 
--------------------------------------------------------------------------------
[2022-04-05 02:28:56,127] {taskinstance.py:1095} INFO - Starting attempt 2 of 3
[2022-04-05 02:28:56,127] {taskinstance.py:1096} INFO - 
--------------------------------------------------------------------------------
[2022-04-05 02:28:56,134] {taskinstance.py:1114} INFO - Executing <Task(PythonOperator): convert_file_to_parquet> on 2022-02-01T00:00:00+00:00
[2022-04-05 02:28:56,138] {standard_task_runner.py:52} INFO - Started process 6639 to run task
[2022-04-05 02:28:56,141] {standard_task_runner.py:76} INFO - Running: ['***', 'tasks', 'run', 'divvybikes_elt_pipeline', 'convert_file_to_parquet', '2022-02-01T00:00:00+00:00', '--job-id', '230', '--pool', 'default_pool', '--raw', '--subdir', 'DAGS_FOLDER/extract_load.py', '--cfg-path', '/tmp/tmpc44dq7sh', '--error-file', '/tmp/tmphadq0mwh']
[2022-04-05 02:28:56,142] {standard_task_runner.py:77} INFO - Job 230: Subtask convert_file_to_parquet
[2022-04-05 02:28:56,177] {logging_mixin.py:109} INFO - Running <TaskInstance: divvybikes_elt_pipeline.convert_file_to_parquet 2022-02-01T00:00:00+00:00 [running]> on host cb4014871cd0
[2022-04-05 02:28:56,219] {taskinstance.py:1253} INFO - Exporting the following env vars:
AIRFLOW_CTX_DAG_OWNER=***
AIRFLOW_CTX_DAG_ID=divvybikes_elt_pipeline
AIRFLOW_CTX_TASK_ID=convert_file_to_parquet
AIRFLOW_CTX_EXECUTION_DATE=2022-02-01T00:00:00+00:00
AIRFLOW_CTX_DAG_RUN_ID=backfill__2022-02-01T00:00:00+00:00
[2022-04-05 02:28:56,392] {python.py:151} INFO - Done. Returned value was: None
[2022-04-05 02:28:56,402] {taskinstance.py:1218} INFO - Marking task as SUCCESS. dag_id=divvybikes_elt_pipeline, task_id=convert_file_to_parquet, execution_date=20220201T000000, start_date=20220405T022856, end_date=20220405T022856
[2022-04-05 02:28:56,435] {local_task_job.py:151} INFO - Task exited with return code 0
[2022-04-05 02:28:56,453] {local_task_job.py:261} INFO - 0 downstream tasks scheduled from follow-on schedule check
