[2022-04-01 21:14:35,272] {taskinstance.py:903} INFO - Dependencies all met for <TaskInstance: divvybikes_elt_pipeline.convert_file_to_parquet 2021-11-01T00:00:00+00:00 [queued]>
[2022-04-01 21:14:35,291] {taskinstance.py:903} INFO - Dependencies all met for <TaskInstance: divvybikes_elt_pipeline.convert_file_to_parquet 2021-11-01T00:00:00+00:00 [queued]>
[2022-04-01 21:14:35,291] {taskinstance.py:1094} INFO - 
--------------------------------------------------------------------------------
[2022-04-01 21:14:35,291] {taskinstance.py:1095} INFO - Starting attempt 1 of 2
[2022-04-01 21:14:35,291] {taskinstance.py:1096} INFO - 
--------------------------------------------------------------------------------
[2022-04-01 21:14:35,297] {taskinstance.py:1114} INFO - Executing <Task(PythonOperator): convert_file_to_parquet> on 2021-11-01T00:00:00+00:00
[2022-04-01 21:14:35,301] {standard_task_runner.py:52} INFO - Started process 4905 to run task
[2022-04-01 21:14:35,303] {standard_task_runner.py:76} INFO - Running: ['***', 'tasks', 'run', 'divvybikes_elt_pipeline', 'convert_file_to_parquet', '2021-11-01T00:00:00+00:00', '--job-id', '197', '--pool', 'default_pool', '--raw', '--subdir', 'DAGS_FOLDER/extract_load.py', '--cfg-path', '/tmp/tmpgi5_q4qu', '--error-file', '/tmp/tmpj9_9umco']
[2022-04-01 21:14:35,304] {standard_task_runner.py:77} INFO - Job 197: Subtask convert_file_to_parquet
[2022-04-01 21:14:35,333] {logging_mixin.py:109} INFO - Running <TaskInstance: divvybikes_elt_pipeline.convert_file_to_parquet 2021-11-01T00:00:00+00:00 [running]> on host b399ffa6f3b6
[2022-04-01 21:14:35,370] {taskinstance.py:1253} INFO - Exporting the following env vars:
AIRFLOW_CTX_DAG_OWNER=***
AIRFLOW_CTX_DAG_ID=divvybikes_elt_pipeline
AIRFLOW_CTX_TASK_ID=convert_file_to_parquet
AIRFLOW_CTX_EXECUTION_DATE=2021-11-01T00:00:00+00:00
AIRFLOW_CTX_DAG_RUN_ID=backfill__2021-11-01T00:00:00+00:00
[2022-04-01 21:14:35,729] {python.py:151} INFO - Done. Returned value was: None
[2022-04-01 21:14:35,739] {taskinstance.py:1218} INFO - Marking task as SUCCESS. dag_id=divvybikes_elt_pipeline, task_id=convert_file_to_parquet, execution_date=20211101T000000, start_date=20220401T211435, end_date=20220401T211435
[2022-04-01 21:14:35,797] {local_task_job.py:151} INFO - Task exited with return code 0
[2022-04-01 21:14:35,817] {local_task_job.py:261} INFO - 0 downstream tasks scheduled from follow-on schedule check
