[2022-04-09 21:55:32,795] {taskinstance.py:903} INFO - Dependencies all met for <TaskInstance: divvybikes_elt_pipeline.upsert_dim_stations_table 2022-02-01T00:00:00+00:00 [None]>
[2022-04-09 21:55:32,812] {taskinstance.py:903} INFO - Dependencies all met for <TaskInstance: divvybikes_elt_pipeline.upsert_dim_stations_table 2022-02-01T00:00:00+00:00 [None]>
[2022-04-09 21:55:32,812] {taskinstance.py:1094} INFO - 
--------------------------------------------------------------------------------
[2022-04-09 21:55:32,812] {taskinstance.py:1095} INFO - Starting attempt 1 of 2
[2022-04-09 21:55:32,812] {taskinstance.py:1096} INFO - 
--------------------------------------------------------------------------------
[2022-04-09 21:55:32,822] {taskinstance.py:1114} INFO - Executing <Task(BigQueryUpsertTableOperator): upsert_dim_stations_table> on 2022-02-01T00:00:00+00:00
[2022-04-09 21:55:32,827] {standard_task_runner.py:52} INFO - Started process 11057 to run task
[2022-04-09 21:55:32,830] {standard_task_runner.py:76} INFO - Running: ['***', 'tasks', 'run', 'divvybikes_elt_pipeline', 'upsert_dim_stations_table', '2022-02-01T00:00:00+00:00', '--job-id', '324', '--pool', 'default_pool', '--raw', '--subdir', 'DAGS_FOLDER/extract_load.py', '--cfg-path', '/tmp/tmp1kbtesuq', '--error-file', '/tmp/tmp94vku1rv']
[2022-04-09 21:55:32,832] {standard_task_runner.py:77} INFO - Job 324: Subtask upsert_dim_stations_table
[2022-04-09 21:55:32,875] {logging_mixin.py:109} INFO - Running <TaskInstance: divvybikes_elt_pipeline.upsert_dim_stations_table 2022-02-01T00:00:00+00:00 [running]> on host afa4c4c5de3b
[2022-04-09 21:55:32,926] {taskinstance.py:1253} INFO - Exporting the following env vars:
AIRFLOW_CTX_DAG_OWNER=***
AIRFLOW_CTX_DAG_ID=divvybikes_elt_pipeline
AIRFLOW_CTX_TASK_ID=upsert_dim_stations_table
AIRFLOW_CTX_EXECUTION_DATE=2022-02-01T00:00:00+00:00
AIRFLOW_CTX_DAG_RUN_ID=backfill__2022-02-01T00:00:00+00:00
[2022-04-09 21:55:32,928] {bigquery.py:2008} INFO - Upserting Dataset: divvybikes_data_all with table_resource: {'tableReference': {'tableId': 'station_map_dim_table'}}
[2022-04-09 21:55:32,934] {logging_mixin.py:109} WARNING - /home/***/.local/lib/python3.6/site-packages/***/providers/google/cloud/operators/bigquery.py:2013 DeprecationWarning: The bigquery_conn_id parameter has been deprecated. You should pass the gcp_conn_id parameter.
[2022-04-09 21:55:32,935] {crypto.py:82} WARNING - empty cryptography key - values will not be stored encrypted.
[2022-04-09 21:55:32,939] {bigquery.py:496} INFO - Start getting tables list from dataset: sturdy-dogfish-344515.divvybikes_data_all
[2022-04-09 21:55:33,375] {bigquery.py:1226} INFO - Table sturdy-dogfish-344515:divvybikes_data_all.station_map_dim_table exists, updating.
[2022-04-09 21:55:33,375] {bigquery.py:749} INFO - Updating table: {'tableId': 'station_map_dim_table', 'projectId': 'sturdy-dogfish-344515', 'datasetId': 'divvybikes_data_all'}
[2022-04-09 21:55:33,788] {bigquery.py:751} INFO - Table sturdy-dogfish-344515.None.None updated successfully
[2022-04-09 21:55:33,799] {taskinstance.py:1218} INFO - Marking task as SUCCESS. dag_id=divvybikes_elt_pipeline, task_id=upsert_dim_stations_table, execution_date=20220201T000000, start_date=20220409T215532, end_date=20220409T215533
[2022-04-09 21:55:33,847] {local_task_job.py:151} INFO - Task exited with return code 0
[2022-04-09 21:55:33,871] {local_task_job.py:261} INFO - 0 downstream tasks scheduled from follow-on schedule check
[2022-04-09 21:55:33,894] {dagrun.py:486} WARNING - Failed to get task '<TaskInstance: divvybikes_elt_pipeline.bq_staging_table_task 2022-02-01 00:00:00+00:00 [removed]>' for dag 'divvybikes_elt_pipeline'. Marking it as removed.
[2022-04-09 21:55:33,897] {dagrun.py:486} WARNING - Failed to get task '<TaskInstance: divvybikes_elt_pipeline.create_s3_connection 2022-02-01 00:00:00+00:00 [removed]>' for dag 'divvybikes_elt_pipeline'. Marking it as removed.
[2022-04-09 21:55:33,898] {dagrun.py:486} WARNING - Failed to get task '<TaskInstance: divvybikes_elt_pipeline.upload_file_to_s3 2022-02-01 00:00:00+00:00 [removed]>' for dag 'divvybikes_elt_pipeline'. Marking it as removed.
[2022-04-09 21:55:33,898] {dagrun.py:434} INFO - Marking run <DagRun divvybikes_elt_pipeline @ 2022-02-01 00:00:00+00:00: backfill__2022-02-01T00:00:00+00:00, externally triggered: False> successful
[2022-04-09 21:55:33,900] {dagrun.py:604} WARNING - Failed to record duration of <DagRun divvybikes_elt_pipeline @ 2022-02-01 00:00:00+00:00: backfill__2022-02-01T00:00:00+00:00, externally triggered: False>: start_date is not set.
