[2022-04-01 20:56:43,838] {taskinstance.py:903} INFO - Dependencies all met for <TaskInstance: divvybikes_elt_pipeline.create_s3_connection 2021-03-01T00:00:00+00:00 [queued]>
[2022-04-01 20:56:43,858] {taskinstance.py:903} INFO - Dependencies all met for <TaskInstance: divvybikes_elt_pipeline.create_s3_connection 2021-03-01T00:00:00+00:00 [queued]>
[2022-04-01 20:56:43,858] {taskinstance.py:1094} INFO - 
--------------------------------------------------------------------------------
[2022-04-01 20:56:43,858] {taskinstance.py:1095} INFO - Starting attempt 1 of 2
[2022-04-01 20:56:43,858] {taskinstance.py:1096} INFO - 
--------------------------------------------------------------------------------
[2022-04-01 20:56:43,864] {taskinstance.py:1114} INFO - Executing <Task(PythonOperator): create_s3_connection> on 2021-03-01T00:00:00+00:00
[2022-04-01 20:56:43,867] {standard_task_runner.py:52} INFO - Started process 2709 to run task
[2022-04-01 20:56:43,869] {standard_task_runner.py:76} INFO - Running: ['***', 'tasks', 'run', 'divvybikes_elt_pipeline', 'create_s3_connection', '2021-03-01T00:00:00+00:00', '--job-id', '146', '--pool', 'default_pool', '--raw', '--subdir', 'DAGS_FOLDER/extract_load.py', '--cfg-path', '/tmp/tmplacjwjep', '--error-file', '/tmp/tmpxim_zsis']
[2022-04-01 20:56:43,870] {standard_task_runner.py:77} INFO - Job 146: Subtask create_s3_connection
[2022-04-01 20:56:43,898] {logging_mixin.py:109} INFO - Running <TaskInstance: divvybikes_elt_pipeline.create_s3_connection 2021-03-01T00:00:00+00:00 [running]> on host b399ffa6f3b6
[2022-04-01 20:56:43,931] {taskinstance.py:1253} INFO - Exporting the following env vars:
AIRFLOW_CTX_DAG_OWNER=***
AIRFLOW_CTX_DAG_ID=divvybikes_elt_pipeline
AIRFLOW_CTX_TASK_ID=create_s3_connection
AIRFLOW_CTX_EXECUTION_DATE=2021-03-01T00:00:00+00:00
AIRFLOW_CTX_DAG_RUN_ID=backfill__2021-03-01T00:00:00+00:00
[2022-04-01 20:56:43,932] {crypto.py:82} WARNING - empty cryptography key - values will not be stored encrypted.
[2022-04-01 20:56:43,932] {python.py:151} INFO - Done. Returned value was: None
[2022-04-01 20:56:43,940] {taskinstance.py:1218} INFO - Marking task as SUCCESS. dag_id=divvybikes_elt_pipeline, task_id=create_s3_connection, execution_date=20210301T000000, start_date=20220401T205643, end_date=20220401T205643
[2022-04-01 20:56:43,962] {local_task_job.py:151} INFO - Task exited with return code 0
[2022-04-01 20:56:43,979] {local_task_job.py:261} INFO - 0 downstream tasks scheduled from follow-on schedule check
