[2022-04-01 20:44:15,743] {taskinstance.py:903} INFO - Dependencies all met for <TaskInstance: divvybikes_elt_pipeline.remove_downloaded_files 2020-06-01T00:00:00+00:00 [None]>
[2022-04-01 20:44:15,772] {taskinstance.py:903} INFO - Dependencies all met for <TaskInstance: divvybikes_elt_pipeline.remove_downloaded_files 2020-06-01T00:00:00+00:00 [None]>
[2022-04-01 20:44:15,773] {taskinstance.py:1094} INFO - 
--------------------------------------------------------------------------------
[2022-04-01 20:44:15,773] {taskinstance.py:1095} INFO - Starting attempt 1 of 2
[2022-04-01 20:44:15,773] {taskinstance.py:1096} INFO - 
--------------------------------------------------------------------------------
[2022-04-01 20:44:15,781] {taskinstance.py:1114} INFO - Executing <Task(BashOperator): remove_downloaded_files> on 2020-06-01T00:00:00+00:00
[2022-04-01 20:44:15,786] {standard_task_runner.py:52} INFO - Started process 1126 to run task
[2022-04-01 20:44:15,789] {standard_task_runner.py:76} INFO - Running: ['***', 'tasks', 'run', 'divvybikes_elt_pipeline', 'remove_downloaded_files', '2020-06-01T00:00:00+00:00', '--job-id', '102', '--pool', 'default_pool', '--raw', '--subdir', 'DAGS_FOLDER/extract_load.py', '--cfg-path', '/tmp/tmpjzuqc9oh', '--error-file', '/tmp/tmpu61rl4j5']
[2022-04-01 20:44:15,791] {standard_task_runner.py:77} INFO - Job 102: Subtask remove_downloaded_files
[2022-04-01 20:44:15,824] {logging_mixin.py:109} INFO - Running <TaskInstance: divvybikes_elt_pipeline.remove_downloaded_files 2020-06-01T00:00:00+00:00 [running]> on host b399ffa6f3b6
[2022-04-01 20:44:15,872] {taskinstance.py:1253} INFO - Exporting the following env vars:
AIRFLOW_CTX_DAG_OWNER=***
AIRFLOW_CTX_DAG_ID=divvybikes_elt_pipeline
AIRFLOW_CTX_TASK_ID=remove_downloaded_files
AIRFLOW_CTX_EXECUTION_DATE=2020-06-01T00:00:00+00:00
AIRFLOW_CTX_DAG_RUN_ID=backfill__2020-06-01T00:00:00+00:00
[2022-04-01 20:44:15,874] {subprocess.py:52} INFO - Tmp dir root location: 
 /tmp
[2022-04-01 20:44:15,874] {subprocess.py:63} INFO - Running command: ['bash', '-c', 'rm -f /opt/***/dags/datasets/202006-divvy-tripdata.csv /opt/***/dags/datasets/202006-divvy-tripdata.parquet /opt/***/dags/datasets/202006-divvy-tripdata.zip']
[2022-04-01 20:44:15,884] {subprocess.py:74} INFO - Output:
[2022-04-01 20:44:15,896] {subprocess.py:82} INFO - Command exited with return code 0
[2022-04-01 20:44:15,921] {taskinstance.py:1218} INFO - Marking task as SUCCESS. dag_id=divvybikes_elt_pipeline, task_id=remove_downloaded_files, execution_date=20200601T000000, start_date=20220401T204415, end_date=20220401T204415
[2022-04-01 20:44:15,963] {local_task_job.py:151} INFO - Task exited with return code 0
[2022-04-01 20:44:15,984] {local_task_job.py:261} INFO - 0 downstream tasks scheduled from follow-on schedule check
