[2022-04-01 20:27:46,432] {taskinstance.py:903} INFO - Dependencies all met for <TaskInstance: divvybikes_elt_pipeline.download_dataset 2020-04-01T00:00:00+00:00 [queued]>
[2022-04-01 20:27:46,443] {taskinstance.py:903} INFO - Dependencies all met for <TaskInstance: divvybikes_elt_pipeline.download_dataset 2020-04-01T00:00:00+00:00 [queued]>
[2022-04-01 20:27:46,443] {taskinstance.py:1094} INFO - 
--------------------------------------------------------------------------------
[2022-04-01 20:27:46,444] {taskinstance.py:1095} INFO - Starting attempt 4 of 5
[2022-04-01 20:27:46,444] {taskinstance.py:1096} INFO - 
--------------------------------------------------------------------------------
[2022-04-01 20:27:46,450] {taskinstance.py:1114} INFO - Executing <Task(BashOperator): download_dataset> on 2020-04-01T00:00:00+00:00
[2022-04-01 20:27:46,453] {standard_task_runner.py:52} INFO - Started process 31775 to run task
[2022-04-01 20:27:46,455] {standard_task_runner.py:76} INFO - Running: ['***', 'tasks', 'run', 'divvybikes_elt_pipeline', 'download_dataset', '2020-04-01T00:00:00+00:00', '--job-id', '87', '--pool', 'default_pool', '--raw', '--subdir', 'DAGS_FOLDER/extract_load.py', '--cfg-path', '/tmp/tmp3b1fn0mz', '--error-file', '/tmp/tmpthx9fxtm']
[2022-04-01 20:27:46,456] {standard_task_runner.py:77} INFO - Job 87: Subtask download_dataset
[2022-04-01 20:27:46,483] {logging_mixin.py:109} INFO - Running <TaskInstance: divvybikes_elt_pipeline.download_dataset 2020-04-01T00:00:00+00:00 [running]> on host b399ffa6f3b6
[2022-04-01 20:27:46,519] {taskinstance.py:1253} INFO - Exporting the following env vars:
AIRFLOW_CTX_DAG_OWNER=***
AIRFLOW_CTX_DAG_ID=divvybikes_elt_pipeline
AIRFLOW_CTX_TASK_ID=download_dataset
AIRFLOW_CTX_EXECUTION_DATE=2020-04-01T00:00:00+00:00
AIRFLOW_CTX_DAG_RUN_ID=backfill__2020-04-01T00:00:00+00:00
[2022-04-01 20:27:46,520] {subprocess.py:52} INFO - Tmp dir root location: 
 /tmp
[2022-04-01 20:27:46,521] {subprocess.py:63} INFO - Running command: ['bash', '-c', 'curl -sSL https://divvy-tripdata.s3.amazonaws.com/202004-divvy-tripdata.zip > /opt/***/dags/datasets/202004-divvy-tripdata.zip']
[2022-04-01 20:27:46,527] {subprocess.py:74} INFO - Output:
[2022-04-01 20:27:49,924] {subprocess.py:82} INFO - Command exited with return code 0
[2022-04-01 20:27:49,947] {taskinstance.py:1218} INFO - Marking task as SUCCESS. dag_id=divvybikes_elt_pipeline, task_id=download_dataset, execution_date=20200401T000000, start_date=20220401T202746, end_date=20220401T202749
[2022-04-01 20:27:49,999] {local_task_job.py:151} INFO - Task exited with return code 0
[2022-04-01 20:27:50,019] {local_task_job.py:261} INFO - 0 downstream tasks scheduled from follow-on schedule check
