[2022-04-08 02:26:54,630] {taskinstance.py:903} INFO - Dependencies all met for <TaskInstance: divvybikes_elt_pipeline.convert_file_to_parquet 2021-12-01T00:00:00+00:00 [None]>
[2022-04-08 02:26:54,647] {taskinstance.py:903} INFO - Dependencies all met for <TaskInstance: divvybikes_elt_pipeline.convert_file_to_parquet 2021-12-01T00:00:00+00:00 [None]>
[2022-04-08 02:26:54,647] {taskinstance.py:1094} INFO - 
--------------------------------------------------------------------------------
[2022-04-08 02:26:54,647] {taskinstance.py:1095} INFO - Starting attempt 2 of 3
[2022-04-08 02:26:54,647] {taskinstance.py:1096} INFO - 
--------------------------------------------------------------------------------
[2022-04-08 02:26:54,655] {taskinstance.py:1114} INFO - Executing <Task(PythonOperator): convert_file_to_parquet> on 2021-12-01T00:00:00+00:00
[2022-04-08 02:26:54,660] {standard_task_runner.py:52} INFO - Started process 18687 to run task
[2022-04-08 02:26:54,663] {standard_task_runner.py:76} INFO - Running: ['***', 'tasks', 'run', 'divvybikes_elt_pipeline', 'convert_file_to_parquet', '2021-12-01T00:00:00+00:00', '--job-id', '283', '--pool', 'default_pool', '--raw', '--subdir', 'DAGS_FOLDER/extract_load.py', '--cfg-path', '/tmp/tmptmh0tqrq', '--error-file', '/tmp/tmpkc5ynr6b']
[2022-04-08 02:26:54,665] {standard_task_runner.py:77} INFO - Job 283: Subtask convert_file_to_parquet
[2022-04-08 02:26:54,703] {logging_mixin.py:109} INFO - Running <TaskInstance: divvybikes_elt_pipeline.convert_file_to_parquet 2021-12-01T00:00:00+00:00 [running]> on host afa4c4c5de3b
[2022-04-08 02:26:54,744] {taskinstance.py:1253} INFO - Exporting the following env vars:
AIRFLOW_CTX_DAG_OWNER=***
AIRFLOW_CTX_DAG_ID=divvybikes_elt_pipeline
AIRFLOW_CTX_TASK_ID=convert_file_to_parquet
AIRFLOW_CTX_EXECUTION_DATE=2021-12-01T00:00:00+00:00
AIRFLOW_CTX_DAG_RUN_ID=backfill__2021-12-01T00:00:00+00:00
[2022-04-08 02:26:55,099] {python.py:151} INFO - Done. Returned value was: None
[2022-04-08 02:26:55,110] {taskinstance.py:1218} INFO - Marking task as SUCCESS. dag_id=divvybikes_elt_pipeline, task_id=convert_file_to_parquet, execution_date=20211201T000000, start_date=20220408T022654, end_date=20220408T022655
[2022-04-08 02:26:55,157] {local_task_job.py:151} INFO - Task exited with return code 0
[2022-04-08 02:26:55,176] {local_task_job.py:261} INFO - 0 downstream tasks scheduled from follow-on schedule check
