[2022-04-08 02:08:20,387] {taskinstance.py:903} INFO - Dependencies all met for <TaskInstance: divvybikes_station_map_upload.download_station_map 2021-01-01T00:00:00+00:00 [queued]>
[2022-04-08 02:08:20,400] {taskinstance.py:903} INFO - Dependencies all met for <TaskInstance: divvybikes_station_map_upload.download_station_map 2021-01-01T00:00:00+00:00 [queued]>
[2022-04-08 02:08:20,400] {taskinstance.py:1094} INFO - 
--------------------------------------------------------------------------------
[2022-04-08 02:08:20,400] {taskinstance.py:1095} INFO - Starting attempt 1 of 2
[2022-04-08 02:08:20,400] {taskinstance.py:1096} INFO - 
--------------------------------------------------------------------------------
[2022-04-08 02:08:20,408] {taskinstance.py:1114} INFO - Executing <Task(PythonOperator): download_station_map> on 2021-01-01T00:00:00+00:00
[2022-04-08 02:08:20,411] {standard_task_runner.py:52} INFO - Started process 16703 to run task
[2022-04-08 02:08:20,414] {standard_task_runner.py:76} INFO - Running: ['***', 'tasks', 'run', 'divvybikes_station_map_upload', 'download_station_map', '2021-01-01T00:00:00+00:00', '--job-id', '269', '--pool', 'default_pool', '--raw', '--subdir', 'DAGS_FOLDER/stations_to_gcs.py', '--cfg-path', '/tmp/tmp_q8av1wh', '--error-file', '/tmp/tmp0ju3e5p1']
[2022-04-08 02:08:20,415] {standard_task_runner.py:77} INFO - Job 269: Subtask download_station_map
[2022-04-08 02:08:20,448] {logging_mixin.py:109} INFO - Running <TaskInstance: divvybikes_station_map_upload.download_station_map 2021-01-01T00:00:00+00:00 [running]> on host afa4c4c5de3b
[2022-04-08 02:08:20,498] {taskinstance.py:1253} INFO - Exporting the following env vars:
AIRFLOW_CTX_DAG_OWNER=***
AIRFLOW_CTX_DAG_ID=divvybikes_station_map_upload
AIRFLOW_CTX_TASK_ID=download_station_map
AIRFLOW_CTX_EXECUTION_DATE=2021-01-01T00:00:00+00:00
AIRFLOW_CTX_DAG_RUN_ID=scheduled__2021-01-01T00:00:00+00:00
[2022-04-08 02:08:21,396] {python.py:151} INFO - Done. Returned value was: Divvy_Bicycle_Stations_-_All_-_Map.csv
[2022-04-08 02:08:21,419] {taskinstance.py:1218} INFO - Marking task as SUCCESS. dag_id=divvybikes_station_map_upload, task_id=download_station_map, execution_date=20210101T000000, start_date=20220408T020820, end_date=20220408T020821
[2022-04-08 02:08:21,470] {local_task_job.py:151} INFO - Task exited with return code 0
[2022-04-08 02:08:21,499] {local_task_job.py:261} INFO - 0 downstream tasks scheduled from follow-on schedule check
