[2022-04-08 02:09:05,607] {taskinstance.py:903} INFO - Dependencies all met for <TaskInstance: divvybikes_station_map_upload.download_station_map 2021-01-01T00:00:00+00:00 [queued]>
[2022-04-08 02:09:05,619] {taskinstance.py:903} INFO - Dependencies all met for <TaskInstance: divvybikes_station_map_upload.download_station_map 2021-01-01T00:00:00+00:00 [queued]>
[2022-04-08 02:09:05,619] {taskinstance.py:1094} INFO - 
--------------------------------------------------------------------------------
[2022-04-08 02:09:05,619] {taskinstance.py:1095} INFO - Starting attempt 3 of 4
[2022-04-08 02:09:05,619] {taskinstance.py:1096} INFO - 
--------------------------------------------------------------------------------
[2022-04-08 02:09:05,626] {taskinstance.py:1114} INFO - Executing <Task(PythonOperator): download_station_map> on 2021-01-01T00:00:00+00:00
[2022-04-08 02:09:05,630] {standard_task_runner.py:52} INFO - Started process 16802 to run task
[2022-04-08 02:09:05,633] {standard_task_runner.py:76} INFO - Running: ['***', 'tasks', 'run', 'divvybikes_station_map_upload', 'download_station_map', '2021-01-01T00:00:00+00:00', '--job-id', '273', '--pool', 'default_pool', '--raw', '--subdir', 'DAGS_FOLDER/stations_to_gcs.py', '--cfg-path', '/tmp/tmpk2neyxrn', '--error-file', '/tmp/tmpxlg4v9lh']
[2022-04-08 02:09:05,634] {standard_task_runner.py:77} INFO - Job 273: Subtask download_station_map
[2022-04-08 02:09:05,665] {logging_mixin.py:109} INFO - Running <TaskInstance: divvybikes_station_map_upload.download_station_map 2021-01-01T00:00:00+00:00 [running]> on host afa4c4c5de3b
[2022-04-08 02:09:05,701] {taskinstance.py:1253} INFO - Exporting the following env vars:
AIRFLOW_CTX_DAG_OWNER=***
AIRFLOW_CTX_DAG_ID=divvybikes_station_map_upload
AIRFLOW_CTX_TASK_ID=download_station_map
AIRFLOW_CTX_EXECUTION_DATE=2021-01-01T00:00:00+00:00
AIRFLOW_CTX_DAG_RUN_ID=scheduled__2021-01-01T00:00:00+00:00
[2022-04-08 02:09:06,299] {python.py:151} INFO - Done. Returned value was: /opt/***/dags/datasets/Divvy_Bicycle_Stations_-_All_-_Map.csv
[2022-04-08 02:09:06,316] {taskinstance.py:1218} INFO - Marking task as SUCCESS. dag_id=divvybikes_station_map_upload, task_id=download_station_map, execution_date=20210101T000000, start_date=20220408T020905, end_date=20220408T020906
[2022-04-08 02:09:06,367] {local_task_job.py:151} INFO - Task exited with return code 0
[2022-04-08 02:09:06,388] {local_task_job.py:261} INFO - 1 downstream tasks scheduled from follow-on schedule check
