[2022-04-08 02:09:07,019] {taskinstance.py:903} INFO - Dependencies all met for <TaskInstance: divvybikes_station_map_upload.upload_to_gcs_task 2021-01-01T00:00:00+00:00 [queued]>
[2022-04-08 02:09:07,031] {taskinstance.py:903} INFO - Dependencies all met for <TaskInstance: divvybikes_station_map_upload.upload_to_gcs_task 2021-01-01T00:00:00+00:00 [queued]>
[2022-04-08 02:09:07,031] {taskinstance.py:1094} INFO - 
--------------------------------------------------------------------------------
[2022-04-08 02:09:07,031] {taskinstance.py:1095} INFO - Starting attempt 9 of 10
[2022-04-08 02:09:07,032] {taskinstance.py:1096} INFO - 
--------------------------------------------------------------------------------
[2022-04-08 02:09:07,038] {taskinstance.py:1114} INFO - Executing <Task(PythonOperator): upload_to_gcs_task> on 2021-01-01T00:00:00+00:00
[2022-04-08 02:09:07,042] {standard_task_runner.py:52} INFO - Started process 16805 to run task
[2022-04-08 02:09:07,045] {standard_task_runner.py:76} INFO - Running: ['***', 'tasks', 'run', 'divvybikes_station_map_upload', 'upload_to_gcs_task', '2021-01-01T00:00:00+00:00', '--job-id', '274', '--pool', 'default_pool', '--raw', '--subdir', 'DAGS_FOLDER/stations_to_gcs.py', '--cfg-path', '/tmp/tmp32am2pd0', '--error-file', '/tmp/tmpzaizbhi7']
[2022-04-08 02:09:07,046] {standard_task_runner.py:77} INFO - Job 274: Subtask upload_to_gcs_task
[2022-04-08 02:09:07,076] {logging_mixin.py:109} INFO - Running <TaskInstance: divvybikes_station_map_upload.upload_to_gcs_task 2021-01-01T00:00:00+00:00 [running]> on host afa4c4c5de3b
[2022-04-08 02:09:07,109] {taskinstance.py:1253} INFO - Exporting the following env vars:
AIRFLOW_CTX_DAG_OWNER=***
AIRFLOW_CTX_DAG_ID=divvybikes_station_map_upload
AIRFLOW_CTX_TASK_ID=upload_to_gcs_task
AIRFLOW_CTX_EXECUTION_DATE=2021-01-01T00:00:00+00:00
AIRFLOW_CTX_DAG_RUN_ID=scheduled__2021-01-01T00:00:00+00:00
[2022-04-08 02:09:07,846] {python.py:151} INFO - Done. Returned value was: None
[2022-04-08 02:09:07,855] {taskinstance.py:1218} INFO - Marking task as SUCCESS. dag_id=divvybikes_station_map_upload, task_id=upload_to_gcs_task, execution_date=20210101T000000, start_date=20220408T020907, end_date=20220408T020907
[2022-04-08 02:09:07,900] {local_task_job.py:151} INFO - Task exited with return code 0
[2022-04-08 02:09:07,921] {local_task_job.py:261} INFO - 1 downstream tasks scheduled from follow-on schedule check
