[2022-03-28 23:40:26,776] {taskinstance.py:903} INFO - Dependencies all met for <TaskInstance: extract_load_to_s3.create_s3_connection 2022-03-20T00:00:00+00:00 [queued]>
[2022-03-28 23:40:26,784] {taskinstance.py:903} INFO - Dependencies all met for <TaskInstance: extract_load_to_s3.create_s3_connection 2022-03-20T00:00:00+00:00 [queued]>
[2022-03-28 23:40:26,784] {taskinstance.py:1094} INFO - 
--------------------------------------------------------------------------------
[2022-03-28 23:40:26,784] {taskinstance.py:1095} INFO - Starting attempt 3 of 4
[2022-03-28 23:40:26,784] {taskinstance.py:1096} INFO - 
--------------------------------------------------------------------------------
[2022-03-28 23:40:26,794] {taskinstance.py:1114} INFO - Executing <Task(PythonOperator): create_s3_connection> on 2022-03-20T00:00:00+00:00
[2022-03-28 23:40:26,797] {standard_task_runner.py:52} INFO - Started process 8629 to run task
[2022-03-28 23:40:26,799] {standard_task_runner.py:76} INFO - Running: ['***', 'tasks', 'run', 'extract_load_to_s3', 'create_s3_connection', '2022-03-20T00:00:00+00:00', '--job-id', '10', '--pool', 'default_pool', '--raw', '--subdir', 'DAGS_FOLDER/extract_load.py', '--cfg-path', '/tmp/tmpj_if_23_', '--error-file', '/tmp/tmptglsy0ux']
[2022-03-28 23:40:26,801] {standard_task_runner.py:77} INFO - Job 10: Subtask create_s3_connection
[2022-03-28 23:40:26,829] {logging_mixin.py:109} INFO - Running <TaskInstance: extract_load_to_s3.create_s3_connection 2022-03-20T00:00:00+00:00 [running]> on host 8fbdc4bc64eb
[2022-03-28 23:40:26,861] {taskinstance.py:1253} INFO - Exporting the following env vars:
AIRFLOW_CTX_DAG_OWNER=***
AIRFLOW_CTX_DAG_ID=extract_load_to_s3
AIRFLOW_CTX_TASK_ID=create_s3_connection
AIRFLOW_CTX_EXECUTION_DATE=2022-03-20T00:00:00+00:00
AIRFLOW_CTX_DAG_RUN_ID=scheduled__2022-03-20T00:00:00+00:00
[2022-03-28 23:40:26,862] {crypto.py:82} WARNING - empty cryptography key - values will not be stored encrypted.
[2022-03-28 23:40:26,862] {python.py:151} INFO - Done. Returned value was: None
[2022-03-28 23:40:26,871] {taskinstance.py:1218} INFO - Marking task as SUCCESS. dag_id=extract_load_to_s3, task_id=create_s3_connection, execution_date=20220320T000000, start_date=20220328T234026, end_date=20220328T234026
[2022-03-28 23:40:26,892] {local_task_job.py:151} INFO - Task exited with return code 0
[2022-03-28 23:40:26,911] {local_task_job.py:261} INFO - 1 downstream tasks scheduled from follow-on schedule check
