[2022-04-11 20:28:36,520] {taskinstance.py:903} INFO - Dependencies all met for <TaskInstance: divvybikes_elt_pipeline.upsert_dim_stations_table 2022-03-01T00:00:00+00:00 [queued]>
[2022-04-11 20:28:36,529] {taskinstance.py:903} INFO - Dependencies all met for <TaskInstance: divvybikes_elt_pipeline.upsert_dim_stations_table 2022-03-01T00:00:00+00:00 [queued]>
[2022-04-11 20:28:36,529] {taskinstance.py:1094} INFO - 
--------------------------------------------------------------------------------
[2022-04-11 20:28:36,530] {taskinstance.py:1095} INFO - Starting attempt 1 of 2
[2022-04-11 20:28:36,530] {taskinstance.py:1096} INFO - 
--------------------------------------------------------------------------------
[2022-04-11 20:28:36,540] {taskinstance.py:1114} INFO - Executing <Task(BigQueryUpsertTableOperator): upsert_dim_stations_table> on 2022-03-01T00:00:00+00:00
[2022-04-11 20:28:36,544] {standard_task_runner.py:52} INFO - Started process 360 to run task
[2022-04-11 20:28:36,547] {standard_task_runner.py:76} INFO - Running: ['***', 'tasks', 'run', 'divvybikes_elt_pipeline', 'upsert_dim_stations_table', '2022-03-01T00:00:00+00:00', '--job-id', '362', '--pool', 'default_pool', '--raw', '--subdir', 'DAGS_FOLDER/extract_load.py', '--cfg-path', '/tmp/tmpqyqxakp4', '--error-file', '/tmp/tmpqi9w6acx']
[2022-04-11 20:28:36,549] {standard_task_runner.py:77} INFO - Job 362: Subtask upsert_dim_stations_table
[2022-04-11 20:28:36,579] {logging_mixin.py:109} INFO - Running <TaskInstance: divvybikes_elt_pipeline.upsert_dim_stations_table 2022-03-01T00:00:00+00:00 [running]> on host afa4c4c5de3b
[2022-04-11 20:28:36,615] {taskinstance.py:1253} INFO - Exporting the following env vars:
AIRFLOW_CTX_DAG_OWNER=***
AIRFLOW_CTX_DAG_ID=divvybikes_elt_pipeline
AIRFLOW_CTX_TASK_ID=upsert_dim_stations_table
AIRFLOW_CTX_EXECUTION_DATE=2022-03-01T00:00:00+00:00
AIRFLOW_CTX_DAG_RUN_ID=scheduled__2022-03-01T00:00:00+00:00
[2022-04-11 20:28:36,617] {bigquery.py:2008} INFO - Upserting Dataset: divvybikes_data_all with table_resource: {'tableReference': {'tableId': 'station_map_dim_table'}}
[2022-04-11 20:28:36,621] {logging_mixin.py:109} WARNING - /home/***/.local/lib/python3.6/site-packages/***/providers/google/cloud/operators/bigquery.py:2013 DeprecationWarning: The bigquery_conn_id parameter has been deprecated. You should pass the gcp_conn_id parameter.
[2022-04-11 20:28:36,622] {crypto.py:82} WARNING - empty cryptography key - values will not be stored encrypted.
[2022-04-11 20:28:36,626] {bigquery.py:496} INFO - Start getting tables list from dataset: sturdy-dogfish-344515.divvybikes_data_all
[2022-04-11 20:28:36,933] {bigquery.py:1226} INFO - Table sturdy-dogfish-344515:divvybikes_data_all.station_map_dim_table exists, updating.
[2022-04-11 20:28:36,933] {bigquery.py:749} INFO - Updating table: {'tableId': 'station_map_dim_table', 'projectId': 'sturdy-dogfish-344515', 'datasetId': 'divvybikes_data_all'}
[2022-04-11 20:28:37,417] {bigquery.py:751} INFO - Table sturdy-dogfish-344515.None.None updated successfully
[2022-04-11 20:28:37,425] {taskinstance.py:1218} INFO - Marking task as SUCCESS. dag_id=divvybikes_elt_pipeline, task_id=upsert_dim_stations_table, execution_date=20220301T000000, start_date=20220411T202836, end_date=20220411T202837
[2022-04-11 20:28:37,442] {local_task_job.py:151} INFO - Task exited with return code 0
[2022-04-11 20:28:37,468] {local_task_job.py:261} INFO - 0 downstream tasks scheduled from follow-on schedule check
