[2022-04-01 16:34:47,277] {taskinstance.py:903} INFO - Dependencies all met for <TaskInstance: divvybikes_elt_pipeline.create_s3_connection 2022-03-01T00:00:00+00:00 [queued]>
[2022-04-01 16:34:47,292] {taskinstance.py:903} INFO - Dependencies all met for <TaskInstance: divvybikes_elt_pipeline.create_s3_connection 2022-03-01T00:00:00+00:00 [queued]>
[2022-04-01 16:34:47,292] {taskinstance.py:1094} INFO - 
--------------------------------------------------------------------------------
[2022-04-01 16:34:47,292] {taskinstance.py:1095} INFO - Starting attempt 1 of 2
[2022-04-01 16:34:47,292] {taskinstance.py:1096} INFO - 
--------------------------------------------------------------------------------
[2022-04-01 16:34:47,298] {taskinstance.py:1114} INFO - Executing <Task(PythonOperator): create_s3_connection> on 2022-03-01T00:00:00+00:00
[2022-04-01 16:34:47,302] {standard_task_runner.py:52} INFO - Started process 7219 to run task
[2022-04-01 16:34:47,305] {standard_task_runner.py:76} INFO - Running: ['***', 'tasks', 'run', 'divvybikes_elt_pipeline', 'create_s3_connection', '2022-03-01T00:00:00+00:00', '--job-id', '57', '--pool', 'default_pool', '--raw', '--subdir', 'DAGS_FOLDER/extract_load.py', '--cfg-path', '/tmp/tmp9qfzqofo', '--error-file', '/tmp/tmp6ga5y0z8']
[2022-04-01 16:34:47,307] {standard_task_runner.py:77} INFO - Job 57: Subtask create_s3_connection
[2022-04-01 16:34:47,335] {logging_mixin.py:109} INFO - Running <TaskInstance: divvybikes_elt_pipeline.create_s3_connection 2022-03-01T00:00:00+00:00 [running]> on host b399ffa6f3b6
[2022-04-01 16:34:47,374] {taskinstance.py:1253} INFO - Exporting the following env vars:
AIRFLOW_CTX_DAG_OWNER=***
AIRFLOW_CTX_DAG_ID=divvybikes_elt_pipeline
AIRFLOW_CTX_TASK_ID=create_s3_connection
AIRFLOW_CTX_EXECUTION_DATE=2022-03-01T00:00:00+00:00
AIRFLOW_CTX_DAG_RUN_ID=scheduled__2022-03-01T00:00:00+00:00
[2022-04-01 16:34:47,376] {crypto.py:82} WARNING - empty cryptography key - values will not be stored encrypted.
[2022-04-01 16:34:47,376] {python.py:151} INFO - Done. Returned value was: None
[2022-04-01 16:34:47,384] {taskinstance.py:1218} INFO - Marking task as SUCCESS. dag_id=divvybikes_elt_pipeline, task_id=create_s3_connection, execution_date=20220301T000000, start_date=20220401T163447, end_date=20220401T163447
[2022-04-01 16:34:47,397] {local_task_job.py:151} INFO - Task exited with return code 0
[2022-04-01 16:34:47,417] {local_task_job.py:261} INFO - 1 downstream tasks scheduled from follow-on schedule check
