[2022-04-01 19:42:44,039] {taskinstance.py:903} INFO - Dependencies all met for <TaskInstance: divvybikes_elt_pipeline.create_s3_connection 2022-03-01T00:00:00+00:00 [queued]>
[2022-04-01 19:42:44,053] {taskinstance.py:903} INFO - Dependencies all met for <TaskInstance: divvybikes_elt_pipeline.create_s3_connection 2022-03-01T00:00:00+00:00 [queued]>
[2022-04-01 19:42:44,053] {taskinstance.py:1094} INFO - 
--------------------------------------------------------------------------------
[2022-04-01 19:42:44,053] {taskinstance.py:1095} INFO - Starting attempt 2 of 3
[2022-04-01 19:42:44,053] {taskinstance.py:1096} INFO - 
--------------------------------------------------------------------------------
[2022-04-01 19:42:44,060] {taskinstance.py:1114} INFO - Executing <Task(PythonOperator): create_s3_connection> on 2022-03-01T00:00:00+00:00
[2022-04-01 19:42:44,063] {standard_task_runner.py:52} INFO - Started process 27011 to run task
[2022-04-01 19:42:44,066] {standard_task_runner.py:76} INFO - Running: ['***', 'tasks', 'run', 'divvybikes_elt_pipeline', 'create_s3_connection', '2022-03-01T00:00:00+00:00', '--job-id', '73', '--pool', 'default_pool', '--raw', '--subdir', 'DAGS_FOLDER/extract_load.py', '--cfg-path', '/tmp/tmp97gmpu89', '--error-file', '/tmp/tmpr8dtmgqd']
[2022-04-01 19:42:44,067] {standard_task_runner.py:77} INFO - Job 73: Subtask create_s3_connection
[2022-04-01 19:42:44,097] {logging_mixin.py:109} INFO - Running <TaskInstance: divvybikes_elt_pipeline.create_s3_connection 2022-03-01T00:00:00+00:00 [running]> on host b399ffa6f3b6
[2022-04-01 19:42:44,130] {taskinstance.py:1253} INFO - Exporting the following env vars:
AIRFLOW_CTX_DAG_OWNER=***
AIRFLOW_CTX_DAG_ID=divvybikes_elt_pipeline
AIRFLOW_CTX_TASK_ID=create_s3_connection
AIRFLOW_CTX_EXECUTION_DATE=2022-03-01T00:00:00+00:00
AIRFLOW_CTX_DAG_RUN_ID=scheduled__2022-03-01T00:00:00+00:00
[2022-04-01 19:42:44,132] {crypto.py:82} WARNING - empty cryptography key - values will not be stored encrypted.
[2022-04-01 19:42:44,132] {python.py:151} INFO - Done. Returned value was: None
[2022-04-01 19:42:44,140] {taskinstance.py:1218} INFO - Marking task as SUCCESS. dag_id=divvybikes_elt_pipeline, task_id=create_s3_connection, execution_date=20220301T000000, start_date=20220401T194244, end_date=20220401T194244
[2022-04-01 19:42:44,160] {local_task_job.py:151} INFO - Task exited with return code 0
[2022-04-01 19:42:44,200] {local_task_job.py:261} INFO - 1 downstream tasks scheduled from follow-on schedule check
