[2022-04-01 20:04:50,912] {taskinstance.py:903} INFO - Dependencies all met for <TaskInstance: divvybikes_elt_pipeline.create_s3_connection 2022-03-01T00:00:00+00:00 [queued]>
[2022-04-01 20:04:50,926] {taskinstance.py:903} INFO - Dependencies all met for <TaskInstance: divvybikes_elt_pipeline.create_s3_connection 2022-03-01T00:00:00+00:00 [queued]>
[2022-04-01 20:04:50,926] {taskinstance.py:1094} INFO - 
--------------------------------------------------------------------------------
[2022-04-01 20:04:50,926] {taskinstance.py:1095} INFO - Starting attempt 3 of 4
[2022-04-01 20:04:50,926] {taskinstance.py:1096} INFO - 
--------------------------------------------------------------------------------
[2022-04-01 20:04:50,932] {taskinstance.py:1114} INFO - Executing <Task(PythonOperator): create_s3_connection> on 2022-03-01T00:00:00+00:00
[2022-04-01 20:04:50,936] {standard_task_runner.py:52} INFO - Started process 29347 to run task
[2022-04-01 20:04:50,938] {standard_task_runner.py:76} INFO - Running: ['***', 'tasks', 'run', 'divvybikes_elt_pipeline', 'create_s3_connection', '2022-03-01T00:00:00+00:00', '--job-id', '77', '--pool', 'default_pool', '--raw', '--subdir', 'DAGS_FOLDER/extract_load.py', '--cfg-path', '/tmp/tmp2hiaovfj', '--error-file', '/tmp/tmpvhl86sl5']
[2022-04-01 20:04:50,939] {standard_task_runner.py:77} INFO - Job 77: Subtask create_s3_connection
[2022-04-01 20:04:50,967] {logging_mixin.py:109} INFO - Running <TaskInstance: divvybikes_elt_pipeline.create_s3_connection 2022-03-01T00:00:00+00:00 [running]> on host b399ffa6f3b6
[2022-04-01 20:04:51,000] {taskinstance.py:1253} INFO - Exporting the following env vars:
AIRFLOW_CTX_DAG_OWNER=***
AIRFLOW_CTX_DAG_ID=divvybikes_elt_pipeline
AIRFLOW_CTX_TASK_ID=create_s3_connection
AIRFLOW_CTX_EXECUTION_DATE=2022-03-01T00:00:00+00:00
AIRFLOW_CTX_DAG_RUN_ID=scheduled__2022-03-01T00:00:00+00:00
[2022-04-01 20:04:51,001] {crypto.py:82} WARNING - empty cryptography key - values will not be stored encrypted.
[2022-04-01 20:04:51,002] {python.py:151} INFO - Done. Returned value was: None
[2022-04-01 20:04:51,010] {taskinstance.py:1218} INFO - Marking task as SUCCESS. dag_id=divvybikes_elt_pipeline, task_id=create_s3_connection, execution_date=20220301T000000, start_date=20220401T200450, end_date=20220401T200451
[2022-04-01 20:04:51,031] {local_task_job.py:151} INFO - Task exited with return code 0
[2022-04-01 20:04:51,051] {local_task_job.py:261} INFO - 1 downstream tasks scheduled from follow-on schedule check
