[2022-04-11 20:28:42,396] {taskinstance.py:903} INFO - Dependencies all met for <TaskInstance: divvybikes_elt_pipeline.clean_fact_trips_table 2022-03-01T00:00:00+00:00 [queued]>
[2022-04-11 20:28:42,409] {taskinstance.py:903} INFO - Dependencies all met for <TaskInstance: divvybikes_elt_pipeline.clean_fact_trips_table 2022-03-01T00:00:00+00:00 [queued]>
[2022-04-11 20:28:42,409] {taskinstance.py:1094} INFO - 
--------------------------------------------------------------------------------
[2022-04-11 20:28:42,409] {taskinstance.py:1095} INFO - Starting attempt 1 of 2
[2022-04-11 20:28:42,409] {taskinstance.py:1096} INFO - 
--------------------------------------------------------------------------------
[2022-04-11 20:28:42,420] {taskinstance.py:1114} INFO - Executing <Task(BigQueryExecuteQueryOperator): clean_fact_trips_table> on 2022-03-01T00:00:00+00:00
[2022-04-11 20:28:42,460] {standard_task_runner.py:52} INFO - Started process 385 to run task
[2022-04-11 20:28:42,464] {standard_task_runner.py:76} INFO - Running: ['***', 'tasks', 'run', 'divvybikes_elt_pipeline', 'clean_fact_trips_table', '2022-03-01T00:00:00+00:00', '--job-id', '363', '--pool', 'default_pool', '--raw', '--subdir', 'DAGS_FOLDER/extract_load.py', '--cfg-path', '/tmp/tmpj_e2lwvk', '--error-file', '/tmp/tmp1rb_g19u']
[2022-04-11 20:28:42,466] {standard_task_runner.py:77} INFO - Job 363: Subtask clean_fact_trips_table
[2022-04-11 20:28:42,499] {logging_mixin.py:109} INFO - Running <TaskInstance: divvybikes_elt_pipeline.clean_fact_trips_table 2022-03-01T00:00:00+00:00 [running]> on host afa4c4c5de3b
[2022-04-11 20:28:42,535] {taskinstance.py:1253} INFO - Exporting the following env vars:
AIRFLOW_CTX_DAG_OWNER=***
AIRFLOW_CTX_DAG_ID=divvybikes_elt_pipeline
AIRFLOW_CTX_TASK_ID=clean_fact_trips_table
AIRFLOW_CTX_EXECUTION_DATE=2022-03-01T00:00:00+00:00
AIRFLOW_CTX_DAG_RUN_ID=scheduled__2022-03-01T00:00:00+00:00
[2022-04-11 20:28:42,537] {bigquery.py:677} INFO - Executing: DELETE FROM divvybikes_data_all.fact_trips
WHERE COALESCE (fact_trips.ride_end, fact_trips.ride_start) IS NULL;
[2022-04-11 20:28:42,538] {crypto.py:82} WARNING - empty cryptography key - values will not be stored encrypted.
[2022-04-11 20:28:42,542] {logging_mixin.py:109} WARNING - /home/***/.local/lib/python3.6/site-packages/***/providers/google/cloud/hooks/bigquery.py:2194 DeprecationWarning: This method is deprecated. Please use `BigQueryHook.insert_job` method.
[2022-04-11 20:28:42,547] {bigquery.py:1638} INFO - Inserting job ***_1649708922546915_84e83d171065c6c6608cfc48cd4a09fa
[2022-04-11 20:28:45,170] {taskinstance.py:1218} INFO - Marking task as SUCCESS. dag_id=divvybikes_elt_pipeline, task_id=clean_fact_trips_table, execution_date=20220301T000000, start_date=20220411T202842, end_date=20220411T202845
[2022-04-11 20:28:45,204] {local_task_job.py:151} INFO - Task exited with return code 0
[2022-04-11 20:28:45,223] {local_task_job.py:261} INFO - 1 downstream tasks scheduled from follow-on schedule check
