[2022-04-01 16:34:48,262] {taskinstance.py:903} INFO - Dependencies all met for <TaskInstance: divvybikes_elt_pipeline.stream_files_to_memory 2022-03-01T00:00:00+00:00 [queued]>
[2022-04-01 16:34:48,275] {taskinstance.py:903} INFO - Dependencies all met for <TaskInstance: divvybikes_elt_pipeline.stream_files_to_memory 2022-03-01T00:00:00+00:00 [queued]>
[2022-04-01 16:34:48,275] {taskinstance.py:1094} INFO - 
--------------------------------------------------------------------------------
[2022-04-01 16:34:48,275] {taskinstance.py:1095} INFO - Starting attempt 1 of 2
[2022-04-01 16:34:48,275] {taskinstance.py:1096} INFO - 
--------------------------------------------------------------------------------
[2022-04-01 16:34:48,283] {taskinstance.py:1114} INFO - Executing <Task(PythonOperator): stream_files_to_memory> on 2022-03-01T00:00:00+00:00
[2022-04-01 16:34:48,287] {standard_task_runner.py:52} INFO - Started process 7222 to run task
[2022-04-01 16:34:48,290] {standard_task_runner.py:76} INFO - Running: ['***', 'tasks', 'run', 'divvybikes_elt_pipeline', 'stream_files_to_memory', '2022-03-01T00:00:00+00:00', '--job-id', '58', '--pool', 'default_pool', '--raw', '--subdir', 'DAGS_FOLDER/extract_load.py', '--cfg-path', '/tmp/tmpt1ssvs3w', '--error-file', '/tmp/tmpp2r1eob9']
[2022-04-01 16:34:48,291] {standard_task_runner.py:77} INFO - Job 58: Subtask stream_files_to_memory
[2022-04-01 16:34:48,326] {logging_mixin.py:109} INFO - Running <TaskInstance: divvybikes_elt_pipeline.stream_files_to_memory 2022-03-01T00:00:00+00:00 [running]> on host b399ffa6f3b6
[2022-04-01 16:34:48,370] {taskinstance.py:1253} INFO - Exporting the following env vars:
AIRFLOW_CTX_DAG_OWNER=***
AIRFLOW_CTX_DAG_ID=divvybikes_elt_pipeline
AIRFLOW_CTX_TASK_ID=stream_files_to_memory
AIRFLOW_CTX_EXECUTION_DATE=2022-03-01T00:00:00+00:00
AIRFLOW_CTX_DAG_RUN_ID=scheduled__2022-03-01T00:00:00+00:00
[2022-04-01 16:34:48,776] {python.py:151} INFO - Done. Returned value was: None
[2022-04-01 16:34:48,786] {taskinstance.py:1218} INFO - Marking task as SUCCESS. dag_id=divvybikes_elt_pipeline, task_id=stream_files_to_memory, execution_date=20220301T000000, start_date=20220401T163448, end_date=20220401T163448
[2022-04-01 16:34:48,825] {local_task_job.py:151} INFO - Task exited with return code 0
[2022-04-01 16:34:48,848] {local_task_job.py:261} INFO - 1 downstream tasks scheduled from follow-on schedule check
