[2022-04-01 20:41:12,986] {taskinstance.py:903} INFO - Dependencies all met for <TaskInstance: divvybikes_elt_pipeline.convert_file_to_parquet 2020-06-01T00:00:00+00:00 [None]>
[2022-04-01 20:41:13,037] {taskinstance.py:903} INFO - Dependencies all met for <TaskInstance: divvybikes_elt_pipeline.convert_file_to_parquet 2020-06-01T00:00:00+00:00 [None]>
[2022-04-01 20:41:13,037] {taskinstance.py:1094} INFO - 
--------------------------------------------------------------------------------
[2022-04-01 20:41:13,037] {taskinstance.py:1095} INFO - Starting attempt 2 of 3
[2022-04-01 20:41:13,037] {taskinstance.py:1096} INFO - 
--------------------------------------------------------------------------------
[2022-04-01 20:41:13,048] {taskinstance.py:1114} INFO - Executing <Task(PythonOperator): convert_file_to_parquet> on 2020-06-01T00:00:00+00:00
[2022-04-01 20:41:13,053] {standard_task_runner.py:52} INFO - Started process 795 to run task
[2022-04-01 20:41:13,056] {standard_task_runner.py:76} INFO - Running: ['***', 'tasks', 'run', 'divvybikes_elt_pipeline', 'convert_file_to_parquet', '2020-06-01T00:00:00+00:00', '--job-id', '100', '--pool', 'default_pool', '--raw', '--subdir', 'DAGS_FOLDER/extract_load.py', '--cfg-path', '/tmp/tmptn8heb0h', '--error-file', '/tmp/tmp689hu15h']
[2022-04-01 20:41:13,058] {standard_task_runner.py:77} INFO - Job 100: Subtask convert_file_to_parquet
[2022-04-01 20:41:13,097] {logging_mixin.py:109} INFO - Running <TaskInstance: divvybikes_elt_pipeline.convert_file_to_parquet 2020-06-01T00:00:00+00:00 [running]> on host b399ffa6f3b6
[2022-04-01 20:41:13,153] {taskinstance.py:1253} INFO - Exporting the following env vars:
AIRFLOW_CTX_DAG_OWNER=***
AIRFLOW_CTX_DAG_ID=divvybikes_elt_pipeline
AIRFLOW_CTX_TASK_ID=convert_file_to_parquet
AIRFLOW_CTX_EXECUTION_DATE=2020-06-01T00:00:00+00:00
AIRFLOW_CTX_DAG_RUN_ID=backfill__2020-06-01T00:00:00+00:00
[2022-04-01 20:41:13,505] {python.py:151} INFO - Done. Returned value was: None
[2022-04-01 20:41:13,514] {taskinstance.py:1218} INFO - Marking task as SUCCESS. dag_id=divvybikes_elt_pipeline, task_id=convert_file_to_parquet, execution_date=20200601T000000, start_date=20220401T204112, end_date=20220401T204113
[2022-04-01 20:41:13,552] {local_task_job.py:151} INFO - Task exited with return code 0
[2022-04-01 20:41:13,578] {local_task_job.py:261} INFO - 1 downstream tasks scheduled from follow-on schedule check
