[2022-04-01 20:50:42,265] {taskinstance.py:903} INFO - Dependencies all met for <TaskInstance: divvybikes_elt_pipeline.convert_file_to_parquet 2020-10-01T00:00:00+00:00 [queued]>
[2022-04-01 20:50:42,284] {taskinstance.py:903} INFO - Dependencies all met for <TaskInstance: divvybikes_elt_pipeline.convert_file_to_parquet 2020-10-01T00:00:00+00:00 [queued]>
[2022-04-01 20:50:42,284] {taskinstance.py:1094} INFO - 
--------------------------------------------------------------------------------
[2022-04-01 20:50:42,284] {taskinstance.py:1095} INFO - Starting attempt 1 of 2
[2022-04-01 20:50:42,284] {taskinstance.py:1096} INFO - 
--------------------------------------------------------------------------------
[2022-04-01 20:50:42,291] {taskinstance.py:1114} INFO - Executing <Task(PythonOperator): convert_file_to_parquet> on 2020-10-01T00:00:00+00:00
[2022-04-01 20:50:42,294] {standard_task_runner.py:52} INFO - Started process 1904 to run task
[2022-04-01 20:50:42,296] {standard_task_runner.py:76} INFO - Running: ['***', 'tasks', 'run', 'divvybikes_elt_pipeline', 'convert_file_to_parquet', '2020-10-01T00:00:00+00:00', '--job-id', '119', '--pool', 'default_pool', '--raw', '--subdir', 'DAGS_FOLDER/extract_load.py', '--cfg-path', '/tmp/tmp8f1_n5y1', '--error-file', '/tmp/tmpov7auhnw']
[2022-04-01 20:50:42,297] {standard_task_runner.py:77} INFO - Job 119: Subtask convert_file_to_parquet
[2022-04-01 20:50:42,325] {logging_mixin.py:109} INFO - Running <TaskInstance: divvybikes_elt_pipeline.convert_file_to_parquet 2020-10-01T00:00:00+00:00 [running]> on host b399ffa6f3b6
[2022-04-01 20:50:42,365] {taskinstance.py:1253} INFO - Exporting the following env vars:
AIRFLOW_CTX_DAG_OWNER=***
AIRFLOW_CTX_DAG_ID=divvybikes_elt_pipeline
AIRFLOW_CTX_TASK_ID=convert_file_to_parquet
AIRFLOW_CTX_EXECUTION_DATE=2020-10-01T00:00:00+00:00
AIRFLOW_CTX_DAG_RUN_ID=backfill__2020-10-01T00:00:00+00:00
[2022-04-01 20:50:42,807] {python.py:151} INFO - Done. Returned value was: None
[2022-04-01 20:50:42,818] {taskinstance.py:1218} INFO - Marking task as SUCCESS. dag_id=divvybikes_elt_pipeline, task_id=convert_file_to_parquet, execution_date=20201001T000000, start_date=20220401T205042, end_date=20220401T205042
[2022-04-01 20:50:42,873] {local_task_job.py:151} INFO - Task exited with return code 0
[2022-04-01 20:50:42,892] {local_task_job.py:261} INFO - 0 downstream tasks scheduled from follow-on schedule check
