[2022-04-08 02:26:11,806] {taskinstance.py:903} INFO - Dependencies all met for <TaskInstance: divvybikes_elt_pipeline.download_dataset 2021-12-01T00:00:00+00:00 [None]>
[2022-04-08 02:26:11,818] {taskinstance.py:903} INFO - Dependencies all met for <TaskInstance: divvybikes_elt_pipeline.download_dataset 2021-12-01T00:00:00+00:00 [None]>
[2022-04-08 02:26:11,819] {taskinstance.py:1094} INFO - 
--------------------------------------------------------------------------------
[2022-04-08 02:26:11,819] {taskinstance.py:1095} INFO - Starting attempt 2 of 3
[2022-04-08 02:26:11,819] {taskinstance.py:1096} INFO - 
--------------------------------------------------------------------------------
[2022-04-08 02:26:11,826] {taskinstance.py:1114} INFO - Executing <Task(BashOperator): download_dataset> on 2021-12-01T00:00:00+00:00
[2022-04-08 02:26:11,830] {standard_task_runner.py:52} INFO - Started process 18604 to run task
[2022-04-08 02:26:11,833] {standard_task_runner.py:76} INFO - Running: ['***', 'tasks', 'run', 'divvybikes_elt_pipeline', 'download_dataset', '2021-12-01T00:00:00+00:00', '--job-id', '281', '--pool', 'default_pool', '--raw', '--subdir', 'DAGS_FOLDER/extract_load.py', '--cfg-path', '/tmp/tmpzu6e0nm_', '--error-file', '/tmp/tmph5_h6p08']
[2022-04-08 02:26:11,835] {standard_task_runner.py:77} INFO - Job 281: Subtask download_dataset
[2022-04-08 02:26:11,868] {logging_mixin.py:109} INFO - Running <TaskInstance: divvybikes_elt_pipeline.download_dataset 2021-12-01T00:00:00+00:00 [running]> on host afa4c4c5de3b
[2022-04-08 02:26:11,908] {taskinstance.py:1253} INFO - Exporting the following env vars:
AIRFLOW_CTX_DAG_OWNER=***
AIRFLOW_CTX_DAG_ID=divvybikes_elt_pipeline
AIRFLOW_CTX_TASK_ID=download_dataset
AIRFLOW_CTX_EXECUTION_DATE=2021-12-01T00:00:00+00:00
AIRFLOW_CTX_DAG_RUN_ID=backfill__2021-12-01T00:00:00+00:00
[2022-04-08 02:26:11,910] {subprocess.py:52} INFO - Tmp dir root location: 
 /tmp
[2022-04-08 02:26:11,911] {subprocess.py:63} INFO - Running command: ['bash', '-c', 'curl -sSL https://divvy-tripdata.s3.amazonaws.com/202112-divvy-tripdata.zip > /opt/***/dags/datasets/202112-divvy-tripdata.zip']
[2022-04-08 02:26:11,917] {subprocess.py:74} INFO - Output:
[2022-04-08 02:26:20,522] {subprocess.py:82} INFO - Command exited with return code 0
[2022-04-08 02:26:20,545] {taskinstance.py:1218} INFO - Marking task as SUCCESS. dag_id=divvybikes_elt_pipeline, task_id=download_dataset, execution_date=20211201T000000, start_date=20220408T022611, end_date=20220408T022620
[2022-04-08 02:26:20,592] {local_task_job.py:151} INFO - Task exited with return code 0
[2022-04-08 02:26:20,610] {local_task_job.py:261} INFO - 1 downstream tasks scheduled from follow-on schedule check
