[2022-04-01 20:53:12,523] {taskinstance.py:903} INFO - Dependencies all met for <TaskInstance: divvybikes_elt_pipeline.create_s3_connection 2020-12-01T00:00:00+00:00 [queued]>
[2022-04-01 20:53:12,544] {taskinstance.py:903} INFO - Dependencies all met for <TaskInstance: divvybikes_elt_pipeline.create_s3_connection 2020-12-01T00:00:00+00:00 [queued]>
[2022-04-01 20:53:12,545] {taskinstance.py:1094} INFO - 
--------------------------------------------------------------------------------
[2022-04-01 20:53:12,545] {taskinstance.py:1095} INFO - Starting attempt 1 of 2
[2022-04-01 20:53:12,545] {taskinstance.py:1096} INFO - 
--------------------------------------------------------------------------------
[2022-04-01 20:53:12,553] {taskinstance.py:1114} INFO - Executing <Task(PythonOperator): create_s3_connection> on 2020-12-01T00:00:00+00:00
[2022-04-01 20:53:12,557] {standard_task_runner.py:52} INFO - Started process 2232 to run task
[2022-04-01 20:53:12,559] {standard_task_runner.py:76} INFO - Running: ['***', 'tasks', 'run', 'divvybikes_elt_pipeline', 'create_s3_connection', '2020-12-01T00:00:00+00:00', '--job-id', '128', '--pool', 'default_pool', '--raw', '--subdir', 'DAGS_FOLDER/extract_load.py', '--cfg-path', '/tmp/tmpuhwwb2su', '--error-file', '/tmp/tmprqvwzgp_']
[2022-04-01 20:53:12,560] {standard_task_runner.py:77} INFO - Job 128: Subtask create_s3_connection
[2022-04-01 20:53:12,594] {logging_mixin.py:109} INFO - Running <TaskInstance: divvybikes_elt_pipeline.create_s3_connection 2020-12-01T00:00:00+00:00 [running]> on host b399ffa6f3b6
[2022-04-01 20:53:12,630] {taskinstance.py:1253} INFO - Exporting the following env vars:
AIRFLOW_CTX_DAG_OWNER=***
AIRFLOW_CTX_DAG_ID=divvybikes_elt_pipeline
AIRFLOW_CTX_TASK_ID=create_s3_connection
AIRFLOW_CTX_EXECUTION_DATE=2020-12-01T00:00:00+00:00
AIRFLOW_CTX_DAG_RUN_ID=backfill__2020-12-01T00:00:00+00:00
[2022-04-01 20:53:12,631] {crypto.py:82} WARNING - empty cryptography key - values will not be stored encrypted.
[2022-04-01 20:53:12,632] {python.py:151} INFO - Done. Returned value was: None
[2022-04-01 20:53:12,640] {taskinstance.py:1218} INFO - Marking task as SUCCESS. dag_id=divvybikes_elt_pipeline, task_id=create_s3_connection, execution_date=20201201T000000, start_date=20220401T205312, end_date=20220401T205312
[2022-04-01 20:53:12,692] {local_task_job.py:151} INFO - Task exited with return code 0
[2022-04-01 20:53:12,712] {local_task_job.py:261} INFO - 0 downstream tasks scheduled from follow-on schedule check
