[2022-04-01 20:46:46,957] {taskinstance.py:903} INFO - Dependencies all met for <TaskInstance: divvybikes_elt_pipeline.convert_file_to_parquet 2020-07-01T00:00:00+00:00 [queued]>
[2022-04-01 20:46:46,969] {taskinstance.py:903} INFO - Dependencies all met for <TaskInstance: divvybikes_elt_pipeline.convert_file_to_parquet 2020-07-01T00:00:00+00:00 [queued]>
[2022-04-01 20:46:46,970] {taskinstance.py:1094} INFO - 
--------------------------------------------------------------------------------
[2022-04-01 20:46:46,970] {taskinstance.py:1095} INFO - Starting attempt 1 of 2
[2022-04-01 20:46:46,970] {taskinstance.py:1096} INFO - 
--------------------------------------------------------------------------------
[2022-04-01 20:46:46,976] {taskinstance.py:1114} INFO - Executing <Task(PythonOperator): convert_file_to_parquet> on 2020-07-01T00:00:00+00:00
[2022-04-01 20:46:46,980] {standard_task_runner.py:52} INFO - Started process 1414 to run task
[2022-04-01 20:46:46,982] {standard_task_runner.py:76} INFO - Running: ['***', 'tasks', 'run', 'divvybikes_elt_pipeline', 'convert_file_to_parquet', '2020-07-01T00:00:00+00:00', '--job-id', '107', '--pool', 'default_pool', '--raw', '--subdir', 'DAGS_FOLDER/extract_load.py', '--cfg-path', '/tmp/tmp5uk5rb00', '--error-file', '/tmp/tmpml5xzqbr']
[2022-04-01 20:46:46,983] {standard_task_runner.py:77} INFO - Job 107: Subtask convert_file_to_parquet
[2022-04-01 20:46:47,010] {logging_mixin.py:109} INFO - Running <TaskInstance: divvybikes_elt_pipeline.convert_file_to_parquet 2020-07-01T00:00:00+00:00 [running]> on host b399ffa6f3b6
[2022-04-01 20:46:47,045] {taskinstance.py:1253} INFO - Exporting the following env vars:
AIRFLOW_CTX_DAG_OWNER=***
AIRFLOW_CTX_DAG_ID=divvybikes_elt_pipeline
AIRFLOW_CTX_TASK_ID=convert_file_to_parquet
AIRFLOW_CTX_EXECUTION_DATE=2020-07-01T00:00:00+00:00
AIRFLOW_CTX_DAG_RUN_ID=backfill__2020-07-01T00:00:00+00:00
[2022-04-01 20:46:47,526] {python.py:151} INFO - Done. Returned value was: None
[2022-04-01 20:46:47,536] {taskinstance.py:1218} INFO - Marking task as SUCCESS. dag_id=divvybikes_elt_pipeline, task_id=convert_file_to_parquet, execution_date=20200701T000000, start_date=20220401T204646, end_date=20220401T204647
[2022-04-01 20:46:47,557] {local_task_job.py:151} INFO - Task exited with return code 0
[2022-04-01 20:46:47,579] {local_task_job.py:261} INFO - 0 downstream tasks scheduled from follow-on schedule check
