[2022-04-11 20:28:33,130] {taskinstance.py:903} INFO - Dependencies all met for <TaskInstance: divvybikes_elt_pipeline.remove_downloaded_files 2022-03-01T00:00:00+00:00 [queued]>
[2022-04-11 20:28:33,138] {taskinstance.py:903} INFO - Dependencies all met for <TaskInstance: divvybikes_elt_pipeline.remove_downloaded_files 2022-03-01T00:00:00+00:00 [queued]>
[2022-04-11 20:28:33,138] {taskinstance.py:1094} INFO - 
--------------------------------------------------------------------------------
[2022-04-11 20:28:33,138] {taskinstance.py:1095} INFO - Starting attempt 1 of 2
[2022-04-11 20:28:33,138] {taskinstance.py:1096} INFO - 
--------------------------------------------------------------------------------
[2022-04-11 20:28:33,148] {taskinstance.py:1114} INFO - Executing <Task(BashOperator): remove_downloaded_files> on 2022-03-01T00:00:00+00:00
[2022-04-11 20:28:33,152] {standard_task_runner.py:52} INFO - Started process 350 to run task
[2022-04-11 20:28:33,154] {standard_task_runner.py:76} INFO - Running: ['***', 'tasks', 'run', 'divvybikes_elt_pipeline', 'remove_downloaded_files', '2022-03-01T00:00:00+00:00', '--job-id', '359', '--pool', 'default_pool', '--raw', '--subdir', 'DAGS_FOLDER/extract_load.py', '--cfg-path', '/tmp/tmpzrgkb317', '--error-file', '/tmp/tmpc11uwxpl']
[2022-04-11 20:28:33,156] {standard_task_runner.py:77} INFO - Job 359: Subtask remove_downloaded_files
[2022-04-11 20:28:33,184] {logging_mixin.py:109} INFO - Running <TaskInstance: divvybikes_elt_pipeline.remove_downloaded_files 2022-03-01T00:00:00+00:00 [running]> on host afa4c4c5de3b
[2022-04-11 20:28:33,227] {taskinstance.py:1253} INFO - Exporting the following env vars:
AIRFLOW_CTX_DAG_OWNER=***
AIRFLOW_CTX_DAG_ID=divvybikes_elt_pipeline
AIRFLOW_CTX_TASK_ID=remove_downloaded_files
AIRFLOW_CTX_EXECUTION_DATE=2022-03-01T00:00:00+00:00
AIRFLOW_CTX_DAG_RUN_ID=scheduled__2022-03-01T00:00:00+00:00
[2022-04-11 20:28:33,229] {subprocess.py:52} INFO - Tmp dir root location: 
 /tmp
[2022-04-11 20:28:33,229] {subprocess.py:63} INFO - Running command: ['bash', '-c', 'rm -f /opt/***/dags/datasets/202203-divvy-tripdata.csv /opt/***/dags/datasets/202203-divvy-tripdata.parquet /opt/***/dags/datasets/202203-divvy-tripdata.zip _MACOSX ']
[2022-04-11 20:28:33,236] {subprocess.py:74} INFO - Output:
[2022-04-11 20:28:33,246] {subprocess.py:82} INFO - Command exited with return code 0
[2022-04-11 20:28:33,267] {taskinstance.py:1218} INFO - Marking task as SUCCESS. dag_id=divvybikes_elt_pipeline, task_id=remove_downloaded_files, execution_date=20220301T000000, start_date=20220411T202833, end_date=20220411T202833
[2022-04-11 20:28:33,287] {local_task_job.py:151} INFO - Task exited with return code 0
[2022-04-11 20:28:33,305] {local_task_job.py:261} INFO - 1 downstream tasks scheduled from follow-on schedule check
