[2022-04-11 20:23:44,383] {taskinstance.py:903} INFO - Dependencies all met for <TaskInstance: divvybikes_elt_pipeline.download_dataset 2022-03-01T00:00:00+00:00 [queued]>
[2022-04-11 20:23:44,396] {taskinstance.py:903} INFO - Dependencies all met for <TaskInstance: divvybikes_elt_pipeline.download_dataset 2022-03-01T00:00:00+00:00 [queued]>
[2022-04-11 20:23:44,396] {taskinstance.py:1094} INFO - 
--------------------------------------------------------------------------------
[2022-04-11 20:23:44,396] {taskinstance.py:1095} INFO - Starting attempt 10 of 11
[2022-04-11 20:23:44,396] {taskinstance.py:1096} INFO - 
--------------------------------------------------------------------------------
[2022-04-11 20:23:44,402] {taskinstance.py:1114} INFO - Executing <Task(BashOperator): download_dataset> on 2022-03-01T00:00:00+00:00
[2022-04-11 20:23:44,406] {standard_task_runner.py:52} INFO - Started process 7530 to run task
[2022-04-11 20:23:44,409] {standard_task_runner.py:76} INFO - Running: ['***', 'tasks', 'run', 'divvybikes_elt_pipeline', 'download_dataset', '2022-03-01T00:00:00+00:00', '--job-id', '352', '--pool', 'default_pool', '--raw', '--subdir', 'DAGS_FOLDER/extract_load.py', '--cfg-path', '/tmp/tmpei28xjvc', '--error-file', '/tmp/tmpdgy12176']
[2022-04-11 20:23:44,410] {standard_task_runner.py:77} INFO - Job 352: Subtask download_dataset
[2022-04-11 20:23:44,440] {logging_mixin.py:109} INFO - Running <TaskInstance: divvybikes_elt_pipeline.download_dataset 2022-03-01T00:00:00+00:00 [running]> on host afa4c4c5de3b
[2022-04-11 20:23:44,476] {taskinstance.py:1253} INFO - Exporting the following env vars:
AIRFLOW_CTX_DAG_OWNER=***
AIRFLOW_CTX_DAG_ID=divvybikes_elt_pipeline
AIRFLOW_CTX_TASK_ID=download_dataset
AIRFLOW_CTX_EXECUTION_DATE=2022-03-01T00:00:00+00:00
AIRFLOW_CTX_DAG_RUN_ID=scheduled__2022-03-01T00:00:00+00:00
[2022-04-11 20:23:44,478] {subprocess.py:52} INFO - Tmp dir root location: 
 /tmp
[2022-04-11 20:23:44,478] {subprocess.py:63} INFO - Running command: ['bash', '-c', 'curl -sSL https://divvy-tripdata.s3.amazonaws.com/202203-divvy-tripdata.zip > /opt/***/dags/datasets/202203-divvy-tripdata.zip']
[2022-04-11 20:23:44,485] {subprocess.py:74} INFO - Output:
[2022-04-11 20:23:53,857] {subprocess.py:82} INFO - Command exited with return code 0
[2022-04-11 20:23:53,884] {taskinstance.py:1218} INFO - Marking task as SUCCESS. dag_id=divvybikes_elt_pipeline, task_id=download_dataset, execution_date=20220301T000000, start_date=20220411T202344, end_date=20220411T202353
[2022-04-11 20:23:53,923] {local_task_job.py:151} INFO - Task exited with return code 0
[2022-04-11 20:23:53,947] {local_task_job.py:261} INFO - 1 downstream tasks scheduled from follow-on schedule check
