[2022-04-01 16:48:51,999] {taskinstance.py:903} INFO - Dependencies all met for <TaskInstance: divvybikes_elt_pipeline.download_dataset 2022-03-01T00:00:00+00:00 [queued]>
[2022-04-01 16:48:52,011] {taskinstance.py:903} INFO - Dependencies all met for <TaskInstance: divvybikes_elt_pipeline.download_dataset 2022-03-01T00:00:00+00:00 [queued]>
[2022-04-01 16:48:52,012] {taskinstance.py:1094} INFO - 
--------------------------------------------------------------------------------
[2022-04-01 16:48:52,012] {taskinstance.py:1095} INFO - Starting attempt 2 of 3
[2022-04-01 16:48:52,012] {taskinstance.py:1096} INFO - 
--------------------------------------------------------------------------------
[2022-04-01 16:48:52,018] {taskinstance.py:1114} INFO - Executing <Task(PythonOperator): download_dataset> on 2022-03-01T00:00:00+00:00
[2022-04-01 16:48:52,022] {standard_task_runner.py:52} INFO - Started process 8716 to run task
[2022-04-01 16:48:52,024] {standard_task_runner.py:76} INFO - Running: ['***', 'tasks', 'run', 'divvybikes_elt_pipeline', 'download_dataset', '2022-03-01T00:00:00+00:00', '--job-id', '62', '--pool', 'default_pool', '--raw', '--subdir', 'DAGS_FOLDER/extract_load.py', '--cfg-path', '/tmp/tmpffidluti', '--error-file', '/tmp/tmpje1cdyhx']
[2022-04-01 16:48:52,026] {standard_task_runner.py:77} INFO - Job 62: Subtask download_dataset
[2022-04-01 16:48:52,053] {logging_mixin.py:109} INFO - Running <TaskInstance: divvybikes_elt_pipeline.download_dataset 2022-03-01T00:00:00+00:00 [running]> on host b399ffa6f3b6
[2022-04-01 16:48:52,083] {taskinstance.py:1253} INFO - Exporting the following env vars:
AIRFLOW_CTX_DAG_OWNER=***
AIRFLOW_CTX_DAG_ID=divvybikes_elt_pipeline
AIRFLOW_CTX_TASK_ID=download_dataset
AIRFLOW_CTX_EXECUTION_DATE=2022-03-01T00:00:00+00:00
AIRFLOW_CTX_DAG_RUN_ID=scheduled__2022-03-01T00:00:00+00:00
[2022-04-01 16:48:52,459] {python.py:151} INFO - Done. Returned value was: None
[2022-04-01 16:48:52,469] {taskinstance.py:1218} INFO - Marking task as SUCCESS. dag_id=divvybikes_elt_pipeline, task_id=download_dataset, execution_date=20220301T000000, start_date=20220401T164852, end_date=20220401T164852
[2022-04-01 16:48:52,518] {local_task_job.py:151} INFO - Task exited with return code 0
[2022-04-01 16:48:52,540] {local_task_job.py:261} INFO - 1 downstream tasks scheduled from follow-on schedule check
