[2022-04-01 17:00:39,936] {taskinstance.py:903} INFO - Dependencies all met for <TaskInstance: divvybikes_elt_pipeline.download_dataset 2022-03-01T00:00:00+00:00 [queued]>
[2022-04-01 17:00:39,951] {taskinstance.py:903} INFO - Dependencies all met for <TaskInstance: divvybikes_elt_pipeline.download_dataset 2022-03-01T00:00:00+00:00 [queued]>
[2022-04-01 17:00:39,951] {taskinstance.py:1094} INFO - 
--------------------------------------------------------------------------------
[2022-04-01 17:00:39,951] {taskinstance.py:1095} INFO - Starting attempt 3 of 4
[2022-04-01 17:00:39,952] {taskinstance.py:1096} INFO - 
--------------------------------------------------------------------------------
[2022-04-01 17:00:39,959] {taskinstance.py:1114} INFO - Executing <Task(PythonOperator): download_dataset> on 2022-03-01T00:00:00+00:00
[2022-04-01 17:00:39,962] {standard_task_runner.py:52} INFO - Started process 9973 to run task
[2022-04-01 17:00:39,965] {standard_task_runner.py:76} INFO - Running: ['***', 'tasks', 'run', 'divvybikes_elt_pipeline', 'download_dataset', '2022-03-01T00:00:00+00:00', '--job-id', '65', '--pool', 'default_pool', '--raw', '--subdir', 'DAGS_FOLDER/extract_load.py', '--cfg-path', '/tmp/tmp6d24m5y3', '--error-file', '/tmp/tmpkw7k61nr']
[2022-04-01 17:00:39,967] {standard_task_runner.py:77} INFO - Job 65: Subtask download_dataset
[2022-04-01 17:00:39,998] {logging_mixin.py:109} INFO - Running <TaskInstance: divvybikes_elt_pipeline.download_dataset 2022-03-01T00:00:00+00:00 [running]> on host b399ffa6f3b6
[2022-04-01 17:00:40,036] {taskinstance.py:1253} INFO - Exporting the following env vars:
AIRFLOW_CTX_DAG_OWNER=***
AIRFLOW_CTX_DAG_ID=divvybikes_elt_pipeline
AIRFLOW_CTX_TASK_ID=download_dataset
AIRFLOW_CTX_EXECUTION_DATE=2022-03-01T00:00:00+00:00
AIRFLOW_CTX_DAG_RUN_ID=scheduled__2022-03-01T00:00:00+00:00
[2022-04-01 17:00:40,443] {python.py:151} INFO - Done. Returned value was: None
[2022-04-01 17:00:40,453] {taskinstance.py:1218} INFO - Marking task as SUCCESS. dag_id=divvybikes_elt_pipeline, task_id=download_dataset, execution_date=20220301T000000, start_date=20220401T170039, end_date=20220401T170040
[2022-04-01 17:00:40,500] {local_task_job.py:151} INFO - Task exited with return code 0
[2022-04-01 17:00:40,519] {local_task_job.py:261} INFO - 1 downstream tasks scheduled from follow-on schedule check
