[2022-04-01 19:42:45,153] {taskinstance.py:903} INFO - Dependencies all met for <TaskInstance: divvybikes_elt_pipeline.download_dataset 2022-03-01T00:00:00+00:00 [queued]>
[2022-04-01 19:42:45,166] {taskinstance.py:903} INFO - Dependencies all met for <TaskInstance: divvybikes_elt_pipeline.download_dataset 2022-03-01T00:00:00+00:00 [queued]>
[2022-04-01 19:42:45,166] {taskinstance.py:1094} INFO - 
--------------------------------------------------------------------------------
[2022-04-01 19:42:45,166] {taskinstance.py:1095} INFO - Starting attempt 5 of 6
[2022-04-01 19:42:45,166] {taskinstance.py:1096} INFO - 
--------------------------------------------------------------------------------
[2022-04-01 19:42:45,174] {taskinstance.py:1114} INFO - Executing <Task(PythonOperator): download_dataset> on 2022-03-01T00:00:00+00:00
[2022-04-01 19:42:45,178] {standard_task_runner.py:52} INFO - Started process 27025 to run task
[2022-04-01 19:42:45,180] {standard_task_runner.py:76} INFO - Running: ['***', 'tasks', 'run', 'divvybikes_elt_pipeline', 'download_dataset', '2022-03-01T00:00:00+00:00', '--job-id', '74', '--pool', 'default_pool', '--raw', '--subdir', 'DAGS_FOLDER/extract_load.py', '--cfg-path', '/tmp/tmphc2tqquh', '--error-file', '/tmp/tmp7rtertrp']
[2022-04-01 19:42:45,181] {standard_task_runner.py:77} INFO - Job 74: Subtask download_dataset
[2022-04-01 19:42:45,211] {logging_mixin.py:109} INFO - Running <TaskInstance: divvybikes_elt_pipeline.download_dataset 2022-03-01T00:00:00+00:00 [running]> on host b399ffa6f3b6
[2022-04-01 19:42:45,244] {taskinstance.py:1253} INFO - Exporting the following env vars:
AIRFLOW_CTX_DAG_OWNER=***
AIRFLOW_CTX_DAG_ID=divvybikes_elt_pipeline
AIRFLOW_CTX_TASK_ID=download_dataset
AIRFLOW_CTX_EXECUTION_DATE=2022-03-01T00:00:00+00:00
AIRFLOW_CTX_DAG_RUN_ID=scheduled__2022-03-01T00:00:00+00:00
[2022-04-01 19:42:48,886] {python.py:151} INFO - Done. Returned value was: None
[2022-04-01 19:42:48,895] {taskinstance.py:1218} INFO - Marking task as SUCCESS. dag_id=divvybikes_elt_pipeline, task_id=download_dataset, execution_date=20220301T000000, start_date=20220401T194245, end_date=20220401T194248
[2022-04-01 19:42:48,925] {local_task_job.py:151} INFO - Task exited with return code 0
[2022-04-01 19:42:48,943] {local_task_job.py:261} INFO - 1 downstream tasks scheduled from follow-on schedule check
