[2022-04-01 20:53:22,511] {taskinstance.py:903} INFO - Dependencies all met for <TaskInstance: divvybikes_elt_pipeline.download_dataset 2020-12-01T00:00:00+00:00 [queued]>
[2022-04-01 20:53:22,529] {taskinstance.py:903} INFO - Dependencies all met for <TaskInstance: divvybikes_elt_pipeline.download_dataset 2020-12-01T00:00:00+00:00 [queued]>
[2022-04-01 20:53:22,529] {taskinstance.py:1094} INFO - 
--------------------------------------------------------------------------------
[2022-04-01 20:53:22,530] {taskinstance.py:1095} INFO - Starting attempt 1 of 2
[2022-04-01 20:53:22,530] {taskinstance.py:1096} INFO - 
--------------------------------------------------------------------------------
[2022-04-01 20:53:22,536] {taskinstance.py:1114} INFO - Executing <Task(BashOperator): download_dataset> on 2020-12-01T00:00:00+00:00
[2022-04-01 20:53:22,539] {standard_task_runner.py:52} INFO - Started process 2256 to run task
[2022-04-01 20:53:22,541] {standard_task_runner.py:76} INFO - Running: ['***', 'tasks', 'run', 'divvybikes_elt_pipeline', 'download_dataset', '2020-12-01T00:00:00+00:00', '--job-id', '129', '--pool', 'default_pool', '--raw', '--subdir', 'DAGS_FOLDER/extract_load.py', '--cfg-path', '/tmp/tmpc7518ojo', '--error-file', '/tmp/tmpieqyu8my']
[2022-04-01 20:53:22,542] {standard_task_runner.py:77} INFO - Job 129: Subtask download_dataset
[2022-04-01 20:53:22,572] {logging_mixin.py:109} INFO - Running <TaskInstance: divvybikes_elt_pipeline.download_dataset 2020-12-01T00:00:00+00:00 [running]> on host b399ffa6f3b6
[2022-04-01 20:53:22,619] {taskinstance.py:1253} INFO - Exporting the following env vars:
AIRFLOW_CTX_DAG_OWNER=***
AIRFLOW_CTX_DAG_ID=divvybikes_elt_pipeline
AIRFLOW_CTX_TASK_ID=download_dataset
AIRFLOW_CTX_EXECUTION_DATE=2020-12-01T00:00:00+00:00
AIRFLOW_CTX_DAG_RUN_ID=backfill__2020-12-01T00:00:00+00:00
[2022-04-01 20:53:22,620] {subprocess.py:52} INFO - Tmp dir root location: 
 /tmp
[2022-04-01 20:53:22,621] {subprocess.py:63} INFO - Running command: ['bash', '-c', 'curl -sSL https://divvy-tripdata.s3.amazonaws.com/202012-divvy-tripdata.zip > /opt/***/dags/datasets/202012-divvy-tripdata.zip']
[2022-04-01 20:53:22,630] {subprocess.py:74} INFO - Output:
[2022-04-01 20:53:27,318] {subprocess.py:82} INFO - Command exited with return code 0
[2022-04-01 20:53:27,339] {taskinstance.py:1218} INFO - Marking task as SUCCESS. dag_id=divvybikes_elt_pipeline, task_id=download_dataset, execution_date=20201201T000000, start_date=20220401T205322, end_date=20220401T205327
[2022-04-01 20:53:27,369] {local_task_job.py:151} INFO - Task exited with return code 0
[2022-04-01 20:53:27,387] {local_task_job.py:261} INFO - 0 downstream tasks scheduled from follow-on schedule check
