[2022-04-01 20:53:47,522] {taskinstance.py:903} INFO - Dependencies all met for <TaskInstance: divvybikes_elt_pipeline.convert_file_to_parquet 2020-12-01T00:00:00+00:00 [queued]>
[2022-04-01 20:53:47,540] {taskinstance.py:903} INFO - Dependencies all met for <TaskInstance: divvybikes_elt_pipeline.convert_file_to_parquet 2020-12-01T00:00:00+00:00 [queued]>
[2022-04-01 20:53:47,540] {taskinstance.py:1094} INFO - 
--------------------------------------------------------------------------------
[2022-04-01 20:53:47,540] {taskinstance.py:1095} INFO - Starting attempt 1 of 2
[2022-04-01 20:53:47,541] {taskinstance.py:1096} INFO - 
--------------------------------------------------------------------------------
[2022-04-01 20:53:47,547] {taskinstance.py:1114} INFO - Executing <Task(PythonOperator): convert_file_to_parquet> on 2020-12-01T00:00:00+00:00
[2022-04-01 20:53:47,550] {standard_task_runner.py:52} INFO - Started process 2307 to run task
[2022-04-01 20:53:47,552] {standard_task_runner.py:76} INFO - Running: ['***', 'tasks', 'run', 'divvybikes_elt_pipeline', 'convert_file_to_parquet', '2020-12-01T00:00:00+00:00', '--job-id', '131', '--pool', 'default_pool', '--raw', '--subdir', 'DAGS_FOLDER/extract_load.py', '--cfg-path', '/tmp/tmpf7q23fh8', '--error-file', '/tmp/tmpb_ix5ux8']
[2022-04-01 20:53:47,553] {standard_task_runner.py:77} INFO - Job 131: Subtask convert_file_to_parquet
[2022-04-01 20:53:47,581] {logging_mixin.py:109} INFO - Running <TaskInstance: divvybikes_elt_pipeline.convert_file_to_parquet 2020-12-01T00:00:00+00:00 [running]> on host b399ffa6f3b6
[2022-04-01 20:53:47,617] {taskinstance.py:1253} INFO - Exporting the following env vars:
AIRFLOW_CTX_DAG_OWNER=***
AIRFLOW_CTX_DAG_ID=divvybikes_elt_pipeline
AIRFLOW_CTX_TASK_ID=convert_file_to_parquet
AIRFLOW_CTX_EXECUTION_DATE=2020-12-01T00:00:00+00:00
AIRFLOW_CTX_DAG_RUN_ID=backfill__2020-12-01T00:00:00+00:00
[2022-04-01 20:53:47,793] {python.py:151} INFO - Done. Returned value was: None
[2022-04-01 20:53:47,801] {taskinstance.py:1218} INFO - Marking task as SUCCESS. dag_id=divvybikes_elt_pipeline, task_id=convert_file_to_parquet, execution_date=20201201T000000, start_date=20220401T205347, end_date=20220401T205347
[2022-04-01 20:53:47,846] {local_task_job.py:151} INFO - Task exited with return code 0
[2022-04-01 20:53:47,864] {local_task_job.py:261} INFO - 0 downstream tasks scheduled from follow-on schedule check
