[2022-04-07 00:57:12,992] {taskinstance.py:903} INFO - Dependencies all met for <TaskInstance: divvybikes_elt_pipeline.extract_csv 2022-01-01T00:00:00+00:00 [None]>
[2022-04-07 00:57:13,001] {taskinstance.py:903} INFO - Dependencies all met for <TaskInstance: divvybikes_elt_pipeline.extract_csv 2022-01-01T00:00:00+00:00 [None]>
[2022-04-07 00:57:13,001] {taskinstance.py:1094} INFO - 
--------------------------------------------------------------------------------
[2022-04-07 00:57:13,001] {taskinstance.py:1095} INFO - Starting attempt 2 of 3
[2022-04-07 00:57:13,001] {taskinstance.py:1096} INFO - 
--------------------------------------------------------------------------------
[2022-04-07 00:57:13,081] {taskinstance.py:1114} INFO - Executing <Task(PythonOperator): extract_csv> on 2022-01-01T00:00:00+00:00
[2022-04-07 00:57:13,086] {standard_task_runner.py:52} INFO - Started process 1527 to run task
[2022-04-07 00:57:13,090] {standard_task_runner.py:76} INFO - Running: ['***', 'tasks', 'run', 'divvybikes_elt_pipeline', 'extract_csv', '2022-01-01T00:00:00+00:00', '--job-id', '253', '--pool', 'default_pool', '--raw', '--subdir', 'DAGS_FOLDER/extract_load.py', '--cfg-path', '/tmp/tmpwdo2lccg', '--error-file', '/tmp/tmps0pji3ro']
[2022-04-07 00:57:13,094] {standard_task_runner.py:77} INFO - Job 253: Subtask extract_csv
[2022-04-07 00:57:13,151] {logging_mixin.py:109} INFO - Running <TaskInstance: divvybikes_elt_pipeline.extract_csv 2022-01-01T00:00:00+00:00 [running]> on host afa4c4c5de3b
[2022-04-07 00:57:13,202] {taskinstance.py:1253} INFO - Exporting the following env vars:
AIRFLOW_CTX_DAG_OWNER=***
AIRFLOW_CTX_DAG_ID=divvybikes_elt_pipeline
AIRFLOW_CTX_TASK_ID=extract_csv
AIRFLOW_CTX_EXECUTION_DATE=2022-01-01T00:00:00+00:00
AIRFLOW_CTX_DAG_RUN_ID=backfill__2022-01-01T00:00:00+00:00
[2022-04-07 00:57:13,357] {python.py:151} INFO - Done. Returned value was: None
[2022-04-07 00:57:13,370] {taskinstance.py:1218} INFO - Marking task as SUCCESS. dag_id=divvybikes_elt_pipeline, task_id=extract_csv, execution_date=20220101T000000, start_date=20220407T005712, end_date=20220407T005713
[2022-04-07 00:57:13,425] {local_task_job.py:151} INFO - Task exited with return code 0
[2022-04-07 00:57:13,443] {local_task_job.py:261} INFO - 1 downstream tasks scheduled from follow-on schedule check
[2022-04-07 00:57:13,455] {dagrun.py:486} WARNING - Failed to get task '<TaskInstance: divvybikes_elt_pipeline.create_s3_connection 2022-01-01 00:00:00+00:00 [removed]>' for dag 'divvybikes_elt_pipeline'. Marking it as removed.
[2022-04-07 00:57:13,457] {dagrun.py:486} WARNING - Failed to get task '<TaskInstance: divvybikes_elt_pipeline.upload_file_to_s3 2022-01-01 00:00:00+00:00 [removed]>' for dag 'divvybikes_elt_pipeline'. Marking it as removed.
