[2022-04-01 21:14:05,227] {taskinstance.py:903} INFO - Dependencies all met for <TaskInstance: divvybikes_elt_pipeline.download_dataset 2021-11-01T00:00:00+00:00 [queued]>
[2022-04-01 21:14:05,248] {taskinstance.py:903} INFO - Dependencies all met for <TaskInstance: divvybikes_elt_pipeline.download_dataset 2021-11-01T00:00:00+00:00 [queued]>
[2022-04-01 21:14:05,248] {taskinstance.py:1094} INFO - 
--------------------------------------------------------------------------------
[2022-04-01 21:14:05,248] {taskinstance.py:1095} INFO - Starting attempt 1 of 2
[2022-04-01 21:14:05,248] {taskinstance.py:1096} INFO - 
--------------------------------------------------------------------------------
[2022-04-01 21:14:05,255] {taskinstance.py:1114} INFO - Executing <Task(BashOperator): download_dataset> on 2021-11-01T00:00:00+00:00
[2022-04-01 21:14:05,258] {standard_task_runner.py:52} INFO - Started process 4838 to run task
[2022-04-01 21:14:05,260] {standard_task_runner.py:76} INFO - Running: ['***', 'tasks', 'run', 'divvybikes_elt_pipeline', 'download_dataset', '2021-11-01T00:00:00+00:00', '--job-id', '195', '--pool', 'default_pool', '--raw', '--subdir', 'DAGS_FOLDER/extract_load.py', '--cfg-path', '/tmp/tmplruy_e4k', '--error-file', '/tmp/tmplbs2c72e']
[2022-04-01 21:14:05,262] {standard_task_runner.py:77} INFO - Job 195: Subtask download_dataset
[2022-04-01 21:14:05,291] {logging_mixin.py:109} INFO - Running <TaskInstance: divvybikes_elt_pipeline.download_dataset 2021-11-01T00:00:00+00:00 [running]> on host b399ffa6f3b6
[2022-04-01 21:14:05,336] {taskinstance.py:1253} INFO - Exporting the following env vars:
AIRFLOW_CTX_DAG_OWNER=***
AIRFLOW_CTX_DAG_ID=divvybikes_elt_pipeline
AIRFLOW_CTX_TASK_ID=download_dataset
AIRFLOW_CTX_EXECUTION_DATE=2021-11-01T00:00:00+00:00
AIRFLOW_CTX_DAG_RUN_ID=backfill__2021-11-01T00:00:00+00:00
[2022-04-01 21:14:05,337] {subprocess.py:52} INFO - Tmp dir root location: 
 /tmp
[2022-04-01 21:14:05,338] {subprocess.py:63} INFO - Running command: ['bash', '-c', 'curl -sSL https://divvy-tripdata.s3.amazonaws.com/202111-divvy-tripdata.zip > /opt/***/dags/datasets/202111-divvy-tripdata.zip']
[2022-04-01 21:14:05,346] {subprocess.py:74} INFO - Output:
[2022-04-01 21:14:17,745] {subprocess.py:82} INFO - Command exited with return code 0
[2022-04-01 21:14:17,769] {taskinstance.py:1218} INFO - Marking task as SUCCESS. dag_id=divvybikes_elt_pipeline, task_id=download_dataset, execution_date=20211101T000000, start_date=20220401T211405, end_date=20220401T211417
[2022-04-01 21:14:17,817] {local_task_job.py:151} INFO - Task exited with return code 0
[2022-04-01 21:14:17,838] {local_task_job.py:261} INFO - 0 downstream tasks scheduled from follow-on schedule check
