[2022-04-11 20:23:16,131] {taskinstance.py:903} INFO - Dependencies all met for <TaskInstance: divvybikes_elt_pipeline.download_dataset 2021-11-01T00:00:00+00:00 [None]>
[2022-04-11 20:23:16,145] {taskinstance.py:903} INFO - Dependencies all met for <TaskInstance: divvybikes_elt_pipeline.download_dataset 2021-11-01T00:00:00+00:00 [None]>
[2022-04-11 20:23:16,146] {taskinstance.py:1094} INFO - 
--------------------------------------------------------------------------------
[2022-04-11 20:23:16,146] {taskinstance.py:1095} INFO - Starting attempt 2 of 3
[2022-04-11 20:23:16,146] {taskinstance.py:1096} INFO - 
--------------------------------------------------------------------------------
[2022-04-11 20:23:16,155] {taskinstance.py:1114} INFO - Executing <Task(BashOperator): download_dataset> on 2021-11-01T00:00:00+00:00
[2022-04-11 20:23:16,162] {standard_task_runner.py:52} INFO - Started process 7461 to run task
[2022-04-11 20:23:16,167] {standard_task_runner.py:76} INFO - Running: ['***', 'tasks', 'run', 'divvybikes_elt_pipeline', 'download_dataset', '2021-11-01T00:00:00+00:00', '--job-id', '351', '--pool', 'default_pool', '--raw', '--subdir', 'DAGS_FOLDER/extract_load.py', '--cfg-path', '/tmp/tmpnktvy_mj', '--error-file', '/tmp/tmpftfd8wwx']
[2022-04-11 20:23:16,171] {standard_task_runner.py:77} INFO - Job 351: Subtask download_dataset
[2022-04-11 20:23:16,205] {logging_mixin.py:109} INFO - Running <TaskInstance: divvybikes_elt_pipeline.download_dataset 2021-11-01T00:00:00+00:00 [running]> on host afa4c4c5de3b
[2022-04-11 20:23:16,245] {taskinstance.py:1253} INFO - Exporting the following env vars:
AIRFLOW_CTX_DAG_OWNER=***
AIRFLOW_CTX_DAG_ID=divvybikes_elt_pipeline
AIRFLOW_CTX_TASK_ID=download_dataset
AIRFLOW_CTX_EXECUTION_DATE=2021-11-01T00:00:00+00:00
AIRFLOW_CTX_DAG_RUN_ID=backfill__2021-11-01T00:00:00+00:00
[2022-04-11 20:23:16,248] {subprocess.py:52} INFO - Tmp dir root location: 
 /tmp
[2022-04-11 20:23:16,248] {subprocess.py:63} INFO - Running command: ['bash', '-c', 'curl -sSL https://divvy-tripdata.s3.amazonaws.com/202111-divvy-tripdata.zip > /opt/***/dags/datasets/202111-divvy-tripdata.zip']
[2022-04-11 20:23:16,255] {subprocess.py:74} INFO - Output:
[2022-04-11 20:23:28,964] {subprocess.py:82} INFO - Command exited with return code 0
[2022-04-11 20:23:28,993] {taskinstance.py:1218} INFO - Marking task as SUCCESS. dag_id=divvybikes_elt_pipeline, task_id=download_dataset, execution_date=20211101T000000, start_date=20220411T202316, end_date=20220411T202328
[2022-04-11 20:23:29,048] {local_task_job.py:151} INFO - Task exited with return code 0
[2022-04-11 20:23:29,076] {local_task_job.py:261} INFO - 1 downstream tasks scheduled from follow-on schedule check
