[2022-04-16 16:25:39,446] {taskinstance.py:903} INFO - Dependencies all met for <TaskInstance: divvybikes_elt_pipeline.create_monthly_trips_model 2022-02-01T00:00:00+00:00 [None]>
[2022-04-16 16:25:39,460] {taskinstance.py:903} INFO - Dependencies all met for <TaskInstance: divvybikes_elt_pipeline.create_monthly_trips_model 2022-02-01T00:00:00+00:00 [None]>
[2022-04-16 16:25:39,460] {taskinstance.py:1094} INFO - 
--------------------------------------------------------------------------------
[2022-04-16 16:25:39,460] {taskinstance.py:1095} INFO - Starting attempt 5 of 6
[2022-04-16 16:25:39,461] {taskinstance.py:1096} INFO - 
--------------------------------------------------------------------------------
[2022-04-16 16:25:39,468] {taskinstance.py:1114} INFO - Executing <Task(BigQueryInsertJobOperator): create_monthly_trips_model> on 2022-02-01T00:00:00+00:00
[2022-04-16 16:25:39,472] {standard_task_runner.py:52} INFO - Started process 18281 to run task
[2022-04-16 16:25:39,478] {standard_task_runner.py:76} INFO - Running: ['***', 'tasks', 'run', 'divvybikes_elt_pipeline', 'create_monthly_trips_model', '2022-02-01T00:00:00+00:00', '--job-id', '379', '--pool', 'default_pool', '--raw', '--subdir', 'DAGS_FOLDER/extract_load.py', '--cfg-path', '/tmp/tmptnb3yb3n', '--error-file', '/tmp/tmpaaifsr7k']
[2022-04-16 16:25:39,479] {standard_task_runner.py:77} INFO - Job 379: Subtask create_monthly_trips_model
[2022-04-16 16:25:39,516] {logging_mixin.py:109} INFO - Running <TaskInstance: divvybikes_elt_pipeline.create_monthly_trips_model 2022-02-01T00:00:00+00:00 [running]> on host afa4c4c5de3b
[2022-04-16 16:25:39,559] {taskinstance.py:1253} INFO - Exporting the following env vars:
AIRFLOW_CTX_DAG_OWNER=***
AIRFLOW_CTX_DAG_ID=divvybikes_elt_pipeline
AIRFLOW_CTX_TASK_ID=create_monthly_trips_model
AIRFLOW_CTX_EXECUTION_DATE=2022-02-01T00:00:00+00:00
AIRFLOW_CTX_DAG_RUN_ID=backfill__2022-02-01T00:00:00+00:00
[2022-04-16 16:25:39,561] {crypto.py:82} WARNING - empty cryptography key - values will not be stored encrypted.
[2022-04-16 16:25:39,567] {bigquery.py:1638} INFO - Inserting job ***_divvybikes_elt_pipeline_create_monthly_trips_model_2022_02_01T00_00_00_00_00_6aa2c0dfb2769e971d263c991da8e8ef
[2022-04-16 16:25:42,398] {taskinstance.py:1218} INFO - Marking task as SUCCESS. dag_id=divvybikes_elt_pipeline, task_id=create_monthly_trips_model, execution_date=20220201T000000, start_date=20220416T162539, end_date=20220416T162542
[2022-04-16 16:25:42,421] {local_task_job.py:151} INFO - Task exited with return code 0
[2022-04-16 16:25:42,447] {local_task_job.py:261} INFO - 0 downstream tasks scheduled from follow-on schedule check
