[2022-04-16 16:28:56,300] {taskinstance.py:903} INFO - Dependencies all met for <TaskInstance: divvybikes_elt_pipeline.create_monthly_trips_model 2022-02-01T00:00:00+00:00 [None]>
[2022-04-16 16:28:56,317] {taskinstance.py:903} INFO - Dependencies all met for <TaskInstance: divvybikes_elt_pipeline.create_monthly_trips_model 2022-02-01T00:00:00+00:00 [None]>
[2022-04-16 16:28:56,317] {taskinstance.py:1094} INFO - 
--------------------------------------------------------------------------------
[2022-04-16 16:28:56,317] {taskinstance.py:1095} INFO - Starting attempt 6 of 7
[2022-04-16 16:28:56,317] {taskinstance.py:1096} INFO - 
--------------------------------------------------------------------------------
[2022-04-16 16:28:56,327] {taskinstance.py:1114} INFO - Executing <Task(BigQueryInsertJobOperator): create_monthly_trips_model> on 2022-02-01T00:00:00+00:00
[2022-04-16 16:28:56,332] {standard_task_runner.py:52} INFO - Started process 18629 to run task
[2022-04-16 16:28:56,336] {standard_task_runner.py:76} INFO - Running: ['***', 'tasks', 'run', 'divvybikes_elt_pipeline', 'create_monthly_trips_model', '2022-02-01T00:00:00+00:00', '--job-id', '381', '--pool', 'default_pool', '--raw', '--subdir', 'DAGS_FOLDER/extract_load.py', '--cfg-path', '/tmp/tmp__a4gyvx', '--error-file', '/tmp/tmpo539afuz']
[2022-04-16 16:28:56,338] {standard_task_runner.py:77} INFO - Job 381: Subtask create_monthly_trips_model
[2022-04-16 16:28:56,374] {logging_mixin.py:109} INFO - Running <TaskInstance: divvybikes_elt_pipeline.create_monthly_trips_model 2022-02-01T00:00:00+00:00 [running]> on host afa4c4c5de3b
[2022-04-16 16:28:56,418] {taskinstance.py:1253} INFO - Exporting the following env vars:
AIRFLOW_CTX_DAG_OWNER=***
AIRFLOW_CTX_DAG_ID=divvybikes_elt_pipeline
AIRFLOW_CTX_TASK_ID=create_monthly_trips_model
AIRFLOW_CTX_EXECUTION_DATE=2022-02-01T00:00:00+00:00
AIRFLOW_CTX_DAG_RUN_ID=backfill__2022-02-01T00:00:00+00:00
[2022-04-16 16:28:56,420] {crypto.py:82} WARNING - empty cryptography key - values will not be stored encrypted.
[2022-04-16 16:28:56,425] {bigquery.py:1638} INFO - Inserting job ***_divvybikes_elt_pipeline_create_monthly_trips_model_2022_02_01T00_00_00_00_00_e44d79b0e494cfa6b29e575b2da7a165
[2022-04-16 16:28:59,056] {taskinstance.py:1218} INFO - Marking task as SUCCESS. dag_id=divvybikes_elt_pipeline, task_id=create_monthly_trips_model, execution_date=20220201T000000, start_date=20220416T162856, end_date=20220416T162859
[2022-04-16 16:28:59,117] {local_task_job.py:151} INFO - Task exited with return code 0
[2022-04-16 16:28:59,140] {local_task_job.py:261} INFO - 0 downstream tasks scheduled from follow-on schedule check
