[2022-04-01 21:16:05,388] {taskinstance.py:903} INFO - Dependencies all met for <TaskInstance: divvybikes_elt_pipeline.extract_csv 2021-12-01T00:00:00+00:00 [queued]>
[2022-04-01 21:16:05,409] {taskinstance.py:903} INFO - Dependencies all met for <TaskInstance: divvybikes_elt_pipeline.extract_csv 2021-12-01T00:00:00+00:00 [queued]>
[2022-04-01 21:16:05,409] {taskinstance.py:1094} INFO - 
--------------------------------------------------------------------------------
[2022-04-01 21:16:05,410] {taskinstance.py:1095} INFO - Starting attempt 1 of 2
[2022-04-01 21:16:05,410] {taskinstance.py:1096} INFO - 
--------------------------------------------------------------------------------
[2022-04-01 21:16:05,417] {taskinstance.py:1114} INFO - Executing <Task(PythonOperator): extract_csv> on 2021-12-01T00:00:00+00:00
[2022-04-01 21:16:05,421] {standard_task_runner.py:52} INFO - Started process 5092 to run task
[2022-04-01 21:16:05,423] {standard_task_runner.py:76} INFO - Running: ['***', 'tasks', 'run', 'divvybikes_elt_pipeline', 'extract_csv', '2021-12-01T00:00:00+00:00', '--job-id', '202', '--pool', 'default_pool', '--raw', '--subdir', 'DAGS_FOLDER/extract_load.py', '--cfg-path', '/tmp/tmp5srwac3q', '--error-file', '/tmp/tmp_4q8ib4c']
[2022-04-01 21:16:05,424] {standard_task_runner.py:77} INFO - Job 202: Subtask extract_csv
[2022-04-01 21:16:05,456] {logging_mixin.py:109} INFO - Running <TaskInstance: divvybikes_elt_pipeline.extract_csv 2021-12-01T00:00:00+00:00 [running]> on host b399ffa6f3b6
[2022-04-01 21:16:05,497] {taskinstance.py:1253} INFO - Exporting the following env vars:
AIRFLOW_CTX_DAG_OWNER=***
AIRFLOW_CTX_DAG_ID=divvybikes_elt_pipeline
AIRFLOW_CTX_TASK_ID=extract_csv
AIRFLOW_CTX_EXECUTION_DATE=2021-12-01T00:00:00+00:00
AIRFLOW_CTX_DAG_RUN_ID=backfill__2021-12-01T00:00:00+00:00
[2022-04-01 21:16:05,847] {python.py:151} INFO - Done. Returned value was: None
[2022-04-01 21:16:05,856] {taskinstance.py:1218} INFO - Marking task as SUCCESS. dag_id=divvybikes_elt_pipeline, task_id=extract_csv, execution_date=20211201T000000, start_date=20220401T211605, end_date=20220401T211605
[2022-04-01 21:16:05,877] {local_task_job.py:151} INFO - Task exited with return code 0
[2022-04-01 21:16:05,895] {local_task_job.py:261} INFO - 0 downstream tasks scheduled from follow-on schedule check
