[2022-04-08 02:26:43,331] {taskinstance.py:903} INFO - Dependencies all met for <TaskInstance: divvybikes_elt_pipeline.extract_csv 2021-12-01T00:00:00+00:00 [None]>
[2022-04-08 02:26:43,343] {taskinstance.py:903} INFO - Dependencies all met for <TaskInstance: divvybikes_elt_pipeline.extract_csv 2021-12-01T00:00:00+00:00 [None]>
[2022-04-08 02:26:43,343] {taskinstance.py:1094} INFO - 
--------------------------------------------------------------------------------
[2022-04-08 02:26:43,343] {taskinstance.py:1095} INFO - Starting attempt 2 of 3
[2022-04-08 02:26:43,343] {taskinstance.py:1096} INFO - 
--------------------------------------------------------------------------------
[2022-04-08 02:26:43,349] {taskinstance.py:1114} INFO - Executing <Task(PythonOperator): extract_csv> on 2021-12-01T00:00:00+00:00
[2022-04-08 02:26:43,353] {standard_task_runner.py:52} INFO - Started process 18674 to run task
[2022-04-08 02:26:43,356] {standard_task_runner.py:76} INFO - Running: ['***', 'tasks', 'run', 'divvybikes_elt_pipeline', 'extract_csv', '2021-12-01T00:00:00+00:00', '--job-id', '282', '--pool', 'default_pool', '--raw', '--subdir', 'DAGS_FOLDER/extract_load.py', '--cfg-path', '/tmp/tmpykr1capb', '--error-file', '/tmp/tmprltl0bn1']
[2022-04-08 02:26:43,358] {standard_task_runner.py:77} INFO - Job 282: Subtask extract_csv
[2022-04-08 02:26:43,406] {logging_mixin.py:109} INFO - Running <TaskInstance: divvybikes_elt_pipeline.extract_csv 2021-12-01T00:00:00+00:00 [running]> on host afa4c4c5de3b
[2022-04-08 02:26:43,443] {taskinstance.py:1253} INFO - Exporting the following env vars:
AIRFLOW_CTX_DAG_OWNER=***
AIRFLOW_CTX_DAG_ID=divvybikes_elt_pipeline
AIRFLOW_CTX_TASK_ID=extract_csv
AIRFLOW_CTX_EXECUTION_DATE=2021-12-01T00:00:00+00:00
AIRFLOW_CTX_DAG_RUN_ID=backfill__2021-12-01T00:00:00+00:00
[2022-04-08 02:26:43,778] {python.py:151} INFO - Done. Returned value was: None
[2022-04-08 02:26:43,787] {taskinstance.py:1218} INFO - Marking task as SUCCESS. dag_id=divvybikes_elt_pipeline, task_id=extract_csv, execution_date=20211201T000000, start_date=20220408T022643, end_date=20220408T022643
[2022-04-08 02:26:43,810] {local_task_job.py:151} INFO - Task exited with return code 0
[2022-04-08 02:26:43,829] {local_task_job.py:261} INFO - 1 downstream tasks scheduled from follow-on schedule check
