[2022-04-01 20:58:33,982] {taskinstance.py:903} INFO - Dependencies all met for <TaskInstance: divvybikes_elt_pipeline.extract_csv 2021-04-01T00:00:00+00:00 [queued]>
[2022-04-01 20:58:34,004] {taskinstance.py:903} INFO - Dependencies all met for <TaskInstance: divvybikes_elt_pipeline.extract_csv 2021-04-01T00:00:00+00:00 [queued]>
[2022-04-01 20:58:34,004] {taskinstance.py:1094} INFO - 
--------------------------------------------------------------------------------
[2022-04-01 20:58:34,004] {taskinstance.py:1095} INFO - Starting attempt 1 of 2
[2022-04-01 20:58:34,004] {taskinstance.py:1096} INFO - 
--------------------------------------------------------------------------------
[2022-04-01 20:58:34,011] {taskinstance.py:1114} INFO - Executing <Task(PythonOperator): extract_csv> on 2021-04-01T00:00:00+00:00
[2022-04-01 20:58:34,015] {standard_task_runner.py:52} INFO - Started process 2940 to run task
[2022-04-01 20:58:34,018] {standard_task_runner.py:76} INFO - Running: ['***', 'tasks', 'run', 'divvybikes_elt_pipeline', 'extract_csv', '2021-04-01T00:00:00+00:00', '--job-id', '154', '--pool', 'default_pool', '--raw', '--subdir', 'DAGS_FOLDER/extract_load.py', '--cfg-path', '/tmp/tmp51kud8ju', '--error-file', '/tmp/tmpkm4lz050']
[2022-04-01 20:58:34,019] {standard_task_runner.py:77} INFO - Job 154: Subtask extract_csv
[2022-04-01 20:58:34,050] {logging_mixin.py:109} INFO - Running <TaskInstance: divvybikes_elt_pipeline.extract_csv 2021-04-01T00:00:00+00:00 [running]> on host b399ffa6f3b6
[2022-04-01 20:58:34,090] {taskinstance.py:1253} INFO - Exporting the following env vars:
AIRFLOW_CTX_DAG_OWNER=***
AIRFLOW_CTX_DAG_ID=divvybikes_elt_pipeline
AIRFLOW_CTX_TASK_ID=extract_csv
AIRFLOW_CTX_EXECUTION_DATE=2021-04-01T00:00:00+00:00
AIRFLOW_CTX_DAG_RUN_ID=backfill__2021-04-01T00:00:00+00:00
[2022-04-01 20:58:34,557] {python.py:151} INFO - Done. Returned value was: None
[2022-04-01 20:58:34,566] {taskinstance.py:1218} INFO - Marking task as SUCCESS. dag_id=divvybikes_elt_pipeline, task_id=extract_csv, execution_date=20210401T000000, start_date=20220401T205833, end_date=20220401T205834
[2022-04-01 20:58:34,592] {local_task_job.py:151} INFO - Task exited with return code 0
[2022-04-01 20:58:34,610] {local_task_job.py:261} INFO - 0 downstream tasks scheduled from follow-on schedule check
